

================================================================
== Vitis HLS Report for 'BlackBoxJam'
================================================================
* Date:           Thu May 29 09:37:26 2025

* Version:        2023.2.2 (Build 4101106 on Feb  9 2024)
* Project:        hw
* Solution:       solution1 (Vivado IP Flow Target)
* Product family: zynq
* Target device:  xc7z020-clg400-1


================================================================
== Performance Estimates
================================================================
+ Timing: 
    * Summary: 
    +--------+----------+----------+------------+
    |  Clock |  Target  | Estimated| Uncertainty|
    +--------+----------+----------+------------+
    |ap_clk  |  10.00 ns|  9.883 ns|     2.70 ns|
    +--------+----------+----------+------------+

+ Latency: 
    * Summary: 
    +---------+---------+----------+----------+-----+-----+---------+
    |  Latency (cycles) |  Latency (absolute) |  Interval | Pipeline|
    |   min   |   max   |    min   |    max   | min | max |   Type  |
    +---------+---------+----------+----------+-----+-----+---------+
    |        ?|        ?|         ?|         ?|    ?|    ?|       no|
    +---------+---------+----------+----------+-----+-----+---------+

    + Detail: 
        * Instance: 
        +-----------------------+-----------+---------+---------+----------+----------+-----+-----+----------+
        |                       |           |  Latency (cycles) |  Latency (absolute) |  Interval | Pipeline |
        |        Instance       |   Module  |   min   |   max   |    min   |    max   | min | max |   Type   |
        +-----------------------+-----------+---------+---------+----------+----------+-----+-----+----------+
        |grp_DoCompute_fu_2926  |DoCompute  |        ?|        ?|         ?|         ?|    ?|    ?|  dataflow|
        +-----------------------+-----------+---------+---------+----------+----------+-----+-----+----------+

        * Loop: 
        N/A



================================================================
== Utilization Estimates
================================================================
* Summary: 
+-----------------+---------+-----+--------+-------+-----+
|       Name      | BRAM_18K| DSP |   FF   |  LUT  | URAM|
+-----------------+---------+-----+--------+-------+-----+
|DSP              |        -|    -|       -|      -|    -|
|Expression       |        -|    -|       0|      6|    -|
|FIFO             |        -|    -|       -|      -|    -|
|Instance         |       50|   22|   44521|  76418|    0|
|Memory           |      195|    -|    1456|    160|    0|
|Multiplexer      |        -|    -|       -|   5094|    -|
|Register         |        -|    -|     175|      -|    -|
+-----------------+---------+-----+--------+-------+-----+
|Total            |      245|   22|   46152|  81678|    0|
+-----------------+---------+-----+--------+-------+-----+
|Available        |      280|  220|  106400|  53200|    0|
+-----------------+---------+-----+--------+-------+-----+
|Utilization (%)  |       87|   10|      43|    153|    0|
+-----------------+---------+-----+--------+-------+-----+

+ Detail: 
    * Instance: 
    +-----------------------+---------------+---------+----+-------+-------+-----+
    |        Instance       |     Module    | BRAM_18K| DSP|   FF  |  LUT  | URAM|
    +-----------------------+---------------+---------+----+-------+-------+-----+
    |grp_DoCompute_fu_2926  |DoCompute      |       42|  22|  43194|  74752|    0|
    |control_s_axi_U        |control_s_axi  |        0|   0|    443|    746|    0|
    |hostmem_m_axi_U        |hostmem_m_axi  |        8|   0|    884|    920|    0|
    +-----------------------+---------------+---------+----+-------+-------+-----+
    |Total                  |               |       50|  22|  44521|  76418|    0|
    +-----------------------+---------------+---------+----+-------+-------+-----+

    * DSP: 
    N/A

    * Memory: 
    +--------------------+-------------------------------+---------+----+----+-----+-------+-----+------+-------------+
    |       Memory       |             Module            | BRAM_18K| FF | LUT| URAM| Words | Bits| Banks| W*Bits*Banks|
    +--------------------+-------------------------------+---------+----+----+-----+-------+-----+------+-------------+
    |p_ZL8threshs0_0_U   |p_ZL8threshs0_0_RAM_AUTO_1R1W  |        0|  24|   2|    0|      4|   24|     1|           96|
    |p_ZL8threshs0_1_U   |p_ZL8threshs0_0_RAM_AUTO_1R1W  |        0|  24|   2|    0|      4|   24|     1|           96|
    |p_ZL8threshs0_2_U   |p_ZL8threshs0_0_RAM_AUTO_1R1W  |        0|  24|   2|    0|      4|   24|     1|           96|
    |p_ZL8threshs0_3_U   |p_ZL8threshs0_0_RAM_AUTO_1R1W  |        0|  24|   2|    0|      4|   24|     1|           96|
    |p_ZL8threshs0_4_U   |p_ZL8threshs0_0_RAM_AUTO_1R1W  |        0|  24|   2|    0|      4|   24|     1|           96|
    |p_ZL8threshs0_5_U   |p_ZL8threshs0_0_RAM_AUTO_1R1W  |        0|  24|   2|    0|      4|   24|     1|           96|
    |p_ZL8threshs0_6_U   |p_ZL8threshs0_0_RAM_AUTO_1R1W  |        0|  24|   2|    0|      4|   24|     1|           96|
    |p_ZL8threshs0_7_U   |p_ZL8threshs0_0_RAM_AUTO_1R1W  |        0|  24|   2|    0|      4|   24|     1|           96|
    |p_ZL8threshs0_8_U   |p_ZL8threshs0_0_RAM_AUTO_1R1W  |        0|  24|   2|    0|      4|   24|     1|           96|
    |p_ZL8threshs0_9_U   |p_ZL8threshs0_0_RAM_AUTO_1R1W  |        0|  24|   2|    0|      4|   24|     1|           96|
    |p_ZL8threshs0_10_U  |p_ZL8threshs0_0_RAM_AUTO_1R1W  |        0|  24|   2|    0|      4|   24|     1|           96|
    |p_ZL8threshs0_11_U  |p_ZL8threshs0_0_RAM_AUTO_1R1W  |        0|  24|   2|    0|      4|   24|     1|           96|
    |p_ZL8threshs0_12_U  |p_ZL8threshs0_0_RAM_AUTO_1R1W  |        0|  24|   2|    0|      4|   24|     1|           96|
    |p_ZL8threshs0_13_U  |p_ZL8threshs0_0_RAM_AUTO_1R1W  |        0|  24|   2|    0|      4|   24|     1|           96|
    |p_ZL8threshs0_14_U  |p_ZL8threshs0_0_RAM_AUTO_1R1W  |        0|  24|   2|    0|      4|   24|     1|           96|
    |p_ZL8threshs0_15_U  |p_ZL8threshs0_0_RAM_AUTO_1R1W  |        0|  24|   2|    0|      4|   24|     1|           96|
    |p_ZL8threshs1_0_U   |p_ZL8threshs1_0_RAM_AUTO_1R1W  |        0|  16|   1|    0|      2|   16|     1|           32|
    |p_ZL8threshs1_1_U   |p_ZL8threshs1_0_RAM_AUTO_1R1W  |        0|  16|   1|    0|      2|   16|     1|           32|
    |p_ZL8threshs1_2_U   |p_ZL8threshs1_0_RAM_AUTO_1R1W  |        0|  16|   1|    0|      2|   16|     1|           32|
    |p_ZL8threshs1_3_U   |p_ZL8threshs1_0_RAM_AUTO_1R1W  |        0|  16|   1|    0|      2|   16|     1|           32|
    |p_ZL8threshs1_4_U   |p_ZL8threshs1_0_RAM_AUTO_1R1W  |        0|  16|   1|    0|      2|   16|     1|           32|
    |p_ZL8threshs1_5_U   |p_ZL8threshs1_0_RAM_AUTO_1R1W  |        0|  16|   1|    0|      2|   16|     1|           32|
    |p_ZL8threshs1_6_U   |p_ZL8threshs1_0_RAM_AUTO_1R1W  |        0|  16|   1|    0|      2|   16|     1|           32|
    |p_ZL8threshs1_7_U   |p_ZL8threshs1_0_RAM_AUTO_1R1W  |        0|  16|   1|    0|      2|   16|     1|           32|
    |p_ZL8threshs1_8_U   |p_ZL8threshs1_0_RAM_AUTO_1R1W  |        0|  16|   1|    0|      2|   16|     1|           32|
    |p_ZL8threshs1_9_U   |p_ZL8threshs1_0_RAM_AUTO_1R1W  |        0|  16|   1|    0|      2|   16|     1|           32|
    |p_ZL8threshs1_10_U  |p_ZL8threshs1_0_RAM_AUTO_1R1W  |        0|  16|   1|    0|      2|   16|     1|           32|
    |p_ZL8threshs1_11_U  |p_ZL8threshs1_0_RAM_AUTO_1R1W  |        0|  16|   1|    0|      2|   16|     1|           32|
    |p_ZL8threshs1_12_U  |p_ZL8threshs1_0_RAM_AUTO_1R1W  |        0|  16|   1|    0|      2|   16|     1|           32|
    |p_ZL8threshs1_13_U  |p_ZL8threshs1_0_RAM_AUTO_1R1W  |        0|  16|   1|    0|      2|   16|     1|           32|
    |p_ZL8threshs1_14_U  |p_ZL8threshs1_0_RAM_AUTO_1R1W  |        0|  16|   1|    0|      2|   16|     1|           32|
    |p_ZL8threshs1_15_U  |p_ZL8threshs1_0_RAM_AUTO_1R1W  |        0|  16|   1|    0|      2|   16|     1|           32|
    |p_ZL8threshs1_16_U  |p_ZL8threshs1_0_RAM_AUTO_1R1W  |        0|  16|   1|    0|      2|   16|     1|           32|
    |p_ZL8threshs1_17_U  |p_ZL8threshs1_0_RAM_AUTO_1R1W  |        0|  16|   1|    0|      2|   16|     1|           32|
    |p_ZL8threshs1_18_U  |p_ZL8threshs1_0_RAM_AUTO_1R1W  |        0|  16|   1|    0|      2|   16|     1|           32|
    |p_ZL8threshs1_19_U  |p_ZL8threshs1_0_RAM_AUTO_1R1W  |        0|  16|   1|    0|      2|   16|     1|           32|
    |p_ZL8threshs1_20_U  |p_ZL8threshs1_0_RAM_AUTO_1R1W  |        0|  16|   1|    0|      2|   16|     1|           32|
    |p_ZL8threshs1_21_U  |p_ZL8threshs1_0_RAM_AUTO_1R1W  |        0|  16|   1|    0|      2|   16|     1|           32|
    |p_ZL8threshs1_22_U  |p_ZL8threshs1_0_RAM_AUTO_1R1W  |        0|  16|   1|    0|      2|   16|     1|           32|
    |p_ZL8threshs1_23_U  |p_ZL8threshs1_0_RAM_AUTO_1R1W  |        0|  16|   1|    0|      2|   16|     1|           32|
    |p_ZL8threshs1_24_U  |p_ZL8threshs1_0_RAM_AUTO_1R1W  |        0|  16|   1|    0|      2|   16|     1|           32|
    |p_ZL8threshs1_25_U  |p_ZL8threshs1_0_RAM_AUTO_1R1W  |        0|  16|   1|    0|      2|   16|     1|           32|
    |p_ZL8threshs1_26_U  |p_ZL8threshs1_0_RAM_AUTO_1R1W  |        0|  16|   1|    0|      2|   16|     1|           32|
    |p_ZL8threshs1_27_U  |p_ZL8threshs1_0_RAM_AUTO_1R1W  |        0|  16|   1|    0|      2|   16|     1|           32|
    |p_ZL8threshs1_28_U  |p_ZL8threshs1_0_RAM_AUTO_1R1W  |        0|  16|   1|    0|      2|   16|     1|           32|
    |p_ZL8threshs1_29_U  |p_ZL8threshs1_0_RAM_AUTO_1R1W  |        0|  16|   1|    0|      2|   16|     1|           32|
    |p_ZL8threshs1_30_U  |p_ZL8threshs1_0_RAM_AUTO_1R1W  |        0|  16|   1|    0|      2|   16|     1|           32|
    |p_ZL8threshs1_31_U  |p_ZL8threshs1_0_RAM_AUTO_1R1W  |        0|  16|   1|    0|      2|   16|     1|           32|
    |p_ZL8threshs2_0_U   |p_ZL8threshs2_0_RAM_AUTO_1R1W  |        0|  16|   2|    0|      8|   16|     1|          128|
    |p_ZL8threshs2_1_U   |p_ZL8threshs2_0_RAM_AUTO_1R1W  |        0|  16|   2|    0|      8|   16|     1|          128|
    |p_ZL8threshs2_2_U   |p_ZL8threshs2_0_RAM_AUTO_1R1W  |        0|  16|   2|    0|      8|   16|     1|          128|
    |p_ZL8threshs2_3_U   |p_ZL8threshs2_0_RAM_AUTO_1R1W  |        0|  16|   2|    0|      8|   16|     1|          128|
    |p_ZL8threshs2_4_U   |p_ZL8threshs2_0_RAM_AUTO_1R1W  |        0|  16|   2|    0|      8|   16|     1|          128|
    |p_ZL8threshs2_5_U   |p_ZL8threshs2_0_RAM_AUTO_1R1W  |        0|  16|   2|    0|      8|   16|     1|          128|
    |p_ZL8threshs2_6_U   |p_ZL8threshs2_0_RAM_AUTO_1R1W  |        0|  16|   2|    0|      8|   16|     1|          128|
    |p_ZL8threshs2_7_U   |p_ZL8threshs2_0_RAM_AUTO_1R1W  |        0|  16|   2|    0|      8|   16|     1|          128|
    |p_ZL8threshs2_8_U   |p_ZL8threshs2_0_RAM_AUTO_1R1W  |        0|  16|   2|    0|      8|   16|     1|          128|
    |p_ZL8threshs2_9_U   |p_ZL8threshs2_0_RAM_AUTO_1R1W  |        0|  16|   2|    0|      8|   16|     1|          128|
    |p_ZL8threshs2_10_U  |p_ZL8threshs2_0_RAM_AUTO_1R1W  |        0|  16|   2|    0|      8|   16|     1|          128|
    |p_ZL8threshs2_11_U  |p_ZL8threshs2_0_RAM_AUTO_1R1W  |        0|  16|   2|    0|      8|   16|     1|          128|
    |p_ZL8threshs2_12_U  |p_ZL8threshs2_0_RAM_AUTO_1R1W  |        0|  16|   2|    0|      8|   16|     1|          128|
    |p_ZL8threshs2_13_U  |p_ZL8threshs2_0_RAM_AUTO_1R1W  |        0|  16|   2|    0|      8|   16|     1|          128|
    |p_ZL8threshs2_14_U  |p_ZL8threshs2_0_RAM_AUTO_1R1W  |        0|  16|   2|    0|      8|   16|     1|          128|
    |p_ZL8threshs2_15_U  |p_ZL8threshs2_0_RAM_AUTO_1R1W  |        0|  16|   2|    0|      8|   16|     1|          128|
    |p_ZL8threshs3_0_U   |p_ZL8threshs2_0_RAM_AUTO_1R1W  |        0|  16|   2|    0|      8|   16|     1|          128|
    |p_ZL8threshs3_1_U   |p_ZL8threshs2_0_RAM_AUTO_1R1W  |        0|  16|   2|    0|      8|   16|     1|          128|
    |p_ZL8threshs3_2_U   |p_ZL8threshs2_0_RAM_AUTO_1R1W  |        0|  16|   2|    0|      8|   16|     1|          128|
    |p_ZL8threshs3_3_U   |p_ZL8threshs2_0_RAM_AUTO_1R1W  |        0|  16|   2|    0|      8|   16|     1|          128|
    |p_ZL8threshs3_4_U   |p_ZL8threshs2_0_RAM_AUTO_1R1W  |        0|  16|   2|    0|      8|   16|     1|          128|
    |p_ZL8threshs3_5_U   |p_ZL8threshs2_0_RAM_AUTO_1R1W  |        0|  16|   2|    0|      8|   16|     1|          128|
    |p_ZL8threshs3_6_U   |p_ZL8threshs2_0_RAM_AUTO_1R1W  |        0|  16|   2|    0|      8|   16|     1|          128|
    |p_ZL8threshs3_7_U   |p_ZL8threshs2_0_RAM_AUTO_1R1W  |        0|  16|   2|    0|      8|   16|     1|          128|
    |p_ZL8threshs3_8_U   |p_ZL8threshs2_0_RAM_AUTO_1R1W  |        0|  16|   2|    0|      8|   16|     1|          128|
    |p_ZL8threshs3_9_U   |p_ZL8threshs2_0_RAM_AUTO_1R1W  |        0|  16|   2|    0|      8|   16|     1|          128|
    |p_ZL8threshs3_10_U  |p_ZL8threshs2_0_RAM_AUTO_1R1W  |        0|  16|   2|    0|      8|   16|     1|          128|
    |p_ZL8threshs3_11_U  |p_ZL8threshs2_0_RAM_AUTO_1R1W  |        0|  16|   2|    0|      8|   16|     1|          128|
    |p_ZL8threshs3_12_U  |p_ZL8threshs2_0_RAM_AUTO_1R1W  |        0|  16|   2|    0|      8|   16|     1|          128|
    |p_ZL8threshs3_13_U  |p_ZL8threshs2_0_RAM_AUTO_1R1W  |        0|  16|   2|    0|      8|   16|     1|          128|
    |p_ZL8threshs3_14_U  |p_ZL8threshs2_0_RAM_AUTO_1R1W  |        0|  16|   2|    0|      8|   16|     1|          128|
    |p_ZL8threshs3_15_U  |p_ZL8threshs2_0_RAM_AUTO_1R1W  |        0|  16|   2|    0|      8|   16|     1|          128|
    |p_ZL8threshs4_0_U   |p_ZL8threshs4_0_RAM_AUTO_1R1W  |        1|   0|   0|    0|     64|   16|     1|         1024|
    |p_ZL8threshs4_1_U   |p_ZL8threshs4_0_RAM_AUTO_1R1W  |        1|   0|   0|    0|     64|   16|     1|         1024|
    |p_ZL8threshs4_2_U   |p_ZL8threshs4_0_RAM_AUTO_1R1W  |        1|   0|   0|    0|     64|   16|     1|         1024|
    |p_ZL8threshs4_3_U   |p_ZL8threshs4_0_RAM_AUTO_1R1W  |        1|   0|   0|    0|     64|   16|     1|         1024|
    |p_ZL8weights0_0_U   |p_ZL8weights0_0_RAM_AUTO_1R1W  |        0|   3|   2|    0|     36|    3|     1|          108|
    |p_ZL8weights0_1_U   |p_ZL8weights0_0_RAM_AUTO_1R1W  |        0|   3|   2|    0|     36|    3|     1|          108|
    |p_ZL8weights0_2_U   |p_ZL8weights0_0_RAM_AUTO_1R1W  |        0|   3|   2|    0|     36|    3|     1|          108|
    |p_ZL8weights0_3_U   |p_ZL8weights0_0_RAM_AUTO_1R1W  |        0|   3|   2|    0|     36|    3|     1|          108|
    |p_ZL8weights0_4_U   |p_ZL8weights0_0_RAM_AUTO_1R1W  |        0|   3|   2|    0|     36|    3|     1|          108|
    |p_ZL8weights0_5_U   |p_ZL8weights0_0_RAM_AUTO_1R1W  |        0|   3|   2|    0|     36|    3|     1|          108|
    |p_ZL8weights0_6_U   |p_ZL8weights0_0_RAM_AUTO_1R1W  |        0|   3|   2|    0|     36|    3|     1|          108|
    |p_ZL8weights0_7_U   |p_ZL8weights0_0_RAM_AUTO_1R1W  |        0|   3|   2|    0|     36|    3|     1|          108|
    |p_ZL8weights0_8_U   |p_ZL8weights0_0_RAM_AUTO_1R1W  |        0|   3|   2|    0|     36|    3|     1|          108|
    |p_ZL8weights0_9_U   |p_ZL8weights0_0_RAM_AUTO_1R1W  |        0|   3|   2|    0|     36|    3|     1|          108|
    |p_ZL8weights0_10_U  |p_ZL8weights0_0_RAM_AUTO_1R1W  |        0|   3|   2|    0|     36|    3|     1|          108|
    |p_ZL8weights0_11_U  |p_ZL8weights0_0_RAM_AUTO_1R1W  |        0|   3|   2|    0|     36|    3|     1|          108|
    |p_ZL8weights0_12_U  |p_ZL8weights0_0_RAM_AUTO_1R1W  |        0|   3|   2|    0|     36|    3|     1|          108|
    |p_ZL8weights0_13_U  |p_ZL8weights0_0_RAM_AUTO_1R1W  |        0|   3|   2|    0|     36|    3|     1|          108|
    |p_ZL8weights0_14_U  |p_ZL8weights0_0_RAM_AUTO_1R1W  |        0|   3|   2|    0|     36|    3|     1|          108|
    |p_ZL8weights0_15_U  |p_ZL8weights0_0_RAM_AUTO_1R1W  |        0|   3|   2|    0|     36|    3|     1|          108|
    |p_ZL8weights1_0_U   |p_ZL8weights1_0_RAM_AUTO_1R1W  |        1|   0|   0|    0|     36|   32|     1|         1152|
    |p_ZL8weights1_1_U   |p_ZL8weights1_0_RAM_AUTO_1R1W  |        1|   0|   0|    0|     36|   32|     1|         1152|
    |p_ZL8weights1_2_U   |p_ZL8weights1_0_RAM_AUTO_1R1W  |        1|   0|   0|    0|     36|   32|     1|         1152|
    |p_ZL8weights1_3_U   |p_ZL8weights1_0_RAM_AUTO_1R1W  |        1|   0|   0|    0|     36|   32|     1|         1152|
    |p_ZL8weights1_4_U   |p_ZL8weights1_0_RAM_AUTO_1R1W  |        1|   0|   0|    0|     36|   32|     1|         1152|
    |p_ZL8weights1_5_U   |p_ZL8weights1_0_RAM_AUTO_1R1W  |        1|   0|   0|    0|     36|   32|     1|         1152|
    |p_ZL8weights1_6_U   |p_ZL8weights1_0_RAM_AUTO_1R1W  |        1|   0|   0|    0|     36|   32|     1|         1152|
    |p_ZL8weights1_7_U   |p_ZL8weights1_0_RAM_AUTO_1R1W  |        1|   0|   0|    0|     36|   32|     1|         1152|
    |p_ZL8weights1_8_U   |p_ZL8weights1_0_RAM_AUTO_1R1W  |        1|   0|   0|    0|     36|   32|     1|         1152|
    |p_ZL8weights1_9_U   |p_ZL8weights1_0_RAM_AUTO_1R1W  |        1|   0|   0|    0|     36|   32|     1|         1152|
    |p_ZL8weights1_10_U  |p_ZL8weights1_0_RAM_AUTO_1R1W  |        1|   0|   0|    0|     36|   32|     1|         1152|
    |p_ZL8weights1_11_U  |p_ZL8weights1_0_RAM_AUTO_1R1W  |        1|   0|   0|    0|     36|   32|     1|         1152|
    |p_ZL8weights1_12_U  |p_ZL8weights1_0_RAM_AUTO_1R1W  |        1|   0|   0|    0|     36|   32|     1|         1152|
    |p_ZL8weights1_13_U  |p_ZL8weights1_0_RAM_AUTO_1R1W  |        1|   0|   0|    0|     36|   32|     1|         1152|
    |p_ZL8weights1_14_U  |p_ZL8weights1_0_RAM_AUTO_1R1W  |        1|   0|   0|    0|     36|   32|     1|         1152|
    |p_ZL8weights1_15_U  |p_ZL8weights1_0_RAM_AUTO_1R1W  |        1|   0|   0|    0|     36|   32|     1|         1152|
    |p_ZL8weights1_16_U  |p_ZL8weights1_0_RAM_AUTO_1R1W  |        1|   0|   0|    0|     36|   32|     1|         1152|
    |p_ZL8weights1_17_U  |p_ZL8weights1_0_RAM_AUTO_1R1W  |        1|   0|   0|    0|     36|   32|     1|         1152|
    |p_ZL8weights1_18_U  |p_ZL8weights1_0_RAM_AUTO_1R1W  |        1|   0|   0|    0|     36|   32|     1|         1152|
    |p_ZL8weights1_19_U  |p_ZL8weights1_0_RAM_AUTO_1R1W  |        1|   0|   0|    0|     36|   32|     1|         1152|
    |p_ZL8weights1_20_U  |p_ZL8weights1_0_RAM_AUTO_1R1W  |        1|   0|   0|    0|     36|   32|     1|         1152|
    |p_ZL8weights1_21_U  |p_ZL8weights1_0_RAM_AUTO_1R1W  |        1|   0|   0|    0|     36|   32|     1|         1152|
    |p_ZL8weights1_22_U  |p_ZL8weights1_0_RAM_AUTO_1R1W  |        1|   0|   0|    0|     36|   32|     1|         1152|
    |p_ZL8weights1_23_U  |p_ZL8weights1_0_RAM_AUTO_1R1W  |        1|   0|   0|    0|     36|   32|     1|         1152|
    |p_ZL8weights1_24_U  |p_ZL8weights1_0_RAM_AUTO_1R1W  |        1|   0|   0|    0|     36|   32|     1|         1152|
    |p_ZL8weights1_25_U  |p_ZL8weights1_0_RAM_AUTO_1R1W  |        1|   0|   0|    0|     36|   32|     1|         1152|
    |p_ZL8weights1_26_U  |p_ZL8weights1_0_RAM_AUTO_1R1W  |        1|   0|   0|    0|     36|   32|     1|         1152|
    |p_ZL8weights1_27_U  |p_ZL8weights1_0_RAM_AUTO_1R1W  |        1|   0|   0|    0|     36|   32|     1|         1152|
    |p_ZL8weights1_28_U  |p_ZL8weights1_0_RAM_AUTO_1R1W  |        1|   0|   0|    0|     36|   32|     1|         1152|
    |p_ZL8weights1_29_U  |p_ZL8weights1_0_RAM_AUTO_1R1W  |        1|   0|   0|    0|     36|   32|     1|         1152|
    |p_ZL8weights1_30_U  |p_ZL8weights1_0_RAM_AUTO_1R1W  |        1|   0|   0|    0|     36|   32|     1|         1152|
    |p_ZL8weights1_31_U  |p_ZL8weights1_0_RAM_AUTO_1R1W  |        1|   0|   0|    0|     36|   32|     1|         1152|
    |p_ZL8weights2_0_U   |p_ZL8weights2_0_RAM_AUTO_1R1W  |        1|   0|   0|    0|    144|   32|     1|         4608|
    |p_ZL8weights2_1_U   |p_ZL8weights2_0_RAM_AUTO_1R1W  |        1|   0|   0|    0|    144|   32|     1|         4608|
    |p_ZL8weights2_2_U   |p_ZL8weights2_0_RAM_AUTO_1R1W  |        1|   0|   0|    0|    144|   32|     1|         4608|
    |p_ZL8weights2_3_U   |p_ZL8weights2_0_RAM_AUTO_1R1W  |        1|   0|   0|    0|    144|   32|     1|         4608|
    |p_ZL8weights2_4_U   |p_ZL8weights2_0_RAM_AUTO_1R1W  |        1|   0|   0|    0|    144|   32|     1|         4608|
    |p_ZL8weights2_5_U   |p_ZL8weights2_0_RAM_AUTO_1R1W  |        1|   0|   0|    0|    144|   32|     1|         4608|
    |p_ZL8weights2_6_U   |p_ZL8weights2_0_RAM_AUTO_1R1W  |        1|   0|   0|    0|    144|   32|     1|         4608|
    |p_ZL8weights2_7_U   |p_ZL8weights2_0_RAM_AUTO_1R1W  |        1|   0|   0|    0|    144|   32|     1|         4608|
    |p_ZL8weights2_8_U   |p_ZL8weights2_0_RAM_AUTO_1R1W  |        1|   0|   0|    0|    144|   32|     1|         4608|
    |p_ZL8weights2_9_U   |p_ZL8weights2_0_RAM_AUTO_1R1W  |        1|   0|   0|    0|    144|   32|     1|         4608|
    |p_ZL8weights2_10_U  |p_ZL8weights2_0_RAM_AUTO_1R1W  |        1|   0|   0|    0|    144|   32|     1|         4608|
    |p_ZL8weights2_11_U  |p_ZL8weights2_0_RAM_AUTO_1R1W  |        1|   0|   0|    0|    144|   32|     1|         4608|
    |p_ZL8weights2_12_U  |p_ZL8weights2_0_RAM_AUTO_1R1W  |        1|   0|   0|    0|    144|   32|     1|         4608|
    |p_ZL8weights2_13_U  |p_ZL8weights2_0_RAM_AUTO_1R1W  |        1|   0|   0|    0|    144|   32|     1|         4608|
    |p_ZL8weights2_14_U  |p_ZL8weights2_0_RAM_AUTO_1R1W  |        1|   0|   0|    0|    144|   32|     1|         4608|
    |p_ZL8weights2_15_U  |p_ZL8weights2_0_RAM_AUTO_1R1W  |        1|   0|   0|    0|    144|   32|     1|         4608|
    |p_ZL8weights3_0_U   |p_ZL8weights3_0_RAM_AUTO_1R1W  |        1|   0|   0|    0|    288|   32|     1|         9216|
    |p_ZL8weights3_1_U   |p_ZL8weights3_0_RAM_AUTO_1R1W  |        1|   0|   0|    0|    288|   32|     1|         9216|
    |p_ZL8weights3_2_U   |p_ZL8weights3_0_RAM_AUTO_1R1W  |        1|   0|   0|    0|    288|   32|     1|         9216|
    |p_ZL8weights3_3_U   |p_ZL8weights3_0_RAM_AUTO_1R1W  |        1|   0|   0|    0|    288|   32|     1|         9216|
    |p_ZL8weights3_4_U   |p_ZL8weights3_0_RAM_AUTO_1R1W  |        1|   0|   0|    0|    288|   32|     1|         9216|
    |p_ZL8weights3_5_U   |p_ZL8weights3_0_RAM_AUTO_1R1W  |        1|   0|   0|    0|    288|   32|     1|         9216|
    |p_ZL8weights3_6_U   |p_ZL8weights3_0_RAM_AUTO_1R1W  |        1|   0|   0|    0|    288|   32|     1|         9216|
    |p_ZL8weights3_7_U   |p_ZL8weights3_0_RAM_AUTO_1R1W  |        1|   0|   0|    0|    288|   32|     1|         9216|
    |p_ZL8weights3_8_U   |p_ZL8weights3_0_RAM_AUTO_1R1W  |        1|   0|   0|    0|    288|   32|     1|         9216|
    |p_ZL8weights3_9_U   |p_ZL8weights3_0_RAM_AUTO_1R1W  |        1|   0|   0|    0|    288|   32|     1|         9216|
    |p_ZL8weights3_10_U  |p_ZL8weights3_0_RAM_AUTO_1R1W  |        1|   0|   0|    0|    288|   32|     1|         9216|
    |p_ZL8weights3_11_U  |p_ZL8weights3_0_RAM_AUTO_1R1W  |        1|   0|   0|    0|    288|   32|     1|         9216|
    |p_ZL8weights3_12_U  |p_ZL8weights3_0_RAM_AUTO_1R1W  |        1|   0|   0|    0|    288|   32|     1|         9216|
    |p_ZL8weights3_13_U  |p_ZL8weights3_0_RAM_AUTO_1R1W  |        1|   0|   0|    0|    288|   32|     1|         9216|
    |p_ZL8weights3_14_U  |p_ZL8weights3_0_RAM_AUTO_1R1W  |        1|   0|   0|    0|    288|   32|     1|         9216|
    |p_ZL8weights3_15_U  |p_ZL8weights3_0_RAM_AUTO_1R1W  |        1|   0|   0|    0|    288|   32|     1|         9216|
    |p_ZL8weights4_0_U   |p_ZL8weights4_0_RAM_AUTO_1R1W  |        8|   0|   0|    0|   2304|   32|     1|        73728|
    |p_ZL8weights4_1_U   |p_ZL8weights4_0_RAM_AUTO_1R1W  |        8|   0|   0|    0|   2304|   32|     1|        73728|
    |p_ZL8weights4_2_U   |p_ZL8weights4_0_RAM_AUTO_1R1W  |        8|   0|   0|    0|   2304|   32|     1|        73728|
    |p_ZL8weights4_3_U   |p_ZL8weights4_0_RAM_AUTO_1R1W  |        8|   0|   0|    0|   2304|   32|     1|        73728|
    |p_ZL8weights8_0_U   |p_ZL8weights8_0_RAM_AUTO_1R1W  |        1|   0|   0|    0|   8192|    1|     1|         8192|
    |p_ZL8weights8_1_U   |p_ZL8weights8_0_RAM_AUTO_1R1W  |        1|   0|   0|    0|   8192|    1|     1|         8192|
    |p_ZL8weights8_2_U   |p_ZL8weights8_0_RAM_AUTO_1R1W  |        1|   0|   0|    0|   8192|    1|     1|         8192|
    |p_ZL8weights8_3_U   |p_ZL8weights8_0_RAM_AUTO_1R1W  |        1|   0|   0|    0|   8192|    1|     1|         8192|
    |threshs5_U          |threshs5_RAM_AUTO_1R1W         |        1|   0|   0|    0|    256|   16|     1|         4096|
    |threshs6_U          |threshs6_RAM_AUTO_1R1W         |        1|   0|   0|    0|    512|   16|     1|         8192|
    |threshs7_U          |threshs6_RAM_AUTO_1R1W         |        1|   0|   0|    0|    512|   16|     1|         8192|
    |weights5_U          |weights5_RAM_AUTO_1R1W         |       64|   0|   0|    0|  18432|   32|     1|       589824|
    |weights6_U          |weights6_RAM_AUTO_1R1W         |        8|   0|   0|    0|  32768|    4|     1|       131072|
    |weights7_U          |weights7_RAM_AUTO_1R1W         |       16|   0|   0|    0|  32768|    8|     1|       262144|
    +--------------------+-------------------------------+---------+----+----+-----+-------+-----+------+-------------+
    |Total               |                               |      195|1456| 160|    0| 136512| 3792|   178|      1601728|
    +--------------------+-------------------------------+---------+----+----+-----+-------+-----+------+-------------+

    * FIFO: 
    N/A

    * Expression: 
    +----------------------------------------+----------+----+---+----+------------+------------+
    |              Variable Name             | Operation| DSP| FF| LUT| Bitwidth P0| Bitwidth P1|
    +----------------------------------------+----------+----+---+----+------------+------------+
    |ap_block_state3_on_subcall_done         |       and|   0|  0|   2|           1|           1|
    |ap_sync_grp_DoCompute_fu_2926_ap_done   |        or|   0|  0|   2|           1|           1|
    |ap_sync_grp_DoCompute_fu_2926_ap_ready  |        or|   0|  0|   2|           1|           1|
    +----------------------------------------+----------+----+---+----+------------+------------+
    |Total                                   |          |   0|  0|   6|           3|           3|
    +----------------------------------------+----------+----+---+----+------------+------------+

    * Multiplexer: 
    +---------------------------+----+-----------+-----+-----------+
    |            Name           | LUT| Input Size| Bits| Total Bits|
    +---------------------------+----+-----------+-----+-----------+
    |ap_NS_fsm                  |  65|         12|    1|         12|
    |hostmem_ARVALID            |   9|          2|    1|          2|
    |hostmem_AWVALID            |   9|          2|    1|          2|
    |hostmem_BREADY             |   9|          2|    1|          2|
    |hostmem_RREADY             |   9|          2|    1|          2|
    |hostmem_WVALID             |   9|          2|    1|          2|
    |p_ZL8threshs0_0_address0   |  14|          3|    2|          6|
    |p_ZL8threshs0_0_ce0        |  14|          3|    1|          3|
    |p_ZL8threshs0_10_address0  |  14|          3|    2|          6|
    |p_ZL8threshs0_10_ce0       |  14|          3|    1|          3|
    |p_ZL8threshs0_11_address0  |  14|          3|    2|          6|
    |p_ZL8threshs0_11_ce0       |  14|          3|    1|          3|
    |p_ZL8threshs0_12_address0  |  14|          3|    2|          6|
    |p_ZL8threshs0_12_ce0       |  14|          3|    1|          3|
    |p_ZL8threshs0_13_address0  |  14|          3|    2|          6|
    |p_ZL8threshs0_13_ce0       |  14|          3|    1|          3|
    |p_ZL8threshs0_14_address0  |  14|          3|    2|          6|
    |p_ZL8threshs0_14_ce0       |  14|          3|    1|          3|
    |p_ZL8threshs0_15_address0  |  14|          3|    2|          6|
    |p_ZL8threshs0_15_ce0       |  14|          3|    1|          3|
    |p_ZL8threshs0_1_address0   |  14|          3|    2|          6|
    |p_ZL8threshs0_1_ce0        |  14|          3|    1|          3|
    |p_ZL8threshs0_2_address0   |  14|          3|    2|          6|
    |p_ZL8threshs0_2_ce0        |  14|          3|    1|          3|
    |p_ZL8threshs0_3_address0   |  14|          3|    2|          6|
    |p_ZL8threshs0_3_ce0        |  14|          3|    1|          3|
    |p_ZL8threshs0_4_address0   |  14|          3|    2|          6|
    |p_ZL8threshs0_4_ce0        |  14|          3|    1|          3|
    |p_ZL8threshs0_5_address0   |  14|          3|    2|          6|
    |p_ZL8threshs0_5_ce0        |  14|          3|    1|          3|
    |p_ZL8threshs0_6_address0   |  14|          3|    2|          6|
    |p_ZL8threshs0_6_ce0        |  14|          3|    1|          3|
    |p_ZL8threshs0_7_address0   |  14|          3|    2|          6|
    |p_ZL8threshs0_7_ce0        |  14|          3|    1|          3|
    |p_ZL8threshs0_8_address0   |  14|          3|    2|          6|
    |p_ZL8threshs0_8_ce0        |  14|          3|    1|          3|
    |p_ZL8threshs0_9_address0   |  14|          3|    2|          6|
    |p_ZL8threshs0_9_ce0        |  14|          3|    1|          3|
    |p_ZL8threshs1_0_address0   |  14|          3|    1|          3|
    |p_ZL8threshs1_0_ce0        |  14|          3|    1|          3|
    |p_ZL8threshs1_10_address0  |  14|          3|    1|          3|
    |p_ZL8threshs1_10_ce0       |  14|          3|    1|          3|
    |p_ZL8threshs1_11_address0  |  14|          3|    1|          3|
    |p_ZL8threshs1_11_ce0       |  14|          3|    1|          3|
    |p_ZL8threshs1_12_address0  |  14|          3|    1|          3|
    |p_ZL8threshs1_12_ce0       |  14|          3|    1|          3|
    |p_ZL8threshs1_13_address0  |  14|          3|    1|          3|
    |p_ZL8threshs1_13_ce0       |  14|          3|    1|          3|
    |p_ZL8threshs1_14_address0  |  14|          3|    1|          3|
    |p_ZL8threshs1_14_ce0       |  14|          3|    1|          3|
    |p_ZL8threshs1_15_address0  |  14|          3|    1|          3|
    |p_ZL8threshs1_15_ce0       |  14|          3|    1|          3|
    |p_ZL8threshs1_16_address0  |  14|          3|    1|          3|
    |p_ZL8threshs1_16_ce0       |  14|          3|    1|          3|
    |p_ZL8threshs1_17_address0  |  14|          3|    1|          3|
    |p_ZL8threshs1_17_ce0       |  14|          3|    1|          3|
    |p_ZL8threshs1_18_address0  |  14|          3|    1|          3|
    |p_ZL8threshs1_18_ce0       |  14|          3|    1|          3|
    |p_ZL8threshs1_19_address0  |  14|          3|    1|          3|
    |p_ZL8threshs1_19_ce0       |  14|          3|    1|          3|
    |p_ZL8threshs1_1_address0   |  14|          3|    1|          3|
    |p_ZL8threshs1_1_ce0        |  14|          3|    1|          3|
    |p_ZL8threshs1_20_address0  |  14|          3|    1|          3|
    |p_ZL8threshs1_20_ce0       |  14|          3|    1|          3|
    |p_ZL8threshs1_21_address0  |  14|          3|    1|          3|
    |p_ZL8threshs1_21_ce0       |  14|          3|    1|          3|
    |p_ZL8threshs1_22_address0  |  14|          3|    1|          3|
    |p_ZL8threshs1_22_ce0       |  14|          3|    1|          3|
    |p_ZL8threshs1_23_address0  |  14|          3|    1|          3|
    |p_ZL8threshs1_23_ce0       |  14|          3|    1|          3|
    |p_ZL8threshs1_24_address0  |  14|          3|    1|          3|
    |p_ZL8threshs1_24_ce0       |  14|          3|    1|          3|
    |p_ZL8threshs1_25_address0  |  14|          3|    1|          3|
    |p_ZL8threshs1_25_ce0       |  14|          3|    1|          3|
    |p_ZL8threshs1_26_address0  |  14|          3|    1|          3|
    |p_ZL8threshs1_26_ce0       |  14|          3|    1|          3|
    |p_ZL8threshs1_27_address0  |  14|          3|    1|          3|
    |p_ZL8threshs1_27_ce0       |  14|          3|    1|          3|
    |p_ZL8threshs1_28_address0  |  14|          3|    1|          3|
    |p_ZL8threshs1_28_ce0       |  14|          3|    1|          3|
    |p_ZL8threshs1_29_address0  |  14|          3|    1|          3|
    |p_ZL8threshs1_29_ce0       |  14|          3|    1|          3|
    |p_ZL8threshs1_2_address0   |  14|          3|    1|          3|
    |p_ZL8threshs1_2_ce0        |  14|          3|    1|          3|
    |p_ZL8threshs1_30_address0  |  14|          3|    1|          3|
    |p_ZL8threshs1_30_ce0       |  14|          3|    1|          3|
    |p_ZL8threshs1_31_address0  |  14|          3|    1|          3|
    |p_ZL8threshs1_31_ce0       |  14|          3|    1|          3|
    |p_ZL8threshs1_3_address0   |  14|          3|    1|          3|
    |p_ZL8threshs1_3_ce0        |  14|          3|    1|          3|
    |p_ZL8threshs1_4_address0   |  14|          3|    1|          3|
    |p_ZL8threshs1_4_ce0        |  14|          3|    1|          3|
    |p_ZL8threshs1_5_address0   |  14|          3|    1|          3|
    |p_ZL8threshs1_5_ce0        |  14|          3|    1|          3|
    |p_ZL8threshs1_6_address0   |  14|          3|    1|          3|
    |p_ZL8threshs1_6_ce0        |  14|          3|    1|          3|
    |p_ZL8threshs1_7_address0   |  14|          3|    1|          3|
    |p_ZL8threshs1_7_ce0        |  14|          3|    1|          3|
    |p_ZL8threshs1_8_address0   |  14|          3|    1|          3|
    |p_ZL8threshs1_8_ce0        |  14|          3|    1|          3|
    |p_ZL8threshs1_9_address0   |  14|          3|    1|          3|
    |p_ZL8threshs1_9_ce0        |  14|          3|    1|          3|
    |p_ZL8threshs2_0_address0   |  14|          3|    3|          9|
    |p_ZL8threshs2_0_ce0        |  14|          3|    1|          3|
    |p_ZL8threshs2_10_address0  |  14|          3|    3|          9|
    |p_ZL8threshs2_10_ce0       |  14|          3|    1|          3|
    |p_ZL8threshs2_11_address0  |  14|          3|    3|          9|
    |p_ZL8threshs2_11_ce0       |  14|          3|    1|          3|
    |p_ZL8threshs2_12_address0  |  14|          3|    3|          9|
    |p_ZL8threshs2_12_ce0       |  14|          3|    1|          3|
    |p_ZL8threshs2_13_address0  |  14|          3|    3|          9|
    |p_ZL8threshs2_13_ce0       |  14|          3|    1|          3|
    |p_ZL8threshs2_14_address0  |  14|          3|    3|          9|
    |p_ZL8threshs2_14_ce0       |  14|          3|    1|          3|
    |p_ZL8threshs2_15_address0  |  14|          3|    3|          9|
    |p_ZL8threshs2_15_ce0       |  14|          3|    1|          3|
    |p_ZL8threshs2_1_address0   |  14|          3|    3|          9|
    |p_ZL8threshs2_1_ce0        |  14|          3|    1|          3|
    |p_ZL8threshs2_2_address0   |  14|          3|    3|          9|
    |p_ZL8threshs2_2_ce0        |  14|          3|    1|          3|
    |p_ZL8threshs2_3_address0   |  14|          3|    3|          9|
    |p_ZL8threshs2_3_ce0        |  14|          3|    1|          3|
    |p_ZL8threshs2_4_address0   |  14|          3|    3|          9|
    |p_ZL8threshs2_4_ce0        |  14|          3|    1|          3|
    |p_ZL8threshs2_5_address0   |  14|          3|    3|          9|
    |p_ZL8threshs2_5_ce0        |  14|          3|    1|          3|
    |p_ZL8threshs2_6_address0   |  14|          3|    3|          9|
    |p_ZL8threshs2_6_ce0        |  14|          3|    1|          3|
    |p_ZL8threshs2_7_address0   |  14|          3|    3|          9|
    |p_ZL8threshs2_7_ce0        |  14|          3|    1|          3|
    |p_ZL8threshs2_8_address0   |  14|          3|    3|          9|
    |p_ZL8threshs2_8_ce0        |  14|          3|    1|          3|
    |p_ZL8threshs2_9_address0   |  14|          3|    3|          9|
    |p_ZL8threshs2_9_ce0        |  14|          3|    1|          3|
    |p_ZL8threshs3_0_address0   |  14|          3|    3|          9|
    |p_ZL8threshs3_0_ce0        |  14|          3|    1|          3|
    |p_ZL8threshs3_10_address0  |  14|          3|    3|          9|
    |p_ZL8threshs3_10_ce0       |  14|          3|    1|          3|
    |p_ZL8threshs3_11_address0  |  14|          3|    3|          9|
    |p_ZL8threshs3_11_ce0       |  14|          3|    1|          3|
    |p_ZL8threshs3_12_address0  |  14|          3|    3|          9|
    |p_ZL8threshs3_12_ce0       |  14|          3|    1|          3|
    |p_ZL8threshs3_13_address0  |  14|          3|    3|          9|
    |p_ZL8threshs3_13_ce0       |  14|          3|    1|          3|
    |p_ZL8threshs3_14_address0  |  14|          3|    3|          9|
    |p_ZL8threshs3_14_ce0       |  14|          3|    1|          3|
    |p_ZL8threshs3_15_address0  |  14|          3|    3|          9|
    |p_ZL8threshs3_15_ce0       |  14|          3|    1|          3|
    |p_ZL8threshs3_1_address0   |  14|          3|    3|          9|
    |p_ZL8threshs3_1_ce0        |  14|          3|    1|          3|
    |p_ZL8threshs3_2_address0   |  14|          3|    3|          9|
    |p_ZL8threshs3_2_ce0        |  14|          3|    1|          3|
    |p_ZL8threshs3_3_address0   |  14|          3|    3|          9|
    |p_ZL8threshs3_3_ce0        |  14|          3|    1|          3|
    |p_ZL8threshs3_4_address0   |  14|          3|    3|          9|
    |p_ZL8threshs3_4_ce0        |  14|          3|    1|          3|
    |p_ZL8threshs3_5_address0   |  14|          3|    3|          9|
    |p_ZL8threshs3_5_ce0        |  14|          3|    1|          3|
    |p_ZL8threshs3_6_address0   |  14|          3|    3|          9|
    |p_ZL8threshs3_6_ce0        |  14|          3|    1|          3|
    |p_ZL8threshs3_7_address0   |  14|          3|    3|          9|
    |p_ZL8threshs3_7_ce0        |  14|          3|    1|          3|
    |p_ZL8threshs3_8_address0   |  14|          3|    3|          9|
    |p_ZL8threshs3_8_ce0        |  14|          3|    1|          3|
    |p_ZL8threshs3_9_address0   |  14|          3|    3|          9|
    |p_ZL8threshs3_9_ce0        |  14|          3|    1|          3|
    |p_ZL8threshs4_0_address0   |  14|          3|    6|         18|
    |p_ZL8threshs4_0_ce0        |  14|          3|    1|          3|
    |p_ZL8threshs4_1_address0   |  14|          3|    6|         18|
    |p_ZL8threshs4_1_ce0        |  14|          3|    1|          3|
    |p_ZL8threshs4_2_address0   |  14|          3|    6|         18|
    |p_ZL8threshs4_2_ce0        |  14|          3|    1|          3|
    |p_ZL8threshs4_3_address0   |  14|          3|    6|         18|
    |p_ZL8threshs4_3_ce0        |  14|          3|    1|          3|
    |p_ZL8weights0_0_address0   |  14|          3|    6|         18|
    |p_ZL8weights0_0_ce0        |  14|          3|    1|          3|
    |p_ZL8weights0_10_address0  |  14|          3|    6|         18|
    |p_ZL8weights0_10_ce0       |  14|          3|    1|          3|
    |p_ZL8weights0_11_address0  |  14|          3|    6|         18|
    |p_ZL8weights0_11_ce0       |  14|          3|    1|          3|
    |p_ZL8weights0_12_address0  |  14|          3|    6|         18|
    |p_ZL8weights0_12_ce0       |  14|          3|    1|          3|
    |p_ZL8weights0_13_address0  |  14|          3|    6|         18|
    |p_ZL8weights0_13_ce0       |  14|          3|    1|          3|
    |p_ZL8weights0_14_address0  |  14|          3|    6|         18|
    |p_ZL8weights0_14_ce0       |  14|          3|    1|          3|
    |p_ZL8weights0_15_address0  |  14|          3|    6|         18|
    |p_ZL8weights0_15_ce0       |  14|          3|    1|          3|
    |p_ZL8weights0_1_address0   |  14|          3|    6|         18|
    |p_ZL8weights0_1_ce0        |  14|          3|    1|          3|
    |p_ZL8weights0_2_address0   |  14|          3|    6|         18|
    |p_ZL8weights0_2_ce0        |  14|          3|    1|          3|
    |p_ZL8weights0_3_address0   |  14|          3|    6|         18|
    |p_ZL8weights0_3_ce0        |  14|          3|    1|          3|
    |p_ZL8weights0_4_address0   |  14|          3|    6|         18|
    |p_ZL8weights0_4_ce0        |  14|          3|    1|          3|
    |p_ZL8weights0_5_address0   |  14|          3|    6|         18|
    |p_ZL8weights0_5_ce0        |  14|          3|    1|          3|
    |p_ZL8weights0_6_address0   |  14|          3|    6|         18|
    |p_ZL8weights0_6_ce0        |  14|          3|    1|          3|
    |p_ZL8weights0_7_address0   |  14|          3|    6|         18|
    |p_ZL8weights0_7_ce0        |  14|          3|    1|          3|
    |p_ZL8weights0_8_address0   |  14|          3|    6|         18|
    |p_ZL8weights0_8_ce0        |  14|          3|    1|          3|
    |p_ZL8weights0_9_address0   |  14|          3|    6|         18|
    |p_ZL8weights0_9_ce0        |  14|          3|    1|          3|
    |p_ZL8weights1_0_address0   |  14|          3|    6|         18|
    |p_ZL8weights1_0_ce0        |  14|          3|    1|          3|
    |p_ZL8weights1_10_address0  |  14|          3|    6|         18|
    |p_ZL8weights1_10_ce0       |  14|          3|    1|          3|
    |p_ZL8weights1_11_address0  |  14|          3|    6|         18|
    |p_ZL8weights1_11_ce0       |  14|          3|    1|          3|
    |p_ZL8weights1_12_address0  |  14|          3|    6|         18|
    |p_ZL8weights1_12_ce0       |  14|          3|    1|          3|
    |p_ZL8weights1_13_address0  |  14|          3|    6|         18|
    |p_ZL8weights1_13_ce0       |  14|          3|    1|          3|
    |p_ZL8weights1_14_address0  |  14|          3|    6|         18|
    |p_ZL8weights1_14_ce0       |  14|          3|    1|          3|
    |p_ZL8weights1_15_address0  |  14|          3|    6|         18|
    |p_ZL8weights1_15_ce0       |  14|          3|    1|          3|
    |p_ZL8weights1_16_address0  |  14|          3|    6|         18|
    |p_ZL8weights1_16_ce0       |  14|          3|    1|          3|
    |p_ZL8weights1_17_address0  |  14|          3|    6|         18|
    |p_ZL8weights1_17_ce0       |  14|          3|    1|          3|
    |p_ZL8weights1_18_address0  |  14|          3|    6|         18|
    |p_ZL8weights1_18_ce0       |  14|          3|    1|          3|
    |p_ZL8weights1_19_address0  |  14|          3|    6|         18|
    |p_ZL8weights1_19_ce0       |  14|          3|    1|          3|
    |p_ZL8weights1_1_address0   |  14|          3|    6|         18|
    |p_ZL8weights1_1_ce0        |  14|          3|    1|          3|
    |p_ZL8weights1_20_address0  |  14|          3|    6|         18|
    |p_ZL8weights1_20_ce0       |  14|          3|    1|          3|
    |p_ZL8weights1_21_address0  |  14|          3|    6|         18|
    |p_ZL8weights1_21_ce0       |  14|          3|    1|          3|
    |p_ZL8weights1_22_address0  |  14|          3|    6|         18|
    |p_ZL8weights1_22_ce0       |  14|          3|    1|          3|
    |p_ZL8weights1_23_address0  |  14|          3|    6|         18|
    |p_ZL8weights1_23_ce0       |  14|          3|    1|          3|
    |p_ZL8weights1_24_address0  |  14|          3|    6|         18|
    |p_ZL8weights1_24_ce0       |  14|          3|    1|          3|
    |p_ZL8weights1_25_address0  |  14|          3|    6|         18|
    |p_ZL8weights1_25_ce0       |  14|          3|    1|          3|
    |p_ZL8weights1_26_address0  |  14|          3|    6|         18|
    |p_ZL8weights1_26_ce0       |  14|          3|    1|          3|
    |p_ZL8weights1_27_address0  |  14|          3|    6|         18|
    |p_ZL8weights1_27_ce0       |  14|          3|    1|          3|
    |p_ZL8weights1_28_address0  |  14|          3|    6|         18|
    |p_ZL8weights1_28_ce0       |  14|          3|    1|          3|
    |p_ZL8weights1_29_address0  |  14|          3|    6|         18|
    |p_ZL8weights1_29_ce0       |  14|          3|    1|          3|
    |p_ZL8weights1_2_address0   |  14|          3|    6|         18|
    |p_ZL8weights1_2_ce0        |  14|          3|    1|          3|
    |p_ZL8weights1_30_address0  |  14|          3|    6|         18|
    |p_ZL8weights1_30_ce0       |  14|          3|    1|          3|
    |p_ZL8weights1_31_address0  |  14|          3|    6|         18|
    |p_ZL8weights1_31_ce0       |  14|          3|    1|          3|
    |p_ZL8weights1_3_address0   |  14|          3|    6|         18|
    |p_ZL8weights1_3_ce0        |  14|          3|    1|          3|
    |p_ZL8weights1_4_address0   |  14|          3|    6|         18|
    |p_ZL8weights1_4_ce0        |  14|          3|    1|          3|
    |p_ZL8weights1_5_address0   |  14|          3|    6|         18|
    |p_ZL8weights1_5_ce0        |  14|          3|    1|          3|
    |p_ZL8weights1_6_address0   |  14|          3|    6|         18|
    |p_ZL8weights1_6_ce0        |  14|          3|    1|          3|
    |p_ZL8weights1_7_address0   |  14|          3|    6|         18|
    |p_ZL8weights1_7_ce0        |  14|          3|    1|          3|
    |p_ZL8weights1_8_address0   |  14|          3|    6|         18|
    |p_ZL8weights1_8_ce0        |  14|          3|    1|          3|
    |p_ZL8weights1_9_address0   |  14|          3|    6|         18|
    |p_ZL8weights1_9_ce0        |  14|          3|    1|          3|
    |p_ZL8weights2_0_address0   |  14|          3|    8|         24|
    |p_ZL8weights2_0_ce0        |  14|          3|    1|          3|
    |p_ZL8weights2_10_address0  |  14|          3|    8|         24|
    |p_ZL8weights2_10_ce0       |  14|          3|    1|          3|
    |p_ZL8weights2_11_address0  |  14|          3|    8|         24|
    |p_ZL8weights2_11_ce0       |  14|          3|    1|          3|
    |p_ZL8weights2_12_address0  |  14|          3|    8|         24|
    |p_ZL8weights2_12_ce0       |  14|          3|    1|          3|
    |p_ZL8weights2_13_address0  |  14|          3|    8|         24|
    |p_ZL8weights2_13_ce0       |  14|          3|    1|          3|
    |p_ZL8weights2_14_address0  |  14|          3|    8|         24|
    |p_ZL8weights2_14_ce0       |  14|          3|    1|          3|
    |p_ZL8weights2_15_address0  |  14|          3|    8|         24|
    |p_ZL8weights2_15_ce0       |  14|          3|    1|          3|
    |p_ZL8weights2_1_address0   |  14|          3|    8|         24|
    |p_ZL8weights2_1_ce0        |  14|          3|    1|          3|
    |p_ZL8weights2_2_address0   |  14|          3|    8|         24|
    |p_ZL8weights2_2_ce0        |  14|          3|    1|          3|
    |p_ZL8weights2_3_address0   |  14|          3|    8|         24|
    |p_ZL8weights2_3_ce0        |  14|          3|    1|          3|
    |p_ZL8weights2_4_address0   |  14|          3|    8|         24|
    |p_ZL8weights2_4_ce0        |  14|          3|    1|          3|
    |p_ZL8weights2_5_address0   |  14|          3|    8|         24|
    |p_ZL8weights2_5_ce0        |  14|          3|    1|          3|
    |p_ZL8weights2_6_address0   |  14|          3|    8|         24|
    |p_ZL8weights2_6_ce0        |  14|          3|    1|          3|
    |p_ZL8weights2_7_address0   |  14|          3|    8|         24|
    |p_ZL8weights2_7_ce0        |  14|          3|    1|          3|
    |p_ZL8weights2_8_address0   |  14|          3|    8|         24|
    |p_ZL8weights2_8_ce0        |  14|          3|    1|          3|
    |p_ZL8weights2_9_address0   |  14|          3|    8|         24|
    |p_ZL8weights2_9_ce0        |  14|          3|    1|          3|
    |p_ZL8weights3_0_address0   |  14|          3|    9|         27|
    |p_ZL8weights3_0_ce0        |  14|          3|    1|          3|
    |p_ZL8weights3_10_address0  |  14|          3|    9|         27|
    |p_ZL8weights3_10_ce0       |  14|          3|    1|          3|
    |p_ZL8weights3_11_address0  |  14|          3|    9|         27|
    |p_ZL8weights3_11_ce0       |  14|          3|    1|          3|
    |p_ZL8weights3_12_address0  |  14|          3|    9|         27|
    |p_ZL8weights3_12_ce0       |  14|          3|    1|          3|
    |p_ZL8weights3_13_address0  |  14|          3|    9|         27|
    |p_ZL8weights3_13_ce0       |  14|          3|    1|          3|
    |p_ZL8weights3_14_address0  |  14|          3|    9|         27|
    |p_ZL8weights3_14_ce0       |  14|          3|    1|          3|
    |p_ZL8weights3_15_address0  |  14|          3|    9|         27|
    |p_ZL8weights3_15_ce0       |  14|          3|    1|          3|
    |p_ZL8weights3_1_address0   |  14|          3|    9|         27|
    |p_ZL8weights3_1_ce0        |  14|          3|    1|          3|
    |p_ZL8weights3_2_address0   |  14|          3|    9|         27|
    |p_ZL8weights3_2_ce0        |  14|          3|    1|          3|
    |p_ZL8weights3_3_address0   |  14|          3|    9|         27|
    |p_ZL8weights3_3_ce0        |  14|          3|    1|          3|
    |p_ZL8weights3_4_address0   |  14|          3|    9|         27|
    |p_ZL8weights3_4_ce0        |  14|          3|    1|          3|
    |p_ZL8weights3_5_address0   |  14|          3|    9|         27|
    |p_ZL8weights3_5_ce0        |  14|          3|    1|          3|
    |p_ZL8weights3_6_address0   |  14|          3|    9|         27|
    |p_ZL8weights3_6_ce0        |  14|          3|    1|          3|
    |p_ZL8weights3_7_address0   |  14|          3|    9|         27|
    |p_ZL8weights3_7_ce0        |  14|          3|    1|          3|
    |p_ZL8weights3_8_address0   |  14|          3|    9|         27|
    |p_ZL8weights3_8_ce0        |  14|          3|    1|          3|
    |p_ZL8weights3_9_address0   |  14|          3|    9|         27|
    |p_ZL8weights3_9_ce0        |  14|          3|    1|          3|
    |p_ZL8weights4_0_address0   |  14|          3|   12|         36|
    |p_ZL8weights4_0_ce0        |  14|          3|    1|          3|
    |p_ZL8weights4_1_address0   |  14|          3|   12|         36|
    |p_ZL8weights4_1_ce0        |  14|          3|    1|          3|
    |p_ZL8weights4_2_address0   |  14|          3|   12|         36|
    |p_ZL8weights4_2_ce0        |  14|          3|    1|          3|
    |p_ZL8weights4_3_address0   |  14|          3|   12|         36|
    |p_ZL8weights4_3_ce0        |  14|          3|    1|          3|
    |p_ZL8weights8_0_address0   |  14|          3|   13|         39|
    |p_ZL8weights8_0_ce0        |  14|          3|    1|          3|
    |p_ZL8weights8_1_address0   |  14|          3|   13|         39|
    |p_ZL8weights8_1_ce0        |  14|          3|    1|          3|
    |p_ZL8weights8_2_address0   |  14|          3|   13|         39|
    |p_ZL8weights8_2_ce0        |  14|          3|    1|          3|
    |p_ZL8weights8_3_address0   |  14|          3|   13|         39|
    |p_ZL8weights8_3_ce0        |  14|          3|    1|          3|
    |threshs5_address0          |  14|          3|    8|         24|
    |threshs5_ce0               |  14|          3|    1|          3|
    |threshs6_address0          |  14|          3|    9|         27|
    |threshs6_ce0               |  14|          3|    1|          3|
    |threshs7_address0          |  14|          3|    9|         27|
    |threshs7_ce0               |  14|          3|    1|          3|
    |weights5_address0          |  14|          3|   15|         45|
    |weights5_ce0               |  14|          3|    1|          3|
    |weights6_address0          |  14|          3|   15|         45|
    |weights6_ce0               |  14|          3|    1|          3|
    |weights7_address0          |  14|          3|   15|         45|
    |weights7_ce0               |  14|          3|    1|          3|
    +---------------------------+----+-----------+-----+-----------+
    |Total                      |5094|       1090| 1099|       3301|
    +---------------------------+----+-----------+-----+-----------+

    * Register: 
    +--------------------------------------------+----+----+-----+-----------+
    |                    Name                    | FF | LUT| Bits| Const Bits|
    +--------------------------------------------+----+----+-----+-----------+
    |ap_CS_fsm                                   |  11|   0|   11|          0|
    |ap_sync_reg_grp_DoCompute_fu_2926_ap_done   |   1|   0|    1|          0|
    |ap_sync_reg_grp_DoCompute_fu_2926_ap_ready  |   1|   0|    1|          0|
    |doInit_read_reg_3803                        |   1|   0|    1|          0|
    |grp_DoCompute_fu_2926_ap_start_reg          |   1|   0|    1|          0|
    |in_r_read_reg_3812                          |  64|   0|   64|          0|
    |numReps_read_reg_3795                       |  32|   0|   32|          0|
    |out_r_read_reg_3807                         |  64|   0|   64|          0|
    +--------------------------------------------+----+----+-----+-----------+
    |Total                                       | 175|   0|  175|          0|
    +--------------------------------------------+----+----+-----+-----------+



================================================================
== Interface
================================================================
* Summary: 
+------------------------+-----+-----+------------+--------------+--------------+
|        RTL Ports       | Dir | Bits|  Protocol  | Source Object|    C Type    |
+------------------------+-----+-----+------------+--------------+--------------+
|s_axi_control_AWVALID   |   in|    1|       s_axi|       control|        scalar|
|s_axi_control_AWREADY   |  out|    1|       s_axi|       control|        scalar|
|s_axi_control_AWADDR    |   in|    7|       s_axi|       control|        scalar|
|s_axi_control_WVALID    |   in|    1|       s_axi|       control|        scalar|
|s_axi_control_WREADY    |  out|    1|       s_axi|       control|        scalar|
|s_axi_control_WDATA     |   in|   32|       s_axi|       control|        scalar|
|s_axi_control_WSTRB     |   in|    4|       s_axi|       control|        scalar|
|s_axi_control_ARVALID   |   in|    1|       s_axi|       control|        scalar|
|s_axi_control_ARREADY   |  out|    1|       s_axi|       control|        scalar|
|s_axi_control_ARADDR    |   in|    7|       s_axi|       control|        scalar|
|s_axi_control_RVALID    |  out|    1|       s_axi|       control|        scalar|
|s_axi_control_RREADY    |   in|    1|       s_axi|       control|        scalar|
|s_axi_control_RDATA     |  out|   32|       s_axi|       control|        scalar|
|s_axi_control_RRESP     |  out|    2|       s_axi|       control|        scalar|
|s_axi_control_BVALID    |  out|    1|       s_axi|       control|        scalar|
|s_axi_control_BREADY    |   in|    1|       s_axi|       control|        scalar|
|s_axi_control_BRESP     |  out|    2|       s_axi|       control|        scalar|
|ap_clk                  |   in|    1|  ap_ctrl_hs|   BlackBoxJam|  return value|
|ap_rst_n                |   in|    1|  ap_ctrl_hs|   BlackBoxJam|  return value|
|interrupt               |  out|    1|  ap_ctrl_hs|   BlackBoxJam|  return value|
|m_axi_hostmem_AWVALID   |  out|    1|       m_axi|       hostmem|       pointer|
|m_axi_hostmem_AWREADY   |   in|    1|       m_axi|       hostmem|       pointer|
|m_axi_hostmem_AWADDR    |  out|   64|       m_axi|       hostmem|       pointer|
|m_axi_hostmem_AWID      |  out|    1|       m_axi|       hostmem|       pointer|
|m_axi_hostmem_AWLEN     |  out|    8|       m_axi|       hostmem|       pointer|
|m_axi_hostmem_AWSIZE    |  out|    3|       m_axi|       hostmem|       pointer|
|m_axi_hostmem_AWBURST   |  out|    2|       m_axi|       hostmem|       pointer|
|m_axi_hostmem_AWLOCK    |  out|    2|       m_axi|       hostmem|       pointer|
|m_axi_hostmem_AWCACHE   |  out|    4|       m_axi|       hostmem|       pointer|
|m_axi_hostmem_AWPROT    |  out|    3|       m_axi|       hostmem|       pointer|
|m_axi_hostmem_AWQOS     |  out|    4|       m_axi|       hostmem|       pointer|
|m_axi_hostmem_AWREGION  |  out|    4|       m_axi|       hostmem|       pointer|
|m_axi_hostmem_AWUSER    |  out|    1|       m_axi|       hostmem|       pointer|
|m_axi_hostmem_WVALID    |  out|    1|       m_axi|       hostmem|       pointer|
|m_axi_hostmem_WREADY    |   in|    1|       m_axi|       hostmem|       pointer|
|m_axi_hostmem_WDATA     |  out|   64|       m_axi|       hostmem|       pointer|
|m_axi_hostmem_WSTRB     |  out|    8|       m_axi|       hostmem|       pointer|
|m_axi_hostmem_WLAST     |  out|    1|       m_axi|       hostmem|       pointer|
|m_axi_hostmem_WID       |  out|    1|       m_axi|       hostmem|       pointer|
|m_axi_hostmem_WUSER     |  out|    1|       m_axi|       hostmem|       pointer|
|m_axi_hostmem_ARVALID   |  out|    1|       m_axi|       hostmem|       pointer|
|m_axi_hostmem_ARREADY   |   in|    1|       m_axi|       hostmem|       pointer|
|m_axi_hostmem_ARADDR    |  out|   64|       m_axi|       hostmem|       pointer|
|m_axi_hostmem_ARID      |  out|    1|       m_axi|       hostmem|       pointer|
|m_axi_hostmem_ARLEN     |  out|    8|       m_axi|       hostmem|       pointer|
|m_axi_hostmem_ARSIZE    |  out|    3|       m_axi|       hostmem|       pointer|
|m_axi_hostmem_ARBURST   |  out|    2|       m_axi|       hostmem|       pointer|
|m_axi_hostmem_ARLOCK    |  out|    2|       m_axi|       hostmem|       pointer|
|m_axi_hostmem_ARCACHE   |  out|    4|       m_axi|       hostmem|       pointer|
|m_axi_hostmem_ARPROT    |  out|    3|       m_axi|       hostmem|       pointer|
|m_axi_hostmem_ARQOS     |  out|    4|       m_axi|       hostmem|       pointer|
|m_axi_hostmem_ARREGION  |  out|    4|       m_axi|       hostmem|       pointer|
|m_axi_hostmem_ARUSER    |  out|    1|       m_axi|       hostmem|       pointer|
|m_axi_hostmem_RVALID    |   in|    1|       m_axi|       hostmem|       pointer|
|m_axi_hostmem_RREADY    |  out|    1|       m_axi|       hostmem|       pointer|
|m_axi_hostmem_RDATA     |   in|   64|       m_axi|       hostmem|       pointer|
|m_axi_hostmem_RLAST     |   in|    1|       m_axi|       hostmem|       pointer|
|m_axi_hostmem_RID       |   in|    1|       m_axi|       hostmem|       pointer|
|m_axi_hostmem_RUSER     |   in|    1|       m_axi|       hostmem|       pointer|
|m_axi_hostmem_RRESP     |   in|    2|       m_axi|       hostmem|       pointer|
|m_axi_hostmem_BVALID    |   in|    1|       m_axi|       hostmem|       pointer|
|m_axi_hostmem_BREADY    |  out|    1|       m_axi|       hostmem|       pointer|
|m_axi_hostmem_BRESP     |   in|    2|       m_axi|       hostmem|       pointer|
|m_axi_hostmem_BID       |   in|    1|       m_axi|       hostmem|       pointer|
|m_axi_hostmem_BUSER     |   in|    1|       m_axi|       hostmem|       pointer|
+------------------------+-----+-----+------------+--------------+--------------+

