

================================================================
== Vitis HLS Report for 'ConvolutionInputGenerator_Pipeline_VITIS_LOOP_104_1_VITIS_LOOP_105_2_3'
================================================================
* Date:           Thu May 29 09:37:04 2025

* Version:        2023.2.2 (Build 4101106 on Feb  9 2024)
* Project:        hw
* Solution:       solution1 (Vivado IP Flow Target)
* Product family: zynq
* Target device:  xc7z020-clg400-1


================================================================
== Performance Estimates
================================================================
+ Timing: 
    * Summary: 
    +--------+----------+----------+------------+
    |  Clock |  Target  | Estimated| Uncertainty|
    +--------+----------+----------+------------+
    |ap_clk  |  10.00 ns|  7.670 ns|     2.70 ns|
    +--------+----------+----------+------------+

+ Latency: 
    * Summary: 
    +---------+---------+----------+----------+-----+-----+---------+
    |  Latency (cycles) |  Latency (absolute) |  Interval | Pipeline|
    |   min   |   max   |    min   |    max   | min | max |   Type  |
    +---------+---------+----------+----------+-----+-----+---------+
    |        ?|        ?|         ?|         ?|    ?|    ?|       no|
    +---------+---------+----------+----------+-----+-----+---------+

    + Detail: 
        * Instance: 
        N/A

        * Loop: 
        +-------------------------------------+---------+---------+----------+-----------+-----------+------+----------+
        |                                     |  Latency (cycles) | Iteration|  Initiation Interval  | Trip |          |
        |              Loop Name              |   min   |   max   |  Latency |  achieved |   target  | Count| Pipelined|
        +-------------------------------------+---------+---------+----------+-----------+-----------+------+----------+
        |- VITIS_LOOP_104_1_VITIS_LOOP_105_2  |        ?|        ?|         4|          1|          1|     ?|       yes|
        +-------------------------------------+---------+---------+----------+-----------+-----------+------+----------+



================================================================
== Utilization Estimates
================================================================
* Summary: 
+-----------------+---------+-----+--------+-------+-----+
|       Name      | BRAM_18K| DSP |   FF   |  LUT  | URAM|
+-----------------+---------+-----+--------+-------+-----+
|DSP              |        -|    -|       -|      -|    -|
|Expression       |        -|    -|       0|   1069|    -|
|FIFO             |        -|    -|       -|      -|    -|
|Instance         |        -|    -|       0|     20|    -|
|Memory           |        0|    -|     256|     48|    0|
|Multiplexer      |        -|    -|       -|    201|    -|
|Register         |        -|    -|     387|      -|    -|
+-----------------+---------+-----+--------+-------+-----+
|Total            |        0|    0|     643|   1338|    0|
+-----------------+---------+-----+--------+-------+-----+
|Available        |      280|  220|  106400|  53200|    0|
+-----------------+---------+-----+--------+-------+-----+
|Utilization (%)  |        0|    0|      ~0|      2|    0|
+-----------------+---------+-----+--------+-------+-----+

+ Detail: 
    * Instance: 
    +---------------------------+----------------------+---------+----+---+----+-----+
    |          Instance         |        Module        | BRAM_18K| DSP| FF| LUT| URAM|
    +---------------------------+----------------------+---------+----+---+----+-----+
    |sparsemux_9_2_32_1_1_U559  |sparsemux_9_2_32_1_1  |        0|   0|  0|  20|    0|
    +---------------------------+----------------------+---------+----+---+----+-----+
    |Total                      |                      |        0|   0|  0|  20|    0|
    +---------------------------+----------------------+---------+----+---+----+-----+

    * DSP: 
    N/A

    * Memory: 
    +--------------+----------------------------------------------------------------------------------+---------+----+----+-----+------+-----+------+-------------+
    |    Memory    |                                      Module                                      | BRAM_18K| FF | LUT| URAM| Words| Bits| Banks| W*Bits*Banks|
    +--------------+----------------------------------------------------------------------------------+---------+----+----+-----+------+-----+------+-------------+
    |inputBuf_U    |ConvolutionInputGenerator_Pipeline_VITIS_LOOP_104_1_VITIS_LOOP_105_2_3_inputBvdy  |        0|  64|  12|    0|    24|   32|     1|          768|
    |inputBuf_1_U  |ConvolutionInputGenerator_Pipeline_VITIS_LOOP_104_1_VITIS_LOOP_105_2_3_inputBvdy  |        0|  64|  12|    0|    24|   32|     1|          768|
    |inputBuf_2_U  |ConvolutionInputGenerator_Pipeline_VITIS_LOOP_104_1_VITIS_LOOP_105_2_3_inputBvdy  |        0|  64|  12|    0|    24|   32|     1|          768|
    |inputBuf_3_U  |ConvolutionInputGenerator_Pipeline_VITIS_LOOP_104_1_VITIS_LOOP_105_2_3_inputBvdy  |        0|  64|  12|    0|    24|   32|     1|          768|
    +--------------+----------------------------------------------------------------------------------+---------+----+----+-----+------+-----+------+-------------+
    |Total         |                                                                                  |        0| 256|  48|    0|    96|  128|     4|         3072|
    +--------------+----------------------------------------------------------------------------------+---------+----+----+-----+------+-----+------+-------------+

    * FIFO: 
    N/A

    * Expression: 
    +------------------------------------+----------+----+---+----+------------+------------+
    |            Variable Name           | Operation| DSP| FF| LUT| Bitwidth P0| Bitwidth P1|
    +------------------------------------+----------+----+---+----+------------+------------+
    |add_ln104_fu_380_p2                 |         +|   0|  0|  47|          40|           1|
    |add_ln105_fu_392_p2                 |         +|   0|  0|  15|           8|           1|
    |add_ln124_3_fu_479_p2               |         +|   0|  0|  10|           2|           2|
    |count_simd_3_fu_511_p2              |         +|   0|  0|  39|          32|           1|
    |counter_internal_block_8_fu_635_p2  |         +|   0|  0|  39|          32|           1|
    |current_line_in_block_fu_497_p2     |         +|   0|  0|  13|           5|           5|
    |grp_fu_279_p2                       |         +|   0|  0|  39|          32|           1|
    |grp_fu_291_p2                       |         +|   0|  0|  39|          32|           1|
    |grp_fu_296_p2                       |         +|   0|  0|  39|          32|           1|
    |inp_8_fu_660_p2                     |         +|   0|  0|  39|          32|           1|
    |k_x_3_fu_528_p2                     |         +|   0|  0|  39|          32|           1|
    |k_y_3_fu_469_p2                     |         +|   0|  0|  39|          32|           1|
    |and_ln153_fu_599_p2                 |       and|   0|  0|   2|           1|           1|
    |ap_block_pp0                        |       and|   0|  0|   2|           1|           1|
    |ap_block_state5_pp0_stage0_iter4    |       and|   0|  0|   2|           1|           1|
    |ap_condition_667                    |       and|   0|  0|   2|           1|           1|
    |ap_condition_671                    |       and|   0|  0|   2|           1|           1|
    |ap_condition_674                    |       and|   0|  0|   2|           1|           1|
    |ap_condition_677                    |       and|   0|  0|   2|           1|           1|
    |ap_condition_680                    |       and|   0|  0|   2|           1|           1|
    |ap_condition_683                    |       and|   0|  0|   2|           1|           1|
    |ap_enable_state3_pp0_iter2_stage0   |       and|   0|  0|   2|           1|           1|
    |ap_enable_state4_pp0_iter3_stage0   |       and|   0|  0|   2|           1|           1|
    |ap_predicate_op144_load_state4      |       and|   0|  0|   2|           1|           1|
    |ap_predicate_op149_read_state4      |       and|   0|  0|   2|           1|           1|
    |ap_predicate_op155_store_state4     |       and|   0|  0|   2|           1|           1|
    |ap_predicate_op157_store_state4     |       and|   0|  0|   2|           1|           1|
    |ap_predicate_op159_store_state4     |       and|   0|  0|   2|           1|           1|
    |ap_predicate_op161_store_state4     |       and|   0|  0|   2|           1|           1|
    |ap_predicate_op169_store_state4     |       and|   0|  0|   2|           1|           1|
    |ap_predicate_op171_store_state4     |       and|   0|  0|   2|           1|           1|
    |ap_predicate_op173_store_state4     |       and|   0|  0|   2|           1|           1|
    |ap_predicate_op175_store_state4     |       and|   0|  0|   2|           1|           1|
    |ap_predicate_op177_write_state5     |       and|   0|  0|   2|           1|           1|
    |ap_predicate_op74_load_state3       |       and|   0|  0|   2|           1|           1|
    |grp_fu_285_p2                       |      icmp|   0|  0|  39|          32|           5|
    |grp_fu_301_p2                       |      icmp|   0|  0|  39|          32|           3|
    |icmp_ln104_fu_375_p2                |      icmp|   0|  0|  47|          40|          40|
    |icmp_ln105_fu_386_p2                |      icmp|   0|  0|  15|           8|           8|
    |icmp_ln107_fu_448_p2                |      icmp|   0|  0|  39|          32|           7|
    |icmp_ln123_fu_454_p2                |      icmp|   0|  0|  39|          32|           7|
    |icmp_ln132_fu_517_p2                |      icmp|   0|  0|  39|          32|           4|
    |icmp_ln135_fu_534_p2                |      icmp|   0|  0|  39|          32|           2|
    |icmp_ln138_fu_550_p2                |      icmp|   0|  0|  39|          32|           2|
    |icmp_ln153_3_fu_593_p2              |      icmp|   0|  0|  39|          32|           2|
    |icmp_ln153_fu_587_p2                |      icmp|   0|  0|  39|          32|           5|
    |icmp_ln172_fu_641_p2                |      icmp|   0|  0|  39|          32|           7|
    |ap_block_pp0_stage0_01001           |        or|   0|  0|   2|           1|           1|
    |ap_block_state4_pp0_stage0_iter3    |        or|   0|  0|   2|           1|           1|
    |counter_internal_block_9_fu_647_p3  |    select|   0|  0|  32|           1|           1|
    |grp_fu_307_p3                       |    select|   0|  0|  32|           1|           1|
    |i_fu_398_p3                         |    select|   0|  0|   8|           1|           1|
    |inp_9_fu_556_p3                     |    select|   0|  0|  32|           1|           1|
    |k_y_4_fu_564_p3                     |    select|   0|  0|  32|           1|           1|
    |select_ln98_fu_432_p3               |    select|   0|  0|  32|           1|           1|
    |ap_enable_pp0                       |       xor|   0|  0|   2|           1|           2|
    +------------------------------------+----------+----+---+----+------------+------------+
    |Total                               |          |   0|  0|1069|         711|         142|
    +------------------------------------+----------+----+---+----+------------+------------+

    * Multiplexer: 
    +-------------------------------+----+-----------+-----+-----------+
    |              Name             | LUT| Input Size| Bits| Total Bits|
    +-------------------------------+----+-----------+-----+-----------+
    |ap_done_int                    |   9|          2|    1|          2|
    |ap_enable_reg_pp0_iter1        |   9|          2|    1|          2|
    |ap_enable_reg_pp0_iter3        |   9|          2|    1|          2|
    |convInp_i31_blk_n              |   9|          2|    1|          2|
    |count_simd_fu_102              |   9|          2|   32|         64|
    |counter_internal_block_fu_110  |   9|          2|   32|         64|
    |current_block_write_11_fu_94   |   9|          2|   32|         64|
    |current_line_fu_106            |   9|          2|   32|         64|
    |i_09_fu_78                     |   9|          2|    8|         16|
    |indvar_flatten_fu_82           |   9|          2|   40|         80|
    |inp_fu_98                      |  14|          3|   32|         96|
    |inputBuf_1_address0            |  14|          3|    5|         15|
    |inputBuf_2_address0            |  14|          3|    5|         15|
    |inputBuf_3_address0            |  14|          3|    5|         15|
    |inputBuf_address0              |  14|          3|    5|         15|
    |k_x_fu_90                      |   9|          2|   32|         64|
    |k_y_fu_86                      |   9|          2|   32|         64|
    |read_block_fu_74               |  14|          3|   32|         96|
    |wa_in_i2910_blk_n              |   9|          2|    1|          2|
    +-------------------------------+----+-----------+-----+-----------+
    |Total                          | 201|         44|  329|        742|
    +-------------------------------+----+-----------+-----+-----------+

    * Register: 
    +----------------------------------+----+----+-----+-----------+
    |               Name               | FF | LUT| Bits| Const Bits|
    +----------------------------------+----+----+-----+-----------+
    |add_ln124_3_reg_850               |   2|   0|    2|          0|
    |and_ln153_reg_881                 |   1|   0|    1|          0|
    |ap_CS_fsm                         |   1|   0|    1|          0|
    |ap_done_reg                       |   1|   0|    1|          0|
    |ap_enable_reg_pp0_iter1           |   1|   0|    1|          0|
    |ap_enable_reg_pp0_iter2           |   1|   0|    1|          0|
    |ap_enable_reg_pp0_iter3           |   1|   0|    1|          0|
    |ap_enable_reg_pp0_iter4           |   1|   0|    1|          0|
    |ap_loop_exit_ready_pp0_iter2_reg  |   1|   0|    1|          0|
    |ap_loop_exit_ready_pp0_iter3_reg  |   1|   0|    1|          0|
    |count_simd_fu_102                 |  32|   0|   32|          0|
    |counter_internal_block_fu_110     |  32|   0|   32|          0|
    |current_block_write_11_fu_94      |  32|   0|   32|          0|
    |current_line_fu_106               |  32|   0|   32|          0|
    |i_09_fu_78                        |   8|   0|    8|          0|
    |icmp_ln104_reg_829                |   1|   0|    1|          0|
    |icmp_ln105_reg_833                |   1|   0|    1|          0|
    |icmp_ln107_reg_842                |   1|   0|    1|          0|
    |icmp_ln107_reg_842_pp0_iter3_reg  |   1|   0|    1|          0|
    |icmp_ln123_reg_846                |   1|   0|    1|          0|
    |icmp_ln123_reg_846_pp0_iter3_reg  |   1|   0|    1|          0|
    |indvar_flatten_fu_82              |  40|   0|   40|          0|
    |inp_fu_98                         |  32|   0|   32|          0|
    |k_x_fu_90                         |  32|   0|   32|          0|
    |k_y_fu_86                         |  32|   0|   32|          0|
    |p_0_reg_891                       |  32|   0|   32|          0|
    |read_block_fu_74                  |  32|   0|   32|          0|
    |reg_315                           |  32|   0|   32|          0|
    |trunc_ln98_reg_838                |   2|   0|    2|          0|
    +----------------------------------+----+----+-----+-----------+
    |Total                             | 387|   0|  387|          0|
    +----------------------------------+----+----+-----+-----------+



================================================================
== Interface
================================================================
* Summary: 
+----------------------------+-----+-----+------------+------------------------------------------------------------------------+--------------+
|          RTL Ports         | Dir | Bits|  Protocol  |                              Source Object                             |    C Type    |
+----------------------------+-----+-----+------------+------------------------------------------------------------------------+--------------+
|ap_clk                      |   in|    1|  ap_ctrl_hs|  ConvolutionInputGenerator_Pipeline_VITIS_LOOP_104_1_VITIS_LOOP_105_2.3|  return value|
|ap_rst                      |   in|    1|  ap_ctrl_hs|  ConvolutionInputGenerator_Pipeline_VITIS_LOOP_104_1_VITIS_LOOP_105_2.3|  return value|
|ap_start                    |   in|    1|  ap_ctrl_hs|  ConvolutionInputGenerator_Pipeline_VITIS_LOOP_104_1_VITIS_LOOP_105_2.3|  return value|
|ap_done                     |  out|    1|  ap_ctrl_hs|  ConvolutionInputGenerator_Pipeline_VITIS_LOOP_104_1_VITIS_LOOP_105_2.3|  return value|
|ap_idle                     |  out|    1|  ap_ctrl_hs|  ConvolutionInputGenerator_Pipeline_VITIS_LOOP_104_1_VITIS_LOOP_105_2.3|  return value|
|ap_ready                    |  out|    1|  ap_ctrl_hs|  ConvolutionInputGenerator_Pipeline_VITIS_LOOP_104_1_VITIS_LOOP_105_2.3|  return value|
|wa_in_i2910_dout            |   in|   32|     ap_fifo|                                                             wa_in_i2910|       pointer|
|wa_in_i2910_num_data_valid  |   in|    3|     ap_fifo|                                                             wa_in_i2910|       pointer|
|wa_in_i2910_fifo_cap        |   in|    3|     ap_fifo|                                                             wa_in_i2910|       pointer|
|wa_in_i2910_empty_n         |   in|    1|     ap_fifo|                                                             wa_in_i2910|       pointer|
|wa_in_i2910_read            |  out|    1|     ap_fifo|                                                             wa_in_i2910|       pointer|
|convInp_i31_din             |  out|   32|     ap_fifo|                                                             convInp_i31|       pointer|
|convInp_i31_num_data_valid  |   in|    3|     ap_fifo|                                                             convInp_i31|       pointer|
|convInp_i31_fifo_cap        |   in|    3|     ap_fifo|                                                             convInp_i31|       pointer|
|convInp_i31_full_n          |   in|    1|     ap_fifo|                                                             convInp_i31|       pointer|
|convInp_i31_write           |  out|    1|     ap_fifo|                                                             convInp_i31|       pointer|
|bound                       |   in|   40|     ap_none|                                                                   bound|        scalar|
+----------------------------+-----+-----+------------+------------------------------------------------------------------------+--------------+

