

================================================================
== Vitis HLS Report for 'DoCompute_Loop_VITIS_LOOP_268_1_proc27'
================================================================
* Date:           Thu May 29 09:36:31 2025

* Version:        2023.2.2 (Build 4101106 on Feb  9 2024)
* Project:        hw
* Solution:       solution1 (Vivado IP Flow Target)
* Product family: zynq
* Target device:  xc7z020-clg400-1


================================================================
== Performance Estimates
================================================================
+ Timing: 
    * Summary: 
    +--------+----------+----------+------------+
    |  Clock |  Target  | Estimated| Uncertainty|
    +--------+----------+----------+------------+
    |ap_clk  |  10.00 ns|  7.390 ns|     2.70 ns|
    +--------+----------+----------+------------+

+ Latency: 
    * Summary: 
    +---------+---------+----------+----------+-----+-----+---------+
    |  Latency (cycles) |  Latency (absolute) |  Interval | Pipeline|
    |   min   |   max   |    min   |    max   | min | max |   Type  |
    +---------+---------+----------+----------+-----+-----+---------+
    |        ?|        ?|         ?|         ?|    ?|    ?|       no|
    +---------+---------+----------+----------+-----+-----+---------+

    + Detail: 
        * Instance: 
        +----------------------------------------------------------------------------+------------------------------------------------------------------+---------+---------+----------+----------+-----+-----+---------+
        |                                                                            |                                                                  |  Latency (cycles) |  Latency (absolute) |  Interval | Pipeline|
        |                                  Instance                                  |                              Module                              |   min   |   max   |    min   |    max   | min | max |   Type  |
        +----------------------------------------------------------------------------+------------------------------------------------------------------+---------+---------+----------+----------+-----+-----+---------+
        |grp_DoCompute_Loop_VITIS_LOOP_268_1_proc27_Pipeline_VITIS_LOOP_268_1_fu_52  |DoCompute_Loop_VITIS_LOOP_268_1_proc27_Pipeline_VITIS_LOOP_268_1  |        ?|        ?|         ?|         ?|    ?|    ?|       no|
        +----------------------------------------------------------------------------+------------------------------------------------------------------+---------+---------+----------+----------+-----+-----+---------+

        * Loop: 
        N/A



================================================================
== Utilization Estimates
================================================================
* Summary: 
+-----------------+---------+-----+--------+-------+-----+
|       Name      | BRAM_18K| DSP |   FF   |  LUT  | URAM|
+-----------------+---------+-----+--------+-------+-----+
|DSP              |        -|    -|       -|      -|    -|
|Expression       |        -|    -|       0|      2|    -|
|FIFO             |        -|    -|       -|      -|    -|
|Instance         |        -|    2|     463|    375|    -|
|Memory           |        -|    -|       -|      -|    -|
|Multiplexer      |        -|    -|       -|     79|    -|
|Register         |        -|    -|      71|      -|    -|
+-----------------+---------+-----+--------+-------+-----+
|Total            |        0|    2|     534|    456|    0|
+-----------------+---------+-----+--------+-------+-----+
|Available        |      280|  220|  106400|  53200|    0|
+-----------------+---------+-----+--------+-------+-----+
|Utilization (%)  |        0|   ~0|      ~0|     ~0|    0|
+-----------------+---------+-----+--------+-------+-----+

+ Detail: 
    * Instance: 
    +----------------------------------------------------------------------------+------------------------------------------------------------------+---------+----+-----+-----+-----+
    |                                  Instance                                  |                              Module                              | BRAM_18K| DSP|  FF | LUT | URAM|
    +----------------------------------------------------------------------------+------------------------------------------------------------------+---------+----+-----+-----+-----+
    |grp_DoCompute_Loop_VITIS_LOOP_268_1_proc27_Pipeline_VITIS_LOOP_268_1_fu_52  |DoCompute_Loop_VITIS_LOOP_268_1_proc27_Pipeline_VITIS_LOOP_268_1  |        0|   0|  298|  325|    0|
    |mul_32s_12ns_32_2_1_U125                                                    |mul_32s_12ns_32_2_1                                               |        0|   2|  165|   50|    0|
    +----------------------------------------------------------------------------+------------------------------------------------------------------+---------+----+-----+-----+-----+
    |Total                                                                       |                                                                  |        0|   2|  463|  375|    0|
    +----------------------------------------------------------------------------+------------------------------------------------------------------+---------+----+-----+-----+-----+

    * DSP: 
    N/A

    * Memory: 
    N/A

    * FIFO: 
    N/A

    * Expression: 
    +-----------------+----------+----+---+----+------------+------------+
    |  Variable Name  | Operation| DSP| FF| LUT| Bitwidth P0| Bitwidth P1|
    +-----------------+----------+----+---+----+------------+------------+
    |ap_block_state1  |        or|   0|  0|   2|           1|           1|
    +-----------------+----------+----+---+----+------------+------------+
    |Total            |          |   0|  0|   2|           1|           1|
    +-----------------+----------+----+---+----+------------+------------+

    * Multiplexer: 
    +--------------------+----+-----------+-----+-----------+
    |        Name        | LUT| Input Size| Bits| Total Bits|
    +--------------------+----+-----------+-----+-----------+
    |ap_NS_fsm           |  25|          5|    1|          5|
    |ap_done             |   9|          2|    1|          2|
    |inter1_read         |   9|          2|    1|          2|
    |numReps_blk_n       |   9|          2|    1|          2|
    |numReps_c155_blk_n  |   9|          2|    1|          2|
    |real_start          |   9|          2|    1|          2|
    |wa_in_12_write      |   9|          2|    1|          2|
    +--------------------+----+-----------+-----+-----------+
    |Total               |  79|         17|    7|         17|
    +--------------------+----+-----------+-----+-----------+

    * Register: 
    +-----------------------------------------------------------------------------------------+----+----+-----+-----------+
    |                                           Name                                          | FF | LUT| Bits| Const Bits|
    +-----------------------------------------------------------------------------------------+----+----+-----+-----------+
    |ap_CS_fsm                                                                                |   4|   0|    4|          0|
    |ap_done_reg                                                                              |   1|   0|    1|          0|
    |grp_DoCompute_Loop_VITIS_LOOP_268_1_proc27_Pipeline_VITIS_LOOP_268_1_fu_52_ap_start_reg  |   1|   0|    1|          0|
    |reps_reg_67                                                                              |  32|   0|   32|          0|
    |start_once_reg                                                                           |   1|   0|    1|          0|
    |totalIters_reg_72                                                                        |  32|   0|   32|          0|
    +-----------------------------------------------------------------------------------------+----+----+-----+-----------+
    |Total                                                                                    |  71|   0|   71|          0|
    +-----------------------------------------------------------------------------------------+----+----+-----+-----------+



================================================================
== Interface
================================================================
* Summary: 
+-----------------------------+-----+-----+------------+----------------------------------------+--------------+
|          RTL Ports          | Dir | Bits|  Protocol  |              Source Object             |    C Type    |
+-----------------------------+-----+-----+------------+----------------------------------------+--------------+
|ap_clk                       |   in|    1|  ap_ctrl_hs|  DoCompute_Loop_VITIS_LOOP_268_1_proc27|  return value|
|ap_rst                       |   in|    1|  ap_ctrl_hs|  DoCompute_Loop_VITIS_LOOP_268_1_proc27|  return value|
|ap_start                     |   in|    1|  ap_ctrl_hs|  DoCompute_Loop_VITIS_LOOP_268_1_proc27|  return value|
|start_full_n                 |   in|    1|  ap_ctrl_hs|  DoCompute_Loop_VITIS_LOOP_268_1_proc27|  return value|
|ap_done                      |  out|    1|  ap_ctrl_hs|  DoCompute_Loop_VITIS_LOOP_268_1_proc27|  return value|
|ap_continue                  |   in|    1|  ap_ctrl_hs|  DoCompute_Loop_VITIS_LOOP_268_1_proc27|  return value|
|ap_idle                      |  out|    1|  ap_ctrl_hs|  DoCompute_Loop_VITIS_LOOP_268_1_proc27|  return value|
|ap_ready                     |  out|    1|  ap_ctrl_hs|  DoCompute_Loop_VITIS_LOOP_268_1_proc27|  return value|
|start_out                    |  out|    1|  ap_ctrl_hs|  DoCompute_Loop_VITIS_LOOP_268_1_proc27|  return value|
|start_write                  |  out|    1|  ap_ctrl_hs|  DoCompute_Loop_VITIS_LOOP_268_1_proc27|  return value|
|numReps_dout                 |   in|   32|     ap_fifo|                                 numReps|       pointer|
|numReps_num_data_valid       |   in|    3|     ap_fifo|                                 numReps|       pointer|
|numReps_fifo_cap             |   in|    3|     ap_fifo|                                 numReps|       pointer|
|numReps_empty_n              |   in|    1|     ap_fifo|                                 numReps|       pointer|
|numReps_read                 |  out|    1|     ap_fifo|                                 numReps|       pointer|
|wa_in_12_din                 |  out|   32|     ap_fifo|                                wa_in_12|       pointer|
|wa_in_12_num_data_valid      |   in|    3|     ap_fifo|                                wa_in_12|       pointer|
|wa_in_12_fifo_cap            |   in|    3|     ap_fifo|                                wa_in_12|       pointer|
|wa_in_12_full_n              |   in|    1|     ap_fifo|                                wa_in_12|       pointer|
|wa_in_12_write               |  out|    1|     ap_fifo|                                wa_in_12|       pointer|
|inter1_dout                  |   in|   64|     ap_fifo|                                  inter1|       pointer|
|inter1_num_data_valid        |   in|    8|     ap_fifo|                                  inter1|       pointer|
|inter1_fifo_cap              |   in|    8|     ap_fifo|                                  inter1|       pointer|
|inter1_empty_n               |   in|    1|     ap_fifo|                                  inter1|       pointer|
|inter1_read                  |  out|    1|     ap_fifo|                                  inter1|       pointer|
|numReps_c155_din             |  out|   32|     ap_fifo|                            numReps_c155|       pointer|
|numReps_c155_num_data_valid  |   in|    3|     ap_fifo|                            numReps_c155|       pointer|
|numReps_c155_fifo_cap        |   in|    3|     ap_fifo|                            numReps_c155|       pointer|
|numReps_c155_full_n          |   in|    1|     ap_fifo|                            numReps_c155|       pointer|
|numReps_c155_write           |  out|    1|     ap_fifo|                            numReps_c155|       pointer|
+-----------------------------+-----+-----+------------+----------------------------------------+--------------+

