

================================================================
== Vitis HLS Report for 'DoCompute_Block_ZN24WidthAdjustedInputStreamILj128ELj32ELj144EEC2ERN3hls6stream'
================================================================
* Date:           Thu May 29 09:36:51 2025

* Version:        2023.2.2 (Build 4101106 on Feb  9 2024)
* Project:        hw
* Solution:       solution1 (Vivado IP Flow Target)
* Product family: zynq
* Target device:  xc7z020-clg400-1


================================================================
== Performance Estimates
================================================================
+ Timing: 
    * Summary: 
    +--------+----------+----------+------------+
    |  Clock |  Target  | Estimated| Uncertainty|
    +--------+----------+----------+------------+
    |ap_clk  |  10.00 ns|  6.912 ns|     2.70 ns|
    +--------+----------+----------+------------+

+ Latency: 
    * Summary: 
    +---------+---------+-----------+-----------+-----+-----+---------+
    |  Latency (cycles) |   Latency (absolute)  |  Interval | Pipeline|
    |   min   |   max   |    min    |    max    | min | max |   Type  |
    +---------+---------+-----------+-----------+-----+-----+---------+
    |        1|        1|  10.000 ns|  10.000 ns|    1|    1|       no|
    +---------+---------+-----------+-----------+-----+-----+---------+

    + Detail: 
        * Instance: 
        N/A

        * Loop: 
        N/A



================================================================
== Utilization Estimates
================================================================
* Summary: 
+-----------------+---------+-----+--------+-------+-----+
|       Name      | BRAM_18K| DSP |   FF   |  LUT  | URAM|
+-----------------+---------+-----+--------+-------+-----+
|DSP              |        -|    -|       -|      -|    -|
|Expression       |        -|    -|       0|      2|    -|
|FIFO             |        -|    -|       -|      -|    -|
|Instance         |        -|    2|     165|     50|    -|
|Memory           |        -|    -|       -|      -|    -|
|Multiplexer      |        -|    -|       -|     41|    -|
|Register         |        -|    -|      62|      -|    -|
+-----------------+---------+-----+--------+-------+-----+
|Total            |        0|    2|     227|     93|    0|
+-----------------+---------+-----+--------+-------+-----+
|Available        |      280|  220|  106400|  53200|    0|
+-----------------+---------+-----+--------+-------+-----+
|Utilization (%)  |        0|   ~0|      ~0|     ~0|    0|
+-----------------+---------+-----+--------+-------+-----+

+ Detail: 
    * Instance: 
    +-------------------------+--------------------+---------+----+-----+----+-----+
    |         Instance        |       Module       | BRAM_18K| DSP|  FF | LUT| URAM|
    +-------------------------+--------------------+---------+----+-----+----+-----+
    |mul_32s_8ns_32_2_1_U416  |mul_32s_8ns_32_2_1  |        0|   2|  165|  50|    0|
    +-------------------------+--------------------+---------+----+-----+----+-----+
    |Total                    |                    |        0|   2|  165|  50|    0|
    +-------------------------+--------------------+---------+----+-----+----+-----+

    * DSP: 
    N/A

    * Memory: 
    N/A

    * FIFO: 
    N/A

    * Expression: 
    +-----------------+----------+----+---+----+------------+------------+
    |  Variable Name  | Operation| DSP| FF| LUT| Bitwidth P0| Bitwidth P1|
    +-----------------+----------+----+---+----+------------+------------+
    |ap_block_state1  |        or|   0|  0|   2|           1|           1|
    +-----------------+----------+----+---+----+------------+------------+
    |Total            |          |   0|  0|   2|           1|           1|
    +-----------------+----------+----+---+----+------------+------------+

    * Multiplexer: 
    +-------------+----+-----------+-----+-----------+
    |     Name    | LUT| Input Size| Bits| Total Bits|
    +-------------+----+-----------+-----+-----------+
    |ap_NS_fsm    |  14|          3|    1|          3|
    |ap_done      |   9|          2|    1|          2|
    |ap_return_0  |   9|          2|   32|         64|
    |ap_return_1  |   9|          2|   27|         54|
    +-------------+----+-----------+-----+-----------+
    |Total        |  41|          9|   61|        123|
    +-------------+----+-----------+-----+-----------+

    * Register: 
    +------------------+----+----+-----+-----------+
    |       Name       | FF | LUT| Bits| Const Bits|
    +------------------+----+----+-----+-----------+
    |ap_CS_fsm         |   2|   0|    2|          0|
    |ap_done_reg       |   1|   0|    1|          0|
    |ap_return_0_preg  |  32|   0|   32|          0|
    |ap_return_1_preg  |  27|   0|   27|          0|
    +------------------+----+----+-----+-----------+
    |Total             |  62|   0|   62|          0|
    +------------------+----+----+-----+-----------+



================================================================
== Interface
================================================================
* Summary: 
+-------------+-----+-----+------------+----------------------------------------------------------------------------------+--------------+
|  RTL Ports  | Dir | Bits|  Protocol  |                                   Source Object                                  |    C Type    |
+-------------+-----+-----+------------+----------------------------------------------------------------------------------+--------------+
|ap_clk       |   in|    1|  ap_ctrl_hs|  DoCompute_Block__ZN24WidthAdjustedInputStreamILj128ELj32ELj144EEC2ERN3hls6stream|  return value|
|ap_rst       |   in|    1|  ap_ctrl_hs|  DoCompute_Block__ZN24WidthAdjustedInputStreamILj128ELj32ELj144EEC2ERN3hls6stream|  return value|
|ap_start     |   in|    1|  ap_ctrl_hs|  DoCompute_Block__ZN24WidthAdjustedInputStreamILj128ELj32ELj144EEC2ERN3hls6stream|  return value|
|ap_done      |  out|    1|  ap_ctrl_hs|  DoCompute_Block__ZN24WidthAdjustedInputStreamILj128ELj32ELj144EEC2ERN3hls6stream|  return value|
|ap_continue  |   in|    1|  ap_ctrl_hs|  DoCompute_Block__ZN24WidthAdjustedInputStreamILj128ELj32ELj144EEC2ERN3hls6stream|  return value|
|ap_idle      |  out|    1|  ap_ctrl_hs|  DoCompute_Block__ZN24WidthAdjustedInputStreamILj128ELj32ELj144EEC2ERN3hls6stream|  return value|
|ap_ready     |  out|    1|  ap_ctrl_hs|  DoCompute_Block__ZN24WidthAdjustedInputStreamILj128ELj32ELj144EEC2ERN3hls6stream|  return value|
|ap_return_0  |  out|   32|  ap_ctrl_hs|  DoCompute_Block__ZN24WidthAdjustedInputStreamILj128ELj32ELj144EEC2ERN3hls6stream|  return value|
|ap_return_1  |  out|   27|  ap_ctrl_hs|  DoCompute_Block__ZN24WidthAdjustedInputStreamILj128ELj32ELj144EEC2ERN3hls6stream|  return value|
|numReps      |   in|   32|     ap_none|                                                                           numReps|        scalar|
+-------------+-----+-----+------------+----------------------------------------------------------------------------------+--------------+

