

================================================================
== Vitis HLS Report for 'DoCompute_Loop_VITIS_LOOP_268_1_proc9'
================================================================
* Date:           Thu May 29 09:36:58 2025

* Version:        2023.2.2 (Build 4101106 on Feb  9 2024)
* Project:        hw
* Solution:       solution1 (Vivado IP Flow Target)
* Product family: zynq
* Target device:  xc7z020-clg400-1


================================================================
== Performance Estimates
================================================================
+ Timing: 
    * Summary: 
    +--------+----------+----------+------------+
    |  Clock |  Target  | Estimated| Uncertainty|
    +--------+----------+----------+------------+
    |ap_clk  |  10.00 ns|  8.978 ns|     2.70 ns|
    +--------+----------+----------+------------+

+ Latency: 
    * Summary: 
    +---------+---------+----------+----------+-----+-----+---------+
    |  Latency (cycles) |  Latency (absolute) |  Interval | Pipeline|
    |   min   |   max   |    min   |    max   | min | max |   Type  |
    +---------+---------+----------+----------+-----+-----+---------+
    |        ?|        ?|         ?|         ?|    ?|    ?|       no|
    +---------+---------+----------+----------+-----+-----+---------+

    + Detail: 
        * Instance: 
        N/A

        * Loop: 
        +--------------------+---------+---------+----------+-----------+-----------+------+----------+
        |                    |  Latency (cycles) | Iteration|  Initiation Interval  | Trip |          |
        |      Loop Name     |   min   |   max   |  Latency |  achieved |   target  | Count| Pipelined|
        +--------------------+---------+---------+----------+-----------+-----------+------+----------+
        |- VITIS_LOOP_268_1  |        ?|        ?|         3|          1|          1|     ?|       yes|
        +--------------------+---------+---------+----------+-----------+-----------+------+----------+



================================================================
== Utilization Estimates
================================================================
* Summary: 
+-----------------+---------+-----+--------+-------+-----+
|       Name      | BRAM_18K| DSP |   FF   |  LUT  | URAM|
+-----------------+---------+-----+--------+-------+-----+
|DSP              |        -|    -|       -|      -|    -|
|Expression       |        -|    -|       0|    239|    -|
|FIFO             |        -|    -|       -|      -|    -|
|Instance         |        -|    -|       -|      -|    -|
|Memory           |        -|    -|       -|      -|    -|
|Multiplexer      |        -|    -|       -|    117|    -|
|Register         |        -|    -|     428|      -|    -|
+-----------------+---------+-----+--------+-------+-----+
|Total            |        0|    0|     428|    356|    0|
+-----------------+---------+-----+--------+-------+-----+
|Available        |      280|  220|  106400|  53200|    0|
+-----------------+---------+-----+--------+-------+-----+
|Utilization (%)  |        0|    0|      ~0|     ~0|    0|
+-----------------+---------+-----+--------+-------+-----+

+ Detail: 
    * Instance: 
    N/A

    * DSP: 
    N/A

    * Memory: 
    N/A

    * FIFO: 
    N/A

    * Expression: 
    +----------------------------------+----------+----+---+----+------------+------------+
    |           Variable Name          | Operation| DSP| FF| LUT| Bitwidth P0| Bitwidth P1|
    +----------------------------------+----------+----+---+----+------------+------------+
    |o_7_fu_119_p2                     |         +|   0|  0|  39|          32|           1|
    |t_22_fu_107_p2                    |         +|   0|  0|  39|          32|           1|
    |ap_block_state2_pp0_stage0_iter1  |       and|   0|  0|   2|           1|           1|
    |ap_condition_133                  |       and|   0|  0|   2|           1|           1|
    |ap_condition_135                  |       and|   0|  0|   2|           1|           1|
    |ap_predicate_op27_read_state2     |       and|   0|  0|   2|           1|           1|
    |icmp_ln268_fu_101_p2              |      icmp|   0|  0|  39|          32|          32|
    |icmp_ln271_fu_113_p2              |      icmp|   0|  0|  39|          32|           1|
    |icmp_ln282_fu_125_p2              |      icmp|   0|  0|  39|          32|           3|
    |ap_block_pp0_stage0_01001         |        or|   0|  0|   2|           1|           1|
    |o_8_fu_131_p3                     |    select|   0|  0|  32|           1|           1|
    |ap_enable_pp0                     |       xor|   0|  0|   2|           1|           2|
    +----------------------------------+----------+----+---+----+------------+------------+
    |Total                             |          |   0|  0| 239|         167|          46|
    +----------------------------------+----------+----+---+----+------------+------------+

    * Multiplexer: 
    +----------------------------------+----+-----------+-----+-----------+
    |               Name               | LUT| Input Size| Bits| Total Bits|
    +----------------------------------+----+-----------+-----+-----------+
    |ap_done_int                       |   9|          2|    1|          2|
    |ap_enable_reg_pp0_iter1           |   9|          2|    1|          2|
    |ap_phi_mux_ei_4_phi_fu_74_p4      |   9|          2|  128|        256|
    |ap_phi_reg_pp0_iter2_ei_4_reg_71  |   9|          2|  128|        256|
    |ap_sig_allocacmp_ei_load          |   9|          2|   96|        192|
    |ap_sig_allocacmp_o_6              |   9|          2|   32|         64|
    |ap_sig_allocacmp_t_21             |   9|          2|   32|         64|
    |ei_fu_40                          |   9|          2|   96|        192|
    |inter6_blk_n                      |   9|          2|    1|          2|
    |o_fu_44                           |   9|          2|   32|         64|
    |real_start                        |   9|          2|    1|          2|
    |t_fu_48                           |   9|          2|   32|         64|
    |wa_in_9_blk_n                     |   9|          2|    1|          2|
    +----------------------------------+----+-----------+-----+-----------+
    |Total                             | 117|         26|  581|       1162|
    +----------------------------------+----+-----------+-----+-----------+

    * Register: 
    +----------------------------------+-----+----+-----+-----------+
    |               Name               |  FF | LUT| Bits| Const Bits|
    +----------------------------------+-----+----+-----+-----------+
    |ap_CS_fsm                         |    1|   0|    1|          0|
    |ap_done_reg                       |    1|   0|    1|          0|
    |ap_enable_reg_pp0_iter1           |    1|   0|    1|          0|
    |ap_enable_reg_pp0_iter2           |    1|   0|    1|          0|
    |ap_loop_exit_ready_pp0_iter1_reg  |    1|   0|    1|          0|
    |ap_loop_init_pp0_iter1_reg        |    1|   0|    1|          0|
    |ap_loop_init_pp0_iter2_reg        |    1|   0|    1|          0|
    |ap_phi_reg_pp0_iter1_ei_4_reg_71  |  128|   0|  128|          0|
    |ap_phi_reg_pp0_iter2_ei_4_reg_71  |  128|   0|  128|          0|
    |ei_fu_40                          |   96|   0|   96|          0|
    |icmp_ln268_reg_198                |    1|   0|    1|          0|
    |icmp_ln268_reg_198_pp0_iter1_reg  |    1|   0|    1|          0|
    |icmp_ln271_reg_202                |    1|   0|    1|          0|
    |icmp_ln271_reg_202_pp0_iter1_reg  |    1|   0|    1|          0|
    |o_fu_44                           |   32|   0|   32|          0|
    |start_once_reg                    |    1|   0|    1|          0|
    |t_fu_48                           |   32|   0|   32|          0|
    +----------------------------------+-----+----+-----+-----------+
    |Total                             |  428|   0|  428|          0|
    +----------------------------------+-----+----+-----+-----------+



================================================================
== Interface
================================================================
* Summary: 
+------------------------+-----+-----+------------+---------------------------------------+--------------+
|        RTL Ports       | Dir | Bits|  Protocol  |             Source Object             |    C Type    |
+------------------------+-----+-----+------------+---------------------------------------+--------------+
|ap_clk                  |   in|    1|  ap_ctrl_hs|  DoCompute_Loop_VITIS_LOOP_268_1_proc9|  return value|
|ap_rst                  |   in|    1|  ap_ctrl_hs|  DoCompute_Loop_VITIS_LOOP_268_1_proc9|  return value|
|ap_start                |   in|    1|  ap_ctrl_hs|  DoCompute_Loop_VITIS_LOOP_268_1_proc9|  return value|
|start_full_n            |   in|    1|  ap_ctrl_hs|  DoCompute_Loop_VITIS_LOOP_268_1_proc9|  return value|
|ap_done                 |  out|    1|  ap_ctrl_hs|  DoCompute_Loop_VITIS_LOOP_268_1_proc9|  return value|
|ap_continue             |   in|    1|  ap_ctrl_hs|  DoCompute_Loop_VITIS_LOOP_268_1_proc9|  return value|
|ap_idle                 |  out|    1|  ap_ctrl_hs|  DoCompute_Loop_VITIS_LOOP_268_1_proc9|  return value|
|ap_ready                |  out|    1|  ap_ctrl_hs|  DoCompute_Loop_VITIS_LOOP_268_1_proc9|  return value|
|start_out               |  out|    1|  ap_ctrl_hs|  DoCompute_Loop_VITIS_LOOP_268_1_proc9|  return value|
|start_write             |  out|    1|  ap_ctrl_hs|  DoCompute_Loop_VITIS_LOOP_268_1_proc9|  return value|
|inter6_dout             |   in|  128|     ap_fifo|                                 inter6|       pointer|
|inter6_num_data_valid   |   in|    8|     ap_fifo|                                 inter6|       pointer|
|inter6_fifo_cap         |   in|    8|     ap_fifo|                                 inter6|       pointer|
|inter6_empty_n          |   in|    1|     ap_fifo|                                 inter6|       pointer|
|inter6_read             |  out|    1|     ap_fifo|                                 inter6|       pointer|
|wa_in_9_din             |  out|   32|     ap_fifo|                                wa_in_9|       pointer|
|wa_in_9_num_data_valid  |   in|    3|     ap_fifo|                                wa_in_9|       pointer|
|wa_in_9_fifo_cap        |   in|    3|     ap_fifo|                                wa_in_9|       pointer|
|wa_in_9_full_n          |   in|    1|     ap_fifo|                                wa_in_9|       pointer|
|wa_in_9_write           |  out|    1|     ap_fifo|                                wa_in_9|       pointer|
|p_read                  |   in|   32|     ap_none|                                 p_read|        scalar|
+------------------------+-----+-----+------------+---------------------------------------+--------------+

