

================================================================
== Vitis HLS Report for 'DoCompute_Block_ZN24WidthAdjustedInputStreamILj64ELj32ELj196EEC2ERN3hls6streamI'
================================================================
* Date:           Thu May 29 09:36:44 2025

* Version:        2023.2.2 (Build 4101106 on Feb  9 2024)
* Project:        hw
* Solution:       solution1 (Vivado IP Flow Target)
* Product family: zynq
* Target device:  xc7z020-clg400-1


================================================================
== Performance Estimates
================================================================
+ Timing: 
    * Summary: 
    +--------+----------+----------+------------+
    |  Clock |  Target  | Estimated| Uncertainty|
    +--------+----------+----------+------------+
    |ap_clk  |  10.00 ns|  6.067 ns|     2.70 ns|
    +--------+----------+----------+------------+

+ Latency: 
    * Summary: 
    +---------+---------+----------+----------+-----+-----+---------+
    |  Latency (cycles) |  Latency (absolute) |  Interval | Pipeline|
    |   min   |   max   |    min   |    max   | min | max |   Type  |
    +---------+---------+----------+----------+-----+-----+---------+
    |        0|        0|      0 ns|      0 ns|    0|    0|       no|
    +---------+---------+----------+----------+-----+-----+---------+

    + Detail: 
        * Instance: 
        N/A

        * Loop: 
        N/A



================================================================
== Utilization Estimates
================================================================
* Summary: 
+-----------------+---------+-----+--------+-------+-----+
|       Name      | BRAM_18K| DSP |   FF   |  LUT  | URAM|
+-----------------+---------+-----+--------+-------+-----+
|DSP              |        -|    -|       -|      -|    -|
|Expression       |        -|    -|       0|     37|    -|
|FIFO             |        -|    -|       -|      -|    -|
|Instance         |        -|    -|       -|      -|    -|
|Memory           |        -|    -|       -|      -|    -|
|Multiplexer      |        -|    -|       -|     27|    -|
|Register         |        -|    -|      51|      -|    -|
+-----------------+---------+-----+--------+-------+-----+
|Total            |        0|    0|      51|     64|    0|
+-----------------+---------+-----+--------+-------+-----+
|Available        |      280|  220|  106400|  53200|    0|
+-----------------+---------+-----+--------+-------+-----+
|Utilization (%)  |        0|    0|      ~0|     ~0|    0|
+-----------------+---------+-----+--------+-------+-----+

+ Detail: 
    * Instance: 
    N/A

    * DSP: 
    N/A

    * Memory: 
    N/A

    * FIFO: 
    N/A

    * Expression: 
    +--------------------+----------+----+---+----+------------+------------+
    |    Variable Name   | Operation| DSP| FF| LUT| Bitwidth P0| Bitwidth P1|
    +--------------------+----------+----+---+----+------------+------------+
    |add_ln121_fu_54_p2  |         +|   0|  0|  35|          28|          28|
    |ap_block_state1     |        or|   0|  0|   2|           1|           1|
    +--------------------+----------+----+---+----+------------+------------+
    |Total               |          |   0|  0|  37|          29|          29|
    +--------------------+----------+----+---+----+------------+------------+

    * Multiplexer: 
    +-------------+----+-----------+-----+-----------+
    |     Name    | LUT| Input Size| Bits| Total Bits|
    +-------------+----+-----------+-----+-----------+
    |ap_done      |   9|          2|    1|          2|
    |ap_return_0  |   9|          2|   25|         50|
    |ap_return_1  |   9|          2|   24|         48|
    +-------------+----+-----------+-----+-----------+
    |Total        |  27|          6|   50|        100|
    +-------------+----+-----------+-----+-----------+

    * Register: 
    +------------------+----+----+-----+-----------+
    |       Name       | FF | LUT| Bits| Const Bits|
    +------------------+----+----+-----+-----------+
    |ap_CS_fsm         |   1|   0|    1|          0|
    |ap_done_reg       |   1|   0|    1|          0|
    |ap_return_0_preg  |  25|   0|   32|          7|
    |ap_return_1_preg  |  24|   0|   28|          4|
    +------------------+----+----+-----+-----------+
    |Total             |  51|   0|   62|         11|
    +------------------+----+----+-----+-----------+



================================================================
== Interface
================================================================
* Summary: 
+-------------+-----+-----+------------+----------------------------------------------------------------------------------+--------------+
|  RTL Ports  | Dir | Bits|  Protocol  |                                   Source Object                                  |    C Type    |
+-------------+-----+-----+------------+----------------------------------------------------------------------------------+--------------+
|ap_clk       |   in|    1|  ap_ctrl_hs|  DoCompute_Block__ZN24WidthAdjustedInputStreamILj64ELj32ELj196EEC2ERN3hls6streamI|  return value|
|ap_rst       |   in|    1|  ap_ctrl_hs|  DoCompute_Block__ZN24WidthAdjustedInputStreamILj64ELj32ELj196EEC2ERN3hls6streamI|  return value|
|ap_start     |   in|    1|  ap_ctrl_hs|  DoCompute_Block__ZN24WidthAdjustedInputStreamILj64ELj32ELj196EEC2ERN3hls6streamI|  return value|
|ap_done      |  out|    1|  ap_ctrl_hs|  DoCompute_Block__ZN24WidthAdjustedInputStreamILj64ELj32ELj196EEC2ERN3hls6streamI|  return value|
|ap_continue  |   in|    1|  ap_ctrl_hs|  DoCompute_Block__ZN24WidthAdjustedInputStreamILj64ELj32ELj196EEC2ERN3hls6streamI|  return value|
|ap_idle      |  out|    1|  ap_ctrl_hs|  DoCompute_Block__ZN24WidthAdjustedInputStreamILj64ELj32ELj196EEC2ERN3hls6streamI|  return value|
|ap_ready     |  out|    1|  ap_ctrl_hs|  DoCompute_Block__ZN24WidthAdjustedInputStreamILj64ELj32ELj196EEC2ERN3hls6streamI|  return value|
|ap_return_0  |  out|   32|  ap_ctrl_hs|  DoCompute_Block__ZN24WidthAdjustedInputStreamILj64ELj32ELj196EEC2ERN3hls6streamI|  return value|
|ap_return_1  |  out|   28|  ap_ctrl_hs|  DoCompute_Block__ZN24WidthAdjustedInputStreamILj64ELj32ELj196EEC2ERN3hls6streamI|  return value|
|numReps      |   in|   25|     ap_none|                                                                           numReps|        scalar|
+-------------+-----+-----+------------+----------------------------------------------------------------------------------+--------------+

