

================================================================
== Vitis HLS Report for 'Matrix_Vector_Activate_Batch_1'
================================================================
* Date:           Thu May 29 09:36:48 2025

* Version:        2023.2.2 (Build 4101106 on Feb  9 2024)
* Project:        hw
* Solution:       solution1 (Vivado IP Flow Target)
* Product family: zynq
* Target device:  xc7z020-clg400-1


================================================================
== Performance Estimates
================================================================
+ Timing: 
    * Summary: 
    +--------+----------+----------+------------+
    |  Clock |  Target  | Estimated| Uncertainty|
    +--------+----------+----------+------------+
    |ap_clk  |  10.00 ns|  9.883 ns|     2.70 ns|
    +--------+----------+----------+------------+

+ Latency: 
    * Summary: 
    +---------+---------+----------+----------+-----+-----+---------+
    |  Latency (cycles) |  Latency (absolute) |  Interval | Pipeline|
    |   min   |   max   |    min   |    max   | min | max |   Type  |
    +---------+---------+----------+----------+-----+-----+---------+
    |        ?|        ?|         ?|         ?|    ?|    ?|       no|
    +---------+---------+----------+----------+-----+-----+---------+

    + Detail: 
        * Instance: 
        +---------------------------------------------------------------------+----------------------------------------------------------+---------+---------+----------+----------+-----+-----+---------+
        |                                                                     |                                                          |  Latency (cycles) |  Latency (absolute) |  Interval | Pipeline|
        |                               Instance                              |                          Module                          |   min   |   max   |    min   |    max   | min | max |   Type  |
        +---------------------------------------------------------------------+----------------------------------------------------------+---------+---------+----------+----------+-----+-----+---------+
        |grp_Matrix_Vector_Activate_Batch_1_Pipeline_VITIS_LOOP_122_1_fu_100  |Matrix_Vector_Activate_Batch_1_Pipeline_VITIS_LOOP_122_1  |        ?|        ?|         ?|         ?|    ?|    ?|       no|
        +---------------------------------------------------------------------+----------------------------------------------------------+---------+---------+----------+----------+-----+-----+---------+

        * Loop: 
        N/A



================================================================
== Utilization Estimates
================================================================
* Summary: 
+-----------------+---------+-----+--------+-------+-----+
|       Name      | BRAM_18K| DSP |   FF   |  LUT  | URAM|
+-----------------+---------+-----+--------+-------+-----+
|DSP              |        -|    -|       -|      -|    -|
|Expression       |        -|    -|       0|     41|    -|
|FIFO             |        -|    -|       -|      -|    -|
|Instance         |        -|    -|    2803|   9080|    -|
|Memory           |        -|    -|       -|      -|    -|
|Multiplexer      |        -|    -|       -|     47|    -|
|Register         |        -|    -|      33|      -|    -|
+-----------------+---------+-----+--------+-------+-----+
|Total            |        0|    0|    2836|   9168|    0|
+-----------------+---------+-----+--------+-------+-----+
|Available        |      280|  220|  106400|  53200|    0|
+-----------------+---------+-----+--------+-------+-----+
|Utilization (%)  |        0|    0|       2|     17|    0|
+-----------------+---------+-----+--------+-------+-----+

+ Detail: 
    * Instance: 
    +---------------------------------------------------------------------+----------------------------------------------------------+---------+----+------+------+-----+
    |                               Instance                              |                          Module                          | BRAM_18K| DSP|  FF  |  LUT | URAM|
    +---------------------------------------------------------------------+----------------------------------------------------------+---------+----+------+------+-----+
    |grp_Matrix_Vector_Activate_Batch_1_Pipeline_VITIS_LOOP_122_1_fu_100  |Matrix_Vector_Activate_Batch_1_Pipeline_VITIS_LOOP_122_1  |        0|   0|  2803|  9080|    0|
    +---------------------------------------------------------------------+----------------------------------------------------------+---------+----+------+------+-----+
    |Total                                                                |                                                          |        0|   0|  2803|  9080|    0|
    +---------------------------------------------------------------------+----------------------------------------------------------+---------+----+------+------+-----+

    * DSP: 
    N/A

    * Memory: 
    N/A

    * FIFO: 
    N/A

    * Expression: 
    +-----------------+----------+----+---+----+------------+------------+
    |  Variable Name  | Operation| DSP| FF| LUT| Bitwidth P0| Bitwidth P1|
    +-----------------+----------+----+---+----+------------+------------+
    |mul_i_fu_193_p2  |         +|   0|  0|  39|          32|          32|
    |ap_block_state1  |        or|   0|  0|   2|           1|           1|
    +-----------------+----------+----+---+----+------------+------------+
    |Total            |          |   0|  0|  41|          33|          33|
    +-----------------+----------+----+---+----+------------+------------+

    * Multiplexer: 
    +------------------------+----+-----------+-----+-----------+
    |          Name          | LUT| Input Size| Bits| Total Bits|
    +------------------------+----+-----------+-----+-----------+
    |ap_NS_fsm               |  20|          4|    1|          4|
    |ap_done                 |   9|          2|    1|          2|
    |convInp_3_read          |   9|          2|    1|          2|
    |mvOut_m_buffer_8_write  |   9|          2|    1|          2|
    +------------------------+----+-----------+-----+-----------+
    |Total                   |  47|         10|    4|         10|
    +------------------------+----+-----------+-----+-----------+

    * Register: 
    +----------------------------------------------------------------------------------+----+----+-----+-----------+
    |                                       Name                                       | FF | LUT| Bits| Const Bits|
    +----------------------------------------------------------------------------------+----+----+-----+-----------+
    |ap_CS_fsm                                                                         |   3|   0|    3|          0|
    |ap_done_reg                                                                       |   1|   0|    1|          0|
    |grp_Matrix_Vector_Activate_Batch_1_Pipeline_VITIS_LOOP_122_1_fu_100_ap_start_reg  |   1|   0|    1|          0|
    |mul_i_reg_199                                                                     |  28|   0|   32|          4|
    +----------------------------------------------------------------------------------+----+----+-----+-----------+
    |Total                                                                             |  33|   0|   37|          4|
    +----------------------------------------------------------------------------------+----+----+-----+-----------+



================================================================
== Interface
================================================================
* Summary: 
+---------------------------------+-----+-----+------------+--------------------------------+--------------+
|            RTL Ports            | Dir | Bits|  Protocol  |          Source Object         |    C Type    |
+---------------------------------+-----+-----+------------+--------------------------------+--------------+
|ap_clk                           |   in|    1|  ap_ctrl_hs|  Matrix_Vector_Activate_Batch.1|  return value|
|ap_rst                           |   in|    1|  ap_ctrl_hs|  Matrix_Vector_Activate_Batch.1|  return value|
|ap_start                         |   in|    1|  ap_ctrl_hs|  Matrix_Vector_Activate_Batch.1|  return value|
|ap_done                          |  out|    1|  ap_ctrl_hs|  Matrix_Vector_Activate_Batch.1|  return value|
|ap_continue                      |   in|    1|  ap_ctrl_hs|  Matrix_Vector_Activate_Batch.1|  return value|
|ap_idle                          |  out|    1|  ap_ctrl_hs|  Matrix_Vector_Activate_Batch.1|  return value|
|ap_ready                         |  out|    1|  ap_ctrl_hs|  Matrix_Vector_Activate_Batch.1|  return value|
|convInp_3_dout                   |   in|   32|     ap_fifo|                       convInp_3|       pointer|
|convInp_3_num_data_valid         |   in|    3|     ap_fifo|                       convInp_3|       pointer|
|convInp_3_fifo_cap               |   in|    3|     ap_fifo|                       convInp_3|       pointer|
|convInp_3_empty_n                |   in|    1|     ap_fifo|                       convInp_3|       pointer|
|convInp_3_read                   |  out|    1|     ap_fifo|                       convInp_3|       pointer|
|mvOut_m_buffer_8_din             |  out|   16|     ap_fifo|                mvOut_m_buffer_8|       pointer|
|mvOut_m_buffer_8_num_data_valid  |   in|    3|     ap_fifo|                mvOut_m_buffer_8|       pointer|
|mvOut_m_buffer_8_fifo_cap        |   in|    3|     ap_fifo|                mvOut_m_buffer_8|       pointer|
|mvOut_m_buffer_8_full_n          |   in|    1|     ap_fifo|                mvOut_m_buffer_8|       pointer|
|mvOut_m_buffer_8_write           |  out|    1|     ap_fifo|                mvOut_m_buffer_8|       pointer|
|p_read                           |   in|   28|     ap_none|                          p_read|        scalar|
|p_ZL8weights2_0_address0         |  out|    8|   ap_memory|                 p_ZL8weights2_0|         array|
|p_ZL8weights2_0_ce0              |  out|    1|   ap_memory|                 p_ZL8weights2_0|         array|
|p_ZL8weights2_0_q0               |   in|   32|   ap_memory|                 p_ZL8weights2_0|         array|
|p_ZL8weights2_1_address0         |  out|    8|   ap_memory|                 p_ZL8weights2_1|         array|
|p_ZL8weights2_1_ce0              |  out|    1|   ap_memory|                 p_ZL8weights2_1|         array|
|p_ZL8weights2_1_q0               |   in|   32|   ap_memory|                 p_ZL8weights2_1|         array|
|p_ZL8weights2_2_address0         |  out|    8|   ap_memory|                 p_ZL8weights2_2|         array|
|p_ZL8weights2_2_ce0              |  out|    1|   ap_memory|                 p_ZL8weights2_2|         array|
|p_ZL8weights2_2_q0               |   in|   32|   ap_memory|                 p_ZL8weights2_2|         array|
|p_ZL8weights2_3_address0         |  out|    8|   ap_memory|                 p_ZL8weights2_3|         array|
|p_ZL8weights2_3_ce0              |  out|    1|   ap_memory|                 p_ZL8weights2_3|         array|
|p_ZL8weights2_3_q0               |   in|   32|   ap_memory|                 p_ZL8weights2_3|         array|
|p_ZL8weights2_4_address0         |  out|    8|   ap_memory|                 p_ZL8weights2_4|         array|
|p_ZL8weights2_4_ce0              |  out|    1|   ap_memory|                 p_ZL8weights2_4|         array|
|p_ZL8weights2_4_q0               |   in|   32|   ap_memory|                 p_ZL8weights2_4|         array|
|p_ZL8weights2_5_address0         |  out|    8|   ap_memory|                 p_ZL8weights2_5|         array|
|p_ZL8weights2_5_ce0              |  out|    1|   ap_memory|                 p_ZL8weights2_5|         array|
|p_ZL8weights2_5_q0               |   in|   32|   ap_memory|                 p_ZL8weights2_5|         array|
|p_ZL8weights2_6_address0         |  out|    8|   ap_memory|                 p_ZL8weights2_6|         array|
|p_ZL8weights2_6_ce0              |  out|    1|   ap_memory|                 p_ZL8weights2_6|         array|
|p_ZL8weights2_6_q0               |   in|   32|   ap_memory|                 p_ZL8weights2_6|         array|
|p_ZL8weights2_7_address0         |  out|    8|   ap_memory|                 p_ZL8weights2_7|         array|
|p_ZL8weights2_7_ce0              |  out|    1|   ap_memory|                 p_ZL8weights2_7|         array|
|p_ZL8weights2_7_q0               |   in|   32|   ap_memory|                 p_ZL8weights2_7|         array|
|p_ZL8weights2_8_address0         |  out|    8|   ap_memory|                 p_ZL8weights2_8|         array|
|p_ZL8weights2_8_ce0              |  out|    1|   ap_memory|                 p_ZL8weights2_8|         array|
|p_ZL8weights2_8_q0               |   in|   32|   ap_memory|                 p_ZL8weights2_8|         array|
|p_ZL8weights2_9_address0         |  out|    8|   ap_memory|                 p_ZL8weights2_9|         array|
|p_ZL8weights2_9_ce0              |  out|    1|   ap_memory|                 p_ZL8weights2_9|         array|
|p_ZL8weights2_9_q0               |   in|   32|   ap_memory|                 p_ZL8weights2_9|         array|
|p_ZL8weights2_10_address0        |  out|    8|   ap_memory|                p_ZL8weights2_10|         array|
|p_ZL8weights2_10_ce0             |  out|    1|   ap_memory|                p_ZL8weights2_10|         array|
|p_ZL8weights2_10_q0              |   in|   32|   ap_memory|                p_ZL8weights2_10|         array|
|p_ZL8weights2_11_address0        |  out|    8|   ap_memory|                p_ZL8weights2_11|         array|
|p_ZL8weights2_11_ce0             |  out|    1|   ap_memory|                p_ZL8weights2_11|         array|
|p_ZL8weights2_11_q0              |   in|   32|   ap_memory|                p_ZL8weights2_11|         array|
|p_ZL8weights2_12_address0        |  out|    8|   ap_memory|                p_ZL8weights2_12|         array|
|p_ZL8weights2_12_ce0             |  out|    1|   ap_memory|                p_ZL8weights2_12|         array|
|p_ZL8weights2_12_q0              |   in|   32|   ap_memory|                p_ZL8weights2_12|         array|
|p_ZL8weights2_13_address0        |  out|    8|   ap_memory|                p_ZL8weights2_13|         array|
|p_ZL8weights2_13_ce0             |  out|    1|   ap_memory|                p_ZL8weights2_13|         array|
|p_ZL8weights2_13_q0              |   in|   32|   ap_memory|                p_ZL8weights2_13|         array|
|p_ZL8weights2_14_address0        |  out|    8|   ap_memory|                p_ZL8weights2_14|         array|
|p_ZL8weights2_14_ce0             |  out|    1|   ap_memory|                p_ZL8weights2_14|         array|
|p_ZL8weights2_14_q0              |   in|   32|   ap_memory|                p_ZL8weights2_14|         array|
|p_ZL8weights2_15_address0        |  out|    8|   ap_memory|                p_ZL8weights2_15|         array|
|p_ZL8weights2_15_ce0             |  out|    1|   ap_memory|                p_ZL8weights2_15|         array|
|p_ZL8weights2_15_q0              |   in|   32|   ap_memory|                p_ZL8weights2_15|         array|
|p_ZL8threshs2_0_address0         |  out|    3|   ap_memory|                 p_ZL8threshs2_0|         array|
|p_ZL8threshs2_0_ce0              |  out|    1|   ap_memory|                 p_ZL8threshs2_0|         array|
|p_ZL8threshs2_0_q0               |   in|   16|   ap_memory|                 p_ZL8threshs2_0|         array|
|p_ZL8threshs2_1_address0         |  out|    3|   ap_memory|                 p_ZL8threshs2_1|         array|
|p_ZL8threshs2_1_ce0              |  out|    1|   ap_memory|                 p_ZL8threshs2_1|         array|
|p_ZL8threshs2_1_q0               |   in|   16|   ap_memory|                 p_ZL8threshs2_1|         array|
|p_ZL8threshs2_2_address0         |  out|    3|   ap_memory|                 p_ZL8threshs2_2|         array|
|p_ZL8threshs2_2_ce0              |  out|    1|   ap_memory|                 p_ZL8threshs2_2|         array|
|p_ZL8threshs2_2_q0               |   in|   16|   ap_memory|                 p_ZL8threshs2_2|         array|
|p_ZL8threshs2_3_address0         |  out|    3|   ap_memory|                 p_ZL8threshs2_3|         array|
|p_ZL8threshs2_3_ce0              |  out|    1|   ap_memory|                 p_ZL8threshs2_3|         array|
|p_ZL8threshs2_3_q0               |   in|   16|   ap_memory|                 p_ZL8threshs2_3|         array|
|p_ZL8threshs2_4_address0         |  out|    3|   ap_memory|                 p_ZL8threshs2_4|         array|
|p_ZL8threshs2_4_ce0              |  out|    1|   ap_memory|                 p_ZL8threshs2_4|         array|
|p_ZL8threshs2_4_q0               |   in|   16|   ap_memory|                 p_ZL8threshs2_4|         array|
|p_ZL8threshs2_5_address0         |  out|    3|   ap_memory|                 p_ZL8threshs2_5|         array|
|p_ZL8threshs2_5_ce0              |  out|    1|   ap_memory|                 p_ZL8threshs2_5|         array|
|p_ZL8threshs2_5_q0               |   in|   16|   ap_memory|                 p_ZL8threshs2_5|         array|
|p_ZL8threshs2_6_address0         |  out|    3|   ap_memory|                 p_ZL8threshs2_6|         array|
|p_ZL8threshs2_6_ce0              |  out|    1|   ap_memory|                 p_ZL8threshs2_6|         array|
|p_ZL8threshs2_6_q0               |   in|   16|   ap_memory|                 p_ZL8threshs2_6|         array|
|p_ZL8threshs2_7_address0         |  out|    3|   ap_memory|                 p_ZL8threshs2_7|         array|
|p_ZL8threshs2_7_ce0              |  out|    1|   ap_memory|                 p_ZL8threshs2_7|         array|
|p_ZL8threshs2_7_q0               |   in|   16|   ap_memory|                 p_ZL8threshs2_7|         array|
|p_ZL8threshs2_8_address0         |  out|    3|   ap_memory|                 p_ZL8threshs2_8|         array|
|p_ZL8threshs2_8_ce0              |  out|    1|   ap_memory|                 p_ZL8threshs2_8|         array|
|p_ZL8threshs2_8_q0               |   in|   16|   ap_memory|                 p_ZL8threshs2_8|         array|
|p_ZL8threshs2_9_address0         |  out|    3|   ap_memory|                 p_ZL8threshs2_9|         array|
|p_ZL8threshs2_9_ce0              |  out|    1|   ap_memory|                 p_ZL8threshs2_9|         array|
|p_ZL8threshs2_9_q0               |   in|   16|   ap_memory|                 p_ZL8threshs2_9|         array|
|p_ZL8threshs2_10_address0        |  out|    3|   ap_memory|                p_ZL8threshs2_10|         array|
|p_ZL8threshs2_10_ce0             |  out|    1|   ap_memory|                p_ZL8threshs2_10|         array|
|p_ZL8threshs2_10_q0              |   in|   16|   ap_memory|                p_ZL8threshs2_10|         array|
|p_ZL8threshs2_11_address0        |  out|    3|   ap_memory|                p_ZL8threshs2_11|         array|
|p_ZL8threshs2_11_ce0             |  out|    1|   ap_memory|                p_ZL8threshs2_11|         array|
|p_ZL8threshs2_11_q0              |   in|   16|   ap_memory|                p_ZL8threshs2_11|         array|
|p_ZL8threshs2_12_address0        |  out|    3|   ap_memory|                p_ZL8threshs2_12|         array|
|p_ZL8threshs2_12_ce0             |  out|    1|   ap_memory|                p_ZL8threshs2_12|         array|
|p_ZL8threshs2_12_q0              |   in|   16|   ap_memory|                p_ZL8threshs2_12|         array|
|p_ZL8threshs2_13_address0        |  out|    3|   ap_memory|                p_ZL8threshs2_13|         array|
|p_ZL8threshs2_13_ce0             |  out|    1|   ap_memory|                p_ZL8threshs2_13|         array|
|p_ZL8threshs2_13_q0              |   in|   16|   ap_memory|                p_ZL8threshs2_13|         array|
|p_ZL8threshs2_14_address0        |  out|    3|   ap_memory|                p_ZL8threshs2_14|         array|
|p_ZL8threshs2_14_ce0             |  out|    1|   ap_memory|                p_ZL8threshs2_14|         array|
|p_ZL8threshs2_14_q0              |   in|   16|   ap_memory|                p_ZL8threshs2_14|         array|
|p_ZL8threshs2_15_address0        |  out|    3|   ap_memory|                p_ZL8threshs2_15|         array|
|p_ZL8threshs2_15_ce0             |  out|    1|   ap_memory|                p_ZL8threshs2_15|         array|
|p_ZL8threshs2_15_q0              |   in|   16|   ap_memory|                p_ZL8threshs2_15|         array|
+---------------------------------+-----+-----+------------+--------------------------------+--------------+

