

================================================================
== Vitis HLS Report for 'StreamingMaxPool_Batch_28u_2u_64u_Pipeline_VITIS_LOOP_74_3_VITIS_LOOP_75_4'
================================================================
* Date:           Thu May 29 09:36:41 2025

* Version:        2023.2.2 (Build 4101106 on Feb  9 2024)
* Project:        hw
* Solution:       solution1 (Vivado IP Flow Target)
* Product family: zynq
* Target device:  xc7z020-clg400-1


================================================================
== Performance Estimates
================================================================
+ Timing: 
    * Summary: 
    +--------+----------+----------+------------+
    |  Clock |  Target  | Estimated| Uncertainty|
    +--------+----------+----------+------------+
    |ap_clk  |  10.00 ns|  7.670 ns|     2.70 ns|
    +--------+----------+----------+------------+

+ Latency: 
    * Summary: 
    +---------+---------+----------+----------+-----+-----+---------+
    |  Latency (cycles) |  Latency (absolute) |  Interval | Pipeline|
    |   min   |   max   |    min   |    max   | min | max |   Type  |
    +---------+---------+----------+----------+-----+-----+---------+
    |       58|       58|  0.580 us|  0.580 us|   58|   58|       no|
    +---------+---------+----------+----------+-----+-----+---------+

    + Detail: 
        * Instance: 
        N/A

        * Loop: 
        +-----------------------------------+---------+---------+----------+-----------+-----------+------+----------+
        |                                   |  Latency (cycles) | Iteration|  Initiation Interval  | Trip |          |
        |             Loop Name             |   min   |   max   |  Latency |  achieved |   target  | Count| Pipelined|
        +-----------------------------------+---------+---------+----------+-----------+-----------+------+----------+
        |- VITIS_LOOP_74_3_VITIS_LOOP_75_4  |       56|       56|         3|          2|          1|    28|       yes|
        +-----------------------------------+---------+---------+----------+-----------+-----------+------+----------+



================================================================
== Utilization Estimates
================================================================
* Summary: 
+-----------------+---------+-----+--------+-------+-----+
|       Name      | BRAM_18K| DSP |   FF   |  LUT  | URAM|
+-----------------+---------+-----+--------+-------+-----+
|DSP              |        -|    -|       -|      -|    -|
|Expression       |        -|    -|       0|    192|    -|
|FIFO             |        -|    -|       -|      -|    -|
|Instance         |        -|    -|       -|      -|    -|
|Memory           |        -|    -|       -|      -|    -|
|Multiplexer      |        -|    -|       -|     95|    -|
|Register         |        -|    -|     147|      -|    -|
+-----------------+---------+-----+--------+-------+-----+
|Total            |        0|    0|     147|    287|    0|
+-----------------+---------+-----+--------+-------+-----+
|Available        |      280|  220|  106400|  53200|    0|
+-----------------+---------+-----+--------+-------+-----+
|Utilization (%)  |        0|    0|      ~0|     ~0|    0|
+-----------------+---------+-----+--------+-------+-----+

+ Detail: 
    * Instance: 
    N/A

    * DSP: 
    N/A

    * Memory: 
    N/A

    * FIFO: 
    N/A

    * Expression: 
    +----------------------------------+----------+----+---+----+------------+------------+
    |           Variable Name          | Operation| DSP| FF| LUT| Bitwidth P0| Bitwidth P1|
    +----------------------------------+----------+----+---+----+------------+------------+
    |add_ln74_fu_92_p2                 |         +|   0|  0|  13|           5|           1|
    |add_ln75_fu_120_p2                |         +|   0|  0|  13|           4|           1|
    |ap_block_pp0_stage0_11001         |       and|   0|  0|   2|           1|           1|
    |ap_block_pp0_stage1_11001         |       and|   0|  0|   2|           1|           1|
    |ap_block_state2_pp0_stage1_iter0  |       and|   0|  0|   2|           1|           1|
    |icmp_ln74_fu_86_p2                |      icmp|   0|  0|  13|           5|           4|
    |icmp_ln75_fu_101_p2               |      icmp|   0|  0|  13|           4|           3|
    |buf_r_d0                          |        or|   0|  0|  64|          64|          64|
    |or_ln82_1_fu_136_p2               |        or|   0|  0|  64|          64|          64|
    |select_ln74_fu_107_p3             |    select|   0|  0|   4|           1|           1|
    |ap_enable_pp0                     |       xor|   0|  0|   2|           1|           2|
    +----------------------------------+----------+----+---+----+------------+------------+
    |Total                             |          |   0|  0| 192|         151|         143|
    +----------------------------------+----------+----+---+----+------------+------------+

    * Multiplexer: 
    +--------------------------------------+----+-----------+-----+-----------+
    |                 Name                 | LUT| Input Size| Bits| Total Bits|
    +--------------------------------------+----+-----------+-----+-----------+
    |ap_NS_fsm                             |  14|          3|    1|          3|
    |ap_done_int                           |   9|          2|    1|          2|
    |ap_enable_reg_pp0_iter0               |   9|          2|    1|          2|
    |ap_enable_reg_pp0_iter0_reg           |   9|          2|    1|          2|
    |ap_enable_reg_pp0_iter1               |   9|          2|    1|          2|
    |ap_sig_allocacmp_indvar_flatten_load  |   9|          2|    5|         10|
    |ap_sig_allocacmp_xp_load              |   9|          2|    4|          8|
    |indvar_flatten_fu_46                  |   9|          2|    5|         10|
    |inter2_blk_n                          |   9|          2|    1|          2|
    |xp_fu_42                              |   9|          2|    4|          8|
    +--------------------------------------+----+-----------+-----+-----------+
    |Total                                 |  95|         21|   24|         49|
    +--------------------------------------+----+-----------+-----+-----------+

    * Register: 
    +-----------------------------+----+----+-----+-----------+
    |             Name            | FF | LUT| Bits| Const Bits|
    +-----------------------------+----+----+-----+-----------+
    |acc_reg_171                  |  64|   0|   64|          0|
    |ap_CS_fsm                    |   2|   0|    2|          0|
    |ap_done_reg                  |   1|   0|    1|          0|
    |ap_enable_reg_pp0_iter0_reg  |   1|   0|    1|          0|
    |ap_enable_reg_pp0_iter1      |   1|   0|    1|          0|
    |buf_addr_reg_165             |   4|   0|    4|          0|
    |buf_load_reg_176             |  64|   0|   64|          0|
    |icmp_ln74_reg_161            |   1|   0|    1|          0|
    |indvar_flatten_fu_46         |   5|   0|    5|          0|
    |xp_fu_42                     |   4|   0|    4|          0|
    +-----------------------------+----+----+-----+-----------+
    |Total                        | 147|   0|  147|          0|
    +-----------------------------+----+----+-----+-----------+



================================================================
== Interface
================================================================
* Summary: 
+-----------------------+-----+-----+------------+-------------------------------------------------------------------------------+--------------+
|       RTL Ports       | Dir | Bits|  Protocol  |                                 Source Object                                 |    C Type    |
+-----------------------+-----+-----+------------+-------------------------------------------------------------------------------+--------------+
|ap_clk                 |   in|    1|  ap_ctrl_hs|  StreamingMaxPool_Batch<28u, 2u, 64u>_Pipeline_VITIS_LOOP_74_3_VITIS_LOOP_75_4|  return value|
|ap_rst                 |   in|    1|  ap_ctrl_hs|  StreamingMaxPool_Batch<28u, 2u, 64u>_Pipeline_VITIS_LOOP_74_3_VITIS_LOOP_75_4|  return value|
|ap_start               |   in|    1|  ap_ctrl_hs|  StreamingMaxPool_Batch<28u, 2u, 64u>_Pipeline_VITIS_LOOP_74_3_VITIS_LOOP_75_4|  return value|
|ap_done                |  out|    1|  ap_ctrl_hs|  StreamingMaxPool_Batch<28u, 2u, 64u>_Pipeline_VITIS_LOOP_74_3_VITIS_LOOP_75_4|  return value|
|ap_idle                |  out|    1|  ap_ctrl_hs|  StreamingMaxPool_Batch<28u, 2u, 64u>_Pipeline_VITIS_LOOP_74_3_VITIS_LOOP_75_4|  return value|
|ap_ready               |  out|    1|  ap_ctrl_hs|  StreamingMaxPool_Batch<28u, 2u, 64u>_Pipeline_VITIS_LOOP_74_3_VITIS_LOOP_75_4|  return value|
|inter2_dout            |   in|   64|     ap_fifo|                                                                         inter2|       pointer|
|inter2_num_data_valid  |   in|    3|     ap_fifo|                                                                         inter2|       pointer|
|inter2_fifo_cap        |   in|    3|     ap_fifo|                                                                         inter2|       pointer|
|inter2_empty_n         |   in|    1|     ap_fifo|                                                                         inter2|       pointer|
|inter2_read            |  out|    1|     ap_fifo|                                                                         inter2|       pointer|
|buf_r_address0         |  out|    4|   ap_memory|                                                                          buf_r|         array|
|buf_r_ce0              |  out|    1|   ap_memory|                                                                          buf_r|         array|
|buf_r_we0              |  out|    1|   ap_memory|                                                                          buf_r|         array|
|buf_r_d0               |  out|   64|   ap_memory|                                                                          buf_r|         array|
|buf_r_address1         |  out|    4|   ap_memory|                                                                          buf_r|         array|
|buf_r_ce1              |  out|    1|   ap_memory|                                                                          buf_r|         array|
|buf_r_q1               |   in|   64|   ap_memory|                                                                          buf_r|         array|
+-----------------------+-----+-----+------------+-------------------------------------------------------------------------------+--------------+

