ECHO is off.
ECHO is off.
INFO: [HLS 200-10] Running 'D:/Xilinx/Vitis_HLS/2023.2/bin/unwrapped/win64.o/vitis_hls.exe'
INFO: [HLS 200-10] For user 'phat6' on host 'thinhphat' (Windows NT_amd64 version 6.2) on Thu May 29 09:26:28 +0700 2025
INFO: [HLS 200-10] In directory 'E:/Tai_lieu/DATN/vitis/hw'
INFO: [HLS 200-2053] The vitis_hls executable is being deprecated. Consider using vitis-run --mode hls --tcl
Sourcing Tcl script 'E:/Tai_lieu/DATN/vitis/hw/hw/solution1/csynth.tcl'
INFO: [HLS 200-1510] Running: source E:/Tai_lieu/DATN/vitis/hw/hw/solution1/csynth.tcl
INFO: [HLS 200-1510] Running: open_project hw 
INFO: [HLS 200-10] Opening project 'E:/Tai_lieu/DATN/vitis/hw/hw'.
INFO: [HLS 200-1510] Running: set_top BlackBoxJam 
INFO: [HLS 200-1510] Running: add_files ../top.cpp 
INFO: [HLS 200-10] Adding design file '../top.cpp' to the project
INFO: [HLS 200-1510] Running: open_solution solution1 -flow_target vivado 
INFO: [HLS 200-10] Opening solution 'E:/Tai_lieu/DATN/vitis/hw/hw/solution1'.
INFO: [SYN 201-201] Setting up clock 'default' with a period of 10ns.
INFO: [HLS 200-1611] Setting target device to 'xc7z020-clg400-1'
INFO: [HLS 200-1505] Using flow_target 'vivado'
Resolution: For help on HLS 200-1505 see docs.xilinx.com/access/sources/dita/topic?Doc_Version=2023.2%20English&url=ug1448-hls-guidance&resourceid=200-1505.html
INFO: [HLS 200-1510] Running: set_part xc7z020clg400-1 
INFO: [HLS 200-1510] Running: create_clock -period 10 -name default 
INFO: [HLS 200-1510] Running: csynth_design 
INFO: [HLS 200-111] Finished File checks and directory preparation: CPU user time: 0 seconds. CPU system time: 0 seconds. Elapsed time: 0.083 seconds; current allocated memory: 133.059 MB.
INFO: [HLS 200-10] Analyzing design file '../top.cpp' ... 
ERROR: [HLS 207-812] 'bnn-library.h' file not found (../top.cpp:3:10)
INFO: [HLS 200-111] Finished Command csynth_design CPU user time: 0 seconds. CPU system time: 0 seconds. Elapsed time: 0.308 seconds; current allocated memory: 1.078 MB.
command 'ap_source' returned error code
    while executing
"source E:/Tai_lieu/DATN/vitis/hw/hw/solution1/csynth.tcl"
    invoked from within
"hls::main E:/Tai_lieu/DATN/vitis/hw/hw/solution1/csynth.tcl"
    ("uplevel" body line 1)
    invoked from within
"uplevel 1 hls::main {*}$newargs"
    (procedure "hls_proc" line 16)
    invoked from within
"hls_proc [info nameofexecutable] $argv"
INFO: [HLS 200-112] Total CPU user time: 1 seconds. Total CPU system time: 0 seconds. Total elapsed time: 1.895 seconds; peak allocated memory: 134.023 MB.
