

================================================================
== Vitis HLS Report for 'ConvolutionInputGenerator_3u_128u_1u_5u_3u_32u_1u_s'
================================================================
* Date:           Thu May 29 09:36:59 2025

* Version:        2023.2.2 (Build 4101106 on Feb  9 2024)
* Project:        hw
* Solution:       solution1 (Vivado IP Flow Target)
* Product family: zynq
* Target device:  xc7z020-clg400-1


================================================================
== Performance Estimates
================================================================
+ Timing: 
    * Summary: 
    +--------+----------+----------+------------+
    |  Clock |  Target  | Estimated| Uncertainty|
    +--------+----------+----------+------------+
    |ap_clk  |  10.00 ns|  7.670 ns|     2.70 ns|
    +--------+----------+----------+------------+

+ Latency: 
    * Summary: 
    +---------+---------+----------+----------+-----+-----+---------+
    |  Latency (cycles) |  Latency (absolute) |  Interval | Pipeline|
    |   min   |   max   |    min   |    max   | min | max |   Type  |
    +---------+---------+----------+----------+-----+-----+---------+
    |        ?|        ?|         ?|         ?|    ?|    ?|       no|
    +---------+---------+----------+----------+-----+-----+---------+

    + Detail: 
        * Instance: 
        +----------------------------------------------------------------------------------+------------------------------------------------------------------------+---------+---------+----------+----------+-----+-----+---------+
        |                                                                                  |                                                                        |  Latency (cycles) |  Latency (absolute) |  Interval | Pipeline|
        |                                     Instance                                     |                                 Module                                 |   min   |   max   |    min   |    max   | min | max |   Type  |
        +----------------------------------------------------------------------------------+------------------------------------------------------------------------+---------+---------+----------+----------+-----+-----+---------+
        |grp_ConvolutionInputGenerator_Pipeline_VITIS_LOOP_104_1_VITIS_LOOP_105_2_4_fu_58  |ConvolutionInputGenerator_Pipeline_VITIS_LOOP_104_1_VITIS_LOOP_105_2_4  |        ?|        ?|         ?|         ?|    ?|    ?|       no|
        +----------------------------------------------------------------------------------+------------------------------------------------------------------------+---------+---------+----------+----------+-----+-----+---------+

        * Loop: 
        N/A



================================================================
== Utilization Estimates
================================================================
* Summary: 
+-----------------+---------+-----+--------+-------+-----+
|       Name      | BRAM_18K| DSP |   FF   |  LUT  | URAM|
+-----------------+---------+-----+--------+-------+-----+
|DSP              |        -|    -|       -|      -|    -|
|Expression       |        -|    -|       0|     50|    -|
|FIFO             |        -|    -|       -|      -|    -|
|Instance         |        0|    -|     709|   1516|    0|
|Memory           |        -|    -|       -|      -|    -|
|Multiplexer      |        -|    -|       -|     65|    -|
|Register         |        -|    -|      71|      -|    -|
+-----------------+---------+-----+--------+-------+-----+
|Total            |        0|    0|     780|   1631|    0|
+-----------------+---------+-----+--------+-------+-----+
|Available        |      280|  220|  106400|  53200|    0|
+-----------------+---------+-----+--------+-------+-----+
|Utilization (%)  |        0|    0|      ~0|      3|    0|
+-----------------+---------+-----+--------+-------+-----+

+ Detail: 
    * Instance: 
    +----------------------------------------------------------------------------------+------------------------------------------------------------------------+---------+----+-----+------+-----+
    |                                     Instance                                     |                                 Module                                 | BRAM_18K| DSP|  FF |  LUT | URAM|
    +----------------------------------------------------------------------------------+------------------------------------------------------------------------+---------+----+-----+------+-----+
    |grp_ConvolutionInputGenerator_Pipeline_VITIS_LOOP_104_1_VITIS_LOOP_105_2_4_fu_58  |ConvolutionInputGenerator_Pipeline_VITIS_LOOP_104_1_VITIS_LOOP_105_2_4  |        0|   0|  709|  1516|    0|
    +----------------------------------------------------------------------------------+------------------------------------------------------------------------+---------+----+-----+------+-----+
    |Total                                                                             |                                                                        |        0|   0|  709|  1516|    0|
    +----------------------------------------------------------------------------------+------------------------------------------------------------------------+---------+----+-----+------+-----+

    * DSP: 
    N/A

    * Memory: 
    N/A

    * FIFO: 
    N/A

    * Expression: 
    +-----------------+----------+----+---+----+------------+------------+
    |  Variable Name  | Operation| DSP| FF| LUT| Bitwidth P0| Bitwidth P1|
    +-----------------+----------+----+---+----+------------+------------+
    |bound_fu_85_p2   |         -|   0|  0|  48|          41|          41|
    |ap_block_state1  |        or|   0|  0|   2|           1|           1|
    +-----------------+----------+----+---+----+------------+------------+
    |Total            |          |   0|  0|  50|          42|          42|
    +-----------------+----------+----+---+----+------------+------------+

    * Multiplexer: 
    +--------------------+----+-----------+-----+-----------+
    |        Name        | LUT| Input Size| Bits| Total Bits|
    +--------------------+----+-----------+-----+-----------+
    |ap_NS_fsm           |  20|          4|    1|          4|
    |ap_done             |   9|          2|    1|          2|
    |convInp_i24_write   |   9|          2|    1|          2|
    |numReps_blk_n       |   9|          2|    1|          2|
    |numReps_c145_blk_n  |   9|          2|    1|          2|
    |wa_in_i2214_read    |   9|          2|    1|          2|
    +--------------------+----+-----------+-----+-----------+
    |Total               |  65|         14|    6|         14|
    +--------------------+----+-----------+-----+-----------+

    * Register: 
    +-----------------------------------------------------------------------------------------------+----+----+-----+-----------+
    |                                              Name                                             | FF | LUT| Bits| Const Bits|
    +-----------------------------------------------------------------------------------------------+----+----+-----+-----------+
    |ap_CS_fsm                                                                                      |   3|   0|    3|          0|
    |ap_done_reg                                                                                    |   1|   0|    1|          0|
    |bound_reg_98                                                                                   |  34|   0|   41|          7|
    |grp_ConvolutionInputGenerator_Pipeline_VITIS_LOOP_104_1_VITIS_LOOP_105_2_4_fu_58_ap_start_reg  |   1|   0|    1|          0|
    |numReps_14_reg_92                                                                              |  32|   0|   32|          0|
    +-----------------------------------------------------------------------------------------------+----+----+-----+-----------+
    |Total                                                                                          |  71|   0|   78|          7|
    +-----------------------------------------------------------------------------------------------+----+----+-----+-----------+



================================================================
== Interface
================================================================
* Summary: 
+-----------------------------+-----+-----+------------+----------------------------------------------------------+--------------+
|          RTL Ports          | Dir | Bits|  Protocol  |                       Source Object                      |    C Type    |
+-----------------------------+-----+-----+------------+----------------------------------------------------------+--------------+
|ap_clk                       |   in|    1|  ap_ctrl_hs|  ConvolutionInputGenerator<3u, 128u, 1u, 5u, 3u, 32u, 1u>|  return value|
|ap_rst                       |   in|    1|  ap_ctrl_hs|  ConvolutionInputGenerator<3u, 128u, 1u, 5u, 3u, 32u, 1u>|  return value|
|ap_start                     |   in|    1|  ap_ctrl_hs|  ConvolutionInputGenerator<3u, 128u, 1u, 5u, 3u, 32u, 1u>|  return value|
|ap_done                      |  out|    1|  ap_ctrl_hs|  ConvolutionInputGenerator<3u, 128u, 1u, 5u, 3u, 32u, 1u>|  return value|
|ap_continue                  |   in|    1|  ap_ctrl_hs|  ConvolutionInputGenerator<3u, 128u, 1u, 5u, 3u, 32u, 1u>|  return value|
|ap_idle                      |  out|    1|  ap_ctrl_hs|  ConvolutionInputGenerator<3u, 128u, 1u, 5u, 3u, 32u, 1u>|  return value|
|ap_ready                     |  out|    1|  ap_ctrl_hs|  ConvolutionInputGenerator<3u, 128u, 1u, 5u, 3u, 32u, 1u>|  return value|
|wa_in_i2214_dout             |   in|   32|     ap_fifo|                                               wa_in_i2214|       pointer|
|wa_in_i2214_num_data_valid   |   in|    3|     ap_fifo|                                               wa_in_i2214|       pointer|
|wa_in_i2214_fifo_cap         |   in|    3|     ap_fifo|                                               wa_in_i2214|       pointer|
|wa_in_i2214_empty_n          |   in|    1|     ap_fifo|                                               wa_in_i2214|       pointer|
|wa_in_i2214_read             |  out|    1|     ap_fifo|                                               wa_in_i2214|       pointer|
|convInp_i24_din              |  out|   32|     ap_fifo|                                               convInp_i24|       pointer|
|convInp_i24_num_data_valid   |   in|    3|     ap_fifo|                                               convInp_i24|       pointer|
|convInp_i24_fifo_cap         |   in|    3|     ap_fifo|                                               convInp_i24|       pointer|
|convInp_i24_full_n           |   in|    1|     ap_fifo|                                               convInp_i24|       pointer|
|convInp_i24_write            |  out|    1|     ap_fifo|                                               convInp_i24|       pointer|
|numReps_dout                 |   in|   32|     ap_fifo|                                                   numReps|       pointer|
|numReps_num_data_valid       |   in|    3|     ap_fifo|                                                   numReps|       pointer|
|numReps_fifo_cap             |   in|    3|     ap_fifo|                                                   numReps|       pointer|
|numReps_empty_n              |   in|    1|     ap_fifo|                                                   numReps|       pointer|
|numReps_read                 |  out|    1|     ap_fifo|                                                   numReps|       pointer|
|numReps_c145_din             |  out|   32|     ap_fifo|                                              numReps_c145|       pointer|
|numReps_c145_num_data_valid  |   in|    4|     ap_fifo|                                              numReps_c145|       pointer|
|numReps_c145_fifo_cap        |   in|    4|     ap_fifo|                                              numReps_c145|       pointer|
|numReps_c145_full_n          |   in|    1|     ap_fifo|                                              numReps_c145|       pointer|
|numReps_c145_write           |  out|    1|     ap_fifo|                                              numReps_c145|       pointer|
+-----------------------------+-----+-----+------------+----------------------------------------------------------+--------------+

============================================================
+ Verbose Summary: Synthesis Manager
============================================================
InlineROM: 1
ExposeGlobal: 0
============================================================
+ Verbose Summary: CDFG Model
============================================================
IsTopModel: 0
ResetActiveHigh: 1
IsCombinational: 2
IsDatapathOnly: 0
HasWiredReturn: 1
HasMFsm: 0
HasVarLatency: 1
IsPipeline: 0
IsRtlPipelined: 0
IsInstanceOverlapped: 0
IsDontTouch: 0
HasImplIP: 0
IsGatedGlobalClock: 0


============================================================
+ Verbose Summary: Schedule
============================================================
* Number of FSM states : 3
* Pipeline : 0
* Dataflow Pipeline: 0

* FSM state transitions: 
1 --> 2 
2 --> 3 
3 --> 

* FSM state operations: 

State 1 <SV = 0> <Delay = 7.24>
ST_1 : Operation 4 [1/1] (3.63ns)   --->   "%numReps_14 = read i32 @_ssdm_op_Read.ap_fifo.i32P0A, i32 %numReps"   --->   Operation 4 'read' 'numReps_14' <Predicate = true> <Delay = 3.63> <CoreInst = "FIFO_SRL">   --->   Core 81 'FIFO_SRL' <Latency = 0> <II = 1> <Delay = 3.63> <Storage> <Opcode : 'read' 'write' 'nbread' 'nbwrite'> <Ports = 0> <Width = 32> <Depth = 3> <FIFO>
ST_1 : Operation 5 [1/1] (3.61ns)   --->   "%write_ln0 = write void @_ssdm_op_Write.ap_fifo.i32P0A, i32 %numReps_c145, i32 %numReps_14"   --->   Operation 5 'write' 'write_ln0' <Predicate = true> <Delay = 3.61> <CoreInst = "FIFO_SRL">   --->   Core 81 'FIFO_SRL' <Latency = 0> <II = 1> <Delay = 3.61> <Storage> <Opcode : 'read' 'write' 'nbread' 'nbwrite'> <Ports = 0> <Width = 32> <Depth = 5> <FIFO>

State 2 <SV = 1> <Delay = 2.90>
ST_2 : Operation 6 [1/1] (0.00ns)   --->   "%p_shl = bitconcatenate i41 @_ssdm_op_BitConcatenate.i41.i32.i9, i32 %numReps_14, i9 0"   --->   Operation 6 'bitconcatenate' 'p_shl' <Predicate = true> <Delay = 0.00>
ST_2 : Operation 7 [1/1] (0.00ns)   --->   "%tmp_s = bitconcatenate i39 @_ssdm_op_BitConcatenate.i39.i32.i7, i32 %numReps_14, i7 0"   --->   Operation 7 'bitconcatenate' 'tmp_s' <Predicate = true> <Delay = 0.00>
ST_2 : Operation 8 [1/1] (0.00ns)   --->   "%p_shl2 = zext i39 %tmp_s"   --->   Operation 8 'zext' 'p_shl2' <Predicate = true> <Delay = 0.00>
ST_2 : Operation 9 [1/1] (2.90ns)   --->   "%bound = sub i41 %p_shl, i41 %p_shl2"   --->   Operation 9 'sub' 'bound' <Predicate = true> <Delay = 2.90> <CoreInst = "Adder">   --->   Core 1 'Adder' <Latency = 0> <II = 1> <Delay = 2.90> <FuncUnit> <Opcode : 'add' 'sub'> <InPorts = 2> <OutPorts = 1>
ST_2 : Operation 10 [1/1] (0.00ns)   --->   "%empty = wait i32 @_ssdm_op_Wait"   --->   Operation 10 'wait' 'empty' <Predicate = true> <Delay = 0.00>
ST_2 : Operation 11 [2/2] (0.00ns)   --->   "%call_ln0 = call void @ConvolutionInputGenerator_Pipeline_VITIS_LOOP_104_1_VITIS_LOOP_105_2.4, i41 %bound, i32 %wa_in_i2214, i32 %convInp_i24"   --->   Operation 11 'call' 'call_ln0' <Predicate = true> <Delay = 0.00> <CoreType = "Generic">   --->   Core 0 '' <Latency = 0> <II = 1> <Delay = 1.00> <Generic> <Opcode : >

State 3 <SV = 2> <Delay = 0.00>
ST_3 : Operation 12 [1/1] (0.00ns)   --->   "%specinterface_ln0 = specinterface void @_ssdm_op_SpecInterface, i32 %numReps, void @ap_fifo_str, i32 0, i32 0, void @p_str, i32 0, i32 0, void @p_str, void @p_str, void @p_str, i32 2, i32 2, i32 16, i32 16, void @p_str, void @ScalarProp_str, i32 4294967295, i32 0"   --->   Operation 12 'specinterface' 'specinterface_ln0' <Predicate = true> <Delay = 0.00>
ST_3 : Operation 13 [1/1] (0.00ns)   --->   "%specinterface_ln0 = specinterface void @_ssdm_op_SpecInterface, i32 %numReps_c145, void @ap_fifo_str, i32 0, i32 0, void @p_str, i32 0, i32 0, void @p_str, void @p_str, void @p_str, i32 2, i32 2, i32 16, i32 16, void @p_str, void @ScalarProp_str, i32 4294967295, i32 0"   --->   Operation 13 'specinterface' 'specinterface_ln0' <Predicate = true> <Delay = 0.00>
ST_3 : Operation 14 [1/1] (0.00ns)   --->   "%specinterface_ln0 = specinterface void @_ssdm_op_SpecInterface, i32 %convInp_i24, void @empty_11, i32 0, i32 0, void @empty_22, i32 0, i32 0, void @empty_22, void @empty_22, void @empty_22, i32 0, i32 0, i32 0, i32 0, void @empty_22, void @empty_22, i32 4294967295, i32 0"   --->   Operation 14 'specinterface' 'specinterface_ln0' <Predicate = true> <Delay = 0.00>
ST_3 : Operation 15 [1/1] (0.00ns)   --->   "%specinterface_ln0 = specinterface void @_ssdm_op_SpecInterface, i32 %wa_in_i2214, void @empty_11, i32 0, i32 0, void @empty_22, i32 0, i32 0, void @empty_22, void @empty_22, void @empty_22, i32 0, i32 0, i32 0, i32 0, void @empty_22, void @empty_22, i32 4294967295, i32 0"   --->   Operation 15 'specinterface' 'specinterface_ln0' <Predicate = true> <Delay = 0.00>
ST_3 : Operation 16 [1/2] (0.00ns)   --->   "%call_ln0 = call void @ConvolutionInputGenerator_Pipeline_VITIS_LOOP_104_1_VITIS_LOOP_105_2.4, i41 %bound, i32 %wa_in_i2214, i32 %convInp_i24"   --->   Operation 16 'call' 'call_ln0' <Predicate = true> <Delay = 0.00> <CoreType = "Generic">   --->   Core 0 '' <Latency = 0> <II = 1> <Delay = 1.00> <Generic> <Opcode : >
ST_3 : Operation 17 [1/1] (0.00ns)   --->   "%ret_ln179 = ret" [../slidingwindow.h:179]   --->   Operation 17 'ret' 'ret_ln179' <Predicate = true> <Delay = 0.00>


============================================================
+ Verbose Summary: Binding
============================================================
STG Binding: 
---------------- STG Properties BEGIN ----------------
- Is combinational: 0
- Is one-state seq: 0
- Is datapath-only: 0
- Is pipelined: 0
- Is top level: 0
Port [ Return ] is wired: 1; IO mode=ap_ctrl_hs:ce=0
Port [ wa_in_i2214]:  wired=1; compound=1; hidden=0; nouse=0; global=0; static=0; extern=0; dir=0; type=3; pingpong=0; private_global=0; IO mode=ap_fifo:ce=0
Port [ convInp_i24]:  wired=1; compound=1; hidden=0; nouse=0; global=0; static=0; extern=0; dir=1; type=3; pingpong=0; private_global=0; IO mode=ap_fifo:ce=0
Port [ numReps]:  wired=1; compound=1; hidden=0; nouse=0; global=0; static=0; extern=0; dir=0; type=3; pingpong=0; private_global=0; IO mode=ap_fifo:ce=0
Port [ numReps_c145]:  wired=1; compound=1; hidden=0; nouse=0; global=0; static=0; extern=0; dir=1; type=3; pingpong=0; private_global=0; IO mode=ap_fifo:ce=0
---------------- STG Properties END ------------------

---------------- Datapath Model BEGIN ----------------

<LifeTime>
<method=bitvector/>
numReps_14        (read          ) [ 0010]
write_ln0         (write         ) [ 0000]
p_shl             (bitconcatenate) [ 0000]
tmp_s             (bitconcatenate) [ 0000]
p_shl2            (zext          ) [ 0000]
bound             (sub           ) [ 0001]
empty             (wait          ) [ 0000]
specinterface_ln0 (specinterface ) [ 0000]
specinterface_ln0 (specinterface ) [ 0000]
specinterface_ln0 (specinterface ) [ 0000]
specinterface_ln0 (specinterface ) [ 0000]
call_ln0          (call          ) [ 0000]
ret_ln179         (ret           ) [ 0000]
</LifeTime>

<model>

<comp_list>
<comp id="0" class="1000" name="wa_in_i2214">
<pin_list>
<pin id="1" dir="1" index="0" bw="1" slack="0"/>
</pin_list>
<bind>
<StgValue><ssdm name="wa_in_i2214"/></StgValue>
</bind>
</comp>

<comp id="2" class="1000" name="convInp_i24">
<pin_list>
<pin id="3" dir="1" index="0" bw="1" slack="0"/>
</pin_list>
<bind>
<StgValue><ssdm name="convInp_i24"/></StgValue>
</bind>
</comp>

<comp id="4" class="1000" name="numReps">
<pin_list>
<pin id="5" dir="1" index="0" bw="1" slack="0"/>
</pin_list>
<bind>
<StgValue><ssdm name="numReps"/></StgValue>
</bind>
</comp>

<comp id="6" class="1000" name="numReps_c145">
<pin_list>
<pin id="7" dir="1" index="0" bw="1" slack="0"/>
</pin_list>
<bind>
<StgValue><ssdm name="numReps_c145"/></StgValue>
</bind>
</comp>

<comp id="8" class="1001" name="const_8">
<pin_list>
<pin id="9" dir="1" index="0" bw="1" slack="0"/>
</pin_list>
<bind>
<StgValue><ssdm name="_ssdm_op_Read.ap_fifo.i32P0A"/></StgValue>
</bind>
</comp>

<comp id="10" class="1001" name="const_10">
<pin_list>
<pin id="11" dir="1" index="0" bw="1" slack="0"/>
</pin_list>
<bind>
<StgValue><ssdm name="_ssdm_op_Write.ap_fifo.i32P0A"/></StgValue>
</bind>
</comp>

<comp id="12" class="1001" name="const_12">
<pin_list>
<pin id="13" dir="1" index="0" bw="1" slack="0"/>
</pin_list>
<bind>
<StgValue><ssdm name="_ssdm_op_BitConcatenate.i41.i32.i9"/></StgValue>
</bind>
</comp>

<comp id="14" class="1001" name="const_14">
<pin_list>
<pin id="15" dir="1" index="0" bw="1" slack="0"/>
</pin_list>
<bind>
<StgValue><ssdm name=""/></StgValue>
</bind>
</comp>

<comp id="16" class="1001" name="const_16">
<pin_list>
<pin id="17" dir="1" index="0" bw="1" slack="0"/>
</pin_list>
<bind>
<StgValue><ssdm name="_ssdm_op_BitConcatenate.i39.i32.i7"/></StgValue>
</bind>
</comp>

<comp id="18" class="1001" name="const_18">
<pin_list>
<pin id="19" dir="1" index="0" bw="1" slack="0"/>
</pin_list>
<bind>
<StgValue><ssdm name=""/></StgValue>
</bind>
</comp>

<comp id="20" class="1001" name="const_20">
<pin_list>
<pin id="21" dir="1" index="0" bw="1" slack="2147483647"/>
</pin_list>
<bind>
<StgValue><ssdm name="_ssdm_op_Wait"/></StgValue>
</bind>
</comp>

<comp id="22" class="1001" name="const_22">
<pin_list>
<pin id="23" dir="1" index="0" bw="1" slack="0"/>
</pin_list>
<bind>
<StgValue><ssdm name="ConvolutionInputGenerator_Pipeline_VITIS_LOOP_104_1_VITIS_LOOP_105_2.4"/></StgValue>
</bind>
</comp>

<comp id="24" class="1001" name="const_24">
<pin_list>
<pin id="25" dir="1" index="0" bw="1" slack="2147483647"/>
</pin_list>
<bind>
<StgValue><ssdm name="_ssdm_op_SpecInterface"/></StgValue>
</bind>
</comp>

<comp id="26" class="1001" name="const_26">
<pin_list>
<pin id="27" dir="1" index="0" bw="1" slack="2147483647"/>
</pin_list>
<bind>
<StgValue><ssdm name="ap_fifo_str"/></StgValue>
</bind>
</comp>

<comp id="28" class="1001" name="const_28">
<pin_list>
<pin id="29" dir="1" index="0" bw="1" slack="2147483647"/>
</pin_list>
<bind>
<StgValue><ssdm name=""/></StgValue>
</bind>
</comp>

<comp id="30" class="1001" name="const_30">
<pin_list>
<pin id="31" dir="1" index="0" bw="1" slack="2147483647"/>
</pin_list>
<bind>
<StgValue><ssdm name="p_str"/></StgValue>
</bind>
</comp>

<comp id="32" class="1001" name="const_32">
<pin_list>
<pin id="33" dir="1" index="0" bw="1" slack="2147483647"/>
</pin_list>
<bind>
<StgValue><ssdm name=""/></StgValue>
</bind>
</comp>

<comp id="34" class="1001" name="const_34">
<pin_list>
<pin id="35" dir="1" index="0" bw="1" slack="2147483647"/>
</pin_list>
<bind>
<StgValue><ssdm name=""/></StgValue>
</bind>
</comp>

<comp id="36" class="1001" name="const_36">
<pin_list>
<pin id="37" dir="1" index="0" bw="1" slack="2147483647"/>
</pin_list>
<bind>
<StgValue><ssdm name="ScalarProp_str"/></StgValue>
</bind>
</comp>

<comp id="38" class="1001" name="const_38">
<pin_list>
<pin id="39" dir="1" index="0" bw="1" slack="2147483647"/>
</pin_list>
<bind>
<StgValue><ssdm name=""/></StgValue>
</bind>
</comp>

<comp id="40" class="1001" name="const_40">
<pin_list>
<pin id="41" dir="1" index="0" bw="1" slack="2147483647"/>
</pin_list>
<bind>
<StgValue><ssdm name="empty_11"/></StgValue>
</bind>
</comp>

<comp id="42" class="1001" name="const_42">
<pin_list>
<pin id="43" dir="1" index="0" bw="1" slack="2147483647"/>
</pin_list>
<bind>
<StgValue><ssdm name="empty_22"/></StgValue>
</bind>
</comp>

<comp id="44" class="1004" name="numReps_14_read_fu_44">
<pin_list>
<pin id="45" dir="0" index="0" bw="32" slack="0"/>
<pin id="46" dir="0" index="1" bw="32" slack="0"/>
<pin id="47" dir="1" index="2" bw="32" slack="0"/>
</pin_list>
<bind>
<opcode="read(1150) " fcode="read"/>
<opset="numReps_14/1 "/>
</bind>
</comp>

<comp id="50" class="1004" name="write_ln0_write_fu_50">
<pin_list>
<pin id="51" dir="0" index="0" bw="0" slack="0"/>
<pin id="52" dir="0" index="1" bw="32" slack="0"/>
<pin id="53" dir="0" index="2" bw="32" slack="0"/>
<pin id="54" dir="1" index="3" bw="0" slack="2147483647"/>
</pin_list>
<bind>
<opcode="write(1151) " fcode="write"/>
<opset="write_ln0/1 "/>
</bind>
</comp>

<comp id="58" class="1004" name="grp_ConvolutionInputGenerator_Pipeline_VITIS_LOOP_104_1_VITIS_LOOP_105_2_4_fu_58">
<pin_list>
<pin id="59" dir="0" index="0" bw="0" slack="0"/>
<pin id="60" dir="0" index="1" bw="41" slack="0"/>
<pin id="61" dir="0" index="2" bw="32" slack="0"/>
<pin id="62" dir="0" index="3" bw="32" slack="0"/>
<pin id="63" dir="1" index="4" bw="0" slack="2147483647"/>
</pin_list>
<bind>
<opcode="call(48) " fcode="call"/>
<opset="call_ln0/2 "/>
</bind>
</comp>

<comp id="67" class="1004" name="p_shl_fu_67">
<pin_list>
<pin id="68" dir="0" index="0" bw="41" slack="0"/>
<pin id="69" dir="0" index="1" bw="32" slack="1"/>
<pin id="70" dir="0" index="2" bw="1" slack="0"/>
<pin id="71" dir="1" index="3" bw="41" slack="0"/>
</pin_list>
<bind>
<opcode="bitconcatenate(1004) " fcode="bitconcatenate"/>
<opset="p_shl/2 "/>
</bind>
</comp>

<comp id="74" class="1004" name="tmp_s_fu_74">
<pin_list>
<pin id="75" dir="0" index="0" bw="39" slack="0"/>
<pin id="76" dir="0" index="1" bw="32" slack="1"/>
<pin id="77" dir="0" index="2" bw="1" slack="0"/>
<pin id="78" dir="1" index="3" bw="39" slack="0"/>
</pin_list>
<bind>
<opcode="bitconcatenate(1004) " fcode="bitconcatenate"/>
<opset="tmp_s/2 "/>
</bind>
</comp>

<comp id="81" class="1004" name="p_shl2_fu_81">
<pin_list>
<pin id="82" dir="0" index="0" bw="39" slack="0"/>
<pin id="83" dir="1" index="1" bw="41" slack="0"/>
</pin_list>
<bind>
<opcode="zext(34) " fcode="zext"/>
<opset="p_shl2/2 "/>
</bind>
</comp>

<comp id="85" class="1004" name="bound_fu_85">
<pin_list>
<pin id="86" dir="0" index="0" bw="41" slack="0"/>
<pin id="87" dir="0" index="1" bw="39" slack="0"/>
<pin id="88" dir="1" index="2" bw="41" slack="0"/>
</pin_list>
<bind>
<opcode="sub(10) " fcode="sub"/>
<opset="bound/2 "/>
</bind>
</comp>

<comp id="92" class="1005" name="numReps_14_reg_92">
<pin_list>
<pin id="93" dir="0" index="0" bw="32" slack="1"/>
<pin id="94" dir="1" index="1" bw="32" slack="1"/>
</pin_list>
<bind>
<opset="numReps_14 "/>
</bind>
</comp>

<comp id="98" class="1005" name="bound_reg_98">
<pin_list>
<pin id="99" dir="0" index="0" bw="41" slack="1"/>
<pin id="100" dir="1" index="1" bw="41" slack="1"/>
</pin_list>
<bind>
<opset="bound "/>
</bind>
</comp>

</comp_list>

<net_list>
<net id="48"><net_src comp="8" pin="0"/><net_sink comp="44" pin=0"/></net>

<net id="49"><net_src comp="4" pin="0"/><net_sink comp="44" pin=1"/></net>

<net id="55"><net_src comp="10" pin="0"/><net_sink comp="50" pin=0"/></net>

<net id="56"><net_src comp="6" pin="0"/><net_sink comp="50" pin=1"/></net>

<net id="57"><net_src comp="44" pin="2"/><net_sink comp="50" pin=2"/></net>

<net id="64"><net_src comp="22" pin="0"/><net_sink comp="58" pin=0"/></net>

<net id="65"><net_src comp="0" pin="0"/><net_sink comp="58" pin=2"/></net>

<net id="66"><net_src comp="2" pin="0"/><net_sink comp="58" pin=3"/></net>

<net id="72"><net_src comp="12" pin="0"/><net_sink comp="67" pin=0"/></net>

<net id="73"><net_src comp="14" pin="0"/><net_sink comp="67" pin=2"/></net>

<net id="79"><net_src comp="16" pin="0"/><net_sink comp="74" pin=0"/></net>

<net id="80"><net_src comp="18" pin="0"/><net_sink comp="74" pin=2"/></net>

<net id="84"><net_src comp="74" pin="3"/><net_sink comp="81" pin=0"/></net>

<net id="89"><net_src comp="67" pin="3"/><net_sink comp="85" pin=0"/></net>

<net id="90"><net_src comp="81" pin="1"/><net_sink comp="85" pin=1"/></net>

<net id="91"><net_src comp="85" pin="2"/><net_sink comp="58" pin=1"/></net>

<net id="95"><net_src comp="44" pin="2"/><net_sink comp="92" pin=0"/></net>

<net id="96"><net_src comp="92" pin="1"/><net_sink comp="67" pin=1"/></net>

<net id="97"><net_src comp="92" pin="1"/><net_sink comp="74" pin=1"/></net>

<net id="101"><net_src comp="85" pin="2"/><net_sink comp="98" pin=0"/></net>

<net id="102"><net_src comp="98" pin="1"/><net_sink comp="58" pin=1"/></net>

</net_list>

</model> 
---------------- Datapath Model END ------------------

* FSMD analyzer results:
  - Output states:
	Port: convInp_i24 | {2 3 }
	Port: numReps_c145 | {1 }
 - Input state : 
	Port: ConvolutionInputGenerator<3u, 128u, 1u, 5u, 3u, 32u, 1u> : wa_in_i2214 | {2 3 }
	Port: ConvolutionInputGenerator<3u, 128u, 1u, 5u, 3u, 32u, 1u> : numReps | {1 }
  - Chain level:
	State 1
	State 2
		p_shl2 : 1
		bound : 2
		call_ln0 : 3
	State 3


============================================================
+ Verbose Summary: Datapath Resource usage 
============================================================

* Functional unit list:
|----------|----------------------------------------------------------------------------------|---------|---------|---------|---------|---------|
| Operation|                                  Functional Unit                                 |   BRAM  |  Delay  |    FF   |   LUT   |   URAM  |
|----------|----------------------------------------------------------------------------------|---------|---------|---------|---------|---------|
|   call   | grp_ConvolutionInputGenerator_Pipeline_VITIS_LOOP_104_1_VITIS_LOOP_105_2_4_fu_58 |    0    |  12.704 |   760   |   1319  |    0    |
|----------|----------------------------------------------------------------------------------|---------|---------|---------|---------|---------|
|    sub   |                                    bound_fu_85                                   |    0    |    0    |    0    |    48   |    0    |
|----------|----------------------------------------------------------------------------------|---------|---------|---------|---------|---------|
|   read   |                               numReps_14_read_fu_44                              |    0    |    0    |    0    |    0    |    0    |
|----------|----------------------------------------------------------------------------------|---------|---------|---------|---------|---------|
|   write  |                               write_ln0_write_fu_50                              |    0    |    0    |    0    |    0    |    0    |
|----------|----------------------------------------------------------------------------------|---------|---------|---------|---------|---------|
|bitconcatenate|                                    p_shl_fu_67                                   |    0    |    0    |    0    |    0    |    0    |
|          |                                    tmp_s_fu_74                                   |    0    |    0    |    0    |    0    |    0    |
|----------|----------------------------------------------------------------------------------|---------|---------|---------|---------|---------|
|   zext   |                                   p_shl2_fu_81                                   |    0    |    0    |    0    |    0    |    0    |
|----------|----------------------------------------------------------------------------------|---------|---------|---------|---------|---------|
|   Total  |                                                                                  |    0    |  12.704 |   760   |   1367  |    0    |
|----------|----------------------------------------------------------------------------------|---------|---------|---------|---------|---------|

Memories:
N/A

* Register list:
+-----------------+--------+
|                 |   FF   |
+-----------------+--------+
|   bound_reg_98  |   41   |
|numReps_14_reg_92|   32   |
+-----------------+--------+
|      Total      |   73   |
+-----------------+--------+

* Multiplexer (MUX) list: 
|----------------------------------------------------------------------------------|------|------|------|--------||---------||---------|
|                                       Comp                                       |  Pin | Size |  BW  | S x BW ||  Delay  ||   LUT   |
|----------------------------------------------------------------------------------|------|------|------|--------||---------||---------|
| grp_ConvolutionInputGenerator_Pipeline_VITIS_LOOP_104_1_VITIS_LOOP_105_2_4_fu_58 |  p1  |   2  |  41  |   82   ||    9    |
|----------------------------------------------------------------------------------|------|------|------|--------||---------||---------|
|                                       Total                                      |      |      |      |   82   ||  1.588  ||    9    |
|----------------------------------------------------------------------------------|------|------|------|--------||---------||---------|



* Summary:
+-----------+--------+--------+--------+--------+--------+
|           |  BRAM  |  Delay |   FF   |   LUT  |  URAM  |
+-----------+--------+--------+--------+--------+--------+
|  Function |    0   |   12   |   760  |  1367  |    0   |
|   Memory  |    -   |    -   |    -   |    -   |    -   |
|Multiplexer|    -   |    1   |    -   |    9   |    -   |
|  Register |    -   |    -   |   73   |    -   |    -   |
+-----------+--------+--------+--------+--------+--------+
|   Total   |    0   |   14   |   833  |  1376  |    0   |
+-----------+--------+--------+--------+--------+--------+
