

================================================================
== Vitis HLS Report for 'ConvolutionInputGenerator_Pipeline_VITIS_LOOP_104_1_VITIS_LOOP_105_2_3'
================================================================
* Date:           Thu May 29 09:36:07 2025

* Version:        2023.2.2 (Build 4101106 on Feb  9 2024)
* Project:        hw
* Solution:       solution1 (Vivado IP Flow Target)
* Product family: zynq
* Target device:  xc7z020-clg400-1


================================================================
== Performance Estimates
================================================================
+ Timing: 
    * Summary: 
    +--------+----------+----------+------------+
    |  Clock |  Target  | Estimated| Uncertainty|
    +--------+----------+----------+------------+
    |ap_clk  |  10.00 ns|  7.670 ns|     2.70 ns|
    +--------+----------+----------+------------+

+ Latency: 
    * Summary: 
    +---------+---------+----------+----------+-----+-----+---------+
    |  Latency (cycles) |  Latency (absolute) |  Interval | Pipeline|
    |   min   |   max   |    min   |    max   | min | max |   Type  |
    +---------+---------+----------+----------+-----+-----+---------+
    |        ?|        ?|         ?|         ?|    ?|    ?|       no|
    +---------+---------+----------+----------+-----+-----+---------+

    + Detail: 
        * Instance: 
        N/A

        * Loop: 
        +-------------------------------------+---------+---------+----------+-----------+-----------+------+----------+
        |                                     |  Latency (cycles) | Iteration|  Initiation Interval  | Trip |          |
        |              Loop Name              |   min   |   max   |  Latency |  achieved |   target  | Count| Pipelined|
        +-------------------------------------+---------+---------+----------+-----------+-----------+------+----------+
        |- VITIS_LOOP_104_1_VITIS_LOOP_105_2  |        ?|        ?|         4|          1|          1|     ?|       yes|
        +-------------------------------------+---------+---------+----------+-----------+-----------+------+----------+

============================================================
+ Verbose Summary: Synthesis Manager
============================================================
InlineROM: 1
ExposeGlobal: 0
============================================================
+ Verbose Summary: CDFG Model
============================================================
IsTopModel: 0
ResetActiveHigh: 1
IsCombinational: 0
IsDatapathOnly: 0
HasWiredReturn: 1
HasMFsm: 2
HasVarLatency: 1
IsPipeline: 0
IsRtlPipelined: 0
IsInstanceOverlapped: 0
IsDontTouch: 0
HasImplIP: 0
IsGatedGlobalClock: 0

+ Individual pipeline summary: 
  * Pipeline-0: initiation interval (II) = 1, depth = 5


============================================================
+ Verbose Summary: Schedule
============================================================
* Number of FSM states : 5
* Pipeline : 1
  Pipeline-0 : II = 1, D = 5, States = { 1 2 3 4 5 }
* Dataflow Pipeline: 0

* FSM state transitions: 
1 --> 2 
2 --> 3 
3 --> 4 
4 --> 5 
5 --> 

* FSM state operations: 

State 1 <SV = 0> <Delay = 1.82>
ST_1 : Operation 7 [1/1] (0.00ns)   --->   "%read_block = alloca i32 1" [../slidingwindow.h:101]   --->   Operation 7 'alloca' 'read_block' <Predicate = true> <Delay = 0.00>
ST_1 : Operation 8 [1/1] (0.00ns)   --->   "%i_09 = alloca i32 1" [../slidingwindow.h:105]   --->   Operation 8 'alloca' 'i_09' <Predicate = true> <Delay = 0.00>
ST_1 : Operation 9 [1/1] (0.00ns)   --->   "%indvar_flatten = alloca i32 1"   --->   Operation 9 'alloca' 'indvar_flatten' <Predicate = true> <Delay = 0.00>
ST_1 : Operation 10 [1/1] (0.00ns)   --->   "%k_y = alloca i32 1" [../slidingwindow.h:102]   --->   Operation 10 'alloca' 'k_y' <Predicate = true> <Delay = 0.00>
ST_1 : Operation 11 [1/1] (0.00ns)   --->   "%k_x = alloca i32 1" [../slidingwindow.h:102]   --->   Operation 11 'alloca' 'k_x' <Predicate = true> <Delay = 0.00>
ST_1 : Operation 12 [1/1] (0.00ns)   --->   "%current_block_write_11 = alloca i32 1" [../slidingwindow.h:98]   --->   Operation 12 'alloca' 'current_block_write_11' <Predicate = true> <Delay = 0.00>
ST_1 : Operation 13 [1/1] (0.00ns)   --->   "%inp = alloca i32 1" [../slidingwindow.h:102]   --->   Operation 13 'alloca' 'inp' <Predicate = true> <Delay = 0.00>
ST_1 : Operation 14 [1/1] (0.00ns)   --->   "%count_simd = alloca i32 1" [../slidingwindow.h:102]   --->   Operation 14 'alloca' 'count_simd' <Predicate = true> <Delay = 0.00>
ST_1 : Operation 15 [1/1] (0.00ns)   --->   "%current_line = alloca i32 1" [../slidingwindow.h:100]   --->   Operation 15 'alloca' 'current_line' <Predicate = true> <Delay = 0.00>
ST_1 : Operation 16 [1/1] (0.00ns)   --->   "%counter_internal_block = alloca i32 1" [../slidingwindow.h:97]   --->   Operation 16 'alloca' 'counter_internal_block' <Predicate = true> <Delay = 0.00>
ST_1 : Operation 17 [1/1] (0.00ns)   --->   "%specinterface_ln0 = specinterface void @_ssdm_op_SpecInterface, i32 %wa_in_i2910, void @empty_11, i32 0, i32 0, void @empty_22, i32 0, i32 0, void @empty_22, void @empty_22, void @empty_22, i32 0, i32 0, i32 0, i32 0, void @empty_22, void @empty_22, i32 4294967295, i32 0"   --->   Operation 17 'specinterface' 'specinterface_ln0' <Predicate = true> <Delay = 0.00>
ST_1 : Operation 18 [1/1] (0.00ns)   --->   "%specinterface_ln0 = specinterface void @_ssdm_op_SpecInterface, i32 %convInp_i31, void @empty_11, i32 0, i32 0, void @empty_22, i32 0, i32 0, void @empty_22, void @empty_22, void @empty_22, i32 0, i32 0, i32 0, i32 0, void @empty_22, void @empty_22, i32 4294967295, i32 0"   --->   Operation 18 'specinterface' 'specinterface_ln0' <Predicate = true> <Delay = 0.00>
ST_1 : Operation 19 [1/1] (0.00ns)   --->   "%bound_read = read i40 @_ssdm_op_Read.ap_auto.i40, i40 %bound"   --->   Operation 19 'read' 'bound_read' <Predicate = true> <Delay = 0.00>
ST_1 : Operation 20 [1/1] (0.00ns)   --->   "%inputBuf = alloca i64 1" [../slidingwindow.h:88]   --->   Operation 20 'alloca' 'inputBuf' <Predicate = true> <Delay = 0.00> <CoreInst = "RAM">   --->   Core 82 'RAM' <Latency = 1> <II = 1> <Delay = 2.32> <Storage> <Opcode : 'load' 'store'> <Ports = 2> <Width = 32> <Depth = 24> <RAM>
ST_1 : Operation 21 [1/1] (0.00ns)   --->   "%inputBuf_1 = alloca i64 1" [../slidingwindow.h:88]   --->   Operation 21 'alloca' 'inputBuf_1' <Predicate = true> <Delay = 0.00> <CoreInst = "RAM">   --->   Core 82 'RAM' <Latency = 1> <II = 1> <Delay = 2.32> <Storage> <Opcode : 'load' 'store'> <Ports = 2> <Width = 32> <Depth = 24> <RAM>
ST_1 : Operation 22 [1/1] (0.00ns)   --->   "%inputBuf_2 = alloca i64 1" [../slidingwindow.h:88]   --->   Operation 22 'alloca' 'inputBuf_2' <Predicate = true> <Delay = 0.00> <CoreInst = "RAM">   --->   Core 82 'RAM' <Latency = 1> <II = 1> <Delay = 2.32> <Storage> <Opcode : 'load' 'store'> <Ports = 2> <Width = 32> <Depth = 24> <RAM>
ST_1 : Operation 23 [1/1] (0.00ns)   --->   "%inputBuf_3 = alloca i64 1" [../slidingwindow.h:88]   --->   Operation 23 'alloca' 'inputBuf_3' <Predicate = true> <Delay = 0.00> <CoreInst = "RAM">   --->   Core 82 'RAM' <Latency = 1> <II = 1> <Delay = 2.32> <Storage> <Opcode : 'load' 'store'> <Ports = 2> <Width = 32> <Depth = 24> <RAM>
ST_1 : Operation 24 [1/1] (1.58ns)   --->   "%store_ln97 = store i32 0, i32 %counter_internal_block" [../slidingwindow.h:97]   --->   Operation 24 'store' 'store_ln97' <Predicate = true> <Delay = 1.58>
ST_1 : Operation 25 [1/1] (1.70ns)   --->   "%store_ln100 = store i32 0, i32 %current_line" [../slidingwindow.h:100]   --->   Operation 25 'store' 'store_ln100' <Predicate = true> <Delay = 1.70>
ST_1 : Operation 26 [1/1] (1.58ns)   --->   "%store_ln102 = store i32 0, i32 %count_simd" [../slidingwindow.h:102]   --->   Operation 26 'store' 'store_ln102' <Predicate = true> <Delay = 1.58>
ST_1 : Operation 27 [1/1] (1.70ns)   --->   "%store_ln102 = store i32 0, i32 %inp" [../slidingwindow.h:102]   --->   Operation 27 'store' 'store_ln102' <Predicate = true> <Delay = 1.70>
ST_1 : Operation 28 [1/1] (1.70ns)   --->   "%store_ln98 = store i32 0, i32 %current_block_write_11" [../slidingwindow.h:98]   --->   Operation 28 'store' 'store_ln98' <Predicate = true> <Delay = 1.70>
ST_1 : Operation 29 [1/1] (1.58ns)   --->   "%store_ln102 = store i32 0, i32 %k_x" [../slidingwindow.h:102]   --->   Operation 29 'store' 'store_ln102' <Predicate = true> <Delay = 1.58>
ST_1 : Operation 30 [1/1] (1.58ns)   --->   "%store_ln102 = store i32 0, i32 %k_y" [../slidingwindow.h:102]   --->   Operation 30 'store' 'store_ln102' <Predicate = true> <Delay = 1.58>
ST_1 : Operation 31 [1/1] (1.58ns)   --->   "%store_ln0 = store i40 0, i40 %indvar_flatten"   --->   Operation 31 'store' 'store_ln0' <Predicate = true> <Delay = 1.58>
ST_1 : Operation 32 [1/1] (1.58ns)   --->   "%store_ln105 = store i8 0, i8 %i_09" [../slidingwindow.h:105]   --->   Operation 32 'store' 'store_ln105' <Predicate = true> <Delay = 1.58>
ST_1 : Operation 33 [1/1] (1.82ns)   --->   "%store_ln101 = store i32 0, i32 %read_block" [../slidingwindow.h:101]   --->   Operation 33 'store' 'store_ln101' <Predicate = true> <Delay = 1.82>
ST_1 : Operation 34 [1/1] (0.00ns)   --->   "%br_ln0 = br void %for.body4"   --->   Operation 34 'br' 'br_ln0' <Predicate = true> <Delay = 0.00>

State 2 <SV = 1> <Delay = 4.75>
ST_2 : Operation 35 [1/1] (0.00ns)   --->   "%i_33 = load i8 %i_09" [../slidingwindow.h:105]   --->   Operation 35 'load' 'i_33' <Predicate = true> <Delay = 0.00>
ST_2 : Operation 36 [1/1] (0.00ns)   --->   "%indvar_flatten_load = load i40 %indvar_flatten" [../slidingwindow.h:104]   --->   Operation 36 'load' 'indvar_flatten_load' <Predicate = true> <Delay = 0.00>
ST_2 : Operation 37 [1/1] (2.87ns)   --->   "%icmp_ln104 = icmp_eq  i40 %indvar_flatten_load, i40 %bound_read" [../slidingwindow.h:104]   --->   Operation 37 'icmp' 'icmp_ln104' <Predicate = true> <Delay = 2.87> <CoreInst = "Cmp">   --->   Core 9 'Cmp' <Latency = 0> <II = 1> <Delay = 2.87> <FuncUnit> <Opcode : 'icmp'> <InPorts = 2> <OutPorts = 1>
ST_2 : Operation 38 [1/1] (2.87ns)   --->   "%add_ln104 = add i40 %indvar_flatten_load, i40 1" [../slidingwindow.h:104]   --->   Operation 38 'add' 'add_ln104' <Predicate = true> <Delay = 2.87> <CoreInst = "Adder">   --->   Core 1 'Adder' <Latency = 0> <II = 1> <Delay = 2.87> <FuncUnit> <Opcode : 'add' 'sub'> <InPorts = 2> <OutPorts = 1>
ST_2 : Operation 39 [1/1] (0.00ns)   --->   "%br_ln104 = br i1 %icmp_ln104, void %for.inc77, void %for.end79.loopexit.exitStub" [../slidingwindow.h:104]   --->   Operation 39 'br' 'br_ln104' <Predicate = true> <Delay = 0.00>
ST_2 : Operation 40 [1/1] (1.91ns)   --->   "%icmp_ln105 = icmp_eq  i8 %i_33, i8 144" [../slidingwindow.h:105]   --->   Operation 40 'icmp' 'icmp_ln105' <Predicate = (!icmp_ln104)> <Delay = 1.91> <CoreInst = "Cmp">   --->   Core 9 'Cmp' <Latency = 0> <II = 1> <Delay = 1.91> <FuncUnit> <Opcode : 'icmp'> <InPorts = 2> <OutPorts = 1>
ST_2 : Operation 41 [1/1] (1.91ns)   --->   "%add_ln105 = add i8 %i_33, i8 1" [../slidingwindow.h:105]   --->   Operation 41 'add' 'add_ln105' <Predicate = (!icmp_ln104)> <Delay = 1.91> <CoreInst = "Adder">   --->   Core 1 'Adder' <Latency = 0> <II = 1> <Delay = 1.91> <FuncUnit> <Opcode : 'add' 'sub'> <InPorts = 2> <OutPorts = 1>
ST_2 : Operation 42 [1/1] (1.24ns)   --->   "%i = select i1 %icmp_ln105, i8 1, i8 %add_ln105" [../slidingwindow.h:105]   --->   Operation 42 'select' 'i' <Predicate = (!icmp_ln104)> <Delay = 1.24> <CoreInst = "Sel">   --->   Core 73 'Sel' <Latency = 0> <II = 1> <Delay = 1.24> <FuncUnit> <Opcode : 'select'> <InPorts = 3> <OutPorts = 1>
ST_2 : Operation 43 [1/1] (1.58ns)   --->   "%store_ln104 = store i40 %add_ln104, i40 %indvar_flatten" [../slidingwindow.h:104]   --->   Operation 43 'store' 'store_ln104' <Predicate = (!icmp_ln104)> <Delay = 1.58>
ST_2 : Operation 44 [1/1] (1.58ns)   --->   "%store_ln105 = store i8 %i, i8 %i_09" [../slidingwindow.h:105]   --->   Operation 44 'store' 'store_ln105' <Predicate = (!icmp_ln104)> <Delay = 1.58>
ST_2 : Operation 45 [1/1] (0.00ns)   --->   "%br_ln105 = br void %for.body4" [../slidingwindow.h:105]   --->   Operation 45 'br' 'br_ln105' <Predicate = (!icmp_ln104)> <Delay = 0.00>

State 3 <SV = 2> <Delay = 7.67>
ST_3 : Operation 46 [1/1] (0.00ns)   --->   "%current_block_write_12 = load i32 %current_block_write_11" [../slidingwindow.h:98]   --->   Operation 46 'load' 'current_block_write_12' <Predicate = true> <Delay = 0.00>
ST_3 : Operation 47 [1/1] (0.00ns)   --->   "%inp_7 = load i32 %inp" [../slidingwindow.h:112]   --->   Operation 47 'load' 'inp_7' <Predicate = true> <Delay = 0.00>
ST_3 : Operation 48 [1/1] (0.00ns)   --->   "%counter_internal_block_7 = load i32 %counter_internal_block" [../slidingwindow.h:171]   --->   Operation 48 'load' 'counter_internal_block_7' <Predicate = true> <Delay = 0.00>
ST_3 : Operation 49 [1/1] (0.00ns)   --->   "%read_block_load = load i32 %read_block" [../slidingwindow.h:98]   --->   Operation 49 'load' 'read_block_load' <Predicate = (!icmp_ln104 & !icmp_ln105)> <Delay = 0.00>
ST_3 : Operation 50 [1/1] (0.00ns)   --->   "%count_simd_load = load i32 %count_simd" [../slidingwindow.h:105]   --->   Operation 50 'load' 'count_simd_load' <Predicate = (!icmp_ln104)> <Delay = 0.00>
ST_3 : Operation 51 [1/1] (0.00ns)   --->   "%specloopname_ln0 = specloopname void @_ssdm_op_SpecLoopName, void @VITIS_LOOP_104_1_VITIS_LOOP_105_2_str"   --->   Operation 51 'specloopname' 'specloopname_ln0' <Predicate = (!icmp_ln104)> <Delay = 0.00>
ST_3 : Operation 52 [1/1] (0.69ns)   --->   "%select_ln98 = select i1 %icmp_ln105, i32 0, i32 %read_block_load" [../slidingwindow.h:98]   --->   Operation 52 'select' 'select_ln98' <Predicate = (!icmp_ln104)> <Delay = 0.69> <CoreInst = "Sel">   --->   Core 73 'Sel' <Latency = 0> <II = 1> <Delay = 0.69> <FuncUnit> <Opcode : 'select'> <InPorts = 3> <OutPorts = 1>
ST_3 : Operation 53 [1/1] (0.00ns)   --->   "%trunc_ln105 = trunc i32 %count_simd_load" [../slidingwindow.h:105]   --->   Operation 53 'trunc' 'trunc_ln105' <Predicate = (!icmp_ln104)> <Delay = 0.00>
ST_3 : Operation 54 [1/1] (0.00ns)   --->   "%specpipeline_ln106 = specpipeline void @_ssdm_op_SpecPipeline, i32 1, i32 0, i32 0, i32 0, void @empty_22" [../slidingwindow.h:106]   --->   Operation 54 'specpipeline' 'specpipeline_ln106' <Predicate = (!icmp_ln104)> <Delay = 0.00>
ST_3 : Operation 55 [1/1] (0.00ns)   --->   "%trunc_ln98 = trunc i32 %current_block_write_12" [../slidingwindow.h:98]   --->   Operation 55 'trunc' 'trunc_ln98' <Predicate = (!icmp_ln104)> <Delay = 0.00>
ST_3 : Operation 56 [1/1] (2.55ns)   --->   "%icmp_ln107 = icmp_ult  i32 %inp_7, i32 72" [../slidingwindow.h:107]   --->   Operation 56 'icmp' 'icmp_ln107' <Predicate = (!icmp_ln104)> <Delay = 2.55> <CoreInst = "Cmp">   --->   Core 9 'Cmp' <Latency = 0> <II = 1> <Delay = 2.55> <FuncUnit> <Opcode : 'icmp'> <InPorts = 2> <OutPorts = 1>
ST_3 : Operation 57 [1/1] (0.00ns)   --->   "%br_ln107 = br i1 %icmp_ln107, void %if.else, void %if.then" [../slidingwindow.h:107]   --->   Operation 57 'br' 'br_ln107' <Predicate = (!icmp_ln104)> <Delay = 0.00>
ST_3 : Operation 58 [1/1] (2.55ns)   --->   "%icmp_ln123 = icmp_ult  i32 %counter_internal_block_7, i32 71" [../slidingwindow.h:123]   --->   Operation 58 'icmp' 'icmp_ln123' <Predicate = (!icmp_ln104 & !icmp_ln107)> <Delay = 2.55> <CoreInst = "Cmp">   --->   Core 9 'Cmp' <Latency = 0> <II = 1> <Delay = 2.55> <FuncUnit> <Opcode : 'icmp'> <InPorts = 2> <OutPorts = 1>
ST_3 : Operation 59 [1/1] (0.00ns)   --->   "%br_ln123 = br i1 %icmp_ln123, void %if.end51, void %if.then17" [../slidingwindow.h:123]   --->   Operation 59 'br' 'br_ln123' <Predicate = (!icmp_ln104 & !icmp_ln107)> <Delay = 0.00>
ST_3 : Operation 60 [1/1] (0.00ns)   --->   "%k_y_load = load i32 %k_y" [../slidingwindow.h:124]   --->   Operation 60 'load' 'k_y_load' <Predicate = (!icmp_ln104 & !icmp_ln107 & icmp_ln123)> <Delay = 0.00>
ST_3 : Operation 61 [1/1] (0.00ns)   --->   "%k_x_load = load i32 %k_x" [../slidingwindow.h:128]   --->   Operation 61 'load' 'k_x_load' <Predicate = (!icmp_ln104 & !icmp_ln107 & icmp_ln123)> <Delay = 0.00>
ST_3 : Operation 62 [1/1] (0.00ns)   --->   "%count_simd_load11 = load i32 %count_simd" [../slidingwindow.h:131]   --->   Operation 62 'load' 'count_simd_load11' <Predicate = (!icmp_ln104 & !icmp_ln107 & icmp_ln123)> <Delay = 0.00>
ST_3 : Operation 63 [1/1] (2.55ns)   --->   "%k_y_3 = add i32 %k_y_load, i32 1" [../slidingwindow.h:124]   --->   Operation 63 'add' 'k_y_3' <Predicate = (!icmp_ln104 & !icmp_ln107 & icmp_ln123)> <Delay = 2.55> <CoreInst = "Adder">   --->   Core 1 'Adder' <Latency = 0> <II = 1> <Delay = 2.55> <FuncUnit> <Opcode : 'add' 'sub'> <InPorts = 2> <OutPorts = 1>
ST_3 : Operation 64 [1/1] (0.00ns)   --->   "%trunc_ln124 = trunc i32 %k_y_3" [../slidingwindow.h:124]   --->   Operation 64 'trunc' 'trunc_ln124' <Predicate = (!icmp_ln104 & !icmp_ln107 & icmp_ln123)> <Delay = 0.00>
ST_3 : Operation 65 [1/1] (1.56ns)   --->   "%add_ln124_3 = add i2 %trunc_ln124, i2 %trunc_ln98" [../slidingwindow.h:124]   --->   Operation 65 'add' 'add_ln124_3' <Predicate = (!icmp_ln104 & !icmp_ln107 & icmp_ln123)> <Delay = 1.56> <CoreInst = "Adder">   --->   Core 1 'Adder' <Latency = 0> <II = 1> <Delay = 1.56> <FuncUnit> <Opcode : 'add' 'sub'> <InPorts = 2> <OutPorts = 1>
ST_3 : Operation 66 [1/1] (0.00ns)   --->   "%trunc_ln128 = trunc i32 %k_x_load" [../slidingwindow.h:128]   --->   Operation 66 'trunc' 'trunc_ln128' <Predicate = (!icmp_ln104 & !icmp_ln107 & icmp_ln123)> <Delay = 0.00>
ST_3 : Operation 67 [1/1] (0.00ns)   --->   "%shl_ln = bitconcatenate i5 @_ssdm_op_BitConcatenate.i5.i2.i3, i2 %trunc_ln128, i3 0" [../slidingwindow.h:128]   --->   Operation 67 'bitconcatenate' 'shl_ln' <Predicate = (!icmp_ln104 & !icmp_ln107 & icmp_ln123)> <Delay = 0.00>
ST_3 : Operation 68 [1/1] (1.78ns)   --->   "%current_line_in_block = add i5 %shl_ln, i5 %trunc_ln105" [../slidingwindow.h:128]   --->   Operation 68 'add' 'current_line_in_block' <Predicate = (!icmp_ln104 & !icmp_ln107 & icmp_ln123)> <Delay = 1.78> <CoreInst = "Adder">   --->   Core 1 'Adder' <Latency = 0> <II = 1> <Delay = 1.78> <FuncUnit> <Opcode : 'add' 'sub'> <InPorts = 2> <OutPorts = 1>
ST_3 : Operation 69 [1/1] (0.00ns)   --->   "%zext_ln129 = zext i5 %current_line_in_block" [../slidingwindow.h:129]   --->   Operation 69 'zext' 'zext_ln129' <Predicate = (!icmp_ln104 & !icmp_ln107 & icmp_ln123)> <Delay = 0.00>
ST_3 : Operation 70 [1/1] (0.00ns)   --->   "%inputBuf_addr_5 = getelementptr i32 %inputBuf, i64 0, i64 %zext_ln129" [../slidingwindow.h:129]   --->   Operation 70 'getelementptr' 'inputBuf_addr_5' <Predicate = (!icmp_ln104 & !icmp_ln107 & icmp_ln123)> <Delay = 0.00>
ST_3 : Operation 71 [1/1] (0.00ns)   --->   "%inputBuf_1_addr_5 = getelementptr i32 %inputBuf_1, i64 0, i64 %zext_ln129" [../slidingwindow.h:129]   --->   Operation 71 'getelementptr' 'inputBuf_1_addr_5' <Predicate = (!icmp_ln104 & !icmp_ln107 & icmp_ln123)> <Delay = 0.00>
ST_3 : Operation 72 [1/1] (0.00ns)   --->   "%inputBuf_2_addr_5 = getelementptr i32 %inputBuf_2, i64 0, i64 %zext_ln129" [../slidingwindow.h:129]   --->   Operation 72 'getelementptr' 'inputBuf_2_addr_5' <Predicate = (!icmp_ln104 & !icmp_ln107 & icmp_ln123)> <Delay = 0.00>
ST_3 : Operation 73 [1/1] (0.00ns)   --->   "%inputBuf_3_addr_5 = getelementptr i32 %inputBuf_3, i64 0, i64 %zext_ln129" [../slidingwindow.h:129]   --->   Operation 73 'getelementptr' 'inputBuf_3_addr_5' <Predicate = (!icmp_ln104 & !icmp_ln107 & icmp_ln123)> <Delay = 0.00>
ST_3 : Operation 74 [2/2] (2.32ns)   --->   "%inputBuf_load = load i5 %inputBuf_addr_5" [../slidingwindow.h:129]   --->   Operation 74 'load' 'inputBuf_load' <Predicate = (!icmp_ln104 & !icmp_ln107 & icmp_ln123)> <Delay = 2.32> <CoreInst = "RAM">   --->   Core 82 'RAM' <Latency = 1> <II = 1> <Delay = 2.32> <Storage> <Opcode : 'load' 'store'> <Ports = 2> <Width = 32> <Depth = 24> <RAM>
ST_3 : Operation 75 [2/2] (2.32ns)   --->   "%inputBuf_1_load = load i5 %inputBuf_1_addr_5" [../slidingwindow.h:129]   --->   Operation 75 'load' 'inputBuf_1_load' <Predicate = (!icmp_ln104 & !icmp_ln107 & icmp_ln123)> <Delay = 2.32> <CoreInst = "RAM">   --->   Core 82 'RAM' <Latency = 1> <II = 1> <Delay = 2.32> <Storage> <Opcode : 'load' 'store'> <Ports = 2> <Width = 32> <Depth = 24> <RAM>
ST_3 : Operation 76 [2/2] (2.32ns)   --->   "%inputBuf_2_load = load i5 %inputBuf_2_addr_5" [../slidingwindow.h:129]   --->   Operation 76 'load' 'inputBuf_2_load' <Predicate = (!icmp_ln104 & !icmp_ln107 & icmp_ln123)> <Delay = 2.32> <CoreInst = "RAM">   --->   Core 82 'RAM' <Latency = 1> <II = 1> <Delay = 2.32> <Storage> <Opcode : 'load' 'store'> <Ports = 2> <Width = 32> <Depth = 24> <RAM>
ST_3 : Operation 77 [2/2] (2.32ns)   --->   "%inputBuf_3_load = load i5 %inputBuf_3_addr_5" [../slidingwindow.h:129]   --->   Operation 77 'load' 'inputBuf_3_load' <Predicate = (!icmp_ln104 & !icmp_ln107 & icmp_ln123)> <Delay = 2.32> <CoreInst = "RAM">   --->   Core 82 'RAM' <Latency = 1> <II = 1> <Delay = 2.32> <Storage> <Opcode : 'load' 'store'> <Ports = 2> <Width = 32> <Depth = 24> <RAM>
ST_3 : Operation 78 [1/1] (2.55ns)   --->   "%count_simd_3 = add i32 %count_simd_load11, i32 1" [../slidingwindow.h:131]   --->   Operation 78 'add' 'count_simd_3' <Predicate = (!icmp_ln104 & !icmp_ln107 & icmp_ln123)> <Delay = 2.55> <CoreInst = "Adder">   --->   Core 1 'Adder' <Latency = 0> <II = 1> <Delay = 2.55> <FuncUnit> <Opcode : 'add' 'sub'> <InPorts = 2> <OutPorts = 1>
ST_3 : Operation 79 [1/1] (2.55ns)   --->   "%icmp_ln132 = icmp_eq  i32 %count_simd_3, i32 8" [../slidingwindow.h:132]   --->   Operation 79 'icmp' 'icmp_ln132' <Predicate = (!icmp_ln104 & !icmp_ln107 & icmp_ln123)> <Delay = 2.55> <CoreInst = "Cmp">   --->   Core 9 'Cmp' <Latency = 0> <II = 1> <Delay = 2.55> <FuncUnit> <Opcode : 'icmp'> <InPorts = 2> <OutPorts = 1>
ST_3 : Operation 80 [1/1] (0.00ns)   --->   "%br_ln132 = br i1 %icmp_ln132, void %if.then17.if.end51_crit_edge, void %if.then33" [../slidingwindow.h:132]   --->   Operation 80 'br' 'br_ln132' <Predicate = (!icmp_ln104 & !icmp_ln107 & icmp_ln123)> <Delay = 0.00>
ST_3 : Operation 81 [1/1] (1.58ns)   --->   "%store_ln102 = store i32 %count_simd_3, i32 %count_simd" [../slidingwindow.h:102]   --->   Operation 81 'store' 'store_ln102' <Predicate = (!icmp_ln104 & !icmp_ln107 & icmp_ln123 & !icmp_ln132)> <Delay = 1.58>
ST_3 : Operation 82 [1/1] (0.00ns)   --->   "%br_ln132 = br void %if.end51" [../slidingwindow.h:132]   --->   Operation 82 'br' 'br_ln132' <Predicate = (!icmp_ln104 & !icmp_ln107 & icmp_ln123 & !icmp_ln132)> <Delay = 0.00>
ST_3 : Operation 83 [1/1] (2.55ns)   --->   "%k_x_3 = add i32 %k_x_load, i32 1" [../slidingwindow.h:134]   --->   Operation 83 'add' 'k_x_3' <Predicate = (!icmp_ln104 & !icmp_ln107 & icmp_ln123 & icmp_ln132)> <Delay = 2.55> <CoreInst = "Adder">   --->   Core 1 'Adder' <Latency = 0> <II = 1> <Delay = 2.55> <FuncUnit> <Opcode : 'add' 'sub'> <InPorts = 2> <OutPorts = 1>
ST_3 : Operation 84 [1/1] (2.55ns)   --->   "%icmp_ln135 = icmp_eq  i32 %k_x_3, i32 3" [../slidingwindow.h:135]   --->   Operation 84 'icmp' 'icmp_ln135' <Predicate = (!icmp_ln104 & !icmp_ln107 & icmp_ln123 & icmp_ln132)> <Delay = 2.55> <CoreInst = "Cmp">   --->   Core 9 'Cmp' <Latency = 0> <II = 1> <Delay = 2.55> <FuncUnit> <Opcode : 'icmp'> <InPorts = 2> <OutPorts = 1>
ST_3 : Operation 85 [1/1] (1.58ns)   --->   "%store_ln102 = store i32 0, i32 %count_simd" [../slidingwindow.h:102]   --->   Operation 85 'store' 'store_ln102' <Predicate = (!icmp_ln104 & !icmp_ln107 & icmp_ln123 & icmp_ln132)> <Delay = 1.58>
ST_3 : Operation 86 [1/1] (0.00ns)   --->   "%br_ln135 = br i1 %icmp_ln135, void %if.then33.if.end51_crit_edge, void %if.then36" [../slidingwindow.h:135]   --->   Operation 86 'br' 'br_ln135' <Predicate = (!icmp_ln104 & !icmp_ln107 & icmp_ln123 & icmp_ln132)> <Delay = 0.00>
ST_3 : Operation 87 [1/1] (1.58ns)   --->   "%store_ln102 = store i32 %k_x_3, i32 %k_x" [../slidingwindow.h:102]   --->   Operation 87 'store' 'store_ln102' <Predicate = (!icmp_ln104 & !icmp_ln107 & icmp_ln123 & icmp_ln132 & !icmp_ln135)> <Delay = 1.58>
ST_3 : Operation 88 [1/1] (0.00ns)   --->   "%br_ln135 = br void %if.end51" [../slidingwindow.h:135]   --->   Operation 88 'br' 'br_ln135' <Predicate = (!icmp_ln104 & !icmp_ln107 & icmp_ln123 & icmp_ln132 & !icmp_ln135)> <Delay = 0.00>
ST_3 : Operation 89 [1/1] (2.55ns)   --->   "%icmp_ln138 = icmp_eq  i32 %k_y_3, i32 3" [../slidingwindow.h:138]   --->   Operation 89 'icmp' 'icmp_ln138' <Predicate = (!icmp_ln104 & !icmp_ln107 & icmp_ln123 & icmp_ln132 & icmp_ln135)> <Delay = 2.55> <CoreInst = "Cmp">   --->   Core 9 'Cmp' <Latency = 0> <II = 1> <Delay = 2.55> <FuncUnit> <Opcode : 'icmp'> <InPorts = 2> <OutPorts = 1>
ST_3 : Operation 90 [1/1] (0.69ns)   --->   "%inp_9 = select i1 %icmp_ln138, i32 0, i32 %inp_7" [../slidingwindow.h:138]   --->   Operation 90 'select' 'inp_9' <Predicate = (!icmp_ln104 & !icmp_ln107 & icmp_ln123 & icmp_ln132 & icmp_ln135)> <Delay = 0.69> <CoreInst = "Sel">   --->   Core 73 'Sel' <Latency = 0> <II = 1> <Delay = 0.69> <FuncUnit> <Opcode : 'select'> <InPorts = 3> <OutPorts = 1>
ST_3 : Operation 91 [1/1] (0.69ns)   --->   "%k_y_4 = select i1 %icmp_ln138, i32 0, i32 %k_y_3" [../slidingwindow.h:138]   --->   Operation 91 'select' 'k_y_4' <Predicate = (!icmp_ln104 & !icmp_ln107 & icmp_ln123 & icmp_ln132 & icmp_ln135)> <Delay = 0.69> <CoreInst = "Sel">   --->   Core 73 'Sel' <Latency = 0> <II = 1> <Delay = 0.69> <FuncUnit> <Opcode : 'select'> <InPorts = 3> <OutPorts = 1>
ST_3 : Operation 92 [1/1] (1.70ns)   --->   "%store_ln102 = store i32 %inp_9, i32 %inp" [../slidingwindow.h:102]   --->   Operation 92 'store' 'store_ln102' <Predicate = (!icmp_ln104 & !icmp_ln107 & icmp_ln123 & icmp_ln132 & icmp_ln135)> <Delay = 1.70>
ST_3 : Operation 93 [1/1] (1.58ns)   --->   "%store_ln102 = store i32 0, i32 %k_x" [../slidingwindow.h:102]   --->   Operation 93 'store' 'store_ln102' <Predicate = (!icmp_ln104 & !icmp_ln107 & icmp_ln123 & icmp_ln132 & icmp_ln135)> <Delay = 1.58>
ST_3 : Operation 94 [1/1] (1.58ns)   --->   "%store_ln102 = store i32 %k_y_4, i32 %k_y" [../slidingwindow.h:102]   --->   Operation 94 'store' 'store_ln102' <Predicate = (!icmp_ln104 & !icmp_ln107 & icmp_ln123 & icmp_ln132 & icmp_ln135)> <Delay = 1.58>
ST_3 : Operation 95 [1/1] (0.00ns)   --->   "%br_ln150 = br void %if.end51" [../slidingwindow.h:150]   --->   Operation 95 'br' 'br_ln150' <Predicate = (!icmp_ln104 & !icmp_ln107 & icmp_ln123 & icmp_ln132 & icmp_ln135)> <Delay = 0.00>
ST_3 : Operation 96 [1/1] (2.55ns)   --->   "%icmp_ln153 = icmp_ult  i32 %counter_internal_block_7, i32 23" [../slidingwindow.h:153]   --->   Operation 96 'icmp' 'icmp_ln153' <Predicate = (!icmp_ln104 & !icmp_ln107)> <Delay = 2.55> <CoreInst = "Cmp">   --->   Core 9 'Cmp' <Latency = 0> <II = 1> <Delay = 2.55> <FuncUnit> <Opcode : 'icmp'> <InPorts = 2> <OutPorts = 1>
ST_3 : Operation 97 [1/1] (2.55ns)   --->   "%icmp_ln153_3 = icmp_ult  i32 %select_ln98, i32 3" [../slidingwindow.h:153]   --->   Operation 97 'icmp' 'icmp_ln153_3' <Predicate = (!icmp_ln104 & !icmp_ln107)> <Delay = 2.55> <CoreInst = "Cmp">   --->   Core 9 'Cmp' <Latency = 0> <II = 1> <Delay = 2.55> <FuncUnit> <Opcode : 'icmp'> <InPorts = 2> <OutPorts = 1>
ST_3 : Operation 98 [1/1] (0.97ns)   --->   "%and_ln153 = and i1 %icmp_ln153, i1 %icmp_ln153_3" [../slidingwindow.h:153]   --->   Operation 98 'and' 'and_ln153' <Predicate = (!icmp_ln104 & !icmp_ln107)> <Delay = 0.97> <CoreInst = "LogicGate">   --->   Core 74 'LogicGate' <Latency = 0> <II = 1> <Delay = 0.97> <FuncUnit> <Opcode : 'and' 'or' 'xor'> <InPorts = 2> <OutPorts = 1>
ST_3 : Operation 99 [1/1] (0.00ns)   --->   "%br_ln153 = br i1 %and_ln153, void %if.end51.if.end70_crit_edge, void %if.then54" [../slidingwindow.h:153]   --->   Operation 99 'br' 'br_ln153' <Predicate = (!icmp_ln104 & !icmp_ln107)> <Delay = 0.00>
ST_3 : Operation 100 [1/1] (1.82ns)   --->   "%store_ln101 = store i32 %select_ln98, i32 %read_block" [../slidingwindow.h:101]   --->   Operation 100 'store' 'store_ln101' <Predicate = (!icmp_ln104 & !icmp_ln107 & !and_ln153)> <Delay = 1.82>
ST_3 : Operation 101 [1/1] (0.00ns)   --->   "%br_ln153 = br void %if.end70" [../slidingwindow.h:153]   --->   Operation 101 'br' 'br_ln153' <Predicate = (!icmp_ln104 & !icmp_ln107 & !and_ln153)> <Delay = 0.00>
ST_3 : Operation 102 [1/1] (0.00ns)   --->   "%current_line_load_6 = load i32 %current_line" [../slidingwindow.h:156]   --->   Operation 102 'load' 'current_line_load_6' <Predicate = (!icmp_ln104 & !icmp_ln107 & and_ln153)> <Delay = 0.00>
ST_3 : Operation 103 [1/1] (1.86ns)   --->   "%switch_ln156 = switch i2 %trunc_ln98, void %arrayidx601.case.3, i2 0, void %arrayidx601.case.0, i2 1, void %arrayidx601.case.1, i2 2, void %arrayidx601.case.2" [../slidingwindow.h:156]   --->   Operation 103 'switch' 'switch_ln156' <Predicate = (!icmp_ln104 & !icmp_ln107 & and_ln153)> <Delay = 1.86>
ST_3 : Operation 104 [1/1] (0.00ns)   --->   "%current_line_load = load i32 %current_line" [../slidingwindow.h:159]   --->   Operation 104 'load' 'current_line_load' <Predicate = (!icmp_ln104 & !icmp_ln107 & and_ln153)> <Delay = 0.00>
ST_3 : Operation 105 [1/1] (2.55ns)   --->   "%current_line_6 = add i32 %current_line_load, i32 1" [../slidingwindow.h:159]   --->   Operation 105 'add' 'current_line_6' <Predicate = (!icmp_ln104 & !icmp_ln107 & and_ln153)> <Delay = 2.55> <CoreInst = "Adder">   --->   Core 1 'Adder' <Latency = 0> <II = 1> <Delay = 2.55> <FuncUnit> <Opcode : 'add' 'sub'> <InPorts = 2> <OutPorts = 1>
ST_3 : Operation 106 [1/1] (2.55ns)   --->   "%icmp_ln160 = icmp_eq  i32 %current_line_6, i32 24" [../slidingwindow.h:160]   --->   Operation 106 'icmp' 'icmp_ln160' <Predicate = (!icmp_ln104 & !icmp_ln107 & and_ln153)> <Delay = 2.55> <CoreInst = "Cmp">   --->   Core 9 'Cmp' <Latency = 0> <II = 1> <Delay = 2.55> <FuncUnit> <Opcode : 'icmp'> <InPorts = 2> <OutPorts = 1>
ST_3 : Operation 107 [1/1] (0.00ns)   --->   "%br_ln160 = br i1 %icmp_ln160, void %arrayidx601.exit.if.end70_crit_edge, void %if.then63" [../slidingwindow.h:160]   --->   Operation 107 'br' 'br_ln160' <Predicate = (!icmp_ln104 & !icmp_ln107 & and_ln153)> <Delay = 0.00>
ST_3 : Operation 108 [1/1] (1.70ns)   --->   "%store_ln100 = store i32 %current_line_6, i32 %current_line" [../slidingwindow.h:100]   --->   Operation 108 'store' 'store_ln100' <Predicate = (!icmp_ln104 & !icmp_ln107 & and_ln153 & !icmp_ln160)> <Delay = 1.70>
ST_3 : Operation 109 [1/1] (1.82ns)   --->   "%store_ln101 = store i32 %select_ln98, i32 %read_block" [../slidingwindow.h:101]   --->   Operation 109 'store' 'store_ln101' <Predicate = (!icmp_ln104 & !icmp_ln107 & and_ln153 & !icmp_ln160)> <Delay = 1.82>
ST_3 : Operation 110 [1/1] (0.00ns)   --->   "%br_ln160 = br void %if.end70" [../slidingwindow.h:160]   --->   Operation 110 'br' 'br_ln160' <Predicate = (!icmp_ln104 & !icmp_ln107 & and_ln153 & !icmp_ln160)> <Delay = 0.00>
ST_3 : Operation 111 [1/1] (2.55ns)   --->   "%read_block_6 = add i32 %select_ln98, i32 1" [../slidingwindow.h:163]   --->   Operation 111 'add' 'read_block_6' <Predicate = (!icmp_ln104 & !icmp_ln107 & and_ln153 & icmp_ln160)> <Delay = 2.55> <CoreInst = "Adder">   --->   Core 1 'Adder' <Latency = 0> <II = 1> <Delay = 2.55> <FuncUnit> <Opcode : 'add' 'sub'> <InPorts = 2> <OutPorts = 1>
ST_3 : Operation 112 [1/1] (2.55ns)   --->   "%current_block_write_14 = add i32 %current_block_write_12, i32 1" [../slidingwindow.h:164]   --->   Operation 112 'add' 'current_block_write_14' <Predicate = (!icmp_ln104 & !icmp_ln107 & and_ln153 & icmp_ln160)> <Delay = 2.55> <CoreInst = "Adder">   --->   Core 1 'Adder' <Latency = 0> <II = 1> <Delay = 2.55> <FuncUnit> <Opcode : 'add' 'sub'> <InPorts = 2> <OutPorts = 1>
ST_3 : Operation 113 [1/1] (2.55ns)   --->   "%icmp_ln165 = icmp_eq  i32 %current_block_write_14, i32 4" [../slidingwindow.h:165]   --->   Operation 113 'icmp' 'icmp_ln165' <Predicate = (!icmp_ln104 & !icmp_ln107 & and_ln153 & icmp_ln160)> <Delay = 2.55> <CoreInst = "Cmp">   --->   Core 9 'Cmp' <Latency = 0> <II = 1> <Delay = 2.55> <FuncUnit> <Opcode : 'icmp'> <InPorts = 2> <OutPorts = 1>
ST_3 : Operation 114 [1/1] (0.69ns)   --->   "%current_block_write_15 = select i1 %icmp_ln165, i32 0, i32 %current_block_write_14" [../slidingwindow.h:165]   --->   Operation 114 'select' 'current_block_write_15' <Predicate = (!icmp_ln104 & !icmp_ln107 & and_ln153 & icmp_ln160)> <Delay = 0.69> <CoreInst = "Sel">   --->   Core 73 'Sel' <Latency = 0> <II = 1> <Delay = 0.69> <FuncUnit> <Opcode : 'select'> <InPorts = 3> <OutPorts = 1>
ST_3 : Operation 115 [1/1] (1.70ns)   --->   "%store_ln100 = store i32 0, i32 %current_line" [../slidingwindow.h:100]   --->   Operation 115 'store' 'store_ln100' <Predicate = (!icmp_ln104 & !icmp_ln107 & and_ln153 & icmp_ln160)> <Delay = 1.70>
ST_3 : Operation 116 [1/1] (1.70ns)   --->   "%store_ln98 = store i32 %current_block_write_15, i32 %current_block_write_11" [../slidingwindow.h:98]   --->   Operation 116 'store' 'store_ln98' <Predicate = (!icmp_ln104 & !icmp_ln107 & and_ln153 & icmp_ln160)> <Delay = 1.70>
ST_3 : Operation 117 [1/1] (1.82ns)   --->   "%store_ln101 = store i32 %read_block_6, i32 %read_block" [../slidingwindow.h:101]   --->   Operation 117 'store' 'store_ln101' <Predicate = (!icmp_ln104 & !icmp_ln107 & and_ln153 & icmp_ln160)> <Delay = 1.82>
ST_3 : Operation 118 [1/1] (0.00ns)   --->   "%br_ln169 = br void %if.end70" [../slidingwindow.h:169]   --->   Operation 118 'br' 'br_ln169' <Predicate = (!icmp_ln104 & !icmp_ln107 & and_ln153 & icmp_ln160)> <Delay = 0.00>
ST_3 : Operation 119 [1/1] (2.55ns)   --->   "%counter_internal_block_8 = add i32 %counter_internal_block_7, i32 1" [../slidingwindow.h:171]   --->   Operation 119 'add' 'counter_internal_block_8' <Predicate = (!icmp_ln104 & !icmp_ln107)> <Delay = 2.55> <CoreInst = "Adder">   --->   Core 1 'Adder' <Latency = 0> <II = 1> <Delay = 2.55> <FuncUnit> <Opcode : 'add' 'sub'> <InPorts = 2> <OutPorts = 1>
ST_3 : Operation 120 [1/1] (2.55ns)   --->   "%icmp_ln172 = icmp_eq  i32 %counter_internal_block_8, i32 71" [../slidingwindow.h:172]   --->   Operation 120 'icmp' 'icmp_ln172' <Predicate = (!icmp_ln104 & !icmp_ln107)> <Delay = 2.55> <CoreInst = "Cmp">   --->   Core 9 'Cmp' <Latency = 0> <II = 1> <Delay = 2.55> <FuncUnit> <Opcode : 'icmp'> <InPorts = 2> <OutPorts = 1>
ST_3 : Operation 121 [1/1] (0.69ns)   --->   "%counter_internal_block_9 = select i1 %icmp_ln172, i32 0, i32 %counter_internal_block_8" [../slidingwindow.h:172]   --->   Operation 121 'select' 'counter_internal_block_9' <Predicate = (!icmp_ln104 & !icmp_ln107)> <Delay = 0.69> <CoreInst = "Sel">   --->   Core 73 'Sel' <Latency = 0> <II = 1> <Delay = 0.69> <FuncUnit> <Opcode : 'select'> <InPorts = 3> <OutPorts = 1>
ST_3 : Operation 122 [1/1] (1.58ns)   --->   "%store_ln97 = store i32 %counter_internal_block_9, i32 %counter_internal_block" [../slidingwindow.h:97]   --->   Operation 122 'store' 'store_ln97' <Predicate = (!icmp_ln104 & !icmp_ln107)> <Delay = 1.58>
ST_3 : Operation 123 [1/1] (0.00ns)   --->   "%br_ln0 = br void %for.inc"   --->   Operation 123 'br' 'br_ln0' <Predicate = (!icmp_ln104 & !icmp_ln107)> <Delay = 0.00>
ST_3 : Operation 124 [1/1] (0.00ns)   --->   "%current_line_load_4 = load i32 %current_line" [../slidingwindow.h:110]   --->   Operation 124 'load' 'current_line_load_4' <Predicate = (!icmp_ln104 & icmp_ln107)> <Delay = 0.00>
ST_3 : Operation 125 [1/1] (1.86ns)   --->   "%switch_ln110 = switch i2 %trunc_ln98, void %arrayidx73.case.3, i2 0, void %arrayidx73.case.0, i2 1, void %arrayidx73.case.1, i2 2, void %arrayidx73.case.2" [../slidingwindow.h:110]   --->   Operation 125 'switch' 'switch_ln110' <Predicate = (!icmp_ln104 & icmp_ln107)> <Delay = 1.86>
ST_3 : Operation 126 [1/1] (0.00ns)   --->   "%current_line_load_5 = load i32 %current_line" [../slidingwindow.h:111]   --->   Operation 126 'load' 'current_line_load_5' <Predicate = (!icmp_ln104 & icmp_ln107)> <Delay = 0.00>
ST_3 : Operation 127 [1/1] (2.55ns)   --->   "%current_line_5 = add i32 %current_line_load_5, i32 1" [../slidingwindow.h:111]   --->   Operation 127 'add' 'current_line_5' <Predicate = (!icmp_ln104 & icmp_ln107)> <Delay = 2.55> <CoreInst = "Adder">   --->   Core 1 'Adder' <Latency = 0> <II = 1> <Delay = 2.55> <FuncUnit> <Opcode : 'add' 'sub'> <InPorts = 2> <OutPorts = 1>
ST_3 : Operation 128 [1/1] (2.55ns)   --->   "%inp_8 = add i32 %inp_7, i32 1" [../slidingwindow.h:112]   --->   Operation 128 'add' 'inp_8' <Predicate = (!icmp_ln104 & icmp_ln107)> <Delay = 2.55> <CoreInst = "Adder">   --->   Core 1 'Adder' <Latency = 0> <II = 1> <Delay = 2.55> <FuncUnit> <Opcode : 'add' 'sub'> <InPorts = 2> <OutPorts = 1>
ST_3 : Operation 129 [1/1] (2.55ns)   --->   "%icmp_ln113 = icmp_eq  i32 %current_line_5, i32 24" [../slidingwindow.h:113]   --->   Operation 129 'icmp' 'icmp_ln113' <Predicate = (!icmp_ln104 & icmp_ln107)> <Delay = 2.55> <CoreInst = "Cmp">   --->   Core 9 'Cmp' <Latency = 0> <II = 1> <Delay = 2.55> <FuncUnit> <Opcode : 'icmp'> <InPorts = 2> <OutPorts = 1>
ST_3 : Operation 130 [1/1] (1.70ns)   --->   "%store_ln102 = store i32 %inp_8, i32 %inp" [../slidingwindow.h:102]   --->   Operation 130 'store' 'store_ln102' <Predicate = (!icmp_ln104 & icmp_ln107)> <Delay = 1.70>
ST_3 : Operation 131 [1/1] (0.00ns)   --->   "%br_ln113 = br i1 %icmp_ln113, void %arrayidx73.exit.for.inc_crit_edge, void %if.then10" [../slidingwindow.h:113]   --->   Operation 131 'br' 'br_ln113' <Predicate = (!icmp_ln104 & icmp_ln107)> <Delay = 0.00>
ST_3 : Operation 132 [1/1] (1.70ns)   --->   "%store_ln100 = store i32 %current_line_5, i32 %current_line" [../slidingwindow.h:100]   --->   Operation 132 'store' 'store_ln100' <Predicate = (!icmp_ln104 & icmp_ln107 & !icmp_ln113)> <Delay = 1.70>
ST_3 : Operation 133 [1/1] (1.82ns)   --->   "%store_ln101 = store i32 %select_ln98, i32 %read_block" [../slidingwindow.h:101]   --->   Operation 133 'store' 'store_ln101' <Predicate = (!icmp_ln104 & icmp_ln107 & !icmp_ln113)> <Delay = 1.82>
ST_3 : Operation 134 [1/1] (0.00ns)   --->   "%br_ln113 = br void %for.inc" [../slidingwindow.h:113]   --->   Operation 134 'br' 'br_ln113' <Predicate = (!icmp_ln104 & icmp_ln107 & !icmp_ln113)> <Delay = 0.00>
ST_3 : Operation 135 [1/1] (2.55ns)   --->   "%current_block_write = add i32 %current_block_write_12, i32 1" [../slidingwindow.h:115]   --->   Operation 135 'add' 'current_block_write' <Predicate = (!icmp_ln104 & icmp_ln107 & icmp_ln113)> <Delay = 2.55> <CoreInst = "Adder">   --->   Core 1 'Adder' <Latency = 0> <II = 1> <Delay = 2.55> <FuncUnit> <Opcode : 'add' 'sub'> <InPorts = 2> <OutPorts = 1>
ST_3 : Operation 136 [1/1] (2.55ns)   --->   "%icmp_ln116 = icmp_eq  i32 %current_block_write, i32 4" [../slidingwindow.h:116]   --->   Operation 136 'icmp' 'icmp_ln116' <Predicate = (!icmp_ln104 & icmp_ln107 & icmp_ln113)> <Delay = 2.55> <CoreInst = "Cmp">   --->   Core 9 'Cmp' <Latency = 0> <II = 1> <Delay = 2.55> <FuncUnit> <Opcode : 'icmp'> <InPorts = 2> <OutPorts = 1>
ST_3 : Operation 137 [1/1] (0.69ns)   --->   "%current_block_write_13 = select i1 %icmp_ln116, i32 0, i32 %current_block_write" [../slidingwindow.h:116]   --->   Operation 137 'select' 'current_block_write_13' <Predicate = (!icmp_ln104 & icmp_ln107 & icmp_ln113)> <Delay = 0.69> <CoreInst = "Sel">   --->   Core 73 'Sel' <Latency = 0> <II = 1> <Delay = 0.69> <FuncUnit> <Opcode : 'select'> <InPorts = 3> <OutPorts = 1>
ST_3 : Operation 138 [1/1] (2.55ns)   --->   "%read_block_5 = add i32 %select_ln98, i32 1" [../slidingwindow.h:119]   --->   Operation 138 'add' 'read_block_5' <Predicate = (!icmp_ln104 & icmp_ln107 & icmp_ln113)> <Delay = 2.55> <CoreInst = "Adder">   --->   Core 1 'Adder' <Latency = 0> <II = 1> <Delay = 2.55> <FuncUnit> <Opcode : 'add' 'sub'> <InPorts = 2> <OutPorts = 1>
ST_3 : Operation 139 [1/1] (1.58ns)   --->   "%store_ln97 = store i32 0, i32 %counter_internal_block" [../slidingwindow.h:97]   --->   Operation 139 'store' 'store_ln97' <Predicate = (!icmp_ln104 & icmp_ln107 & icmp_ln113)> <Delay = 1.58>
ST_3 : Operation 140 [1/1] (1.70ns)   --->   "%store_ln100 = store i32 0, i32 %current_line" [../slidingwindow.h:100]   --->   Operation 140 'store' 'store_ln100' <Predicate = (!icmp_ln104 & icmp_ln107 & icmp_ln113)> <Delay = 1.70>
ST_3 : Operation 141 [1/1] (1.70ns)   --->   "%store_ln98 = store i32 %current_block_write_13, i32 %current_block_write_11" [../slidingwindow.h:98]   --->   Operation 141 'store' 'store_ln98' <Predicate = (!icmp_ln104 & icmp_ln107 & icmp_ln113)> <Delay = 1.70>
ST_3 : Operation 142 [1/1] (1.82ns)   --->   "%store_ln101 = store i32 %read_block_5, i32 %read_block" [../slidingwindow.h:101]   --->   Operation 142 'store' 'store_ln101' <Predicate = (!icmp_ln104 & icmp_ln107 & icmp_ln113)> <Delay = 1.82>
ST_3 : Operation 143 [1/1] (0.00ns)   --->   "%br_ln121 = br void %for.inc" [../slidingwindow.h:121]   --->   Operation 143 'br' 'br_ln121' <Predicate = (!icmp_ln104 & icmp_ln107 & icmp_ln113)> <Delay = 0.00>

State 4 <SV = 3> <Delay = 5.95>
ST_4 : Operation 144 [1/2] (2.32ns)   --->   "%inputBuf_load = load i5 %inputBuf_addr_5" [../slidingwindow.h:129]   --->   Operation 144 'load' 'inputBuf_load' <Predicate = (!icmp_ln107 & icmp_ln123)> <Delay = 2.32> <CoreInst = "RAM">   --->   Core 82 'RAM' <Latency = 1> <II = 1> <Delay = 2.32> <Storage> <Opcode : 'load' 'store'> <Ports = 2> <Width = 32> <Depth = 24> <RAM>
ST_4 : Operation 145 [1/2] (2.32ns)   --->   "%inputBuf_1_load = load i5 %inputBuf_1_addr_5" [../slidingwindow.h:129]   --->   Operation 145 'load' 'inputBuf_1_load' <Predicate = (!icmp_ln107 & icmp_ln123)> <Delay = 2.32> <CoreInst = "RAM">   --->   Core 82 'RAM' <Latency = 1> <II = 1> <Delay = 2.32> <Storage> <Opcode : 'load' 'store'> <Ports = 2> <Width = 32> <Depth = 24> <RAM>
ST_4 : Operation 146 [1/2] (2.32ns)   --->   "%inputBuf_2_load = load i5 %inputBuf_2_addr_5" [../slidingwindow.h:129]   --->   Operation 146 'load' 'inputBuf_2_load' <Predicate = (!icmp_ln107 & icmp_ln123)> <Delay = 2.32> <CoreInst = "RAM">   --->   Core 82 'RAM' <Latency = 1> <II = 1> <Delay = 2.32> <Storage> <Opcode : 'load' 'store'> <Ports = 2> <Width = 32> <Depth = 24> <RAM>
ST_4 : Operation 147 [1/2] (2.32ns)   --->   "%inputBuf_3_load = load i5 %inputBuf_3_addr_5" [../slidingwindow.h:129]   --->   Operation 147 'load' 'inputBuf_3_load' <Predicate = (!icmp_ln107 & icmp_ln123)> <Delay = 2.32> <CoreInst = "RAM">   --->   Core 82 'RAM' <Latency = 1> <II = 1> <Delay = 2.32> <Storage> <Opcode : 'load' 'store'> <Ports = 2> <Width = 32> <Depth = 24> <RAM>
ST_4 : Operation 148 [1/1] (1.82ns)   --->   "%p_0 = sparsemux i32 @_ssdm_op_SparseMux.ap_auto.4i32.i32.i2, i2 0, i32 %inputBuf_load, i2 1, i32 %inputBuf_1_load, i2 2, i32 %inputBuf_2_load, i2 3, i32 %inputBuf_3_load, i32 0, i2 %add_ln124_3" [../slidingwindow.h:129]   --->   Operation 148 'sparsemux' 'p_0' <Predicate = (!icmp_ln107 & icmp_ln123)> <Delay = 1.82> <CoreInst = "SparseMux">   --->   Core 135 'SparseMux' <Latency = 0> <II = 1> <Delay = 1.82> <FuncUnit> <Opcode : 'sparsemux'> <InPorts = 2> <OutPorts = 1>
ST_4 : Operation 149 [1/1] (3.63ns)   --->   "%inElem_3 = read i32 @_ssdm_op_Read.ap_fifo.volatile.i32P0A, i32 %wa_in_i2910" [../slidingwindow.h:155]   --->   Operation 149 'read' 'inElem_3' <Predicate = (!icmp_ln107 & and_ln153)> <Delay = 3.63> <CoreInst = "FIFO_SRL">   --->   Core 81 'FIFO_SRL' <Latency = 0> <II = 1> <Delay = 3.63> <Storage> <Opcode : 'read' 'write' 'nbread' 'nbwrite'> <Ports = 0> <Width = 32> <Depth = 2> <FIFO>
ST_4 : Operation 150 [1/1] (0.00ns)   --->   "%zext_ln156 = zext i32 %current_line_load_6" [../slidingwindow.h:156]   --->   Operation 150 'zext' 'zext_ln156' <Predicate = (!icmp_ln107 & and_ln153)> <Delay = 0.00>
ST_4 : Operation 151 [1/1] (0.00ns)   --->   "%inputBuf_addr_6 = getelementptr i32 %inputBuf, i64 0, i64 %zext_ln156" [../slidingwindow.h:156]   --->   Operation 151 'getelementptr' 'inputBuf_addr_6' <Predicate = (!icmp_ln107 & and_ln153)> <Delay = 0.00>
ST_4 : Operation 152 [1/1] (0.00ns)   --->   "%inputBuf_1_addr_6 = getelementptr i32 %inputBuf_1, i64 0, i64 %zext_ln156" [../slidingwindow.h:156]   --->   Operation 152 'getelementptr' 'inputBuf_1_addr_6' <Predicate = (!icmp_ln107 & and_ln153)> <Delay = 0.00>
ST_4 : Operation 153 [1/1] (0.00ns)   --->   "%inputBuf_2_addr_6 = getelementptr i32 %inputBuf_2, i64 0, i64 %zext_ln156" [../slidingwindow.h:156]   --->   Operation 153 'getelementptr' 'inputBuf_2_addr_6' <Predicate = (!icmp_ln107 & and_ln153)> <Delay = 0.00>
ST_4 : Operation 154 [1/1] (0.00ns)   --->   "%inputBuf_3_addr_6 = getelementptr i32 %inputBuf_3, i64 0, i64 %zext_ln156" [../slidingwindow.h:156]   --->   Operation 154 'getelementptr' 'inputBuf_3_addr_6' <Predicate = (!icmp_ln107 & and_ln153)> <Delay = 0.00>
ST_4 : Operation 155 [1/1] (2.32ns)   --->   "%store_ln156 = store i32 %inElem_3, i5 %inputBuf_2_addr_6" [../slidingwindow.h:156]   --->   Operation 155 'store' 'store_ln156' <Predicate = (!icmp_ln107 & and_ln153 & trunc_ln98 == 2)> <Delay = 2.32> <CoreInst = "RAM">   --->   Core 82 'RAM' <Latency = 1> <II = 1> <Delay = 2.32> <Storage> <Opcode : 'load' 'store'> <Ports = 2> <Width = 32> <Depth = 24> <RAM>
ST_4 : Operation 156 [1/1] (0.00ns)   --->   "%br_ln156 = br void %arrayidx601.exit" [../slidingwindow.h:156]   --->   Operation 156 'br' 'br_ln156' <Predicate = (!icmp_ln107 & and_ln153 & trunc_ln98 == 2)> <Delay = 0.00>
ST_4 : Operation 157 [1/1] (2.32ns)   --->   "%store_ln156 = store i32 %inElem_3, i5 %inputBuf_1_addr_6" [../slidingwindow.h:156]   --->   Operation 157 'store' 'store_ln156' <Predicate = (!icmp_ln107 & and_ln153 & trunc_ln98 == 1)> <Delay = 2.32> <CoreInst = "RAM">   --->   Core 82 'RAM' <Latency = 1> <II = 1> <Delay = 2.32> <Storage> <Opcode : 'load' 'store'> <Ports = 2> <Width = 32> <Depth = 24> <RAM>
ST_4 : Operation 158 [1/1] (0.00ns)   --->   "%br_ln156 = br void %arrayidx601.exit" [../slidingwindow.h:156]   --->   Operation 158 'br' 'br_ln156' <Predicate = (!icmp_ln107 & and_ln153 & trunc_ln98 == 1)> <Delay = 0.00>
ST_4 : Operation 159 [1/1] (2.32ns)   --->   "%store_ln156 = store i32 %inElem_3, i5 %inputBuf_addr_6" [../slidingwindow.h:156]   --->   Operation 159 'store' 'store_ln156' <Predicate = (!icmp_ln107 & and_ln153 & trunc_ln98 == 0)> <Delay = 2.32> <CoreInst = "RAM">   --->   Core 82 'RAM' <Latency = 1> <II = 1> <Delay = 2.32> <Storage> <Opcode : 'load' 'store'> <Ports = 2> <Width = 32> <Depth = 24> <RAM>
ST_4 : Operation 160 [1/1] (0.00ns)   --->   "%br_ln156 = br void %arrayidx601.exit" [../slidingwindow.h:156]   --->   Operation 160 'br' 'br_ln156' <Predicate = (!icmp_ln107 & and_ln153 & trunc_ln98 == 0)> <Delay = 0.00>
ST_4 : Operation 161 [1/1] (2.32ns)   --->   "%store_ln156 = store i32 %inElem_3, i5 %inputBuf_3_addr_6" [../slidingwindow.h:156]   --->   Operation 161 'store' 'store_ln156' <Predicate = (!icmp_ln107 & and_ln153 & trunc_ln98 == 3)> <Delay = 2.32> <CoreInst = "RAM">   --->   Core 82 'RAM' <Latency = 1> <II = 1> <Delay = 2.32> <Storage> <Opcode : 'load' 'store'> <Ports = 2> <Width = 32> <Depth = 24> <RAM>
ST_4 : Operation 162 [1/1] (0.00ns)   --->   "%br_ln156 = br void %arrayidx601.exit" [../slidingwindow.h:156]   --->   Operation 162 'br' 'br_ln156' <Predicate = (!icmp_ln107 & and_ln153 & trunc_ln98 == 3)> <Delay = 0.00>
ST_4 : Operation 163 [1/1] (3.63ns)   --->   "%inElem = read i32 @_ssdm_op_Read.ap_fifo.volatile.i32P0A, i32 %wa_in_i2910" [../slidingwindow.h:109]   --->   Operation 163 'read' 'inElem' <Predicate = (icmp_ln107)> <Delay = 3.63> <CoreInst = "FIFO_SRL">   --->   Core 81 'FIFO_SRL' <Latency = 0> <II = 1> <Delay = 3.63> <Storage> <Opcode : 'read' 'write' 'nbread' 'nbwrite'> <Ports = 0> <Width = 32> <Depth = 2> <FIFO>
ST_4 : Operation 164 [1/1] (0.00ns)   --->   "%zext_ln110 = zext i32 %current_line_load_4" [../slidingwindow.h:110]   --->   Operation 164 'zext' 'zext_ln110' <Predicate = (icmp_ln107)> <Delay = 0.00>
ST_4 : Operation 165 [1/1] (0.00ns)   --->   "%inputBuf_addr = getelementptr i32 %inputBuf, i64 0, i64 %zext_ln110" [../slidingwindow.h:110]   --->   Operation 165 'getelementptr' 'inputBuf_addr' <Predicate = (icmp_ln107)> <Delay = 0.00>
ST_4 : Operation 166 [1/1] (0.00ns)   --->   "%inputBuf_1_addr = getelementptr i32 %inputBuf_1, i64 0, i64 %zext_ln110" [../slidingwindow.h:110]   --->   Operation 166 'getelementptr' 'inputBuf_1_addr' <Predicate = (icmp_ln107)> <Delay = 0.00>
ST_4 : Operation 167 [1/1] (0.00ns)   --->   "%inputBuf_2_addr = getelementptr i32 %inputBuf_2, i64 0, i64 %zext_ln110" [../slidingwindow.h:110]   --->   Operation 167 'getelementptr' 'inputBuf_2_addr' <Predicate = (icmp_ln107)> <Delay = 0.00>
ST_4 : Operation 168 [1/1] (0.00ns)   --->   "%inputBuf_3_addr = getelementptr i32 %inputBuf_3, i64 0, i64 %zext_ln110" [../slidingwindow.h:110]   --->   Operation 168 'getelementptr' 'inputBuf_3_addr' <Predicate = (icmp_ln107)> <Delay = 0.00>
ST_4 : Operation 169 [1/1] (2.32ns)   --->   "%store_ln110 = store i32 %inElem, i5 %inputBuf_2_addr" [../slidingwindow.h:110]   --->   Operation 169 'store' 'store_ln110' <Predicate = (icmp_ln107 & trunc_ln98 == 2)> <Delay = 2.32> <CoreInst = "RAM">   --->   Core 82 'RAM' <Latency = 1> <II = 1> <Delay = 2.32> <Storage> <Opcode : 'load' 'store'> <Ports = 2> <Width = 32> <Depth = 24> <RAM>
ST_4 : Operation 170 [1/1] (0.00ns)   --->   "%br_ln110 = br void %arrayidx73.exit" [../slidingwindow.h:110]   --->   Operation 170 'br' 'br_ln110' <Predicate = (icmp_ln107 & trunc_ln98 == 2)> <Delay = 0.00>
ST_4 : Operation 171 [1/1] (2.32ns)   --->   "%store_ln110 = store i32 %inElem, i5 %inputBuf_1_addr" [../slidingwindow.h:110]   --->   Operation 171 'store' 'store_ln110' <Predicate = (icmp_ln107 & trunc_ln98 == 1)> <Delay = 2.32> <CoreInst = "RAM">   --->   Core 82 'RAM' <Latency = 1> <II = 1> <Delay = 2.32> <Storage> <Opcode : 'load' 'store'> <Ports = 2> <Width = 32> <Depth = 24> <RAM>
ST_4 : Operation 172 [1/1] (0.00ns)   --->   "%br_ln110 = br void %arrayidx73.exit" [../slidingwindow.h:110]   --->   Operation 172 'br' 'br_ln110' <Predicate = (icmp_ln107 & trunc_ln98 == 1)> <Delay = 0.00>
ST_4 : Operation 173 [1/1] (2.32ns)   --->   "%store_ln110 = store i32 %inElem, i5 %inputBuf_addr" [../slidingwindow.h:110]   --->   Operation 173 'store' 'store_ln110' <Predicate = (icmp_ln107 & trunc_ln98 == 0)> <Delay = 2.32> <CoreInst = "RAM">   --->   Core 82 'RAM' <Latency = 1> <II = 1> <Delay = 2.32> <Storage> <Opcode : 'load' 'store'> <Ports = 2> <Width = 32> <Depth = 24> <RAM>
ST_4 : Operation 174 [1/1] (0.00ns)   --->   "%br_ln110 = br void %arrayidx73.exit" [../slidingwindow.h:110]   --->   Operation 174 'br' 'br_ln110' <Predicate = (icmp_ln107 & trunc_ln98 == 0)> <Delay = 0.00>
ST_4 : Operation 175 [1/1] (2.32ns)   --->   "%store_ln110 = store i32 %inElem, i5 %inputBuf_3_addr" [../slidingwindow.h:110]   --->   Operation 175 'store' 'store_ln110' <Predicate = (icmp_ln107 & trunc_ln98 == 3)> <Delay = 2.32> <CoreInst = "RAM">   --->   Core 82 'RAM' <Latency = 1> <II = 1> <Delay = 2.32> <Storage> <Opcode : 'load' 'store'> <Ports = 2> <Width = 32> <Depth = 24> <RAM>
ST_4 : Operation 176 [1/1] (0.00ns)   --->   "%br_ln110 = br void %arrayidx73.exit" [../slidingwindow.h:110]   --->   Operation 176 'br' 'br_ln110' <Predicate = (icmp_ln107 & trunc_ln98 == 3)> <Delay = 0.00>
ST_4 : Operation 178 [1/1] (0.00ns)   --->   "%ret_ln0 = ret"   --->   Operation 178 'ret' 'ret_ln0' <Predicate = (icmp_ln104)> <Delay = 0.00>

State 5 <SV = 4> <Delay = 3.63>
ST_5 : Operation 177 [1/1] (3.63ns)   --->   "%write_ln130 = write void @_ssdm_op_Write.ap_fifo.volatile.i32P0A, i32 %convInp_i31, i32 %p_0" [../slidingwindow.h:130]   --->   Operation 177 'write' 'write_ln130' <Predicate = (!icmp_ln107 & icmp_ln123)> <Delay = 3.63> <CoreInst = "FIFO_SRL">   --->   Core 81 'FIFO_SRL' <Latency = 0> <II = 1> <Delay = 3.63> <Storage> <Opcode : 'read' 'write' 'nbread' 'nbwrite'> <Ports = 0> <Width = 32> <Depth = 2> <FIFO>


============================================================
+ Verbose Summary: Timing violations
============================================================
Target clock period: 10.000ns, clock uncertainty: 2.700ns.

 <State 1>: 1.827ns
The critical path consists of the following:
	'alloca' operation 32 bit ('read_block', ../slidingwindow.h:101) [4]  (0.000 ns)
	'store' operation 0 bit ('store_ln101', ../slidingwindow.h:101) of constant 0 on local variable 'read_block', ../slidingwindow.h:101 [30]  (1.827 ns)

 <State 2>: 4.751ns
The critical path consists of the following:
	'load' operation 8 bit ('i', ../slidingwindow.h:105) on local variable 'i', ../slidingwindow.h:105 [33]  (0.000 ns)
	'icmp' operation 1 bit ('icmp_ln105', ../slidingwindow.h:105) [45]  (1.915 ns)
	'select' operation 8 bit ('i', ../slidingwindow.h:105) [195]  (1.248 ns)
	'store' operation 0 bit ('store_ln105', ../slidingwindow.h:105) of variable 'i', ../slidingwindow.h:105 on local variable 'i', ../slidingwindow.h:105 [197]  (1.588 ns)

 <State 3>: 7.670ns
The critical path consists of the following:
	'load' operation 32 bit ('k_y_load', ../slidingwindow.h:124) on local variable 'k_y', ../slidingwindow.h:102 [56]  (0.000 ns)
	'add' operation 32 bit ('k_y', ../slidingwindow.h:124) [59]  (2.552 ns)
	'icmp' operation 1 bit ('icmp_ln138', ../slidingwindow.h:138) [91]  (2.552 ns)
	'select' operation 32 bit ('inp', ../slidingwindow.h:138) [92]  (0.698 ns)
	'store' operation 0 bit ('store_ln102', ../slidingwindow.h:102) of variable 'inp', ../slidingwindow.h:138 on local variable 'inp', ../slidingwindow.h:102 [94]  (1.707 ns)
	blocking operation 0.1607 ns on control path)

 <State 4>: 5.956ns
The critical path consists of the following:
	fifo read operation ('inElem', ../slidingwindow.h:155) on port 'wa_in_i2910' (../slidingwindow.h:155) [108]  (3.634 ns)
	'store' operation 0 bit ('store_ln156', ../slidingwindow.h:156) of variable 'inElem', ../slidingwindow.h:155 on array 'inputBuf', ../slidingwindow.h:88 [119]  (2.322 ns)

 <State 5>: 3.634ns
The critical path consists of the following:
	fifo write operation ('write_ln130', ../slidingwindow.h:130) on port 'convInp_i31' (../slidingwindow.h:130) [75]  (3.634 ns)


============================================================
+ Verbose Summary: Binding
============================================================
N/A
* FSMD analyzer results:
  - Output states:
 - Input state : 
  - Chain level:
	State 1
	State 2
	State 3
	State 4
	State 5


============================================================
+ Verbose Summary: Datapath Resource usage 
============================================================
N/A
