

================================================================
== Vitis HLS Report for 'DoCompute_Loop_VITIS_LOOP_268_1_proc6_Pipeline_VITIS_LOOP_268_1'
================================================================
* Date:           Thu May 29 09:36:49 2025

* Version:        2023.2.2 (Build 4101106 on Feb  9 2024)
* Project:        hw
* Solution:       solution1 (Vivado IP Flow Target)
* Product family: zynq
* Target device:  xc7z020-clg400-1


================================================================
== Performance Estimates
================================================================
+ Timing: 
    * Summary: 
    +--------+----------+----------+------------+
    |  Clock |  Target  | Estimated| Uncertainty|
    +--------+----------+----------+------------+
    |ap_clk  |  10.00 ns|  7.390 ns|     2.70 ns|
    +--------+----------+----------+------------+

+ Latency: 
    * Summary: 
    +---------+---------+----------+----------+-----+-----+---------+
    |  Latency (cycles) |  Latency (absolute) |  Interval | Pipeline|
    |   min   |   max   |    min   |    max   | min | max |   Type  |
    +---------+---------+----------+----------+-----+-----+---------+
    |        ?|        ?|         ?|         ?|    ?|    ?|       no|
    +---------+---------+----------+----------+-----+-----+---------+

    + Detail: 
        * Instance: 
        N/A

        * Loop: 
        +--------------------+---------+---------+----------+-----------+-----------+------+----------+
        |                    |  Latency (cycles) | Iteration|  Initiation Interval  | Trip |          |
        |      Loop Name     |   min   |   max   |  Latency |  achieved |   target  | Count| Pipelined|
        +--------------------+---------+---------+----------+-----------+-----------+------+----------+
        |- VITIS_LOOP_268_1  |        ?|        ?|         3|          1|          1|     ?|       yes|
        +--------------------+---------+---------+----------+-----------+-----------+------+----------+



================================================================
== Utilization Estimates
================================================================
* Summary: 
+-----------------+---------+-----+--------+-------+-----+
|       Name      | BRAM_18K| DSP |   FF   |  LUT  | URAM|
+-----------------+---------+-----+--------+-------+-----+
|DSP              |        -|    -|       -|      -|    -|
|Expression       |        -|    -|       0|    235|    -|
|FIFO             |        -|    -|       -|      -|    -|
|Instance         |        -|    -|       -|      -|    -|
|Memory           |        -|    -|       -|      -|    -|
|Multiplexer      |        -|    -|       -|     90|    -|
|Register         |        -|    -|     554|      -|    -|
+-----------------+---------+-----+--------+-------+-----+
|Total            |        0|    0|     554|    325|    0|
+-----------------+---------+-----+--------+-------+-----+
|Available        |      280|  220|  106400|  53200|    0|
+-----------------+---------+-----+--------+-------+-----+
|Utilization (%)  |        0|    0|      ~0|     ~0|    0|
+-----------------+---------+-----+--------+-------+-----+

+ Detail: 
    * Instance: 
    N/A

    * DSP: 
    N/A

    * Memory: 
    N/A

    * FIFO: 
    N/A

    * Expression: 
    +----------------------------------+----------+----+---+----+------------+------------+
    |           Variable Name          | Operation| DSP| FF| LUT| Bitwidth P0| Bitwidth P1|
    +----------------------------------+----------+----+---+----+------------+------------+
    |o_10_fu_118_p2                    |         +|   0|  0|  39|          32|           1|
    |t_24_fu_106_p2                    |         +|   0|  0|  39|          32|           1|
    |ap_block_state3_pp0_stage0_iter2  |       and|   0|  0|   2|           1|           1|
    |ap_predicate_op27_read_state3     |       and|   0|  0|   2|           1|           1|
    |icmp_ln268_fu_101_p2              |      icmp|   0|  0|  39|          32|          32|
    |icmp_ln271_fu_112_p2              |      icmp|   0|  0|  39|          32|           1|
    |icmp_ln282_fu_124_p2              |      icmp|   0|  0|  39|          32|           3|
    |ap_block_pp0_stage0_01001         |        or|   0|  0|   2|           1|           1|
    |o_11_fu_130_p3                    |    select|   0|  0|  32|           1|           1|
    |ap_enable_pp0                     |       xor|   0|  0|   2|           1|           2|
    +----------------------------------+----------+----+---+----+------------+------------+
    |Total                             |          |   0|  0| 235|         165|          44|
    +----------------------------------+----------+----+---+----+------------+------------+

    * Multiplexer: 
    +----------------------------------+----+-----------+-----+-----------+
    |               Name               | LUT| Input Size| Bits| Total Bits|
    +----------------------------------+----+-----------+-----+-----------+
    |ap_done_int                       |   9|          2|    1|          2|
    |ap_enable_reg_pp0_iter1           |   9|          2|    1|          2|
    |ap_enable_reg_pp0_iter2           |   9|          2|    1|          2|
    |ap_phi_mux_ei_6_phi_fu_74_p4      |   9|          2|  128|        256|
    |ap_phi_reg_pp0_iter3_ei_6_reg_71  |   9|          2|  128|        256|
    |ei_fu_40                          |   9|          2|   96|        192|
    |inter4_blk_n                      |   9|          2|    1|          2|
    |o_fu_44                           |   9|          2|   32|         64|
    |t_fu_48                           |   9|          2|   32|         64|
    |wa_in_10_blk_n                    |   9|          2|    1|          2|
    +----------------------------------+----+-----------+-----+-----------+
    |Total                             |  90|         20|  421|        842|
    +----------------------------------+----+-----------+-----+-----------+

    * Register: 
    +----------------------------------+-----+----+-----+-----------+
    |               Name               |  FF | LUT| Bits| Const Bits|
    +----------------------------------+-----+----+-----+-----------+
    |ap_CS_fsm                         |    1|   0|    1|          0|
    |ap_done_reg                       |    1|   0|    1|          0|
    |ap_enable_reg_pp0_iter1           |    1|   0|    1|          0|
    |ap_enable_reg_pp0_iter2           |    1|   0|    1|          0|
    |ap_enable_reg_pp0_iter3           |    1|   0|    1|          0|
    |ap_loop_exit_ready_pp0_iter2_reg  |    1|   0|    1|          0|
    |ap_phi_reg_pp0_iter1_ei_6_reg_71  |  128|   0|  128|          0|
    |ap_phi_reg_pp0_iter2_ei_6_reg_71  |  128|   0|  128|          0|
    |ap_phi_reg_pp0_iter3_ei_6_reg_71  |  128|   0|  128|          0|
    |ei_fu_40                          |   96|   0|   96|          0|
    |icmp_ln268_reg_202                |    1|   0|    1|          0|
    |icmp_ln268_reg_202_pp0_iter2_reg  |    1|   0|    1|          0|
    |icmp_ln271_reg_206                |    1|   0|    1|          0|
    |icmp_ln271_reg_206_pp0_iter2_reg  |    1|   0|    1|          0|
    |o_fu_44                           |   32|   0|   32|          0|
    |t_fu_48                           |   32|   0|   32|          0|
    +----------------------------------+-----+----+-----+-----------+
    |Total                             |  554|   0|  554|          0|
    +----------------------------------+-----+----+-----+-----------+



================================================================
== Interface
================================================================
* Summary: 
+-------------------------+-----+-----+------------+-----------------------------------------------------------------+--------------+
|        RTL Ports        | Dir | Bits|  Protocol  |                          Source Object                          |    C Type    |
+-------------------------+-----+-----+------------+-----------------------------------------------------------------+--------------+
|ap_clk                   |   in|    1|  ap_ctrl_hs|  DoCompute_Loop_VITIS_LOOP_268_1_proc6_Pipeline_VITIS_LOOP_268_1|  return value|
|ap_rst                   |   in|    1|  ap_ctrl_hs|  DoCompute_Loop_VITIS_LOOP_268_1_proc6_Pipeline_VITIS_LOOP_268_1|  return value|
|ap_start                 |   in|    1|  ap_ctrl_hs|  DoCompute_Loop_VITIS_LOOP_268_1_proc6_Pipeline_VITIS_LOOP_268_1|  return value|
|ap_done                  |  out|    1|  ap_ctrl_hs|  DoCompute_Loop_VITIS_LOOP_268_1_proc6_Pipeline_VITIS_LOOP_268_1|  return value|
|ap_idle                  |  out|    1|  ap_ctrl_hs|  DoCompute_Loop_VITIS_LOOP_268_1_proc6_Pipeline_VITIS_LOOP_268_1|  return value|
|ap_ready                 |  out|    1|  ap_ctrl_hs|  DoCompute_Loop_VITIS_LOOP_268_1_proc6_Pipeline_VITIS_LOOP_268_1|  return value|
|inter4_dout              |   in|  128|     ap_fifo|                                                           inter4|       pointer|
|inter4_num_data_valid    |   in|    8|     ap_fifo|                                                           inter4|       pointer|
|inter4_fifo_cap          |   in|    8|     ap_fifo|                                                           inter4|       pointer|
|inter4_empty_n           |   in|    1|     ap_fifo|                                                           inter4|       pointer|
|inter4_read              |  out|    1|     ap_fifo|                                                           inter4|       pointer|
|wa_in_10_din             |  out|   32|     ap_fifo|                                                         wa_in_10|       pointer|
|wa_in_10_num_data_valid  |   in|    3|     ap_fifo|                                                         wa_in_10|       pointer|
|wa_in_10_fifo_cap        |   in|    3|     ap_fifo|                                                         wa_in_10|       pointer|
|wa_in_10_full_n          |   in|    1|     ap_fifo|                                                         wa_in_10|       pointer|
|wa_in_10_write           |  out|    1|     ap_fifo|                                                         wa_in_10|       pointer|
|p_read                   |   in|   32|     ap_none|                                                           p_read|        scalar|
+-------------------------+-----+-----+------------+-----------------------------------------------------------------+--------------+

============================================================
+ Verbose Summary: Synthesis Manager
============================================================
InlineROM: 1
ExposeGlobal: 0
============================================================
+ Verbose Summary: CDFG Model
============================================================
IsTopModel: 0
ResetActiveHigh: 1
IsCombinational: 2
IsDatapathOnly: 2
HasWiredReturn: 1
HasMFsm: 2
HasVarLatency: 1
IsPipeline: 0
IsRtlPipelined: 0
IsInstanceOverlapped: 0
IsDontTouch: 0
HasImplIP: 0
IsGatedGlobalClock: 0

+ Individual pipeline summary: 
  * Pipeline-0: initiation interval (II) = 1, depth = 4


============================================================
+ Verbose Summary: Schedule
============================================================
* Number of FSM states : 4
* Pipeline : 1
  Pipeline-0 : II = 1, D = 4, States = { 1 2 3 4 }
* Dataflow Pipeline: 0

* FSM state transitions: 
1 --> 2 
2 --> 3 
3 --> 4 
4 --> 

* FSM state operations: 

State 1 <SV = 0> <Delay = 1.58>
ST_1 : Operation 6 [1/1] (0.00ns)   --->   "%ei = alloca i32 1" [../streamtools.h:267->../streamtools.h:720->../convlayer.h:113->../top.cpp:134]   --->   Operation 6 'alloca' 'ei' <Predicate = true> <Delay = 0.00>
ST_1 : Operation 7 [1/1] (0.00ns)   --->   "%o = alloca i32 1" [../streamtools.h:266->../streamtools.h:720->../convlayer.h:113->../top.cpp:134]   --->   Operation 7 'alloca' 'o' <Predicate = true> <Delay = 0.00>
ST_1 : Operation 8 [1/1] (0.00ns)   --->   "%t = alloca i32 1" [../streamtools.h:268->../streamtools.h:720->../convlayer.h:113->../top.cpp:134]   --->   Operation 8 'alloca' 't' <Predicate = true> <Delay = 0.00>
ST_1 : Operation 9 [1/1] (0.00ns)   --->   "%specinterface_ln0 = specinterface void @_ssdm_op_SpecInterface, i32 %wa_in_10, void @empty_11, i32 0, i32 0, void @empty_22, i32 0, i32 0, void @empty_22, void @empty_22, void @empty_22, i32 0, i32 0, i32 0, i32 0, void @empty_22, void @empty_22, i32 4294967295, i32 0"   --->   Operation 9 'specinterface' 'specinterface_ln0' <Predicate = true> <Delay = 0.00>
ST_1 : Operation 10 [1/1] (0.00ns)   --->   "%specinterface_ln0 = specinterface void @_ssdm_op_SpecInterface, i128 %inter4, void @empty_11, i32 0, i32 0, void @empty_22, i32 0, i32 0, void @empty_22, void @empty_22, void @empty_22, i32 0, i32 0, i32 0, i32 0, void @empty_22, void @empty_22, i32 4294967295, i32 0"   --->   Operation 10 'specinterface' 'specinterface_ln0' <Predicate = true> <Delay = 0.00>
ST_1 : Operation 11 [1/1] (0.00ns)   --->   "%p_read_10 = read i32 @_ssdm_op_Read.ap_auto.i32, i32 %p_read"   --->   Operation 11 'read' 'p_read_10' <Predicate = true> <Delay = 0.00>
ST_1 : Operation 12 [1/1] (1.58ns)   --->   "%store_ln268 = store i32 0, i32 %t" [../streamtools.h:268->../streamtools.h:720->../convlayer.h:113->../top.cpp:134]   --->   Operation 12 'store' 'store_ln268' <Predicate = true> <Delay = 1.58>
ST_1 : Operation 13 [1/1] (1.58ns)   --->   "%store_ln266 = store i32 0, i32 %o" [../streamtools.h:266->../streamtools.h:720->../convlayer.h:113->../top.cpp:134]   --->   Operation 13 'store' 'store_ln266' <Predicate = true> <Delay = 1.58>
ST_1 : Operation 14 [1/1] (1.58ns)   --->   "%store_ln267 = store i96 0, i96 %ei" [../streamtools.h:267->../streamtools.h:720->../convlayer.h:113->../top.cpp:134]   --->   Operation 14 'store' 'store_ln267' <Predicate = true> <Delay = 1.58>
ST_1 : Operation 15 [1/1] (0.00ns)   --->   "%br_ln0 = br void %for.body.i.i105.i"   --->   Operation 15 'br' 'br_ln0' <Predicate = true> <Delay = 0.00>

State 2 <SV = 1> <Delay = 7.39>
ST_2 : Operation 16 [1/1] (0.00ns)   --->   "%o_9 = load i32 %o" [../streamtools.h:280->../streamtools.h:720->../convlayer.h:113->../top.cpp:134]   --->   Operation 16 'load' 'o_9' <Predicate = true> <Delay = 0.00>
ST_2 : Operation 17 [1/1] (0.00ns)   --->   "%t_23 = load i32 %t" [../streamtools.h:268->../streamtools.h:720->../convlayer.h:113->../top.cpp:134]   --->   Operation 17 'load' 't_23' <Predicate = true> <Delay = 0.00>
ST_2 : Operation 18 [1/1] (2.55ns)   --->   "%icmp_ln268 = icmp_eq  i32 %t_23, i32 %p_read_10" [../streamtools.h:268->../streamtools.h:720->../convlayer.h:113->../top.cpp:134]   --->   Operation 18 'icmp' 'icmp_ln268' <Predicate = true> <Delay = 2.55> <CoreInst = "Cmp">   --->   Core 9 'Cmp' <Latency = 0> <II = 1> <Delay = 2.55> <FuncUnit> <Opcode : 'icmp'> <InPorts = 2> <OutPorts = 1>
ST_2 : Operation 19 [1/1] (2.55ns)   --->   "%t_24 = add i32 %t_23, i32 1" [../streamtools.h:268->../streamtools.h:720->../convlayer.h:113->../top.cpp:134]   --->   Operation 19 'add' 't_24' <Predicate = true> <Delay = 2.55> <CoreInst = "Adder">   --->   Core 1 'Adder' <Latency = 0> <II = 1> <Delay = 2.55> <FuncUnit> <Opcode : 'add' 'sub'> <InPorts = 2> <OutPorts = 1>
ST_2 : Operation 20 [1/1] (0.00ns)   --->   "%br_ln268 = br i1 %icmp_ln268, void %for.body.i.i105.split.i, void %DoCompute_Loop_VITIS_LOOP_268_1_proc6.exit.exitStub" [../streamtools.h:268->../streamtools.h:720->../convlayer.h:113->../top.cpp:134]   --->   Operation 20 'br' 'br_ln268' <Predicate = true> <Delay = 0.00>
ST_2 : Operation 21 [1/1] (2.55ns)   --->   "%icmp_ln271 = icmp_eq  i32 %o_9, i32 0" [../streamtools.h:271->../streamtools.h:720->../convlayer.h:113->../top.cpp:134]   --->   Operation 21 'icmp' 'icmp_ln271' <Predicate = (!icmp_ln268)> <Delay = 2.55> <CoreInst = "Cmp">   --->   Core 9 'Cmp' <Latency = 0> <II = 1> <Delay = 2.55> <FuncUnit> <Opcode : 'icmp'> <InPorts = 2> <OutPorts = 1>
ST_2 : Operation 22 [1/1] (2.55ns)   --->   "%o_10 = add i32 %o_9, i32 1" [../streamtools.h:280->../streamtools.h:720->../convlayer.h:113->../top.cpp:134]   --->   Operation 22 'add' 'o_10' <Predicate = (!icmp_ln268)> <Delay = 2.55> <CoreInst = "Adder">   --->   Core 1 'Adder' <Latency = 0> <II = 1> <Delay = 2.55> <FuncUnit> <Opcode : 'add' 'sub'> <InPorts = 2> <OutPorts = 1>
ST_2 : Operation 23 [1/1] (2.55ns)   --->   "%icmp_ln282 = icmp_eq  i32 %o_10, i32 4" [../streamtools.h:282->../streamtools.h:720->../convlayer.h:113->../top.cpp:134]   --->   Operation 23 'icmp' 'icmp_ln282' <Predicate = (!icmp_ln268)> <Delay = 2.55> <CoreInst = "Cmp">   --->   Core 9 'Cmp' <Latency = 0> <II = 1> <Delay = 2.55> <FuncUnit> <Opcode : 'icmp'> <InPorts = 2> <OutPorts = 1>
ST_2 : Operation 24 [1/1] (0.69ns)   --->   "%o_11 = select i1 %icmp_ln282, i32 0, i32 %o_10" [../streamtools.h:282->../streamtools.h:720->../convlayer.h:113->../top.cpp:134]   --->   Operation 24 'select' 'o_11' <Predicate = (!icmp_ln268)> <Delay = 0.69> <CoreInst = "Sel">   --->   Core 73 'Sel' <Latency = 0> <II = 1> <Delay = 0.69> <FuncUnit> <Opcode : 'select'> <InPorts = 3> <OutPorts = 1>
ST_2 : Operation 25 [1/1] (1.58ns)   --->   "%store_ln268 = store i32 %t_24, i32 %t" [../streamtools.h:268->../streamtools.h:720->../convlayer.h:113->../top.cpp:134]   --->   Operation 25 'store' 'store_ln268' <Predicate = (!icmp_ln268)> <Delay = 1.58>
ST_2 : Operation 26 [1/1] (1.58ns)   --->   "%store_ln266 = store i32 %o_11, i32 %o" [../streamtools.h:266->../streamtools.h:720->../convlayer.h:113->../top.cpp:134]   --->   Operation 26 'store' 'store_ln266' <Predicate = (!icmp_ln268)> <Delay = 1.58>

State 3 <SV = 2> <Delay = 5.11>
ST_3 : Operation 27 [1/1] (3.52ns)   --->   "%ei_5 = read i128 @_ssdm_op_Read.ap_fifo.volatile.i128P0A, i128 %inter4" [../streamtools.h:272->../streamtools.h:720->../convlayer.h:113->../top.cpp:134]   --->   Operation 27 'read' 'ei_5' <Predicate = (!icmp_ln268 & icmp_ln271)> <Delay = 3.52> <CoreInst = "FIFO">   --->   Core 78 'FIFO' <Latency = 0> <II = 1> <Delay = 3.52> <Storage> <Opcode : 'read' 'write' 'nbread' 'nbwrite'> <Ports = 0> <Width = 128> <Depth = 128> <FIFO>
ST_3 : Operation 28 [1/1] (1.58ns)   --->   "%br_ln273 = br void %if.end.i.i115.i" [../streamtools.h:273->../streamtools.h:720->../convlayer.h:113->../top.cpp:134]   --->   Operation 28 'br' 'br_ln273' <Predicate = (!icmp_ln268 & icmp_ln271)> <Delay = 1.58>
ST_3 : Operation 40 [1/1] (0.00ns)   --->   "%ret_ln0 = ret"   --->   Operation 40 'ret' 'ret_ln0' <Predicate = (icmp_ln268)> <Delay = 0.00>

State 4 <SV = 3> <Delay = 5.22>
ST_4 : Operation 29 [1/1] (0.00ns)   --->   "%ei_load = load i96 %ei" [../streamtools.h:268->../streamtools.h:720->../convlayer.h:113->../top.cpp:134]   --->   Operation 29 'load' 'ei_load' <Predicate = (!icmp_ln268)> <Delay = 0.00>
ST_4 : Operation 30 [1/1] (0.00ns)   --->   "%zext_ln268 = zext i96 %ei_load" [../streamtools.h:268->../streamtools.h:720->../convlayer.h:113->../top.cpp:134]   --->   Operation 30 'zext' 'zext_ln268' <Predicate = (!icmp_ln268)> <Delay = 0.00>
ST_4 : Operation 31 [1/1] (0.00ns)   --->   "%specpipeline_ln269 = specpipeline void @_ssdm_op_SpecPipeline, i32 1, i32 0, i32 0, i32 0, void @empty_22" [../streamtools.h:269->../streamtools.h:720->../convlayer.h:113->../top.cpp:134]   --->   Operation 31 'specpipeline' 'specpipeline_ln269' <Predicate = (!icmp_ln268)> <Delay = 0.00>
ST_4 : Operation 32 [1/1] (0.00ns)   --->   "%specloopname_ln268 = specloopname void @_ssdm_op_SpecLoopName, void @empty_4" [../streamtools.h:268->../streamtools.h:720->../convlayer.h:113->../top.cpp:134]   --->   Operation 32 'specloopname' 'specloopname_ln268' <Predicate = (!icmp_ln268)> <Delay = 0.00>
ST_4 : Operation 33 [1/1] (1.58ns)   --->   "%br_ln271 = br i1 %icmp_ln271, void %if.end.i.i115.i, void %if.then2.i.i106.i" [../streamtools.h:271->../streamtools.h:720->../convlayer.h:113->../top.cpp:134]   --->   Operation 33 'br' 'br_ln271' <Predicate = (!icmp_ln268)> <Delay = 1.58>
ST_4 : Operation 34 [1/1] (0.00ns)   --->   "%ei_6 = phi i128 %ei_5, void %if.then2.i.i106.i, i128 %zext_ln268, void %for.body.i.i105.split.i"   --->   Operation 34 'phi' 'ei_6' <Predicate = true> <Delay = 0.00>
ST_4 : Operation 35 [1/1] (0.00ns)   --->   "%eo = trunc i128 %ei_6" [../streamtools.h:275->../streamtools.h:720->../convlayer.h:113->../top.cpp:134]   --->   Operation 35 'trunc' 'eo' <Predicate = true> <Delay = 0.00>
ST_4 : Operation 36 [1/1] (3.63ns)   --->   "%write_ln276 = write void @_ssdm_op_Write.ap_fifo.volatile.i32P0A, i32 %wa_in_10, i32 %eo" [../streamtools.h:276->../streamtools.h:720->../convlayer.h:113->../top.cpp:134]   --->   Operation 36 'write' 'write_ln276' <Predicate = true> <Delay = 3.63> <CoreInst = "FIFO_SRL">   --->   Core 81 'FIFO_SRL' <Latency = 0> <II = 1> <Delay = 3.63> <Storage> <Opcode : 'read' 'write' 'nbread' 'nbwrite'> <Ports = 0> <Width = 32> <Depth = 2> <FIFO>
ST_4 : Operation 37 [1/1] (0.00ns)   --->   "%trunc_ln = partselect i96 @_ssdm_op_PartSelect.i96.i128.i32.i32, i128 %ei_6, i32 32, i32 127" [../streamtools.h:280->../streamtools.h:720->../convlayer.h:113->../top.cpp:134]   --->   Operation 37 'partselect' 'trunc_ln' <Predicate = true> <Delay = 0.00>
ST_4 : Operation 38 [1/1] (1.58ns)   --->   "%store_ln267 = store i96 %trunc_ln, i96 %ei" [../streamtools.h:267->../streamtools.h:720->../convlayer.h:113->../top.cpp:134]   --->   Operation 38 'store' 'store_ln267' <Predicate = true> <Delay = 1.58>
ST_4 : Operation 39 [1/1] (0.00ns)   --->   "%br_ln268 = br void %for.body.i.i105.i" [../streamtools.h:268->../streamtools.h:720->../convlayer.h:113->../top.cpp:134]   --->   Operation 39 'br' 'br_ln268' <Predicate = true> <Delay = 0.00>


============================================================
+ Verbose Summary: Binding
============================================================
STG Binding: 
---------------- STG Properties BEGIN ----------------
- Is combinational: 0
- Is one-state seq: 0
- Is datapath-only: 0
- Is pipelined: 0
- Is top level: 0
Port [ Return ] is wired: 1; IO mode=ap_ctrl_hs:ce=0
Port [ p_read]:  wired=1; compound=0; hidden=0; nouse=0; global=0; static=0; extern=0; dir=0; type=0; pingpong=0; private_global=0; IO mode=ap_none:ce=0
Port [ wa_in_10]:  wired=1; compound=1; hidden=0; nouse=0; global=0; static=0; extern=0; dir=1; type=3; pingpong=0; private_global=0; IO mode=ap_fifo:ce=0
Port [ inter4]:  wired=1; compound=1; hidden=0; nouse=0; global=0; static=0; extern=0; dir=0; type=3; pingpong=0; private_global=0; IO mode=ap_fifo:ce=0
---------------- STG Properties END ------------------

---------------- Datapath Model BEGIN ----------------

<LifeTime>
<method=bitvector/>
ei                 (alloca       ) [ 01111]
o                  (alloca       ) [ 01100]
t                  (alloca       ) [ 01100]
specinterface_ln0  (specinterface) [ 00000]
specinterface_ln0  (specinterface) [ 00000]
p_read_10          (read         ) [ 01100]
store_ln268        (store        ) [ 00000]
store_ln266        (store        ) [ 00000]
store_ln267        (store        ) [ 00000]
br_ln0             (br           ) [ 00000]
o_9                (load         ) [ 00000]
t_23               (load         ) [ 00000]
icmp_ln268         (icmp         ) [ 01111]
t_24               (add          ) [ 00000]
br_ln268           (br           ) [ 00000]
icmp_ln271         (icmp         ) [ 01011]
o_10               (add          ) [ 00000]
icmp_ln282         (icmp         ) [ 00000]
o_11               (select       ) [ 00000]
store_ln268        (store        ) [ 00000]
store_ln266        (store        ) [ 00000]
ei_5               (read         ) [ 01011]
br_ln273           (br           ) [ 01011]
ei_load            (load         ) [ 00000]
zext_ln268         (zext         ) [ 00000]
specpipeline_ln269 (specpipeline ) [ 00000]
specloopname_ln268 (specloopname ) [ 00000]
br_ln271           (br           ) [ 00000]
ei_6               (phi          ) [ 01001]
eo                 (trunc        ) [ 00000]
write_ln276        (write        ) [ 00000]
trunc_ln           (partselect   ) [ 00000]
store_ln267        (store        ) [ 00000]
br_ln268           (br           ) [ 00000]
ret_ln0            (ret          ) [ 00000]
</LifeTime>

<model>

<comp_list>
<comp id="0" class="1000" name="p_read">
<pin_list>
<pin id="1" dir="1" index="0" bw="1" slack="0"/>
</pin_list>
<bind>
<StgValue><ssdm name="p_read"/></StgValue>
</bind>
</comp>

<comp id="2" class="1000" name="wa_in_10">
<pin_list>
<pin id="3" dir="1" index="0" bw="1" slack="0"/>
</pin_list>
<bind>
<StgValue><ssdm name="wa_in_10"/></StgValue>
</bind>
</comp>

<comp id="4" class="1000" name="inter4">
<pin_list>
<pin id="5" dir="1" index="0" bw="1" slack="0"/>
</pin_list>
<bind>
<StgValue><ssdm name="inter4"/></StgValue>
</bind>
</comp>

<comp id="6" class="1001" name="const_6">
<pin_list>
<pin id="7" dir="1" index="0" bw="1" slack="0"/>
</pin_list>
<bind>
<StgValue><ssdm name=""/></StgValue>
</bind>
</comp>

<comp id="8" class="1001" name="const_8">
<pin_list>
<pin id="9" dir="1" index="0" bw="1" slack="2147483647"/>
</pin_list>
<bind>
<StgValue><ssdm name="_ssdm_op_SpecInterface"/></StgValue>
</bind>
</comp>

<comp id="10" class="1001" name="const_10">
<pin_list>
<pin id="11" dir="1" index="0" bw="1" slack="2147483647"/>
</pin_list>
<bind>
<StgValue><ssdm name="empty_11"/></StgValue>
</bind>
</comp>

<comp id="12" class="1001" name="const_12">
<pin_list>
<pin id="13" dir="1" index="0" bw="1" slack="0"/>
</pin_list>
<bind>
<StgValue><ssdm name=""/></StgValue>
</bind>
</comp>

<comp id="14" class="1001" name="const_14">
<pin_list>
<pin id="15" dir="1" index="0" bw="1" slack="2147483647"/>
</pin_list>
<bind>
<StgValue><ssdm name="empty_22"/></StgValue>
</bind>
</comp>

<comp id="16" class="1001" name="const_16">
<pin_list>
<pin id="17" dir="1" index="0" bw="1" slack="2147483647"/>
</pin_list>
<bind>
<StgValue><ssdm name=""/></StgValue>
</bind>
</comp>

<comp id="18" class="1001" name="const_18">
<pin_list>
<pin id="19" dir="1" index="0" bw="1" slack="0"/>
</pin_list>
<bind>
<StgValue><ssdm name="_ssdm_op_Read.ap_auto.i32"/></StgValue>
</bind>
</comp>

<comp id="20" class="1001" name="const_20">
<pin_list>
<pin id="21" dir="1" index="0" bw="1" slack="0"/>
</pin_list>
<bind>
<StgValue><ssdm name=""/></StgValue>
</bind>
</comp>

<comp id="22" class="1001" name="const_22">
<pin_list>
<pin id="23" dir="1" index="0" bw="1" slack="0"/>
</pin_list>
<bind>
<StgValue><ssdm name=""/></StgValue>
</bind>
</comp>

<comp id="24" class="1001" name="const_24">
<pin_list>
<pin id="25" dir="1" index="0" bw="1" slack="0"/>
</pin_list>
<bind>
<StgValue><ssdm name="_ssdm_op_Read.ap_fifo.volatile.i128P0A"/></StgValue>
</bind>
</comp>

<comp id="26" class="1001" name="const_26">
<pin_list>
<pin id="27" dir="1" index="0" bw="1" slack="2147483647"/>
</pin_list>
<bind>
<StgValue><ssdm name="_ssdm_op_SpecPipeline"/></StgValue>
</bind>
</comp>

<comp id="28" class="1001" name="const_28">
<pin_list>
<pin id="29" dir="1" index="0" bw="1" slack="2147483647"/>
</pin_list>
<bind>
<StgValue><ssdm name="_ssdm_op_SpecLoopName"/></StgValue>
</bind>
</comp>

<comp id="30" class="1001" name="const_30">
<pin_list>
<pin id="31" dir="1" index="0" bw="1" slack="2147483647"/>
</pin_list>
<bind>
<StgValue><ssdm name="empty_4"/></StgValue>
</bind>
</comp>

<comp id="32" class="1001" name="const_32">
<pin_list>
<pin id="33" dir="1" index="0" bw="1" slack="0"/>
</pin_list>
<bind>
<StgValue><ssdm name="_ssdm_op_Write.ap_fifo.volatile.i32P0A"/></StgValue>
</bind>
</comp>

<comp id="34" class="1001" name="const_34">
<pin_list>
<pin id="35" dir="1" index="0" bw="1" slack="0"/>
</pin_list>
<bind>
<StgValue><ssdm name="_ssdm_op_PartSelect.i96.i128.i32.i32"/></StgValue>
</bind>
</comp>

<comp id="36" class="1001" name="const_36">
<pin_list>
<pin id="37" dir="1" index="0" bw="1" slack="0"/>
</pin_list>
<bind>
<StgValue><ssdm name=""/></StgValue>
</bind>
</comp>

<comp id="38" class="1001" name="const_38">
<pin_list>
<pin id="39" dir="1" index="0" bw="1" slack="0"/>
</pin_list>
<bind>
<StgValue><ssdm name=""/></StgValue>
</bind>
</comp>

<comp id="40" class="1004" name="ei_fu_40">
<pin_list>
<pin id="41" dir="0" index="0" bw="1" slack="0"/>
<pin id="42" dir="1" index="1" bw="96" slack="0"/>
</pin_list>
<bind>
<opcode="alloca(26) " fcode="alloca"/>
<opset="ei/1 "/>
</bind>
</comp>

<comp id="44" class="1004" name="o_fu_44">
<pin_list>
<pin id="45" dir="0" index="0" bw="1" slack="0"/>
<pin id="46" dir="1" index="1" bw="32" slack="0"/>
</pin_list>
<bind>
<opcode="alloca(26) " fcode="alloca"/>
<opset="o/1 "/>
</bind>
</comp>

<comp id="48" class="1004" name="t_fu_48">
<pin_list>
<pin id="49" dir="0" index="0" bw="1" slack="0"/>
<pin id="50" dir="1" index="1" bw="32" slack="0"/>
</pin_list>
<bind>
<opcode="alloca(26) " fcode="alloca"/>
<opset="t/1 "/>
</bind>
</comp>

<comp id="52" class="1004" name="p_read_10_read_fu_52">
<pin_list>
<pin id="53" dir="0" index="0" bw="32" slack="0"/>
<pin id="54" dir="0" index="1" bw="32" slack="0"/>
<pin id="55" dir="1" index="2" bw="32" slack="1"/>
</pin_list>
<bind>
<opcode="read(1150) " fcode="read"/>
<opset="p_read_10/1 "/>
</bind>
</comp>

<comp id="58" class="1004" name="ei_5_read_fu_58">
<pin_list>
<pin id="59" dir="0" index="0" bw="128" slack="0"/>
<pin id="60" dir="0" index="1" bw="128" slack="0"/>
<pin id="61" dir="1" index="2" bw="128" slack="1"/>
</pin_list>
<bind>
<opcode="read(1150) " fcode="read"/>
<opset="ei_5/3 "/>
</bind>
</comp>

<comp id="64" class="1004" name="write_ln276_write_fu_64">
<pin_list>
<pin id="65" dir="0" index="0" bw="0" slack="0"/>
<pin id="66" dir="0" index="1" bw="32" slack="0"/>
<pin id="67" dir="0" index="2" bw="32" slack="0"/>
<pin id="68" dir="1" index="3" bw="0" slack="2147483647"/>
</pin_list>
<bind>
<opcode="write(1151) " fcode="write"/>
<opset="write_ln276/4 "/>
</bind>
</comp>

<comp id="71" class="1005" name="ei_6_reg_71">
<pin_list>
<pin id="72" dir="0" index="0" bw="128" slack="2147483647"/>
<pin id="73" dir="1" index="1" bw="128" slack="2147483647"/>
</pin_list>
<bind>
<opset="ei_6 (phireg) "/>
</bind>
</comp>

<comp id="74" class="1004" name="ei_6_phi_fu_74">
<pin_list>
<pin id="75" dir="0" index="0" bw="128" slack="1"/>
<pin id="76" dir="0" index="1" bw="0" slack="2147483647"/>
<pin id="77" dir="0" index="2" bw="96" slack="0"/>
<pin id="78" dir="0" index="3" bw="0" slack="2147483647"/>
<pin id="79" dir="1" index="4" bw="128" slack="0"/>
</pin_list>
<bind>
<opcode="phi(47) " fcode="phi"/>
<opset="ei_6/4 "/>
</bind>
</comp>

<comp id="80" class="1004" name="store_ln268_store_fu_80">
<pin_list>
<pin id="81" dir="0" index="0" bw="1" slack="0"/>
<pin id="82" dir="0" index="1" bw="32" slack="0"/>
<pin id="83" dir="1" index="2" bw="0" slack="2147483647"/>
</pin_list>
<bind>
<opcode="store(28) " fcode="store"/>
<opset="store_ln268/1 "/>
</bind>
</comp>

<comp id="85" class="1004" name="store_ln266_store_fu_85">
<pin_list>
<pin id="86" dir="0" index="0" bw="1" slack="0"/>
<pin id="87" dir="0" index="1" bw="32" slack="0"/>
<pin id="88" dir="1" index="2" bw="0" slack="2147483647"/>
</pin_list>
<bind>
<opcode="store(28) " fcode="store"/>
<opset="store_ln266/1 "/>
</bind>
</comp>

<comp id="90" class="1004" name="store_ln267_store_fu_90">
<pin_list>
<pin id="91" dir="0" index="0" bw="1" slack="0"/>
<pin id="92" dir="0" index="1" bw="96" slack="0"/>
<pin id="93" dir="1" index="2" bw="0" slack="2147483647"/>
</pin_list>
<bind>
<opcode="store(28) " fcode="store"/>
<opset="store_ln267/1 "/>
</bind>
</comp>

<comp id="95" class="1004" name="o_9_load_fu_95">
<pin_list>
<pin id="96" dir="0" index="0" bw="32" slack="1"/>
<pin id="97" dir="1" index="1" bw="32" slack="0"/>
</pin_list>
<bind>
<opcode="load(27) " fcode="load"/>
<opset="o_9/2 "/>
</bind>
</comp>

<comp id="98" class="1004" name="t_23_load_fu_98">
<pin_list>
<pin id="99" dir="0" index="0" bw="32" slack="1"/>
<pin id="100" dir="1" index="1" bw="32" slack="0"/>
</pin_list>
<bind>
<opcode="load(27) " fcode="load"/>
<opset="t_23/2 "/>
</bind>
</comp>

<comp id="101" class="1004" name="icmp_ln268_fu_101">
<pin_list>
<pin id="102" dir="0" index="0" bw="32" slack="0"/>
<pin id="103" dir="0" index="1" bw="32" slack="1"/>
<pin id="104" dir="1" index="2" bw="1" slack="1"/>
</pin_list>
<bind>
<opcode="icmp(45) " fcode="icmp"/>
<opset="icmp_ln268/2 "/>
</bind>
</comp>

<comp id="106" class="1004" name="t_24_fu_106">
<pin_list>
<pin id="107" dir="0" index="0" bw="32" slack="0"/>
<pin id="108" dir="0" index="1" bw="1" slack="0"/>
<pin id="109" dir="1" index="2" bw="32" slack="0"/>
</pin_list>
<bind>
<opcode="add(8) " fcode="add"/>
<opset="t_24/2 "/>
</bind>
</comp>

<comp id="112" class="1004" name="icmp_ln271_fu_112">
<pin_list>
<pin id="113" dir="0" index="0" bw="32" slack="0"/>
<pin id="114" dir="0" index="1" bw="32" slack="0"/>
<pin id="115" dir="1" index="2" bw="1" slack="1"/>
</pin_list>
<bind>
<opcode="icmp(45) " fcode="icmp"/>
<opset="icmp_ln271/2 "/>
</bind>
</comp>

<comp id="118" class="1004" name="o_10_fu_118">
<pin_list>
<pin id="119" dir="0" index="0" bw="32" slack="0"/>
<pin id="120" dir="0" index="1" bw="1" slack="0"/>
<pin id="121" dir="1" index="2" bw="32" slack="0"/>
</pin_list>
<bind>
<opcode="add(8) " fcode="add"/>
<opset="o_10/2 "/>
</bind>
</comp>

<comp id="124" class="1004" name="icmp_ln282_fu_124">
<pin_list>
<pin id="125" dir="0" index="0" bw="32" slack="0"/>
<pin id="126" dir="0" index="1" bw="32" slack="0"/>
<pin id="127" dir="1" index="2" bw="1" slack="0"/>
</pin_list>
<bind>
<opcode="icmp(45) " fcode="icmp"/>
<opset="icmp_ln282/2 "/>
</bind>
</comp>

<comp id="130" class="1004" name="o_11_fu_130">
<pin_list>
<pin id="131" dir="0" index="0" bw="1" slack="0"/>
<pin id="132" dir="0" index="1" bw="32" slack="0"/>
<pin id="133" dir="0" index="2" bw="32" slack="0"/>
<pin id="134" dir="1" index="3" bw="32" slack="0"/>
</pin_list>
<bind>
<opcode="select(49) " fcode="select"/>
<opset="o_11/2 "/>
</bind>
</comp>

<comp id="138" class="1004" name="store_ln268_store_fu_138">
<pin_list>
<pin id="139" dir="0" index="0" bw="32" slack="0"/>
<pin id="140" dir="0" index="1" bw="32" slack="1"/>
<pin id="141" dir="1" index="2" bw="0" slack="2147483647"/>
</pin_list>
<bind>
<opcode="store(28) " fcode="store"/>
<opset="store_ln268/2 "/>
</bind>
</comp>

<comp id="143" class="1004" name="store_ln266_store_fu_143">
<pin_list>
<pin id="144" dir="0" index="0" bw="32" slack="0"/>
<pin id="145" dir="0" index="1" bw="32" slack="1"/>
<pin id="146" dir="1" index="2" bw="0" slack="2147483647"/>
</pin_list>
<bind>
<opcode="store(28) " fcode="store"/>
<opset="store_ln266/2 "/>
</bind>
</comp>

<comp id="148" class="1004" name="ei_load_load_fu_148">
<pin_list>
<pin id="149" dir="0" index="0" bw="96" slack="3"/>
<pin id="150" dir="1" index="1" bw="96" slack="0"/>
</pin_list>
<bind>
<opcode="load(27) " fcode="load"/>
<opset="ei_load/4 "/>
</bind>
</comp>

<comp id="151" class="1004" name="zext_ln268_fu_151">
<pin_list>
<pin id="152" dir="0" index="0" bw="96" slack="0"/>
<pin id="153" dir="1" index="1" bw="128" slack="0"/>
</pin_list>
<bind>
<opcode="zext(34) " fcode="zext"/>
<opset="zext_ln268/4 "/>
</bind>
</comp>

<comp id="156" class="1004" name="eo_fu_156">
<pin_list>
<pin id="157" dir="0" index="0" bw="128" slack="0"/>
<pin id="158" dir="1" index="1" bw="32" slack="0"/>
</pin_list>
<bind>
<opcode="trunc(33) " fcode="trunc"/>
<opset="eo/4 "/>
</bind>
</comp>

<comp id="161" class="1004" name="trunc_ln_fu_161">
<pin_list>
<pin id="162" dir="0" index="0" bw="96" slack="0"/>
<pin id="163" dir="0" index="1" bw="128" slack="0"/>
<pin id="164" dir="0" index="2" bw="7" slack="0"/>
<pin id="165" dir="0" index="3" bw="8" slack="0"/>
<pin id="166" dir="1" index="4" bw="96" slack="0"/>
</pin_list>
<bind>
<opcode="partselect(1002) " fcode="partselect"/>
<opset="trunc_ln/4 "/>
</bind>
</comp>

<comp id="171" class="1004" name="store_ln267_store_fu_171">
<pin_list>
<pin id="172" dir="0" index="0" bw="96" slack="0"/>
<pin id="173" dir="0" index="1" bw="96" slack="3"/>
<pin id="174" dir="1" index="2" bw="0" slack="2147483647"/>
</pin_list>
<bind>
<opcode="store(28) " fcode="store"/>
<opset="store_ln267/4 "/>
</bind>
</comp>

<comp id="176" class="1005" name="ei_reg_176">
<pin_list>
<pin id="177" dir="0" index="0" bw="96" slack="0"/>
<pin id="178" dir="1" index="1" bw="96" slack="0"/>
</pin_list>
<bind>
<opset="ei "/>
</bind>
</comp>

<comp id="183" class="1005" name="o_reg_183">
<pin_list>
<pin id="184" dir="0" index="0" bw="32" slack="0"/>
<pin id="185" dir="1" index="1" bw="32" slack="0"/>
</pin_list>
<bind>
<opset="o "/>
</bind>
</comp>

<comp id="190" class="1005" name="t_reg_190">
<pin_list>
<pin id="191" dir="0" index="0" bw="32" slack="0"/>
<pin id="192" dir="1" index="1" bw="32" slack="0"/>
</pin_list>
<bind>
<opset="t "/>
</bind>
</comp>

<comp id="197" class="1005" name="p_read_10_reg_197">
<pin_list>
<pin id="198" dir="0" index="0" bw="32" slack="1"/>
<pin id="199" dir="1" index="1" bw="32" slack="1"/>
</pin_list>
<bind>
<opset="p_read_10 "/>
</bind>
</comp>

<comp id="202" class="1005" name="icmp_ln268_reg_202">
<pin_list>
<pin id="203" dir="0" index="0" bw="1" slack="1"/>
<pin id="204" dir="1" index="1" bw="1" slack="2147483647"/>
</pin_list>
<bind>
<opset="icmp_ln268 "/>
</bind>
</comp>

<comp id="206" class="1005" name="icmp_ln271_reg_206">
<pin_list>
<pin id="207" dir="0" index="0" bw="1" slack="1"/>
<pin id="208" dir="1" index="1" bw="1" slack="2147483647"/>
</pin_list>
<bind>
<opset="icmp_ln271 "/>
</bind>
</comp>

<comp id="210" class="1005" name="ei_5_reg_210">
<pin_list>
<pin id="211" dir="0" index="0" bw="128" slack="1"/>
<pin id="212" dir="1" index="1" bw="128" slack="1"/>
</pin_list>
<bind>
<opset="ei_5 "/>
</bind>
</comp>

</comp_list>

<net_list>
<net id="43"><net_src comp="6" pin="0"/><net_sink comp="40" pin=0"/></net>

<net id="47"><net_src comp="6" pin="0"/><net_sink comp="44" pin=0"/></net>

<net id="51"><net_src comp="6" pin="0"/><net_sink comp="48" pin=0"/></net>

<net id="56"><net_src comp="18" pin="0"/><net_sink comp="52" pin=0"/></net>

<net id="57"><net_src comp="0" pin="0"/><net_sink comp="52" pin=1"/></net>

<net id="62"><net_src comp="24" pin="0"/><net_sink comp="58" pin=0"/></net>

<net id="63"><net_src comp="4" pin="0"/><net_sink comp="58" pin=1"/></net>

<net id="69"><net_src comp="32" pin="0"/><net_sink comp="64" pin=0"/></net>

<net id="70"><net_src comp="2" pin="0"/><net_sink comp="64" pin=1"/></net>

<net id="84"><net_src comp="12" pin="0"/><net_sink comp="80" pin=0"/></net>

<net id="89"><net_src comp="12" pin="0"/><net_sink comp="85" pin=0"/></net>

<net id="94"><net_src comp="20" pin="0"/><net_sink comp="90" pin=0"/></net>

<net id="105"><net_src comp="98" pin="1"/><net_sink comp="101" pin=0"/></net>

<net id="110"><net_src comp="98" pin="1"/><net_sink comp="106" pin=0"/></net>

<net id="111"><net_src comp="6" pin="0"/><net_sink comp="106" pin=1"/></net>

<net id="116"><net_src comp="95" pin="1"/><net_sink comp="112" pin=0"/></net>

<net id="117"><net_src comp="12" pin="0"/><net_sink comp="112" pin=1"/></net>

<net id="122"><net_src comp="95" pin="1"/><net_sink comp="118" pin=0"/></net>

<net id="123"><net_src comp="6" pin="0"/><net_sink comp="118" pin=1"/></net>

<net id="128"><net_src comp="118" pin="2"/><net_sink comp="124" pin=0"/></net>

<net id="129"><net_src comp="22" pin="0"/><net_sink comp="124" pin=1"/></net>

<net id="135"><net_src comp="124" pin="2"/><net_sink comp="130" pin=0"/></net>

<net id="136"><net_src comp="12" pin="0"/><net_sink comp="130" pin=1"/></net>

<net id="137"><net_src comp="118" pin="2"/><net_sink comp="130" pin=2"/></net>

<net id="142"><net_src comp="106" pin="2"/><net_sink comp="138" pin=0"/></net>

<net id="147"><net_src comp="130" pin="3"/><net_sink comp="143" pin=0"/></net>

<net id="154"><net_src comp="148" pin="1"/><net_sink comp="151" pin=0"/></net>

<net id="155"><net_src comp="151" pin="1"/><net_sink comp="74" pin=2"/></net>

<net id="159"><net_src comp="74" pin="4"/><net_sink comp="156" pin=0"/></net>

<net id="160"><net_src comp="156" pin="1"/><net_sink comp="64" pin=2"/></net>

<net id="167"><net_src comp="34" pin="0"/><net_sink comp="161" pin=0"/></net>

<net id="168"><net_src comp="74" pin="4"/><net_sink comp="161" pin=1"/></net>

<net id="169"><net_src comp="36" pin="0"/><net_sink comp="161" pin=2"/></net>

<net id="170"><net_src comp="38" pin="0"/><net_sink comp="161" pin=3"/></net>

<net id="175"><net_src comp="161" pin="4"/><net_sink comp="171" pin=0"/></net>

<net id="179"><net_src comp="40" pin="1"/><net_sink comp="176" pin=0"/></net>

<net id="180"><net_src comp="176" pin="1"/><net_sink comp="90" pin=1"/></net>

<net id="181"><net_src comp="176" pin="1"/><net_sink comp="148" pin=0"/></net>

<net id="182"><net_src comp="176" pin="1"/><net_sink comp="171" pin=1"/></net>

<net id="186"><net_src comp="44" pin="1"/><net_sink comp="183" pin=0"/></net>

<net id="187"><net_src comp="183" pin="1"/><net_sink comp="85" pin=1"/></net>

<net id="188"><net_src comp="183" pin="1"/><net_sink comp="95" pin=0"/></net>

<net id="189"><net_src comp="183" pin="1"/><net_sink comp="143" pin=1"/></net>

<net id="193"><net_src comp="48" pin="1"/><net_sink comp="190" pin=0"/></net>

<net id="194"><net_src comp="190" pin="1"/><net_sink comp="80" pin=1"/></net>

<net id="195"><net_src comp="190" pin="1"/><net_sink comp="98" pin=0"/></net>

<net id="196"><net_src comp="190" pin="1"/><net_sink comp="138" pin=1"/></net>

<net id="200"><net_src comp="52" pin="2"/><net_sink comp="197" pin=0"/></net>

<net id="201"><net_src comp="197" pin="1"/><net_sink comp="101" pin=1"/></net>

<net id="205"><net_src comp="101" pin="2"/><net_sink comp="202" pin=0"/></net>

<net id="209"><net_src comp="112" pin="2"/><net_sink comp="206" pin=0"/></net>

<net id="213"><net_src comp="58" pin="2"/><net_sink comp="210" pin=0"/></net>

<net id="214"><net_src comp="210" pin="1"/><net_sink comp="74" pin=0"/></net>

</net_list>

</model> 
---------------- Datapath Model END ------------------

* FSMD analyzer results:
  - Output states:
	Port: wa_in_10 | {4 }
	Port: inter4 | {}
 - Input state : 
	Port: DoCompute_Loop_VITIS_LOOP_268_1_proc6_Pipeline_VITIS_LOOP_268_1 : p_read | {1 }
	Port: DoCompute_Loop_VITIS_LOOP_268_1_proc6_Pipeline_VITIS_LOOP_268_1 : wa_in_10 | {}
	Port: DoCompute_Loop_VITIS_LOOP_268_1_proc6_Pipeline_VITIS_LOOP_268_1 : inter4 | {3 }
  - Chain level:
	State 1
		store_ln268 : 1
		store_ln266 : 1
		store_ln267 : 1
	State 2
		icmp_ln268 : 1
		t_24 : 1
		br_ln268 : 2
		icmp_ln271 : 1
		o_10 : 1
		icmp_ln282 : 2
		o_11 : 3
		store_ln268 : 2
		store_ln266 : 4
	State 3
	State 4
		zext_ln268 : 1
		ei_6 : 2
		eo : 3
		write_ln276 : 4
		trunc_ln : 3
		store_ln267 : 4


============================================================
+ Verbose Summary: Datapath Resource usage 
============================================================

* Functional unit list:
|----------|-------------------------|---------|---------|
| Operation|     Functional Unit     |    FF   |   LUT   |
|----------|-------------------------|---------|---------|
|          |    icmp_ln268_fu_101    |    0    |    39   |
|   icmp   |    icmp_ln271_fu_112    |    0    |    39   |
|          |    icmp_ln282_fu_124    |    0    |    39   |
|----------|-------------------------|---------|---------|
|    add   |       t_24_fu_106       |    0    |    39   |
|          |       o_10_fu_118       |    0    |    39   |
|----------|-------------------------|---------|---------|
|  select  |       o_11_fu_130       |    0    |    32   |
|----------|-------------------------|---------|---------|
|   read   |   p_read_10_read_fu_52  |    0    |    0    |
|          |     ei_5_read_fu_58     |    0    |    0    |
|----------|-------------------------|---------|---------|
|   write  | write_ln276_write_fu_64 |    0    |    0    |
|----------|-------------------------|---------|---------|
|   zext   |    zext_ln268_fu_151    |    0    |    0    |
|----------|-------------------------|---------|---------|
|   trunc  |        eo_fu_156        |    0    |    0    |
|----------|-------------------------|---------|---------|
|partselect|     trunc_ln_fu_161     |    0    |    0    |
|----------|-------------------------|---------|---------|
|   Total  |                         |    0    |   227   |
|----------|-------------------------|---------|---------|

Memories:
N/A

* Register list:
+------------------+--------+
|                  |   FF   |
+------------------+--------+
|   ei_5_reg_210   |   128  |
|    ei_6_reg_71   |   128  |
|    ei_reg_176    |   96   |
|icmp_ln268_reg_202|    1   |
|icmp_ln271_reg_206|    1   |
|     o_reg_183    |   32   |
| p_read_10_reg_197|   32   |
|     t_reg_190    |   32   |
+------------------+--------+
|       Total      |   450  |
+------------------+--------+

* Multiplexer (MUX) list: 
|--------|------|------|------|--------|
|  Comp  |  Pin | Size |  BW  | S x BW |
|--------|------|------|------|--------|
|  Total |      |      |      |    0   |
|--------|------|------|------|--------|



* Summary:
+-----------+--------+--------+
|           |   FF   |   LUT  |
+-----------+--------+--------+
|  Function |    0   |   227  |
|   Memory  |    -   |    -   |
|Multiplexer|    -   |    -   |
|  Register |   450  |    -   |
+-----------+--------+--------+
|   Total   |   450  |   227  |
+-----------+--------+--------+
