

================================================================
== Vitis HLS Report for 'DoCompute_Loop_VITIS_LOOP_268_1_proc6'
================================================================
* Date:           Thu May 29 09:36:50 2025

* Version:        2023.2.2 (Build 4101106 on Feb  9 2024)
* Project:        hw
* Solution:       solution1 (Vivado IP Flow Target)
* Product family: zynq
* Target device:  xc7z020-clg400-1


================================================================
== Performance Estimates
================================================================
+ Timing: 
    * Summary: 
    +--------+----------+----------+------------+
    |  Clock |  Target  | Estimated| Uncertainty|
    +--------+----------+----------+------------+
    |ap_clk  |  10.00 ns|  7.390 ns|     2.70 ns|
    +--------+----------+----------+------------+

+ Latency: 
    * Summary: 
    +---------+---------+----------+----------+-----+-----+---------+
    |  Latency (cycles) |  Latency (absolute) |  Interval | Pipeline|
    |   min   |   max   |    min   |    max   | min | max |   Type  |
    +---------+---------+----------+----------+-----+-----+---------+
    |        ?|        ?|         ?|         ?|    ?|    ?|       no|
    +---------+---------+----------+----------+-----+-----+---------+

    + Detail: 
        * Instance: 
        +---------------------------------------------------------------------------+-----------------------------------------------------------------+---------+---------+----------+----------+-----+-----+---------+
        |                                                                           |                                                                 |  Latency (cycles) |  Latency (absolute) |  Interval | Pipeline|
        |                                  Instance                                 |                              Module                             |   min   |   max   |    min   |    max   | min | max |   Type  |
        +---------------------------------------------------------------------------+-----------------------------------------------------------------+---------+---------+----------+----------+-----+-----+---------+
        |grp_DoCompute_Loop_VITIS_LOOP_268_1_proc6_Pipeline_VITIS_LOOP_268_1_fu_50  |DoCompute_Loop_VITIS_LOOP_268_1_proc6_Pipeline_VITIS_LOOP_268_1  |        ?|        ?|         ?|         ?|    ?|    ?|       no|
        +---------------------------------------------------------------------------+-----------------------------------------------------------------+---------+---------+----------+----------+-----+-----+---------+

        * Loop: 
        N/A



================================================================
== Utilization Estimates
================================================================
* Summary: 
+-----------------+---------+-----+--------+-------+-----+
|       Name      | BRAM_18K| DSP |   FF   |  LUT  | URAM|
+-----------------+---------+-----+--------+-------+-----+
|DSP              |        -|    -|       -|      -|    -|
|Expression       |        -|    -|       0|      2|    -|
|FIFO             |        -|    -|       -|      -|    -|
|Instance         |        -|    -|     554|    325|    -|
|Memory           |        -|    -|       -|      -|    -|
|Multiplexer      |        -|    -|       -|     56|    -|
|Register         |        -|    -|       5|      -|    -|
+-----------------+---------+-----+--------+-------+-----+
|Total            |        0|    0|     559|    383|    0|
+-----------------+---------+-----+--------+-------+-----+
|Available        |      280|  220|  106400|  53200|    0|
+-----------------+---------+-----+--------+-------+-----+
|Utilization (%)  |        0|    0|      ~0|     ~0|    0|
+-----------------+---------+-----+--------+-------+-----+

+ Detail: 
    * Instance: 
    +---------------------------------------------------------------------------+-----------------------------------------------------------------+---------+----+-----+-----+-----+
    |                                  Instance                                 |                              Module                             | BRAM_18K| DSP|  FF | LUT | URAM|
    +---------------------------------------------------------------------------+-----------------------------------------------------------------+---------+----+-----+-----+-----+
    |grp_DoCompute_Loop_VITIS_LOOP_268_1_proc6_Pipeline_VITIS_LOOP_268_1_fu_50  |DoCompute_Loop_VITIS_LOOP_268_1_proc6_Pipeline_VITIS_LOOP_268_1  |        0|   0|  554|  325|    0|
    +---------------------------------------------------------------------------+-----------------------------------------------------------------+---------+----+-----+-----+-----+
    |Total                                                                      |                                                                 |        0|   0|  554|  325|    0|
    +---------------------------------------------------------------------------+-----------------------------------------------------------------+---------+----+-----+-----+-----+

    * DSP: 
    N/A

    * Memory: 
    N/A

    * FIFO: 
    N/A

    * Expression: 
    +-----------------+----------+----+---+----+------------+------------+
    |  Variable Name  | Operation| DSP| FF| LUT| Bitwidth P0| Bitwidth P1|
    +-----------------+----------+----+---+----+------------+------------+
    |ap_block_state1  |        or|   0|  0|   2|           1|           1|
    +-----------------+----------+----+---+----+------------+------------+
    |Total            |          |   0|  0|   2|           1|           1|
    +-----------------+----------+----+---+----+------------+------------+

    * Multiplexer: 
    +---------------------------+----+-----------+-----+-----------+
    |            Name           | LUT| Input Size| Bits| Total Bits|
    +---------------------------+----+-----------+-----+-----------+
    |ap_NS_fsm                  |  20|          4|    1|          4|
    |ap_done                    |   9|          2|    1|          2|
    |inter4_read                |   9|          2|    1|          2|
    |totalIters_11_loc_c_blk_n  |   9|          2|    1|          2|
    |wa_in_10_write             |   9|          2|    1|          2|
    +---------------------------+----+-----------+-----+-----------+
    |Total                      |  56|         12|    5|         12|
    +---------------------------+----+-----------+-----+-----------+

    * Register: 
    +----------------------------------------------------------------------------------------+---+----+-----+-----------+
    |                                          Name                                          | FF| LUT| Bits| Const Bits|
    +----------------------------------------------------------------------------------------+---+----+-----+-----------+
    |ap_CS_fsm                                                                               |  3|   0|    3|          0|
    |ap_done_reg                                                                             |  1|   0|    1|          0|
    |grp_DoCompute_Loop_VITIS_LOOP_268_1_proc6_Pipeline_VITIS_LOOP_268_1_fu_50_ap_start_reg  |  1|   0|    1|          0|
    +----------------------------------------------------------------------------------------+---+----+-----+-----------+
    |Total                                                                                   |  5|   0|    5|          0|
    +----------------------------------------------------------------------------------------+---+----+-----+-----------+



================================================================
== Interface
================================================================
* Summary: 
+------------------------------------+-----+-----+------------+---------------------------------------+--------------+
|              RTL Ports             | Dir | Bits|  Protocol  |             Source Object             |    C Type    |
+------------------------------------+-----+-----+------------+---------------------------------------+--------------+
|ap_clk                              |   in|    1|  ap_ctrl_hs|  DoCompute_Loop_VITIS_LOOP_268_1_proc6|  return value|
|ap_rst                              |   in|    1|  ap_ctrl_hs|  DoCompute_Loop_VITIS_LOOP_268_1_proc6|  return value|
|ap_start                            |   in|    1|  ap_ctrl_hs|  DoCompute_Loop_VITIS_LOOP_268_1_proc6|  return value|
|ap_done                             |  out|    1|  ap_ctrl_hs|  DoCompute_Loop_VITIS_LOOP_268_1_proc6|  return value|
|ap_continue                         |   in|    1|  ap_ctrl_hs|  DoCompute_Loop_VITIS_LOOP_268_1_proc6|  return value|
|ap_idle                             |  out|    1|  ap_ctrl_hs|  DoCompute_Loop_VITIS_LOOP_268_1_proc6|  return value|
|ap_ready                            |  out|    1|  ap_ctrl_hs|  DoCompute_Loop_VITIS_LOOP_268_1_proc6|  return value|
|p_read                              |   in|   32|     ap_none|                                 p_read|        scalar|
|wa_in_10_din                        |  out|   32|     ap_fifo|                               wa_in_10|       pointer|
|wa_in_10_num_data_valid             |   in|    3|     ap_fifo|                               wa_in_10|       pointer|
|wa_in_10_fifo_cap                   |   in|    3|     ap_fifo|                               wa_in_10|       pointer|
|wa_in_10_full_n                     |   in|    1|     ap_fifo|                               wa_in_10|       pointer|
|wa_in_10_write                      |  out|    1|     ap_fifo|                               wa_in_10|       pointer|
|inter4_dout                         |   in|  128|     ap_fifo|                                 inter4|       pointer|
|inter4_num_data_valid               |   in|    8|     ap_fifo|                                 inter4|       pointer|
|inter4_fifo_cap                     |   in|    8|     ap_fifo|                                 inter4|       pointer|
|inter4_empty_n                      |   in|    1|     ap_fifo|                                 inter4|       pointer|
|inter4_read                         |  out|    1|     ap_fifo|                                 inter4|       pointer|
|totalIters_11_loc_c_din             |  out|   32|     ap_fifo|                    totalIters_11_loc_c|       pointer|
|totalIters_11_loc_c_num_data_valid  |   in|    5|     ap_fifo|                    totalIters_11_loc_c|       pointer|
|totalIters_11_loc_c_fifo_cap        |   in|    5|     ap_fifo|                    totalIters_11_loc_c|       pointer|
|totalIters_11_loc_c_full_n          |   in|    1|     ap_fifo|                    totalIters_11_loc_c|       pointer|
|totalIters_11_loc_c_write           |  out|    1|     ap_fifo|                    totalIters_11_loc_c|       pointer|
+------------------------------------+-----+-----+------------+---------------------------------------+--------------+

============================================================
+ Verbose Summary: Synthesis Manager
============================================================
InlineROM: 1
ExposeGlobal: 0
============================================================
+ Verbose Summary: CDFG Model
============================================================
IsTopModel: 0
ResetActiveHigh: 1
IsCombinational: 2
IsDatapathOnly: 0
HasWiredReturn: 1
HasMFsm: 0
HasVarLatency: 1
IsPipeline: 0
IsRtlPipelined: 0
IsInstanceOverlapped: 0
IsDontTouch: 0
HasImplIP: 0
IsGatedGlobalClock: 0


============================================================
+ Verbose Summary: Schedule
============================================================
* Number of FSM states : 3
* Pipeline : 0
* Dataflow Pipeline: 0

* FSM state transitions: 
1 --> 2 
2 --> 3 
3 --> 

* FSM state operations: 

State 1 <SV = 0> <Delay = 7.21>
ST_1 : Operation 4 [1/1] (3.63ns)   --->   "%p_read_11 = read i32 @_ssdm_op_Read.ap_auto.i32, i32 %p_read"   --->   Operation 4 'read' 'p_read_11' <Predicate = true> <Delay = 3.63> <CoreInst = "FIFO_SRL">   --->   Core 81 'FIFO_SRL' <Latency = 0> <II = 1> <Delay = 3.63> <Storage> <Opcode : 'read' 'write' 'nbread' 'nbwrite'> <Ports = 0> <Width = -1> <Depth = -1> <FIFO>
ST_1 : Operation 5 [1/1] (3.58ns)   --->   "%write_ln0 = write void @_ssdm_op_Write.ap_fifo.i32P0A, i32 %totalIters_11_loc_c, i32 %p_read_11"   --->   Operation 5 'write' 'write_ln0' <Predicate = true> <Delay = 3.58> <CoreInst = "FIFO_SRL">   --->   Core 81 'FIFO_SRL' <Latency = 0> <II = 1> <Delay = 3.58> <Storage> <Opcode : 'read' 'write' 'nbread' 'nbwrite'> <Ports = 0> <Width = 32> <Depth = 9> <FIFO>

State 2 <SV = 1> <Delay = 0.00>
ST_2 : Operation 6 [1/1] (0.00ns)   --->   "%empty = wait i32 @_ssdm_op_Wait"   --->   Operation 6 'wait' 'empty' <Predicate = true> <Delay = 0.00>
ST_2 : Operation 7 [2/2] (0.00ns)   --->   "%call_ln0 = call void @DoCompute_Loop_VITIS_LOOP_268_1_proc6_Pipeline_VITIS_LOOP_268_1, i32 %p_read_11, i32 %wa_in_10, i128 %inter4"   --->   Operation 7 'call' 'call_ln0' <Predicate = true> <Delay = 0.00> <CoreType = "Generic">   --->   Core 0 '' <Latency = 0> <II = 1> <Delay = 1.00> <Generic> <Opcode : >

State 3 <SV = 2> <Delay = 0.00>
ST_3 : Operation 8 [1/1] (0.00ns)   --->   "%specinterface_ln0 = specinterface void @_ssdm_op_SpecInterface, i32 %totalIters_11_loc_c, void @ap_fifo_str, i32 0, i32 0, void @p_str, i32 0, i32 0, void @p_str, void @p_str, void @p_str, i32 2, i32 2, i32 16, i32 16, void @p_str, void @ScalarProp_str, i32 4294967295, i32 0"   --->   Operation 8 'specinterface' 'specinterface_ln0' <Predicate = true> <Delay = 0.00>
ST_3 : Operation 9 [1/1] (0.00ns)   --->   "%specinterface_ln0 = specinterface void @_ssdm_op_SpecInterface, i128 %inter4, void @empty_11, i32 0, i32 0, void @empty_22, i32 0, i32 0, void @empty_22, void @empty_22, void @empty_22, i32 0, i32 0, i32 0, i32 0, void @empty_22, void @empty_22, i32 4294967295, i32 0"   --->   Operation 9 'specinterface' 'specinterface_ln0' <Predicate = true> <Delay = 0.00>
ST_3 : Operation 10 [1/1] (0.00ns)   --->   "%specinterface_ln0 = specinterface void @_ssdm_op_SpecInterface, i32 %wa_in_10, void @empty_11, i32 0, i32 0, void @empty_22, i32 0, i32 0, void @empty_22, void @empty_22, void @empty_22, i32 0, i32 0, i32 0, i32 0, void @empty_22, void @empty_22, i32 4294967295, i32 0"   --->   Operation 10 'specinterface' 'specinterface_ln0' <Predicate = true> <Delay = 0.00>
ST_3 : Operation 11 [1/2] (0.00ns)   --->   "%call_ln0 = call void @DoCompute_Loop_VITIS_LOOP_268_1_proc6_Pipeline_VITIS_LOOP_268_1, i32 %p_read_11, i32 %wa_in_10, i128 %inter4"   --->   Operation 11 'call' 'call_ln0' <Predicate = true> <Delay = 0.00> <CoreType = "Generic">   --->   Core 0 '' <Latency = 0> <II = 1> <Delay = 1.00> <Generic> <Opcode : >
ST_3 : Operation 12 [1/1] (0.00ns)   --->   "%ret_ln0 = ret"   --->   Operation 12 'ret' 'ret_ln0' <Predicate = true> <Delay = 0.00>


============================================================
+ Verbose Summary: Binding
============================================================
STG Binding: 
---------------- STG Properties BEGIN ----------------
- Is combinational: 0
- Is one-state seq: 0
- Is datapath-only: 0
- Is pipelined: 0
- Is top level: 0
Port [ Return ] is wired: 1; IO mode=ap_ctrl_hs:ce=0
Port [ p_read]:  wired=1; compound=0; hidden=0; nouse=0; global=0; static=0; extern=0; dir=0; type=0; pingpong=0; private_global=0; IO mode=ap_none:ce=0
Port [ wa_in_10]:  wired=1; compound=1; hidden=0; nouse=0; global=0; static=0; extern=0; dir=1; type=3; pingpong=0; private_global=0; IO mode=ap_fifo:ce=0
Port [ inter4]:  wired=1; compound=1; hidden=0; nouse=0; global=0; static=0; extern=0; dir=0; type=3; pingpong=0; private_global=0; IO mode=ap_fifo:ce=0
Port [ totalIters_11_loc_c]:  wired=1; compound=1; hidden=0; nouse=0; global=0; static=0; extern=0; dir=1; type=3; pingpong=0; private_global=0; IO mode=ap_fifo:ce=0
---------------- STG Properties END ------------------

---------------- Datapath Model BEGIN ----------------

<LifeTime>
<method=bitvector/>
p_read_11         (read         ) [ 0011]
write_ln0         (write        ) [ 0000]
empty             (wait         ) [ 0000]
specinterface_ln0 (specinterface) [ 0000]
specinterface_ln0 (specinterface) [ 0000]
specinterface_ln0 (specinterface) [ 0000]
call_ln0          (call         ) [ 0000]
ret_ln0           (ret          ) [ 0000]
</LifeTime>

<model>

<comp_list>
<comp id="0" class="1000" name="p_read">
<pin_list>
<pin id="1" dir="1" index="0" bw="1" slack="0"/>
</pin_list>
<bind>
<StgValue><ssdm name="p_read"/></StgValue>
</bind>
</comp>

<comp id="2" class="1000" name="wa_in_10">
<pin_list>
<pin id="3" dir="1" index="0" bw="1" slack="0"/>
</pin_list>
<bind>
<StgValue><ssdm name="wa_in_10"/></StgValue>
</bind>
</comp>

<comp id="4" class="1000" name="inter4">
<pin_list>
<pin id="5" dir="1" index="0" bw="1" slack="0"/>
</pin_list>
<bind>
<StgValue><ssdm name="inter4"/></StgValue>
</bind>
</comp>

<comp id="6" class="1000" name="totalIters_11_loc_c">
<pin_list>
<pin id="7" dir="1" index="0" bw="1" slack="0"/>
</pin_list>
<bind>
<StgValue><ssdm name="totalIters_11_loc_c"/></StgValue>
</bind>
</comp>

<comp id="8" class="1001" name="const_8">
<pin_list>
<pin id="9" dir="1" index="0" bw="1" slack="0"/>
</pin_list>
<bind>
<StgValue><ssdm name="_ssdm_op_Read.ap_auto.i32"/></StgValue>
</bind>
</comp>

<comp id="10" class="1001" name="const_10">
<pin_list>
<pin id="11" dir="1" index="0" bw="1" slack="0"/>
</pin_list>
<bind>
<StgValue><ssdm name="_ssdm_op_Write.ap_fifo.i32P0A"/></StgValue>
</bind>
</comp>

<comp id="12" class="1001" name="const_12">
<pin_list>
<pin id="13" dir="1" index="0" bw="1" slack="2147483647"/>
</pin_list>
<bind>
<StgValue><ssdm name="_ssdm_op_Wait"/></StgValue>
</bind>
</comp>

<comp id="14" class="1001" name="const_14">
<pin_list>
<pin id="15" dir="1" index="0" bw="1" slack="0"/>
</pin_list>
<bind>
<StgValue><ssdm name="DoCompute_Loop_VITIS_LOOP_268_1_proc6_Pipeline_VITIS_LOOP_268_1"/></StgValue>
</bind>
</comp>

<comp id="16" class="1001" name="const_16">
<pin_list>
<pin id="17" dir="1" index="0" bw="1" slack="2147483647"/>
</pin_list>
<bind>
<StgValue><ssdm name="_ssdm_op_SpecInterface"/></StgValue>
</bind>
</comp>

<comp id="18" class="1001" name="const_18">
<pin_list>
<pin id="19" dir="1" index="0" bw="1" slack="2147483647"/>
</pin_list>
<bind>
<StgValue><ssdm name="ap_fifo_str"/></StgValue>
</bind>
</comp>

<comp id="20" class="1001" name="const_20">
<pin_list>
<pin id="21" dir="1" index="0" bw="1" slack="2147483647"/>
</pin_list>
<bind>
<StgValue><ssdm name=""/></StgValue>
</bind>
</comp>

<comp id="22" class="1001" name="const_22">
<pin_list>
<pin id="23" dir="1" index="0" bw="1" slack="2147483647"/>
</pin_list>
<bind>
<StgValue><ssdm name="p_str"/></StgValue>
</bind>
</comp>

<comp id="24" class="1001" name="const_24">
<pin_list>
<pin id="25" dir="1" index="0" bw="1" slack="2147483647"/>
</pin_list>
<bind>
<StgValue><ssdm name=""/></StgValue>
</bind>
</comp>

<comp id="26" class="1001" name="const_26">
<pin_list>
<pin id="27" dir="1" index="0" bw="1" slack="2147483647"/>
</pin_list>
<bind>
<StgValue><ssdm name=""/></StgValue>
</bind>
</comp>

<comp id="28" class="1001" name="const_28">
<pin_list>
<pin id="29" dir="1" index="0" bw="1" slack="2147483647"/>
</pin_list>
<bind>
<StgValue><ssdm name="ScalarProp_str"/></StgValue>
</bind>
</comp>

<comp id="30" class="1001" name="const_30">
<pin_list>
<pin id="31" dir="1" index="0" bw="1" slack="2147483647"/>
</pin_list>
<bind>
<StgValue><ssdm name=""/></StgValue>
</bind>
</comp>

<comp id="32" class="1001" name="const_32">
<pin_list>
<pin id="33" dir="1" index="0" bw="1" slack="2147483647"/>
</pin_list>
<bind>
<StgValue><ssdm name="empty_11"/></StgValue>
</bind>
</comp>

<comp id="34" class="1001" name="const_34">
<pin_list>
<pin id="35" dir="1" index="0" bw="1" slack="2147483647"/>
</pin_list>
<bind>
<StgValue><ssdm name="empty_22"/></StgValue>
</bind>
</comp>

<comp id="36" class="1004" name="p_read_11_read_fu_36">
<pin_list>
<pin id="37" dir="0" index="0" bw="32" slack="0"/>
<pin id="38" dir="0" index="1" bw="32" slack="0"/>
<pin id="39" dir="1" index="2" bw="32" slack="0"/>
</pin_list>
<bind>
<opcode="read(1150) " fcode="read"/>
<opset="p_read_11/1 "/>
</bind>
</comp>

<comp id="42" class="1004" name="write_ln0_write_fu_42">
<pin_list>
<pin id="43" dir="0" index="0" bw="0" slack="0"/>
<pin id="44" dir="0" index="1" bw="32" slack="0"/>
<pin id="45" dir="0" index="2" bw="32" slack="0"/>
<pin id="46" dir="1" index="3" bw="0" slack="2147483647"/>
</pin_list>
<bind>
<opcode="write(1151) " fcode="write"/>
<opset="write_ln0/1 "/>
</bind>
</comp>

<comp id="50" class="1004" name="grp_DoCompute_Loop_VITIS_LOOP_268_1_proc6_Pipeline_VITIS_LOOP_268_1_fu_50">
<pin_list>
<pin id="51" dir="0" index="0" bw="0" slack="0"/>
<pin id="52" dir="0" index="1" bw="32" slack="1"/>
<pin id="53" dir="0" index="2" bw="32" slack="0"/>
<pin id="54" dir="0" index="3" bw="128" slack="0"/>
<pin id="55" dir="1" index="4" bw="0" slack="2147483647"/>
</pin_list>
<bind>
<opcode="call(48) " fcode="call"/>
<opset="call_ln0/2 "/>
</bind>
</comp>

<comp id="59" class="1005" name="p_read_11_reg_59">
<pin_list>
<pin id="60" dir="0" index="0" bw="32" slack="1"/>
<pin id="61" dir="1" index="1" bw="32" slack="1"/>
</pin_list>
<bind>
<opset="p_read_11 "/>
</bind>
</comp>

</comp_list>

<net_list>
<net id="40"><net_src comp="8" pin="0"/><net_sink comp="36" pin=0"/></net>

<net id="41"><net_src comp="0" pin="0"/><net_sink comp="36" pin=1"/></net>

<net id="47"><net_src comp="10" pin="0"/><net_sink comp="42" pin=0"/></net>

<net id="48"><net_src comp="6" pin="0"/><net_sink comp="42" pin=1"/></net>

<net id="49"><net_src comp="36" pin="2"/><net_sink comp="42" pin=2"/></net>

<net id="56"><net_src comp="14" pin="0"/><net_sink comp="50" pin=0"/></net>

<net id="57"><net_src comp="2" pin="0"/><net_sink comp="50" pin=2"/></net>

<net id="58"><net_src comp="4" pin="0"/><net_sink comp="50" pin=3"/></net>

<net id="62"><net_src comp="36" pin="2"/><net_sink comp="59" pin=0"/></net>

<net id="63"><net_src comp="59" pin="1"/><net_sink comp="50" pin=1"/></net>

</net_list>

</model> 
---------------- Datapath Model END ------------------

* FSMD analyzer results:
  - Output states:
	Port: wa_in_10 | {2 3 }
	Port: totalIters_11_loc_c | {1 }
 - Input state : 
	Port: DoCompute_Loop_VITIS_LOOP_268_1_proc6 : p_read | {1 }
	Port: DoCompute_Loop_VITIS_LOOP_268_1_proc6 : inter4 | {2 3 }
  - Chain level:
	State 1
	State 2
	State 3


============================================================
+ Verbose Summary: Datapath Resource usage 
============================================================

* Functional unit list:
|----------|---------------------------------------------------------------------------|---------|---------|
| Operation|                              Functional Unit                              |    FF   |   LUT   |
|----------|---------------------------------------------------------------------------|---------|---------|
|   call   | grp_DoCompute_Loop_VITIS_LOOP_268_1_proc6_Pipeline_VITIS_LOOP_268_1_fu_50 |   450   |   227   |
|----------|---------------------------------------------------------------------------|---------|---------|
|   read   |                            p_read_11_read_fu_36                           |    0    |    0    |
|----------|---------------------------------------------------------------------------|---------|---------|
|   write  |                           write_ln0_write_fu_42                           |    0    |    0    |
|----------|---------------------------------------------------------------------------|---------|---------|
|   Total  |                                                                           |   450   |   227   |
|----------|---------------------------------------------------------------------------|---------|---------|

Memories:
N/A

* Register list:
+----------------+--------+
|                |   FF   |
+----------------+--------+
|p_read_11_reg_59|   32   |
+----------------+--------+
|      Total     |   32   |
+----------------+--------+

* Multiplexer (MUX) list: 
|--------|------|------|------|--------|
|  Comp  |  Pin | Size |  BW  | S x BW |
|--------|------|------|------|--------|
|  Total |      |      |      |    0   |
|--------|------|------|------|--------|



* Summary:
+-----------+--------+--------+
|           |   FF   |   LUT  |
+-----------+--------+--------+
|  Function |   450  |   227  |
|   Memory  |    -   |    -   |
|Multiplexer|    -   |    -   |
|  Register |   32   |    -   |
+-----------+--------+--------+
|   Total   |   482  |   227  |
+-----------+--------+--------+
