

================================================================
== Vitis HLS Report for 'Matrix_Vector_Activate_Batch'
================================================================
* Date:           Thu May 29 09:35:37 2025

* Version:        2023.2.2 (Build 4101106 on Feb  9 2024)
* Project:        hw
* Solution:       solution1 (Vivado IP Flow Target)
* Product family: zynq
* Target device:  xc7z020-clg400-1


================================================================
== Performance Estimates
================================================================
+ Timing: 
    * Summary: 
    +--------+----------+----------+------------+
    |  Clock |  Target  | Estimated| Uncertainty|
    +--------+----------+----------+------------+
    |ap_clk  |  10.00 ns|  9.883 ns|     2.70 ns|
    +--------+----------+----------+------------+

+ Latency: 
    * Summary: 
    +---------+---------+----------+----------+-----+-----+---------+
    |  Latency (cycles) |  Latency (absolute) |  Interval | Pipeline|
    |   min   |   max   |    min   |    max   | min | max |   Type  |
    +---------+---------+----------+----------+-----+-----+---------+
    |        ?|        ?|         ?|         ?|    ?|    ?|       no|
    +---------+---------+----------+----------+-----+-----+---------+

    + Detail: 
        * Instance: 
        N/A

        * Loop: 
        N/A

============================================================
+ Verbose Summary: Synthesis Manager
============================================================
InlineROM: 1
ExposeGlobal: 0
============================================================
+ Verbose Summary: CDFG Model
============================================================
IsTopModel: 0
ResetActiveHigh: 1
IsCombinational: 2
IsDatapathOnly: 0
HasWiredReturn: 1
HasMFsm: 0
HasVarLatency: 1
IsPipeline: 0
IsRtlPipelined: 0
IsInstanceOverlapped: 0
IsDontTouch: 0
HasImplIP: 0
IsGatedGlobalClock: 0


============================================================
+ Verbose Summary: Schedule
============================================================
* Number of FSM states : 3
* Pipeline : 0
* Dataflow Pipeline: 0

* FSM state transitions: 
1 --> 2 
2 --> 3 
3 --> 

* FSM state operations: 

State 1 <SV = 0> <Delay = 6.18>
ST_1 : Operation 4 [1/1] (3.63ns)   --->   "%p_read_5 = read i30 @_ssdm_op_Read.ap_auto.i30, i30 %p_read"   --->   Operation 4 'read' 'p_read_5' <Predicate = true> <Delay = 3.63> <CoreInst = "FIFO_SRL">   --->   Core 81 'FIFO_SRL' <Latency = 0> <II = 1> <Delay = 3.63> <Storage> <Opcode : 'read' 'write' 'nbread' 'nbwrite'> <Ports = 0> <Width = -1> <Depth = -1> <FIFO>
ST_1 : Operation 5 [1/1] (0.00ns)   --->   "%empty = trunc i30 %p_read_5"   --->   Operation 5 'trunc' 'empty' <Predicate = true> <Delay = 0.00>
ST_1 : Operation 6 [1/1] (0.00ns)   --->   "%p_shl_i = bitconcatenate i32 @_ssdm_op_BitConcatenate.i32.i27.i5, i27 %empty, i5 0"   --->   Operation 6 'bitconcatenate' 'p_shl_i' <Predicate = true> <Delay = 0.00>
ST_1 : Operation 7 [1/1] (0.00ns)   --->   "%p_shl1_i = bitconcatenate i32 @_ssdm_op_BitConcatenate.i32.i30.i2, i30 %p_read_5, i2 0"   --->   Operation 7 'bitconcatenate' 'p_shl1_i' <Predicate = true> <Delay = 0.00>
ST_1 : Operation 8 [1/1] (2.55ns)   --->   "%mul_i = add i32 %p_shl_i, i32 %p_shl1_i"   --->   Operation 8 'add' 'mul_i' <Predicate = true> <Delay = 2.55> <CoreInst = "Adder">   --->   Core 1 'Adder' <Latency = 0> <II = 1> <Delay = 2.55> <FuncUnit> <Opcode : 'add' 'sub'> <InPorts = 2> <OutPorts = 1>

State 2 <SV = 1> <Delay = 0.00>
ST_2 : Operation 9 [1/1] (0.00ns)   --->   "%empty_1317 = wait i32 @_ssdm_op_Wait"   --->   Operation 9 'wait' 'empty_1317' <Predicate = true> <Delay = 0.00>
ST_2 : Operation 10 [2/2] (0.00ns)   --->   "%call_ln0 = call void @Matrix_Vector_Activate_Batch_Pipeline_VITIS_LOOP_122_1, i32 %mul_i, i32 %convInp_4, i32 %mvOut_m_buffer_9, i32 %p_ZL8weights1_0, i32 %p_ZL8weights1_1, i32 %p_ZL8weights1_2, i32 %p_ZL8weights1_3, i32 %p_ZL8weights1_4, i32 %p_ZL8weights1_5, i32 %p_ZL8weights1_6, i32 %p_ZL8weights1_7, i32 %p_ZL8weights1_8, i32 %p_ZL8weights1_9, i32 %p_ZL8weights1_10, i32 %p_ZL8weights1_11, i32 %p_ZL8weights1_12, i32 %p_ZL8weights1_13, i32 %p_ZL8weights1_14, i32 %p_ZL8weights1_15, i32 %p_ZL8weights1_16, i32 %p_ZL8weights1_17, i32 %p_ZL8weights1_18, i32 %p_ZL8weights1_19, i32 %p_ZL8weights1_20, i32 %p_ZL8weights1_21, i32 %p_ZL8weights1_22, i32 %p_ZL8weights1_23, i32 %p_ZL8weights1_24, i32 %p_ZL8weights1_25, i32 %p_ZL8weights1_26, i32 %p_ZL8weights1_27, i32 %p_ZL8weights1_28, i32 %p_ZL8weights1_29, i32 %p_ZL8weights1_30, i32 %p_ZL8weights1_31, i16 %p_ZL8threshs1_0, i16 %p_ZL8threshs1_1, i16 %p_ZL8threshs1_2, i16 %p_ZL8threshs1_3, i16 %p_ZL8threshs1_4, i16 %p_ZL8threshs1_5, i16 %p_ZL8threshs1_6, i16 %p_ZL8threshs1_7, i16 %p_ZL8threshs1_8, i16 %p_ZL8threshs1_9, i16 %p_ZL8threshs1_10, i16 %p_ZL8threshs1_11, i16 %p_ZL8threshs1_12, i16 %p_ZL8threshs1_13, i16 %p_ZL8threshs1_14, i16 %p_ZL8threshs1_15, i16 %p_ZL8threshs1_16, i16 %p_ZL8threshs1_17, i16 %p_ZL8threshs1_18, i16 %p_ZL8threshs1_19, i16 %p_ZL8threshs1_20, i16 %p_ZL8threshs1_21, i16 %p_ZL8threshs1_22, i16 %p_ZL8threshs1_23, i16 %p_ZL8threshs1_24, i16 %p_ZL8threshs1_25, i16 %p_ZL8threshs1_26, i16 %p_ZL8threshs1_27, i16 %p_ZL8threshs1_28, i16 %p_ZL8threshs1_29, i16 %p_ZL8threshs1_30, i16 %p_ZL8threshs1_31"   --->   Operation 10 'call' 'call_ln0' <Predicate = true> <Delay = 0.00> <CoreType = "Generic">   --->   Core 0 '' <Latency = 0> <II = 1> <Delay = 1.00> <Generic> <Opcode : >

State 3 <SV = 2> <Delay = 0.00>
ST_3 : Operation 11 [1/1] (0.00ns)   --->   "%specinterface_ln0 = specinterface void @_ssdm_op_SpecInterface, i32 %convInp_4, void @empty_11, i32 0, i32 0, void @empty_22, i32 0, i32 0, void @empty_22, void @empty_22, void @empty_22, i32 0, i32 0, i32 0, i32 0, void @empty_22, void @empty_22, i32 4294967295, i32 0"   --->   Operation 11 'specinterface' 'specinterface_ln0' <Predicate = true> <Delay = 0.00>
ST_3 : Operation 12 [1/1] (0.00ns)   --->   "%specinterface_ln0 = specinterface void @_ssdm_op_SpecInterface, i32 %mvOut_m_buffer_9, void @empty_11, i32 0, i32 0, void @empty_22, i32 0, i32 0, void @empty_22, void @empty_22, void @empty_22, i32 0, i32 0, i32 0, i32 0, void @empty_22, void @empty_22, i32 4294967295, i32 0"   --->   Operation 12 'specinterface' 'specinterface_ln0' <Predicate = true> <Delay = 0.00>
ST_3 : Operation 13 [1/2] (0.00ns)   --->   "%call_ln0 = call void @Matrix_Vector_Activate_Batch_Pipeline_VITIS_LOOP_122_1, i32 %mul_i, i32 %convInp_4, i32 %mvOut_m_buffer_9, i32 %p_ZL8weights1_0, i32 %p_ZL8weights1_1, i32 %p_ZL8weights1_2, i32 %p_ZL8weights1_3, i32 %p_ZL8weights1_4, i32 %p_ZL8weights1_5, i32 %p_ZL8weights1_6, i32 %p_ZL8weights1_7, i32 %p_ZL8weights1_8, i32 %p_ZL8weights1_9, i32 %p_ZL8weights1_10, i32 %p_ZL8weights1_11, i32 %p_ZL8weights1_12, i32 %p_ZL8weights1_13, i32 %p_ZL8weights1_14, i32 %p_ZL8weights1_15, i32 %p_ZL8weights1_16, i32 %p_ZL8weights1_17, i32 %p_ZL8weights1_18, i32 %p_ZL8weights1_19, i32 %p_ZL8weights1_20, i32 %p_ZL8weights1_21, i32 %p_ZL8weights1_22, i32 %p_ZL8weights1_23, i32 %p_ZL8weights1_24, i32 %p_ZL8weights1_25, i32 %p_ZL8weights1_26, i32 %p_ZL8weights1_27, i32 %p_ZL8weights1_28, i32 %p_ZL8weights1_29, i32 %p_ZL8weights1_30, i32 %p_ZL8weights1_31, i16 %p_ZL8threshs1_0, i16 %p_ZL8threshs1_1, i16 %p_ZL8threshs1_2, i16 %p_ZL8threshs1_3, i16 %p_ZL8threshs1_4, i16 %p_ZL8threshs1_5, i16 %p_ZL8threshs1_6, i16 %p_ZL8threshs1_7, i16 %p_ZL8threshs1_8, i16 %p_ZL8threshs1_9, i16 %p_ZL8threshs1_10, i16 %p_ZL8threshs1_11, i16 %p_ZL8threshs1_12, i16 %p_ZL8threshs1_13, i16 %p_ZL8threshs1_14, i16 %p_ZL8threshs1_15, i16 %p_ZL8threshs1_16, i16 %p_ZL8threshs1_17, i16 %p_ZL8threshs1_18, i16 %p_ZL8threshs1_19, i16 %p_ZL8threshs1_20, i16 %p_ZL8threshs1_21, i16 %p_ZL8threshs1_22, i16 %p_ZL8threshs1_23, i16 %p_ZL8threshs1_24, i16 %p_ZL8threshs1_25, i16 %p_ZL8threshs1_26, i16 %p_ZL8threshs1_27, i16 %p_ZL8threshs1_28, i16 %p_ZL8threshs1_29, i16 %p_ZL8threshs1_30, i16 %p_ZL8threshs1_31"   --->   Operation 13 'call' 'call_ln0' <Predicate = true> <Delay = 0.00> <CoreType = "Generic">   --->   Core 0 '' <Latency = 0> <II = 1> <Delay = 1.00> <Generic> <Opcode : >
ST_3 : Operation 14 [1/1] (0.00ns)   --->   "%ret_ln118 = ret" [../convlayer.h:118->../top.cpp:130]   --->   Operation 14 'ret' 'ret_ln118' <Predicate = true> <Delay = 0.00>


============================================================
+ Verbose Summary: Timing violations
============================================================
Target clock period: 10.000ns, clock uncertainty: 2.700ns.

 <State 1>: 6.186ns
The critical path consists of the following:
	wire read operation ('p_read_5') on port 'p_read' [70]  (3.634 ns)
	'add' operation 32 bit ('mul_i') [74]  (2.552 ns)

 <State 2>: 0.000ns
The critical path consists of the following:

 <State 3>: 0.000ns
The critical path consists of the following:


============================================================
+ Verbose Summary: Binding
============================================================
N/A
* FSMD analyzer results:
  - Output states:
 - Input state : 
  - Chain level:
	State 1
	State 2
	State 3


============================================================
+ Verbose Summary: Datapath Resource usage 
============================================================
N/A
