

================================================================
== Vitis HLS Report for 'Matrix_Vector_Activate_Batch_2'
================================================================
* Date:           Thu May 29 09:36:21 2025

* Version:        2023.2.2 (Build 4101106 on Feb  9 2024)
* Project:        hw
* Solution:       solution1 (Vivado IP Flow Target)
* Product family: zynq
* Target device:  xc7z020-clg400-1


================================================================
== Performance Estimates
================================================================
+ Timing: 
    * Summary: 
    +--------+----------+----------+------------+
    |  Clock |  Target  | Estimated| Uncertainty|
    +--------+----------+----------+------------+
    |ap_clk  |  10.00 ns|  7.670 ns|     2.70 ns|
    +--------+----------+----------+------------+

+ Latency: 
    * Summary: 
    +---------+---------+----------+----------+-----+-----+---------+
    |  Latency (cycles) |  Latency (absolute) |  Interval | Pipeline|
    |   min   |   max   |    min   |    max   | min | max |   Type  |
    +---------+---------+----------+----------+-----+-----+---------+
    |        ?|        ?|         ?|         ?|    ?|    ?|       no|
    +---------+---------+----------+----------+-----+-----+---------+

    + Detail: 
        * Instance: 
        +--------------------------------------------------------------------+----------------------------------------------------------+---------+---------+----------+----------+-----+-----+---------+
        |                                                                    |                                                          |  Latency (cycles) |  Latency (absolute) |  Interval | Pipeline|
        |                              Instance                              |                          Module                          |   min   |   max   |    min   |    max   | min | max |   Type  |
        +--------------------------------------------------------------------+----------------------------------------------------------+---------+---------+----------+----------+-----+-----+---------+
        |grp_Matrix_Vector_Activate_Batch_2_Pipeline_VITIS_LOOP_122_1_fu_60  |Matrix_Vector_Activate_Batch_2_Pipeline_VITIS_LOOP_122_1  |        ?|        ?|         ?|         ?|    ?|    ?|       no|
        +--------------------------------------------------------------------+----------------------------------------------------------+---------+---------+----------+----------+-----+-----+---------+

        * Loop: 
        N/A

============================================================
+ Verbose Summary: Synthesis Manager
============================================================
InlineROM: 1
ExposeGlobal: 0
============================================================
+ Verbose Summary: CDFG Model
============================================================
IsTopModel: 0
ResetActiveHigh: 1
IsCombinational: 2
IsDatapathOnly: 0
HasWiredReturn: 1
HasMFsm: 0
HasVarLatency: 1
IsPipeline: 0
IsRtlPipelined: 0
IsInstanceOverlapped: 0
IsDontTouch: 0
HasImplIP: 0
IsGatedGlobalClock: 0


============================================================
+ Verbose Summary: Schedule
============================================================
* Number of FSM states : 3
* Pipeline : 0
* Dataflow Pipeline: 0

* FSM state transitions: 
1 --> 2 
2 --> 3 
3 --> 

* FSM state operations: 

State 1 <SV = 0> <Delay = 7.26>
ST_1 : Operation 4 [1/1] (3.63ns)   --->   "%numReps_read = read i32 @_ssdm_op_Read.ap_fifo.i32P0A, i32 %numReps"   --->   Operation 4 'read' 'numReps_read' <Predicate = true> <Delay = 3.63> <CoreInst = "FIFO_SRL">   --->   Core 81 'FIFO_SRL' <Latency = 0> <II = 1> <Delay = 3.63> <Storage> <Opcode : 'read' 'write' 'nbread' 'nbwrite'> <Ports = 0> <Width = 32> <Depth = 4> <FIFO>
ST_1 : Operation 5 [1/1] (3.63ns)   --->   "%write_ln0 = write void @_ssdm_op_Write.ap_fifo.i32P0A, i32 %numReps_c, i32 %numReps_read"   --->   Operation 5 'write' 'write_ln0' <Predicate = true> <Delay = 3.63> <CoreInst = "FIFO_SRL">   --->   Core 81 'FIFO_SRL' <Latency = 0> <II = 1> <Delay = 3.63> <Storage> <Opcode : 'read' 'write' 'nbread' 'nbwrite'> <Ports = 0> <Width = 32> <Depth = 2> <FIFO>

State 2 <SV = 1> <Delay = 0.00>
ST_2 : Operation 6 [1/1] (0.00ns)   --->   "%empty = shl i32 %numReps_read, i32 13"   --->   Operation 6 'shl' 'empty' <Predicate = true> <Delay = 0.00>
ST_2 : Operation 7 [1/1] (0.00ns)   --->   "%empty_1288 = wait i32 @_ssdm_op_Wait"   --->   Operation 7 'wait' 'empty_1288' <Predicate = true> <Delay = 0.00>
ST_2 : Operation 8 [2/2] (0.00ns)   --->   "%call_ln0 = call void @Matrix_Vector_Activate_Batch.2_Pipeline_VITIS_LOOP_122_1, i32 %empty, i1 %wa_in, i64 %memOutStrm, i1 %p_ZL8weights8_0, i1 %p_ZL8weights8_1, i1 %p_ZL8weights8_2, i1 %p_ZL8weights8_3"   --->   Operation 8 'call' 'call_ln0' <Predicate = true> <Delay = 0.00> <CoreType = "Generic">   --->   Core 0 '' <Latency = 0> <II = 1> <Delay = 1.00> <Generic> <Opcode : >

State 3 <SV = 2> <Delay = 0.00>
ST_3 : Operation 9 [1/1] (0.00ns)   --->   "%specinterface_ln0 = specinterface void @_ssdm_op_SpecInterface, i32 %numReps, void @ap_fifo_str, i32 0, i32 0, void @p_str, i32 0, i32 0, void @p_str, void @p_str, void @p_str, i32 2, i32 2, i32 16, i32 16, void @p_str, void @ScalarProp_str, i32 4294967295, i32 0"   --->   Operation 9 'specinterface' 'specinterface_ln0' <Predicate = true> <Delay = 0.00>
ST_3 : Operation 10 [1/1] (0.00ns)   --->   "%specinterface_ln0 = specinterface void @_ssdm_op_SpecInterface, i32 %numReps_c, void @ap_fifo_str, i32 0, i32 0, void @p_str, i32 0, i32 0, void @p_str, void @p_str, void @p_str, i32 2, i32 2, i32 16, i32 16, void @p_str, void @ScalarProp_str, i32 4294967295, i32 0"   --->   Operation 10 'specinterface' 'specinterface_ln0' <Predicate = true> <Delay = 0.00>
ST_3 : Operation 11 [1/1] (0.00ns)   --->   "%specinterface_ln0 = specinterface void @_ssdm_op_SpecInterface, i64 %memOutStrm, void @empty_11, i32 0, i32 0, void @empty_22, i32 0, i32 0, void @empty_22, void @empty_22, void @empty_22, i32 0, i32 0, i32 0, i32 0, void @empty_22, void @empty_22, i32 4294967295, i32 0"   --->   Operation 11 'specinterface' 'specinterface_ln0' <Predicate = true> <Delay = 0.00>
ST_3 : Operation 12 [1/1] (0.00ns)   --->   "%specinterface_ln0 = specinterface void @_ssdm_op_SpecInterface, i1 %wa_in, void @empty_11, i32 0, i32 0, void @empty_22, i32 0, i32 0, void @empty_22, void @empty_22, void @empty_22, i32 0, i32 0, i32 0, i32 0, void @empty_22, void @empty_22, i32 4294967295, i32 0"   --->   Operation 12 'specinterface' 'specinterface_ln0' <Predicate = true> <Delay = 0.00>
ST_3 : Operation 13 [1/2] (0.00ns)   --->   "%call_ln0 = call void @Matrix_Vector_Activate_Batch.2_Pipeline_VITIS_LOOP_122_1, i32 %empty, i1 %wa_in, i64 %memOutStrm, i1 %p_ZL8weights8_0, i1 %p_ZL8weights8_1, i1 %p_ZL8weights8_2, i1 %p_ZL8weights8_3"   --->   Operation 13 'call' 'call_ln0' <Predicate = true> <Delay = 0.00> <CoreType = "Generic">   --->   Core 0 '' <Latency = 0> <II = 1> <Delay = 1.00> <Generic> <Opcode : >
ST_3 : Operation 14 [1/1] (0.00ns)   --->   "%ret_ln107 = ret" [../fclayer.h:107->../top.cpp:146]   --->   Operation 14 'ret' 'ret_ln107' <Predicate = true> <Delay = 0.00>


============================================================
+ Verbose Summary: Binding
============================================================
STG Binding: 
---------------- STG Properties BEGIN ----------------
- Is combinational: 0
- Is one-state seq: 0
- Is datapath-only: 0
- Is pipelined: 0
- Is top level: 0
Port [ Return ] is wired: 1; IO mode=ap_ctrl_hs:ce=0
Port [ wa_in]:  wired=1; compound=1; hidden=0; nouse=0; global=0; static=0; extern=0; dir=0; type=3; pingpong=0; private_global=0; IO mode=ap_fifo:ce=0
Port [ memOutStrm]:  wired=1; compound=1; hidden=0; nouse=0; global=0; static=0; extern=0; dir=1; type=3; pingpong=0; private_global=0; IO mode=ap_fifo:ce=0
Port [ numReps]:  wired=1; compound=1; hidden=0; nouse=0; global=0; static=0; extern=0; dir=0; type=3; pingpong=0; private_global=0; IO mode=ap_fifo:ce=0
Port [ numReps_c]:  wired=1; compound=1; hidden=0; nouse=0; global=0; static=0; extern=0; dir=1; type=3; pingpong=0; private_global=0; IO mode=ap_fifo:ce=0
Port [ p_ZL8weights8_0]:  wired=1; compound=1; hidden=0; nouse=0; global=1; static=1; extern=0; dir=0; type=1; pingpong=0; private_global=0; MemPort=[13]; IO mode=ap_memory:ce=0
Port [ p_ZL8weights8_1]:  wired=1; compound=1; hidden=0; nouse=0; global=1; static=1; extern=0; dir=0; type=1; pingpong=0; private_global=0; MemPort=[13]; IO mode=ap_memory:ce=0
Port [ p_ZL8weights8_2]:  wired=1; compound=1; hidden=0; nouse=0; global=1; static=1; extern=0; dir=0; type=1; pingpong=0; private_global=0; MemPort=[13]; IO mode=ap_memory:ce=0
Port [ p_ZL8weights8_3]:  wired=1; compound=1; hidden=0; nouse=0; global=1; static=1; extern=0; dir=0; type=1; pingpong=0; private_global=0; MemPort=[13]; IO mode=ap_memory:ce=0
---------------- STG Properties END ------------------

---------------- Datapath Model BEGIN ----------------

<LifeTime>
<method=bitvector/>
numReps_read      (read         ) [ 0010]
write_ln0         (write        ) [ 0000]
empty             (shl          ) [ 0001]
empty_1288        (wait         ) [ 0000]
specinterface_ln0 (specinterface) [ 0000]
specinterface_ln0 (specinterface) [ 0000]
specinterface_ln0 (specinterface) [ 0000]
specinterface_ln0 (specinterface) [ 0000]
call_ln0          (call         ) [ 0000]
ret_ln107         (ret          ) [ 0000]
</LifeTime>

<model>

<comp_list>
<comp id="0" class="1000" name="wa_in">
<pin_list>
<pin id="1" dir="1" index="0" bw="1" slack="0"/>
</pin_list>
<bind>
<StgValue><ssdm name="wa_in"/></StgValue>
</bind>
</comp>

<comp id="2" class="1000" name="memOutStrm">
<pin_list>
<pin id="3" dir="1" index="0" bw="1" slack="0"/>
</pin_list>
<bind>
<StgValue><ssdm name="memOutStrm"/></StgValue>
</bind>
</comp>

<comp id="4" class="1000" name="numReps">
<pin_list>
<pin id="5" dir="1" index="0" bw="1" slack="0"/>
</pin_list>
<bind>
<StgValue><ssdm name="numReps"/></StgValue>
</bind>
</comp>

<comp id="6" class="1000" name="numReps_c">
<pin_list>
<pin id="7" dir="1" index="0" bw="1" slack="0"/>
</pin_list>
<bind>
<StgValue><ssdm name="numReps_c"/></StgValue>
</bind>
</comp>

<comp id="8" class="1000" name="p_ZL8weights8_0">
<pin_list>
<pin id="9" dir="1" index="0" bw="1" slack="0"/>
</pin_list>
<bind>
<StgValue><ssdm name="p_ZL8weights8_0"/><MemPortTyVec>1 3 </MemPortTyVec>
</StgValue>
</bind>
</comp>

<comp id="10" class="1000" name="p_ZL8weights8_1">
<pin_list>
<pin id="11" dir="1" index="0" bw="1" slack="0"/>
</pin_list>
<bind>
<StgValue><ssdm name="p_ZL8weights8_1"/><MemPortTyVec>1 3 </MemPortTyVec>
</StgValue>
</bind>
</comp>

<comp id="12" class="1000" name="p_ZL8weights8_2">
<pin_list>
<pin id="13" dir="1" index="0" bw="1" slack="0"/>
</pin_list>
<bind>
<StgValue><ssdm name="p_ZL8weights8_2"/><MemPortTyVec>1 3 </MemPortTyVec>
</StgValue>
</bind>
</comp>

<comp id="14" class="1000" name="p_ZL8weights8_3">
<pin_list>
<pin id="15" dir="1" index="0" bw="1" slack="0"/>
</pin_list>
<bind>
<StgValue><ssdm name="p_ZL8weights8_3"/><MemPortTyVec>1 3 </MemPortTyVec>
</StgValue>
</bind>
</comp>

<comp id="16" class="1001" name="const_16">
<pin_list>
<pin id="17" dir="1" index="0" bw="1" slack="0"/>
</pin_list>
<bind>
<StgValue><ssdm name="_ssdm_op_Read.ap_fifo.i32P0A"/></StgValue>
</bind>
</comp>

<comp id="18" class="1001" name="const_18">
<pin_list>
<pin id="19" dir="1" index="0" bw="1" slack="0"/>
</pin_list>
<bind>
<StgValue><ssdm name="_ssdm_op_Write.ap_fifo.i32P0A"/></StgValue>
</bind>
</comp>

<comp id="20" class="1001" name="const_20">
<pin_list>
<pin id="21" dir="1" index="0" bw="1" slack="0"/>
</pin_list>
<bind>
<StgValue><ssdm name=""/></StgValue>
</bind>
</comp>

<comp id="22" class="1001" name="const_22">
<pin_list>
<pin id="23" dir="1" index="0" bw="1" slack="2147483647"/>
</pin_list>
<bind>
<StgValue><ssdm name="_ssdm_op_Wait"/></StgValue>
</bind>
</comp>

<comp id="24" class="1001" name="const_24">
<pin_list>
<pin id="25" dir="1" index="0" bw="1" slack="0"/>
</pin_list>
<bind>
<StgValue><ssdm name="Matrix_Vector_Activate_Batch.2_Pipeline_VITIS_LOOP_122_1"/></StgValue>
</bind>
</comp>

<comp id="26" class="1001" name="const_26">
<pin_list>
<pin id="27" dir="1" index="0" bw="1" slack="2147483647"/>
</pin_list>
<bind>
<StgValue><ssdm name="_ssdm_op_SpecInterface"/></StgValue>
</bind>
</comp>

<comp id="28" class="1001" name="const_28">
<pin_list>
<pin id="29" dir="1" index="0" bw="1" slack="2147483647"/>
</pin_list>
<bind>
<StgValue><ssdm name="ap_fifo_str"/></StgValue>
</bind>
</comp>

<comp id="30" class="1001" name="const_30">
<pin_list>
<pin id="31" dir="1" index="0" bw="1" slack="2147483647"/>
</pin_list>
<bind>
<StgValue><ssdm name=""/></StgValue>
</bind>
</comp>

<comp id="32" class="1001" name="const_32">
<pin_list>
<pin id="33" dir="1" index="0" bw="1" slack="2147483647"/>
</pin_list>
<bind>
<StgValue><ssdm name="p_str"/></StgValue>
</bind>
</comp>

<comp id="34" class="1001" name="const_34">
<pin_list>
<pin id="35" dir="1" index="0" bw="1" slack="2147483647"/>
</pin_list>
<bind>
<StgValue><ssdm name=""/></StgValue>
</bind>
</comp>

<comp id="36" class="1001" name="const_36">
<pin_list>
<pin id="37" dir="1" index="0" bw="1" slack="2147483647"/>
</pin_list>
<bind>
<StgValue><ssdm name=""/></StgValue>
</bind>
</comp>

<comp id="38" class="1001" name="const_38">
<pin_list>
<pin id="39" dir="1" index="0" bw="1" slack="2147483647"/>
</pin_list>
<bind>
<StgValue><ssdm name="ScalarProp_str"/></StgValue>
</bind>
</comp>

<comp id="40" class="1001" name="const_40">
<pin_list>
<pin id="41" dir="1" index="0" bw="1" slack="2147483647"/>
</pin_list>
<bind>
<StgValue><ssdm name=""/></StgValue>
</bind>
</comp>

<comp id="42" class="1001" name="const_42">
<pin_list>
<pin id="43" dir="1" index="0" bw="1" slack="2147483647"/>
</pin_list>
<bind>
<StgValue><ssdm name="empty_11"/></StgValue>
</bind>
</comp>

<comp id="44" class="1001" name="const_44">
<pin_list>
<pin id="45" dir="1" index="0" bw="1" slack="2147483647"/>
</pin_list>
<bind>
<StgValue><ssdm name="empty_22"/></StgValue>
</bind>
</comp>

<comp id="46" class="1004" name="numReps_read_read_fu_46">
<pin_list>
<pin id="47" dir="0" index="0" bw="32" slack="0"/>
<pin id="48" dir="0" index="1" bw="32" slack="0"/>
<pin id="49" dir="1" index="2" bw="32" slack="0"/>
</pin_list>
<bind>
<opcode="read(1150) " fcode="read"/>
<opset="numReps_read/1 "/>
</bind>
</comp>

<comp id="52" class="1004" name="write_ln0_write_fu_52">
<pin_list>
<pin id="53" dir="0" index="0" bw="0" slack="0"/>
<pin id="54" dir="0" index="1" bw="32" slack="0"/>
<pin id="55" dir="0" index="2" bw="32" slack="0"/>
<pin id="56" dir="1" index="3" bw="0" slack="2147483647"/>
</pin_list>
<bind>
<opcode="write(1151) " fcode="write"/>
<opset="write_ln0/1 "/>
</bind>
</comp>

<comp id="60" class="1004" name="grp_Matrix_Vector_Activate_Batch_2_Pipeline_VITIS_LOOP_122_1_fu_60">
<pin_list>
<pin id="61" dir="0" index="0" bw="0" slack="0"/>
<pin id="62" dir="0" index="1" bw="32" slack="0"/>
<pin id="63" dir="0" index="2" bw="1" slack="0"/>
<pin id="64" dir="0" index="3" bw="64" slack="0"/>
<pin id="65" dir="0" index="4" bw="1" slack="0"/>
<pin id="66" dir="0" index="5" bw="1" slack="0"/>
<pin id="67" dir="0" index="6" bw="1" slack="0"/>
<pin id="68" dir="0" index="7" bw="1" slack="0"/>
<pin id="69" dir="1" index="8" bw="0" slack="2147483647"/>
</pin_list>
<bind>
<opcode="call(48) " fcode="call"/>
<opset="call_ln0/2 "/>
</bind>
</comp>

<comp id="77" class="1004" name="empty_fu_77">
<pin_list>
<pin id="78" dir="0" index="0" bw="32" slack="1"/>
<pin id="79" dir="0" index="1" bw="5" slack="0"/>
<pin id="80" dir="1" index="2" bw="32" slack="0"/>
</pin_list>
<bind>
<opcode="shl(20) " fcode="shl"/>
<opset="empty/2 "/>
</bind>
</comp>

<comp id="83" class="1005" name="numReps_read_reg_83">
<pin_list>
<pin id="84" dir="0" index="0" bw="32" slack="1"/>
<pin id="85" dir="1" index="1" bw="32" slack="1"/>
</pin_list>
<bind>
<opset="numReps_read "/>
</bind>
</comp>

<comp id="88" class="1005" name="empty_reg_88">
<pin_list>
<pin id="89" dir="0" index="0" bw="32" slack="1"/>
<pin id="90" dir="1" index="1" bw="32" slack="1"/>
</pin_list>
<bind>
<opset="empty "/>
</bind>
</comp>

</comp_list>

<net_list>
<net id="50"><net_src comp="16" pin="0"/><net_sink comp="46" pin=0"/></net>

<net id="51"><net_src comp="4" pin="0"/><net_sink comp="46" pin=1"/></net>

<net id="57"><net_src comp="18" pin="0"/><net_sink comp="52" pin=0"/></net>

<net id="58"><net_src comp="6" pin="0"/><net_sink comp="52" pin=1"/></net>

<net id="59"><net_src comp="46" pin="2"/><net_sink comp="52" pin=2"/></net>

<net id="70"><net_src comp="24" pin="0"/><net_sink comp="60" pin=0"/></net>

<net id="71"><net_src comp="0" pin="0"/><net_sink comp="60" pin=2"/></net>

<net id="72"><net_src comp="2" pin="0"/><net_sink comp="60" pin=3"/></net>

<net id="73"><net_src comp="8" pin="0"/><net_sink comp="60" pin=4"/></net>

<net id="74"><net_src comp="10" pin="0"/><net_sink comp="60" pin=5"/></net>

<net id="75"><net_src comp="12" pin="0"/><net_sink comp="60" pin=6"/></net>

<net id="76"><net_src comp="14" pin="0"/><net_sink comp="60" pin=7"/></net>

<net id="81"><net_src comp="20" pin="0"/><net_sink comp="77" pin=1"/></net>

<net id="82"><net_src comp="77" pin="2"/><net_sink comp="60" pin=1"/></net>

<net id="86"><net_src comp="46" pin="2"/><net_sink comp="83" pin=0"/></net>

<net id="87"><net_src comp="83" pin="1"/><net_sink comp="77" pin=0"/></net>

<net id="91"><net_src comp="77" pin="2"/><net_sink comp="88" pin=0"/></net>

<net id="92"><net_src comp="88" pin="1"/><net_sink comp="60" pin=1"/></net>

</net_list>

</model> 
---------------- Datapath Model END ------------------

* FSMD analyzer results:
  - Output states:
	Port: memOutStrm | {2 3 }
	Port: numReps_c | {1 }
 - Input state : 
	Port: Matrix_Vector_Activate_Batch.2 : wa_in | {2 3 }
	Port: Matrix_Vector_Activate_Batch.2 : numReps | {1 }
	Port: Matrix_Vector_Activate_Batch.2 : p_ZL8weights8_0 | {2 3 }
	Port: Matrix_Vector_Activate_Batch.2 : p_ZL8weights8_1 | {2 3 }
	Port: Matrix_Vector_Activate_Batch.2 : p_ZL8weights8_2 | {2 3 }
	Port: Matrix_Vector_Activate_Batch.2 : p_ZL8weights8_3 | {2 3 }
  - Chain level:
	State 1
	State 2
	State 3


============================================================
+ Verbose Summary: Datapath Resource usage 
============================================================

* Functional unit list:
|----------|--------------------------------------------------------------------|---------|---------|---------|
| Operation|                           Functional Unit                          |  Delay  |    FF   |   LUT   |
|----------|--------------------------------------------------------------------|---------|---------|---------|
|   call   | grp_Matrix_Vector_Activate_Batch_2_Pipeline_VITIS_LOOP_122_1_fu_60 |  6.352  |   809   |   3310  |
|----------|--------------------------------------------------------------------|---------|---------|---------|
|   read   |                       numReps_read_read_fu_46                      |    0    |    0    |    0    |
|----------|--------------------------------------------------------------------|---------|---------|---------|
|   write  |                        write_ln0_write_fu_52                       |    0    |    0    |    0    |
|----------|--------------------------------------------------------------------|---------|---------|---------|
|    shl   |                             empty_fu_77                            |    0    |    0    |    0    |
|----------|--------------------------------------------------------------------|---------|---------|---------|
|   Total  |                                                                    |  6.352  |   809   |   3310  |
|----------|--------------------------------------------------------------------|---------|---------|---------|

Memories:
N/A

* Register list:
+-------------------+--------+
|                   |   FF   |
+-------------------+--------+
|    empty_reg_88   |   32   |
|numReps_read_reg_83|   32   |
+-------------------+--------+
|       Total       |   64   |
+-------------------+--------+

* Multiplexer (MUX) list: 
|--------------------------------------------------------------------|------|------|------|--------||---------||---------|
|                                Comp                                |  Pin | Size |  BW  | S x BW ||  Delay  ||   LUT   |
|--------------------------------------------------------------------|------|------|------|--------||---------||---------|
| grp_Matrix_Vector_Activate_Batch_2_Pipeline_VITIS_LOOP_122_1_fu_60 |  p1  |   2  |  32  |   64   ||    9    |
|--------------------------------------------------------------------|------|------|------|--------||---------||---------|
|                                Total                               |      |      |      |   64   ||  1.588  ||    9    |
|--------------------------------------------------------------------|------|------|------|--------||---------||---------|



* Summary:
+-----------+--------+--------+--------+
|           |  Delay |   FF   |   LUT  |
+-----------+--------+--------+--------+
|  Function |    6   |   809  |  3310  |
|   Memory  |    -   |    -   |    -   |
|Multiplexer|    1   |    -   |    9   |
|  Register |    -   |   64   |    -   |
+-----------+--------+--------+--------+
|   Total   |    7   |   873  |  3319  |
+-----------+--------+--------+--------+
