

================================================================
== Vitis HLS Report for 'StreamingDataWidthConverter_Batch_64u_192u_384u_s'
================================================================
* Date:           Thu May 29 09:35:02 2025

* Version:        2023.2.2 (Build 4101106 on Feb  9 2024)
* Project:        hw
* Solution:       solution1 (Vivado IP Flow Target)
* Product family: zynq
* Target device:  xc7z020-clg400-1


================================================================
== Performance Estimates
================================================================
+ Timing: 
    * Summary: 
    +--------+----------+----------+------------+
    |  Clock |  Target  | Estimated| Uncertainty|
    +--------+----------+----------+------------+
    |ap_clk  |  10.00 ns|  7.670 ns|     2.70 ns|
    +--------+----------+----------+------------+

+ Latency: 
    * Summary: 
    +---------+---------+----------+----------+-----+-----+---------+
    |  Latency (cycles) |  Latency (absolute) |  Interval | Pipeline|
    |   min   |   max   |    min   |    max   | min | max |   Type  |
    +---------+---------+----------+----------+-----+-----+---------+
    |        ?|        ?|         ?|         ?|    ?|    ?|       no|
    +---------+---------+----------+----------+-----+-----+---------+

    + Detail: 
        * Instance: 
        +-------------------------------------------------------------------------------------+---------------------------------------------------------------------------+---------+---------+----------+----------+-----+-----+---------+
        |                                                                                     |                                                                           |  Latency (cycles) |  Latency (absolute) |  Interval | Pipeline|
        |                                       Instance                                      |                                   Module                                  |   min   |   max   |    min   |    max   | min | max |   Type  |
        +-------------------------------------------------------------------------------------+---------------------------------------------------------------------------+---------+---------+----------+----------+-----+-----+---------+
        |grp_StreamingDataWidthConverter_Batch_64u_192u_384u_Pipeline_VITIS_LOOP_300_3_fu_54  |StreamingDataWidthConverter_Batch_64u_192u_384u_Pipeline_VITIS_LOOP_300_3  |        ?|        ?|         ?|         ?|    ?|    ?|       no|
        +-------------------------------------------------------------------------------------+---------------------------------------------------------------------------+---------+---------+----------+----------+-----+-----+---------+

        * Loop: 
        N/A

============================================================
+ Verbose Summary: Synthesis Manager
============================================================
InlineROM: 1
ExposeGlobal: 0
============================================================
+ Verbose Summary: CDFG Model
============================================================
IsTopModel: 0
ResetActiveHigh: 1
IsCombinational: 2
IsDatapathOnly: 0
HasWiredReturn: 1
HasMFsm: 0
HasVarLatency: 1
IsPipeline: 0
IsRtlPipelined: 0
IsInstanceOverlapped: 0
IsDontTouch: 0
HasImplIP: 0
IsGatedGlobalClock: 0


============================================================
+ Verbose Summary: Schedule
============================================================
* Number of FSM states : 3
* Pipeline : 0
* Dataflow Pipeline: 0

* FSM state transitions: 
1 --> 2 
2 --> 3 
3 --> 

* FSM state operations: 

State 1 <SV = 0> <Delay = 7.26>
ST_1 : Operation 4 [1/1] (3.63ns)   --->   "%numReps_read = read i32 @_ssdm_op_Read.ap_fifo.i32P0A, i32 %numReps"   --->   Operation 4 'read' 'numReps_read' <Predicate = true> <Delay = 3.63> <CoreInst = "FIFO_SRL">   --->   Core 81 'FIFO_SRL' <Latency = 0> <II = 1> <Delay = 3.63> <Storage> <Opcode : 'read' 'write' 'nbread' 'nbwrite'> <Ports = 0> <Width = 32> <Depth = 2> <FIFO>
ST_1 : Operation 5 [1/1] (3.63ns)   --->   "%write_ln259 = write void @_ssdm_op_Write.ap_fifo.i32P0A, i32 %numReps_c159, i32 %numReps_read" [../streamtools.h:259->../top.cpp:126]   --->   Operation 5 'write' 'write_ln259' <Predicate = true> <Delay = 3.63> <CoreInst = "FIFO_SRL">   --->   Core 81 'FIFO_SRL' <Latency = 0> <II = 1> <Delay = 3.63> <Storage> <Opcode : 'read' 'write' 'nbread' 'nbwrite'> <Ports = 0> <Width = 32> <Depth = 2> <FIFO>

State 2 <SV = 1> <Delay = 2.55>
ST_2 : Operation 6 [1/1] (0.00ns) (grouped into LUT with out node totalIters)   --->   "%shl_ln297 = shl i32 %numReps_read, i32 9" [../streamtools.h:297->../top.cpp:126]   --->   Operation 6 'shl' 'shl_ln297' <Predicate = true> <Delay = 0.00>
ST_2 : Operation 7 [1/1] (0.00ns) (grouped into LUT with out node totalIters)   --->   "%shl_ln297_1 = shl i32 %numReps_read, i32 7" [../streamtools.h:297->../top.cpp:126]   --->   Operation 7 'shl' 'shl_ln297_1' <Predicate = true> <Delay = 0.00>
ST_2 : Operation 8 [1/1] (2.55ns) (out node of the LUT)   --->   "%totalIters = sub i32 %shl_ln297, i32 %shl_ln297_1" [../streamtools.h:297->../top.cpp:126]   --->   Operation 8 'sub' 'totalIters' <Predicate = true> <Delay = 2.55> <CoreInst = "Adder">   --->   Core 1 'Adder' <Latency = 0> <II = 1> <Delay = 2.55> <FuncUnit> <Opcode : 'add' 'sub'> <InPorts = 2> <OutPorts = 1>
ST_2 : Operation 9 [1/1] (0.00ns)   --->   "%empty = wait i32 @_ssdm_op_Wait"   --->   Operation 9 'wait' 'empty' <Predicate = true> <Delay = 0.00>
ST_2 : Operation 10 [2/2] (0.00ns)   --->   "%call_ln297 = call void @StreamingDataWidthConverter_Batch<64u, 192u, 384u>_Pipeline_VITIS_LOOP_300_3, i32 %totalIters, i64 %inter0, i192 %inter0_1" [../streamtools.h:297->../top.cpp:126]   --->   Operation 10 'call' 'call_ln297' <Predicate = true> <Delay = 0.00> <CoreType = "Generic">   --->   Core 0 '' <Latency = 0> <II = 1> <Delay = 1.00> <Generic> <Opcode : >

State 3 <SV = 2> <Delay = 0.00>
ST_3 : Operation 11 [1/1] (0.00ns)   --->   "%specinterface_ln0 = specinterface void @_ssdm_op_SpecInterface, i32 %numReps, void @ap_fifo_str, i32 0, i32 0, void @p_str, i32 0, i32 0, void @p_str, void @p_str, void @p_str, i32 2, i32 2, i32 16, i32 16, void @p_str, void @ScalarProp_str, i32 4294967295, i32 0"   --->   Operation 11 'specinterface' 'specinterface_ln0' <Predicate = true> <Delay = 0.00>
ST_3 : Operation 12 [1/1] (0.00ns)   --->   "%specinterface_ln0 = specinterface void @_ssdm_op_SpecInterface, i32 %numReps_c159, void @ap_fifo_str, i32 0, i32 0, void @p_str, i32 0, i32 0, void @p_str, void @p_str, void @p_str, i32 2, i32 2, i32 16, i32 16, void @p_str, void @ScalarProp_str, i32 4294967295, i32 0"   --->   Operation 12 'specinterface' 'specinterface_ln0' <Predicate = true> <Delay = 0.00>
ST_3 : Operation 13 [1/1] (0.00ns)   --->   "%specinterface_ln0 = specinterface void @_ssdm_op_SpecInterface, i192 %inter0_1, void @empty_11, i32 0, i32 0, void @empty_22, i32 0, i32 0, void @empty_22, void @empty_22, void @empty_22, i32 0, i32 0, i32 0, i32 0, void @empty_22, void @empty_22, i32 4294967295, i32 0"   --->   Operation 13 'specinterface' 'specinterface_ln0' <Predicate = true> <Delay = 0.00>
ST_3 : Operation 14 [1/1] (0.00ns)   --->   "%specinterface_ln0 = specinterface void @_ssdm_op_SpecInterface, i64 %inter0, void @empty_11, i32 0, i32 0, void @empty_22, i32 0, i32 0, void @empty_22, void @empty_22, void @empty_22, i32 0, i32 0, i32 0, i32 0, void @empty_22, void @empty_22, i32 4294967295, i32 0"   --->   Operation 14 'specinterface' 'specinterface_ln0' <Predicate = true> <Delay = 0.00>
ST_3 : Operation 15 [1/2] (0.00ns)   --->   "%call_ln297 = call void @StreamingDataWidthConverter_Batch<64u, 192u, 384u>_Pipeline_VITIS_LOOP_300_3, i32 %totalIters, i64 %inter0, i192 %inter0_1" [../streamtools.h:297->../top.cpp:126]   --->   Operation 15 'call' 'call_ln297' <Predicate = true> <Delay = 0.00> <CoreType = "Generic">   --->   Core 0 '' <Latency = 0> <II = 1> <Delay = 1.00> <Generic> <Opcode : >
ST_3 : Operation 16 [1/1] (0.00ns)   --->   "%ret_ln126 = ret" [../top.cpp:126]   --->   Operation 16 'ret' 'ret_ln126' <Predicate = true> <Delay = 0.00>


============================================================
+ Verbose Summary: Binding
============================================================
STG Binding: 
---------------- STG Properties BEGIN ----------------
- Is combinational: 0
- Is one-state seq: 0
- Is datapath-only: 0
- Is pipelined: 0
- Is top level: 0
Port [ Return ] is wired: 1; IO mode=ap_ctrl_hs:ce=0
Port [ inter0]:  wired=1; compound=1; hidden=0; nouse=0; global=0; static=0; extern=0; dir=0; type=3; pingpong=0; private_global=0; IO mode=ap_fifo:ce=0
Port [ inter0_1]:  wired=1; compound=1; hidden=0; nouse=0; global=0; static=0; extern=0; dir=1; type=3; pingpong=0; private_global=0; IO mode=ap_fifo:ce=0
Port [ numReps]:  wired=1; compound=1; hidden=0; nouse=0; global=0; static=0; extern=0; dir=0; type=3; pingpong=0; private_global=0; IO mode=ap_fifo:ce=0
Port [ numReps_c159]:  wired=1; compound=1; hidden=0; nouse=0; global=0; static=0; extern=0; dir=1; type=3; pingpong=0; private_global=0; IO mode=ap_fifo:ce=0
---------------- STG Properties END ------------------

---------------- Datapath Model BEGIN ----------------

<LifeTime>
<method=bitvector/>
numReps_read      (read         ) [ 0010]
write_ln259       (write        ) [ 0000]
shl_ln297         (shl          ) [ 0000]
shl_ln297_1       (shl          ) [ 0000]
totalIters        (sub          ) [ 0001]
empty             (wait         ) [ 0000]
specinterface_ln0 (specinterface) [ 0000]
specinterface_ln0 (specinterface) [ 0000]
specinterface_ln0 (specinterface) [ 0000]
specinterface_ln0 (specinterface) [ 0000]
call_ln297        (call         ) [ 0000]
ret_ln126         (ret          ) [ 0000]
</LifeTime>

<model>

<comp_list>
<comp id="0" class="1000" name="inter0">
<pin_list>
<pin id="1" dir="1" index="0" bw="1" slack="0"/>
</pin_list>
<bind>
<StgValue><ssdm name="inter0"/></StgValue>
</bind>
</comp>

<comp id="2" class="1000" name="inter0_1">
<pin_list>
<pin id="3" dir="1" index="0" bw="1" slack="0"/>
</pin_list>
<bind>
<StgValue><ssdm name="inter0_1"/></StgValue>
</bind>
</comp>

<comp id="4" class="1000" name="numReps">
<pin_list>
<pin id="5" dir="1" index="0" bw="1" slack="0"/>
</pin_list>
<bind>
<StgValue><ssdm name="numReps"/></StgValue>
</bind>
</comp>

<comp id="6" class="1000" name="numReps_c159">
<pin_list>
<pin id="7" dir="1" index="0" bw="1" slack="0"/>
</pin_list>
<bind>
<StgValue><ssdm name="numReps_c159"/></StgValue>
</bind>
</comp>

<comp id="8" class="1001" name="const_8">
<pin_list>
<pin id="9" dir="1" index="0" bw="1" slack="0"/>
</pin_list>
<bind>
<StgValue><ssdm name="_ssdm_op_Read.ap_fifo.i32P0A"/></StgValue>
</bind>
</comp>

<comp id="10" class="1001" name="const_10">
<pin_list>
<pin id="11" dir="1" index="0" bw="1" slack="0"/>
</pin_list>
<bind>
<StgValue><ssdm name="_ssdm_op_Write.ap_fifo.i32P0A"/></StgValue>
</bind>
</comp>

<comp id="12" class="1001" name="const_12">
<pin_list>
<pin id="13" dir="1" index="0" bw="1" slack="0"/>
</pin_list>
<bind>
<StgValue><ssdm name=""/></StgValue>
</bind>
</comp>

<comp id="14" class="1001" name="const_14">
<pin_list>
<pin id="15" dir="1" index="0" bw="1" slack="0"/>
</pin_list>
<bind>
<StgValue><ssdm name=""/></StgValue>
</bind>
</comp>

<comp id="16" class="1001" name="const_16">
<pin_list>
<pin id="17" dir="1" index="0" bw="1" slack="2147483647"/>
</pin_list>
<bind>
<StgValue><ssdm name="_ssdm_op_Wait"/></StgValue>
</bind>
</comp>

<comp id="18" class="1001" name="const_18">
<pin_list>
<pin id="19" dir="1" index="0" bw="1" slack="0"/>
</pin_list>
<bind>
<StgValue><ssdm name="StreamingDataWidthConverter_Batch<64u, 192u, 384u>_Pipeline_VITIS_LOOP_300_3"/></StgValue>
</bind>
</comp>

<comp id="20" class="1001" name="const_20">
<pin_list>
<pin id="21" dir="1" index="0" bw="1" slack="2147483647"/>
</pin_list>
<bind>
<StgValue><ssdm name="_ssdm_op_SpecInterface"/></StgValue>
</bind>
</comp>

<comp id="22" class="1001" name="const_22">
<pin_list>
<pin id="23" dir="1" index="0" bw="1" slack="2147483647"/>
</pin_list>
<bind>
<StgValue><ssdm name="ap_fifo_str"/></StgValue>
</bind>
</comp>

<comp id="24" class="1001" name="const_24">
<pin_list>
<pin id="25" dir="1" index="0" bw="1" slack="2147483647"/>
</pin_list>
<bind>
<StgValue><ssdm name=""/></StgValue>
</bind>
</comp>

<comp id="26" class="1001" name="const_26">
<pin_list>
<pin id="27" dir="1" index="0" bw="1" slack="2147483647"/>
</pin_list>
<bind>
<StgValue><ssdm name="p_str"/></StgValue>
</bind>
</comp>

<comp id="28" class="1001" name="const_28">
<pin_list>
<pin id="29" dir="1" index="0" bw="1" slack="2147483647"/>
</pin_list>
<bind>
<StgValue><ssdm name=""/></StgValue>
</bind>
</comp>

<comp id="30" class="1001" name="const_30">
<pin_list>
<pin id="31" dir="1" index="0" bw="1" slack="2147483647"/>
</pin_list>
<bind>
<StgValue><ssdm name=""/></StgValue>
</bind>
</comp>

<comp id="32" class="1001" name="const_32">
<pin_list>
<pin id="33" dir="1" index="0" bw="1" slack="2147483647"/>
</pin_list>
<bind>
<StgValue><ssdm name="ScalarProp_str"/></StgValue>
</bind>
</comp>

<comp id="34" class="1001" name="const_34">
<pin_list>
<pin id="35" dir="1" index="0" bw="1" slack="2147483647"/>
</pin_list>
<bind>
<StgValue><ssdm name=""/></StgValue>
</bind>
</comp>

<comp id="36" class="1001" name="const_36">
<pin_list>
<pin id="37" dir="1" index="0" bw="1" slack="2147483647"/>
</pin_list>
<bind>
<StgValue><ssdm name="empty_11"/></StgValue>
</bind>
</comp>

<comp id="38" class="1001" name="const_38">
<pin_list>
<pin id="39" dir="1" index="0" bw="1" slack="2147483647"/>
</pin_list>
<bind>
<StgValue><ssdm name="empty_22"/></StgValue>
</bind>
</comp>

<comp id="40" class="1004" name="numReps_read_read_fu_40">
<pin_list>
<pin id="41" dir="0" index="0" bw="32" slack="0"/>
<pin id="42" dir="0" index="1" bw="32" slack="0"/>
<pin id="43" dir="1" index="2" bw="32" slack="0"/>
</pin_list>
<bind>
<opcode="read(1150) " fcode="read"/>
<opset="numReps_read/1 "/>
</bind>
</comp>

<comp id="46" class="1004" name="write_ln259_write_fu_46">
<pin_list>
<pin id="47" dir="0" index="0" bw="0" slack="0"/>
<pin id="48" dir="0" index="1" bw="32" slack="0"/>
<pin id="49" dir="0" index="2" bw="32" slack="0"/>
<pin id="50" dir="1" index="3" bw="0" slack="2147483647"/>
</pin_list>
<bind>
<opcode="write(1151) " fcode="write"/>
<opset="write_ln259/1 "/>
</bind>
</comp>

<comp id="54" class="1004" name="grp_StreamingDataWidthConverter_Batch_64u_192u_384u_Pipeline_VITIS_LOOP_300_3_fu_54">
<pin_list>
<pin id="55" dir="0" index="0" bw="0" slack="0"/>
<pin id="56" dir="0" index="1" bw="32" slack="0"/>
<pin id="57" dir="0" index="2" bw="64" slack="0"/>
<pin id="58" dir="0" index="3" bw="192" slack="0"/>
<pin id="59" dir="1" index="4" bw="0" slack="2147483647"/>
</pin_list>
<bind>
<opcode="call(48) " fcode="call"/>
<opset="call_ln297/2 "/>
</bind>
</comp>

<comp id="63" class="1004" name="shl_ln297_fu_63">
<pin_list>
<pin id="64" dir="0" index="0" bw="32" slack="1"/>
<pin id="65" dir="0" index="1" bw="5" slack="0"/>
<pin id="66" dir="1" index="2" bw="32" slack="0"/>
</pin_list>
<bind>
<opcode="shl(20) " fcode="shl"/>
<opset="shl_ln297/2 "/>
</bind>
</comp>

<comp id="68" class="1004" name="shl_ln297_1_fu_68">
<pin_list>
<pin id="69" dir="0" index="0" bw="32" slack="1"/>
<pin id="70" dir="0" index="1" bw="4" slack="0"/>
<pin id="71" dir="1" index="2" bw="32" slack="0"/>
</pin_list>
<bind>
<opcode="shl(20) " fcode="shl"/>
<opset="shl_ln297_1/2 "/>
</bind>
</comp>

<comp id="73" class="1004" name="totalIters_fu_73">
<pin_list>
<pin id="74" dir="0" index="0" bw="32" slack="0"/>
<pin id="75" dir="0" index="1" bw="32" slack="0"/>
<pin id="76" dir="1" index="2" bw="32" slack="0"/>
</pin_list>
<bind>
<opcode="sub(10) " fcode="sub"/>
<opset="totalIters/2 "/>
</bind>
</comp>

<comp id="80" class="1005" name="numReps_read_reg_80">
<pin_list>
<pin id="81" dir="0" index="0" bw="32" slack="1"/>
<pin id="82" dir="1" index="1" bw="32" slack="1"/>
</pin_list>
<bind>
<opset="numReps_read "/>
</bind>
</comp>

<comp id="86" class="1005" name="totalIters_reg_86">
<pin_list>
<pin id="87" dir="0" index="0" bw="32" slack="1"/>
<pin id="88" dir="1" index="1" bw="32" slack="1"/>
</pin_list>
<bind>
<opset="totalIters "/>
</bind>
</comp>

</comp_list>

<net_list>
<net id="44"><net_src comp="8" pin="0"/><net_sink comp="40" pin=0"/></net>

<net id="45"><net_src comp="4" pin="0"/><net_sink comp="40" pin=1"/></net>

<net id="51"><net_src comp="10" pin="0"/><net_sink comp="46" pin=0"/></net>

<net id="52"><net_src comp="6" pin="0"/><net_sink comp="46" pin=1"/></net>

<net id="53"><net_src comp="40" pin="2"/><net_sink comp="46" pin=2"/></net>

<net id="60"><net_src comp="18" pin="0"/><net_sink comp="54" pin=0"/></net>

<net id="61"><net_src comp="0" pin="0"/><net_sink comp="54" pin=2"/></net>

<net id="62"><net_src comp="2" pin="0"/><net_sink comp="54" pin=3"/></net>

<net id="67"><net_src comp="12" pin="0"/><net_sink comp="63" pin=1"/></net>

<net id="72"><net_src comp="14" pin="0"/><net_sink comp="68" pin=1"/></net>

<net id="77"><net_src comp="63" pin="2"/><net_sink comp="73" pin=0"/></net>

<net id="78"><net_src comp="68" pin="2"/><net_sink comp="73" pin=1"/></net>

<net id="79"><net_src comp="73" pin="2"/><net_sink comp="54" pin=1"/></net>

<net id="83"><net_src comp="40" pin="2"/><net_sink comp="80" pin=0"/></net>

<net id="84"><net_src comp="80" pin="1"/><net_sink comp="63" pin=0"/></net>

<net id="85"><net_src comp="80" pin="1"/><net_sink comp="68" pin=0"/></net>

<net id="89"><net_src comp="73" pin="2"/><net_sink comp="86" pin=0"/></net>

<net id="90"><net_src comp="86" pin="1"/><net_sink comp="54" pin=1"/></net>

</net_list>

</model> 
---------------- Datapath Model END ------------------

* FSMD analyzer results:
  - Output states:
	Port: inter0_1 | {2 3 }
	Port: numReps_c159 | {1 }
 - Input state : 
	Port: StreamingDataWidthConverter_Batch<64u, 192u, 384u> : inter0 | {2 3 }
	Port: StreamingDataWidthConverter_Batch<64u, 192u, 384u> : numReps | {1 }
  - Chain level:
	State 1
	State 2
		call_ln297 : 1
	State 3


============================================================
+ Verbose Summary: Datapath Resource usage 
============================================================

* Functional unit list:
|----------|-------------------------------------------------------------------------------------|---------|---------|
| Operation|                                   Functional Unit                                   |    FF   |   LUT   |
|----------|-------------------------------------------------------------------------------------|---------|---------|
|   call   | grp_StreamingDataWidthConverter_Batch_64u_192u_384u_Pipeline_VITIS_LOOP_300_3_fu_54 |   225   |   156   |
|----------|-------------------------------------------------------------------------------------|---------|---------|
|    sub   |                                   totalIters_fu_73                                  |    0    |    39   |
|----------|-------------------------------------------------------------------------------------|---------|---------|
|   read   |                               numReps_read_read_fu_40                               |    0    |    0    |
|----------|-------------------------------------------------------------------------------------|---------|---------|
|   write  |                               write_ln259_write_fu_46                               |    0    |    0    |
|----------|-------------------------------------------------------------------------------------|---------|---------|
|    shl   |                                   shl_ln297_fu_63                                   |    0    |    0    |
|          |                                  shl_ln297_1_fu_68                                  |    0    |    0    |
|----------|-------------------------------------------------------------------------------------|---------|---------|
|   Total  |                                                                                     |   225   |   195   |
|----------|-------------------------------------------------------------------------------------|---------|---------|

Memories:
N/A

* Register list:
+-------------------+--------+
|                   |   FF   |
+-------------------+--------+
|numReps_read_reg_80|   32   |
| totalIters_reg_86 |   32   |
+-------------------+--------+
|       Total       |   64   |
+-------------------+--------+

* Multiplexer (MUX) list: 
|-------------------------------------------------------------------------------------|------|------|------|--------||---------||---------|
|                                         Comp                                        |  Pin | Size |  BW  | S x BW ||  Delay  ||   LUT   |
|-------------------------------------------------------------------------------------|------|------|------|--------||---------||---------|
| grp_StreamingDataWidthConverter_Batch_64u_192u_384u_Pipeline_VITIS_LOOP_300_3_fu_54 |  p1  |   2  |  32  |   64   ||    9    |
|-------------------------------------------------------------------------------------|------|------|------|--------||---------||---------|
|                                        Total                                        |      |      |      |   64   ||  1.588  ||    9    |
|-------------------------------------------------------------------------------------|------|------|------|--------||---------||---------|



* Summary:
+-----------+--------+--------+--------+
|           |  Delay |   FF   |   LUT  |
+-----------+--------+--------+--------+
|  Function |    -   |   225  |   195  |
|   Memory  |    -   |    -   |    -   |
|Multiplexer|    1   |    -   |    9   |
|  Register |    -   |   64   |    -   |
+-----------+--------+--------+--------+
|   Total   |    1   |   289  |   204  |
+-----------+--------+--------+--------+
