

================================================================
== Vitis HLS Report for 'StreamingMaxPool_Batch_10u_2u_128u_Pipeline_VITIS_LOOP_74_3_VITIS_LOOP_75_4'
================================================================
* Date:           Thu May 29 09:36:00 2025

* Version:        2023.2.2 (Build 4101106 on Feb  9 2024)
* Project:        hw
* Solution:       solution1 (Vivado IP Flow Target)
* Product family: zynq
* Target device:  xc7z020-clg400-1


================================================================
== Performance Estimates
================================================================
+ Timing: 
    * Summary: 
    +--------+----------+----------+------------+
    |  Clock |  Target  | Estimated| Uncertainty|
    +--------+----------+----------+------------+
    |ap_clk  |  10.00 ns|  7.456 ns|     2.70 ns|
    +--------+----------+----------+------------+

+ Latency: 
    * Summary: 
    +---------+---------+----------+----------+-----+-----+---------+
    |  Latency (cycles) |  Latency (absolute) |  Interval | Pipeline|
    |   min   |   max   |    min   |    max   | min | max |   Type  |
    +---------+---------+----------+----------+-----+-----+---------+
    |       22|       22|  0.220 us|  0.220 us|   22|   22|       no|
    +---------+---------+----------+----------+-----+-----+---------+

    + Detail: 
        * Instance: 
        N/A

        * Loop: 
        +-----------------------------------+---------+---------+----------+-----------+-----------+------+----------+
        |                                   |  Latency (cycles) | Iteration|  Initiation Interval  | Trip |          |
        |             Loop Name             |   min   |   max   |  Latency |  achieved |   target  | Count| Pipelined|
        +-----------------------------------+---------+---------+----------+-----------+-----------+------+----------+
        |- VITIS_LOOP_74_3_VITIS_LOOP_75_4  |       20|       20|         3|          2|          1|    10|       yes|
        +-----------------------------------+---------+---------+----------+-----------+-----------+------+----------+

============================================================
+ Verbose Summary: Synthesis Manager
============================================================
InlineROM: 1
ExposeGlobal: 0
============================================================
+ Verbose Summary: CDFG Model
============================================================
IsTopModel: 0
ResetActiveHigh: 1
IsCombinational: 0
IsDatapathOnly: 0
HasWiredReturn: 1
HasMFsm: 2
HasVarLatency: 1
IsPipeline: 0
IsRtlPipelined: 0
IsInstanceOverlapped: 0
IsDontTouch: 0
HasImplIP: 0
IsGatedGlobalClock: 0

+ Individual pipeline summary: 
  * Pipeline-0: initiation interval (II) = 2, depth = 3


============================================================
+ Verbose Summary: Schedule
============================================================
* Number of FSM states : 3
* Pipeline : 1
  Pipeline-0 : II = 2, D = 3, States = { 1 2 3 }
* Dataflow Pipeline: 0

* FSM state transitions: 
1 --> 2 
2 --> 3 
3 --> 

* FSM state operations: 

State 1 <SV = 0> <Delay = 7.45>
ST_1 : Operation 6 [1/1] (0.00ns)   --->   "%xp = alloca i32 1" [../maxpool.h:75->../maxpool.h:110]   --->   Operation 6 'alloca' 'xp' <Predicate = true> <Delay = 0.00>
ST_1 : Operation 7 [1/1] (0.00ns)   --->   "%indvar_flatten = alloca i32 1"   --->   Operation 7 'alloca' 'indvar_flatten' <Predicate = true> <Delay = 0.00>
ST_1 : Operation 8 [1/1] (0.00ns)   --->   "%specinterface_ln0 = specinterface void @_ssdm_op_SpecInterface, i128 %inter5, void @empty_11, i32 0, i32 0, void @empty_22, i32 0, i32 0, void @empty_22, void @empty_22, void @empty_22, i32 0, i32 0, i32 0, i32 0, void @empty_22, void @empty_22, i32 4294967295, i32 0"   --->   Operation 8 'specinterface' 'specinterface_ln0' <Predicate = true> <Delay = 0.00>
ST_1 : Operation 9 [1/1] (1.58ns)   --->   "%store_ln0 = store i4 0, i4 %indvar_flatten"   --->   Operation 9 'store' 'store_ln0' <Predicate = true> <Delay = 1.58>
ST_1 : Operation 10 [1/1] (1.58ns)   --->   "%store_ln75 = store i3 0, i3 %xp" [../maxpool.h:75->../maxpool.h:110]   --->   Operation 10 'store' 'store_ln75' <Predicate = true> <Delay = 1.58>
ST_1 : Operation 11 [1/1] (0.00ns)   --->   "%br_ln0 = br void %VITIS_LOOP_78_5.i"   --->   Operation 11 'br' 'br_ln0' <Predicate = true> <Delay = 0.00>
ST_1 : Operation 12 [1/1] (0.00ns)   --->   "%indvar_flatten_load = load i4 %indvar_flatten" [../maxpool.h:74->../maxpool.h:110]   --->   Operation 12 'load' 'indvar_flatten_load' <Predicate = true> <Delay = 0.00>
ST_1 : Operation 13 [1/1] (1.73ns)   --->   "%icmp_ln74 = icmp_eq  i4 %indvar_flatten_load, i4 10" [../maxpool.h:74->../maxpool.h:110]   --->   Operation 13 'icmp' 'icmp_ln74' <Predicate = true> <Delay = 1.73> <CoreInst = "Cmp">   --->   Core 9 'Cmp' <Latency = 0> <II = 1> <Delay = 1.73> <FuncUnit> <Opcode : 'icmp'> <InPorts = 2> <OutPorts = 1>
ST_1 : Operation 14 [1/1] (1.73ns)   --->   "%add_ln74 = add i4 %indvar_flatten_load, i4 1" [../maxpool.h:74->../maxpool.h:110]   --->   Operation 14 'add' 'add_ln74' <Predicate = true> <Delay = 1.73> <CoreInst = "Adder">   --->   Core 1 'Adder' <Latency = 0> <II = 1> <Delay = 1.73> <FuncUnit> <Opcode : 'add' 'sub'> <InPorts = 2> <OutPorts = 1>
ST_1 : Operation 15 [1/1] (0.00ns)   --->   "%br_ln74 = br i1 %icmp_ln74, void %for.inc27.i, void %for.inc39.i.preheader.exitStub" [../maxpool.h:74->../maxpool.h:110]   --->   Operation 15 'br' 'br_ln74' <Predicate = true> <Delay = 0.00>
ST_1 : Operation 16 [1/1] (0.00ns)   --->   "%xp_load = load i3 %xp" [../maxpool.h:75->../maxpool.h:110]   --->   Operation 16 'load' 'xp_load' <Predicate = (!icmp_ln74)> <Delay = 0.00>
ST_1 : Operation 17 [1/1] (1.65ns)   --->   "%icmp_ln75 = icmp_eq  i3 %xp_load, i3 5" [../maxpool.h:75->../maxpool.h:110]   --->   Operation 17 'icmp' 'icmp_ln75' <Predicate = (!icmp_ln74)> <Delay = 1.65> <CoreInst = "Cmp">   --->   Core 9 'Cmp' <Latency = 0> <II = 1> <Delay = 1.65> <FuncUnit> <Opcode : 'icmp'> <InPorts = 2> <OutPorts = 1>
ST_1 : Operation 18 [1/1] (0.98ns)   --->   "%select_ln74 = select i1 %icmp_ln75, i3 0, i3 %xp_load" [../maxpool.h:74->../maxpool.h:110]   --->   Operation 18 'select' 'select_ln74' <Predicate = (!icmp_ln74)> <Delay = 0.98> <CoreInst = "Sel">   --->   Core 73 'Sel' <Latency = 0> <II = 1> <Delay = 0.98> <FuncUnit> <Opcode : 'select'> <InPorts = 3> <OutPorts = 1>
ST_1 : Operation 19 [1/1] (0.00ns)   --->   "%zext_ln75 = zext i3 %select_ln74" [../maxpool.h:75->../maxpool.h:110]   --->   Operation 19 'zext' 'zext_ln75' <Predicate = (!icmp_ln74)> <Delay = 0.00>
ST_1 : Operation 20 [1/1] (0.00ns)   --->   "%buf_addr = getelementptr i128 %buf_r, i64 0, i64 %zext_ln75" [../maxpool.h:82->../maxpool.h:110]   --->   Operation 20 'getelementptr' 'buf_addr' <Predicate = (!icmp_ln74)> <Delay = 0.00>
ST_1 : Operation 21 [2/2] (2.28ns)   --->   "%buf_load = load i3 %buf_addr" [../maxpool.h:82->../maxpool.h:110]   --->   Operation 21 'load' 'buf_load' <Predicate = (!icmp_ln74)> <Delay = 2.28> <CoreInst = "RAM">   --->   Core 82 'RAM' <Latency = 1> <II = 1> <Delay = 2.28> <Storage> <Opcode : 'load' 'store'> <Ports = 2> <Width = 128> <Depth = 5> <RAM>
ST_1 : Operation 22 [1/1] (1.65ns)   --->   "%add_ln75 = add i3 %select_ln74, i3 1" [../maxpool.h:75->../maxpool.h:110]   --->   Operation 22 'add' 'add_ln75' <Predicate = (!icmp_ln74)> <Delay = 1.65> <CoreInst = "Adder">   --->   Core 1 'Adder' <Latency = 0> <II = 1> <Delay = 1.65> <FuncUnit> <Opcode : 'add' 'sub'> <InPorts = 2> <OutPorts = 1>
ST_1 : Operation 23 [1/1] (1.58ns)   --->   "%store_ln74 = store i4 %add_ln74, i4 %indvar_flatten" [../maxpool.h:74->../maxpool.h:110]   --->   Operation 23 'store' 'store_ln74' <Predicate = (!icmp_ln74)> <Delay = 1.58>
ST_1 : Operation 24 [1/1] (1.58ns)   --->   "%store_ln75 = store i3 %add_ln75, i3 %xp" [../maxpool.h:75->../maxpool.h:110]   --->   Operation 24 'store' 'store_ln75' <Predicate = (!icmp_ln74)> <Delay = 1.58>
ST_1 : Operation 35 [1/1] (0.00ns)   --->   "%ret_ln0 = ret"   --->   Operation 35 'ret' 'ret_ln0' <Predicate = (icmp_ln74)> <Delay = 0.00>

State 2 <SV = 1> <Delay = 3.63>
ST_2 : Operation 25 [1/1] (3.63ns)   --->   "%acc = read i128 @_ssdm_op_Read.ap_fifo.volatile.i128P0A, i128 %inter5" [../maxpool.h:79->../maxpool.h:110]   --->   Operation 25 'read' 'acc' <Predicate = (!icmp_ln74)> <Delay = 3.63> <CoreInst = "FIFO_SRL">   --->   Core 81 'FIFO_SRL' <Latency = 0> <II = 1> <Delay = 3.63> <Storage> <Opcode : 'read' 'write' 'nbread' 'nbwrite'> <Ports = 0> <Width = 128> <Depth = 2> <FIFO>
ST_2 : Operation 26 [1/2] (2.28ns)   --->   "%buf_load = load i3 %buf_addr" [../maxpool.h:82->../maxpool.h:110]   --->   Operation 26 'load' 'buf_load' <Predicate = (!icmp_ln74)> <Delay = 2.28> <CoreInst = "RAM">   --->   Core 82 'RAM' <Latency = 1> <II = 1> <Delay = 2.28> <Storage> <Opcode : 'load' 'store'> <Ports = 2> <Width = 128> <Depth = 5> <RAM>

State 3 <SV = 2> <Delay = 6.95>
ST_3 : Operation 27 [1/1] (0.00ns)   --->   "%specloopname_ln0 = specloopname void @_ssdm_op_SpecLoopName, void @VITIS_LOOP_74_3_VITIS_LOOP_75_4_str"   --->   Operation 27 'specloopname' 'specloopname_ln0' <Predicate = true> <Delay = 0.00>
ST_3 : Operation 28 [1/1] (0.00ns)   --->   "%speclooptripcount_ln0 = speclooptripcount void @_ssdm_op_SpecLoopTripCount, i64 10, i64 10, i64 10"   --->   Operation 28 'speclooptripcount' 'speclooptripcount_ln0' <Predicate = true> <Delay = 0.00>
ST_3 : Operation 29 [1/1] (0.00ns)   --->   "%specpipeline_ln76 = specpipeline void @_ssdm_op_SpecPipeline, i32 1, i32 0, i32 0, i32 0, void @empty_22" [../maxpool.h:76->../maxpool.h:110]   --->   Operation 29 'specpipeline' 'specpipeline_ln76' <Predicate = true> <Delay = 0.00>
ST_3 : Operation 30 [1/1] (3.63ns)   --->   "%inter5_read = read i128 @_ssdm_op_Read.ap_fifo.volatile.i128P0A, i128 %inter5" [../maxpool.h:79->../maxpool.h:110]   --->   Operation 30 'read' 'inter5_read' <Predicate = true> <Delay = 3.63> <CoreInst = "FIFO_SRL">   --->   Core 81 'FIFO_SRL' <Latency = 0> <II = 1> <Delay = 3.63> <Storage> <Opcode : 'read' 'write' 'nbread' 'nbwrite'> <Ports = 0> <Width = 128> <Depth = 2> <FIFO>
ST_3 : Operation 31 [1/1] (0.00ns) (grouped into LUT with out node or_ln82)   --->   "%or_ln82_2 = or i128 %acc, i128 %buf_load" [../maxpool.h:82->../maxpool.h:110]   --->   Operation 31 'or' 'or_ln82_2' <Predicate = true> <Delay = 0.00> <CoreInst = "LogicGate">   --->   Core 74 'LogicGate' <Latency = 0> <II = 1> <Delay = 1.03> <FuncUnit> <Opcode : 'and' 'or' 'xor'> <InPorts = 2> <OutPorts = 1>
ST_3 : Operation 32 [1/1] (1.03ns) (out node of the LUT)   --->   "%or_ln82 = or i128 %or_ln82_2, i128 %inter5_read" [../maxpool.h:82->../maxpool.h:110]   --->   Operation 32 'or' 'or_ln82' <Predicate = true> <Delay = 1.03> <CoreInst = "LogicGate">   --->   Core 74 'LogicGate' <Latency = 0> <II = 1> <Delay = 1.03> <FuncUnit> <Opcode : 'and' 'or' 'xor'> <InPorts = 2> <OutPorts = 1>
ST_3 : Operation 33 [1/1] (2.28ns)   --->   "%store_ln82 = store i128 %or_ln82, i3 %buf_addr" [../maxpool.h:82->../maxpool.h:110]   --->   Operation 33 'store' 'store_ln82' <Predicate = true> <Delay = 2.28> <CoreInst = "RAM">   --->   Core 82 'RAM' <Latency = 1> <II = 1> <Delay = 2.28> <Storage> <Opcode : 'load' 'store'> <Ports = 2> <Width = 128> <Depth = 5> <RAM>
ST_3 : Operation 34 [1/1] (0.00ns)   --->   "%br_ln75 = br void %VITIS_LOOP_78_5.i" [../maxpool.h:75->../maxpool.h:110]   --->   Operation 34 'br' 'br_ln75' <Predicate = true> <Delay = 0.00>


============================================================
+ Verbose Summary: Binding
============================================================
STG Binding: 
---------------- STG Properties BEGIN ----------------
- Is combinational: 0
- Is one-state seq: 0
- Is datapath-only: 0
- Is pipelined: 0
- Is top level: 0
Port [ Return ] is wired: 1; IO mode=ap_ctrl_hs:ce=0
Port [ inter5]:  wired=1; compound=1; hidden=0; nouse=0; global=0; static=0; extern=0; dir=0; type=3; pingpong=0; private_global=0; IO mode=ap_fifo:ce=0
Port [ buf_r]:  wired=1; compound=1; hidden=0; nouse=0; global=0; static=0; extern=0; dir=2; type=1; pingpong=0; private_global=0; MemPort=[01]; IO mode=ap_memory:ce=0
---------------- STG Properties END ------------------

---------------- Datapath Model BEGIN ----------------

<LifeTime>
<method=bitvector/>
xp                    (alloca           ) [ 0100]
indvar_flatten        (alloca           ) [ 0100]
specinterface_ln0     (specinterface    ) [ 0000]
store_ln0             (store            ) [ 0000]
store_ln75            (store            ) [ 0000]
br_ln0                (br               ) [ 0000]
indvar_flatten_load   (load             ) [ 0000]
icmp_ln74             (icmp             ) [ 0110]
add_ln74              (add              ) [ 0000]
br_ln74               (br               ) [ 0000]
xp_load               (load             ) [ 0000]
icmp_ln75             (icmp             ) [ 0000]
select_ln74           (select           ) [ 0000]
zext_ln75             (zext             ) [ 0000]
buf_addr              (getelementptr    ) [ 0111]
add_ln75              (add              ) [ 0000]
store_ln74            (store            ) [ 0000]
store_ln75            (store            ) [ 0000]
acc                   (read             ) [ 0101]
buf_load              (load             ) [ 0101]
specloopname_ln0      (specloopname     ) [ 0000]
speclooptripcount_ln0 (speclooptripcount) [ 0000]
specpipeline_ln76     (specpipeline     ) [ 0000]
inter5_read           (read             ) [ 0000]
or_ln82_2             (or               ) [ 0000]
or_ln82               (or               ) [ 0000]
store_ln82            (store            ) [ 0000]
br_ln75               (br               ) [ 0000]
ret_ln0               (ret              ) [ 0000]
</LifeTime>

<model>

<comp_list>
<comp id="0" class="1000" name="inter5">
<pin_list>
<pin id="1" dir="1" index="0" bw="1" slack="0"/>
</pin_list>
<bind>
<StgValue><ssdm name="inter5"/></StgValue>
</bind>
</comp>

<comp id="2" class="1000" name="buf_r">
<pin_list>
<pin id="3" dir="1" index="0" bw="1" slack="0"/>
</pin_list>
<bind>
<StgValue><ssdm name="buf_r"/><MemPortTyVec>0 1 </MemPortTyVec>
</StgValue>
</bind>
</comp>

<comp id="4" class="1001" name="const_4">
<pin_list>
<pin id="5" dir="1" index="0" bw="1" slack="0"/>
</pin_list>
<bind>
<StgValue><ssdm name=""/></StgValue>
</bind>
</comp>

<comp id="6" class="1001" name="const_6">
<pin_list>
<pin id="7" dir="1" index="0" bw="1" slack="2147483647"/>
</pin_list>
<bind>
<StgValue><ssdm name="_ssdm_op_SpecInterface"/></StgValue>
</bind>
</comp>

<comp id="8" class="1001" name="const_8">
<pin_list>
<pin id="9" dir="1" index="0" bw="1" slack="2147483647"/>
</pin_list>
<bind>
<StgValue><ssdm name="empty_11"/></StgValue>
</bind>
</comp>

<comp id="10" class="1001" name="const_10">
<pin_list>
<pin id="11" dir="1" index="0" bw="1" slack="2147483647"/>
</pin_list>
<bind>
<StgValue><ssdm name=""/></StgValue>
</bind>
</comp>

<comp id="12" class="1001" name="const_12">
<pin_list>
<pin id="13" dir="1" index="0" bw="1" slack="2147483647"/>
</pin_list>
<bind>
<StgValue><ssdm name="empty_22"/></StgValue>
</bind>
</comp>

<comp id="14" class="1001" name="const_14">
<pin_list>
<pin id="15" dir="1" index="0" bw="1" slack="2147483647"/>
</pin_list>
<bind>
<StgValue><ssdm name=""/></StgValue>
</bind>
</comp>

<comp id="16" class="1001" name="const_16">
<pin_list>
<pin id="17" dir="1" index="0" bw="1" slack="0"/>
</pin_list>
<bind>
<StgValue><ssdm name=""/></StgValue>
</bind>
</comp>

<comp id="18" class="1001" name="const_18">
<pin_list>
<pin id="19" dir="1" index="0" bw="1" slack="0"/>
</pin_list>
<bind>
<StgValue><ssdm name=""/></StgValue>
</bind>
</comp>

<comp id="20" class="1001" name="const_20">
<pin_list>
<pin id="21" dir="1" index="0" bw="1" slack="0"/>
</pin_list>
<bind>
<StgValue><ssdm name=""/></StgValue>
</bind>
</comp>

<comp id="22" class="1001" name="const_22">
<pin_list>
<pin id="23" dir="1" index="0" bw="1" slack="0"/>
</pin_list>
<bind>
<StgValue><ssdm name=""/></StgValue>
</bind>
</comp>

<comp id="24" class="1001" name="const_24">
<pin_list>
<pin id="25" dir="1" index="0" bw="1" slack="0"/>
</pin_list>
<bind>
<StgValue><ssdm name=""/></StgValue>
</bind>
</comp>

<comp id="26" class="1001" name="const_26">
<pin_list>
<pin id="27" dir="1" index="0" bw="1" slack="0"/>
</pin_list>
<bind>
<StgValue><ssdm name=""/></StgValue>
</bind>
</comp>

<comp id="28" class="1001" name="const_28">
<pin_list>
<pin id="29" dir="1" index="0" bw="1" slack="0"/>
</pin_list>
<bind>
<StgValue><ssdm name=""/></StgValue>
</bind>
</comp>

<comp id="30" class="1001" name="const_30">
<pin_list>
<pin id="31" dir="1" index="0" bw="1" slack="0"/>
</pin_list>
<bind>
<StgValue><ssdm name="_ssdm_op_Read.ap_fifo.volatile.i128P0A"/></StgValue>
</bind>
</comp>

<comp id="32" class="1001" name="const_32">
<pin_list>
<pin id="33" dir="1" index="0" bw="1" slack="2147483647"/>
</pin_list>
<bind>
<StgValue><ssdm name="_ssdm_op_SpecLoopName"/></StgValue>
</bind>
</comp>

<comp id="34" class="1001" name="const_34">
<pin_list>
<pin id="35" dir="1" index="0" bw="1" slack="2147483647"/>
</pin_list>
<bind>
<StgValue><ssdm name="VITIS_LOOP_74_3_VITIS_LOOP_75_4_str"/></StgValue>
</bind>
</comp>

<comp id="36" class="1001" name="const_36">
<pin_list>
<pin id="37" dir="1" index="0" bw="1" slack="2147483647"/>
</pin_list>
<bind>
<StgValue><ssdm name="_ssdm_op_SpecLoopTripCount"/></StgValue>
</bind>
</comp>

<comp id="38" class="1001" name="const_38">
<pin_list>
<pin id="39" dir="1" index="0" bw="1" slack="2147483647"/>
</pin_list>
<bind>
<StgValue><ssdm name=""/></StgValue>
</bind>
</comp>

<comp id="40" class="1001" name="const_40">
<pin_list>
<pin id="41" dir="1" index="0" bw="1" slack="2147483647"/>
</pin_list>
<bind>
<StgValue><ssdm name="_ssdm_op_SpecPipeline"/></StgValue>
</bind>
</comp>

<comp id="42" class="1004" name="xp_fu_42">
<pin_list>
<pin id="43" dir="0" index="0" bw="1" slack="0"/>
<pin id="44" dir="1" index="1" bw="3" slack="0"/>
</pin_list>
<bind>
<opcode="alloca(26) " fcode="alloca"/>
<opset="xp/1 "/>
</bind>
</comp>

<comp id="46" class="1004" name="indvar_flatten_fu_46">
<pin_list>
<pin id="47" dir="0" index="0" bw="1" slack="0"/>
<pin id="48" dir="1" index="1" bw="4" slack="0"/>
</pin_list>
<bind>
<opcode="alloca(26) " fcode="alloca"/>
<opset="indvar_flatten/1 "/>
</bind>
</comp>

<comp id="50" class="1004" name="grp_read_fu_50">
<pin_list>
<pin id="51" dir="0" index="0" bw="128" slack="0"/>
<pin id="52" dir="0" index="1" bw="128" slack="0"/>
<pin id="53" dir="1" index="2" bw="128" slack="0"/>
</pin_list>
<bind>
<opcode="read(1150) " fcode="read"/>
<opset="acc/2 inter5_read/3 "/>
</bind>
</comp>

<comp id="56" class="1004" name="buf_addr_gep_fu_56">
<pin_list>
<pin id="57" dir="0" index="0" bw="128" slack="0"/>
<pin id="58" dir="0" index="1" bw="1" slack="0"/>
<pin id="59" dir="0" index="2" bw="3" slack="0"/>
<pin id="60" dir="1" index="3" bw="3" slack="0"/>
</pin_list>
<bind>
<opcode="getelementptr(29) " fcode="getelementptr"/>
<opset="buf_addr/1 "/>
</bind>
</comp>

<comp id="63" class="1004" name="grp_access_fu_63">
<pin_list>
<pin id="64" dir="0" index="0" bw="3" slack="2"/>
<pin id="65" dir="0" index="1" bw="128" slack="0"/>
<pin id="66" dir="0" index="2" bw="0" slack="0"/>
<pin id="68" dir="0" index="4" bw="3" slack="2147483647"/>
<pin id="69" dir="0" index="5" bw="128" slack="2147483647"/>
<pin id="70" dir="0" index="6" bw="0" slack="2147483647"/>
<pin id="67" dir="1" index="3" bw="128" slack="2147483647"/>
<pin id="71" dir="1" index="7" bw="128" slack="1"/>
</pin_list>
<bind>
<opcode="load(27) store(28) " fcode="store"/>
<opset="buf_load/1 store_ln82/3 "/>
</bind>
</comp>

<comp id="73" class="1004" name="store_ln0_store_fu_73">
<pin_list>
<pin id="74" dir="0" index="0" bw="1" slack="0"/>
<pin id="75" dir="0" index="1" bw="4" slack="0"/>
<pin id="76" dir="1" index="2" bw="0" slack="2147483647"/>
</pin_list>
<bind>
<opcode="store(28) " fcode="store"/>
<opset="store_ln0/1 "/>
</bind>
</comp>

<comp id="78" class="1004" name="store_ln75_store_fu_78">
<pin_list>
<pin id="79" dir="0" index="0" bw="1" slack="0"/>
<pin id="80" dir="0" index="1" bw="3" slack="0"/>
<pin id="81" dir="1" index="2" bw="0" slack="2147483647"/>
</pin_list>
<bind>
<opcode="store(28) " fcode="store"/>
<opset="store_ln75/1 "/>
</bind>
</comp>

<comp id="83" class="1004" name="indvar_flatten_load_load_fu_83">
<pin_list>
<pin id="84" dir="0" index="0" bw="4" slack="0"/>
<pin id="85" dir="1" index="1" bw="4" slack="0"/>
</pin_list>
<bind>
<opcode="load(27) " fcode="load"/>
<opset="indvar_flatten_load/1 "/>
</bind>
</comp>

<comp id="86" class="1004" name="icmp_ln74_fu_86">
<pin_list>
<pin id="87" dir="0" index="0" bw="4" slack="0"/>
<pin id="88" dir="0" index="1" bw="4" slack="0"/>
<pin id="89" dir="1" index="2" bw="1" slack="1"/>
</pin_list>
<bind>
<opcode="icmp(45) " fcode="icmp"/>
<opset="icmp_ln74/1 "/>
</bind>
</comp>

<comp id="92" class="1004" name="add_ln74_fu_92">
<pin_list>
<pin id="93" dir="0" index="0" bw="4" slack="0"/>
<pin id="94" dir="0" index="1" bw="1" slack="0"/>
<pin id="95" dir="1" index="2" bw="4" slack="0"/>
</pin_list>
<bind>
<opcode="add(8) " fcode="add"/>
<opset="add_ln74/1 "/>
</bind>
</comp>

<comp id="98" class="1004" name="xp_load_load_fu_98">
<pin_list>
<pin id="99" dir="0" index="0" bw="3" slack="0"/>
<pin id="100" dir="1" index="1" bw="3" slack="0"/>
</pin_list>
<bind>
<opcode="load(27) " fcode="load"/>
<opset="xp_load/1 "/>
</bind>
</comp>

<comp id="101" class="1004" name="icmp_ln75_fu_101">
<pin_list>
<pin id="102" dir="0" index="0" bw="3" slack="0"/>
<pin id="103" dir="0" index="1" bw="3" slack="0"/>
<pin id="104" dir="1" index="2" bw="1" slack="0"/>
</pin_list>
<bind>
<opcode="icmp(45) " fcode="icmp"/>
<opset="icmp_ln75/1 "/>
</bind>
</comp>

<comp id="107" class="1004" name="select_ln74_fu_107">
<pin_list>
<pin id="108" dir="0" index="0" bw="1" slack="0"/>
<pin id="109" dir="0" index="1" bw="1" slack="0"/>
<pin id="110" dir="0" index="2" bw="3" slack="0"/>
<pin id="111" dir="1" index="3" bw="3" slack="0"/>
</pin_list>
<bind>
<opcode="select(49) " fcode="select"/>
<opset="select_ln74/1 "/>
</bind>
</comp>

<comp id="115" class="1004" name="zext_ln75_fu_115">
<pin_list>
<pin id="116" dir="0" index="0" bw="3" slack="0"/>
<pin id="117" dir="1" index="1" bw="64" slack="0"/>
</pin_list>
<bind>
<opcode="zext(34) " fcode="zext"/>
<opset="zext_ln75/1 "/>
</bind>
</comp>

<comp id="120" class="1004" name="add_ln75_fu_120">
<pin_list>
<pin id="121" dir="0" index="0" bw="3" slack="0"/>
<pin id="122" dir="0" index="1" bw="1" slack="0"/>
<pin id="123" dir="1" index="2" bw="3" slack="0"/>
</pin_list>
<bind>
<opcode="add(8) " fcode="add"/>
<opset="add_ln75/1 "/>
</bind>
</comp>

<comp id="126" class="1004" name="store_ln74_store_fu_126">
<pin_list>
<pin id="127" dir="0" index="0" bw="4" slack="0"/>
<pin id="128" dir="0" index="1" bw="4" slack="0"/>
<pin id="129" dir="1" index="2" bw="0" slack="2147483647"/>
</pin_list>
<bind>
<opcode="store(28) " fcode="store"/>
<opset="store_ln74/1 "/>
</bind>
</comp>

<comp id="131" class="1004" name="store_ln75_store_fu_131">
<pin_list>
<pin id="132" dir="0" index="0" bw="3" slack="0"/>
<pin id="133" dir="0" index="1" bw="3" slack="0"/>
<pin id="134" dir="1" index="2" bw="0" slack="2147483647"/>
</pin_list>
<bind>
<opcode="store(28) " fcode="store"/>
<opset="store_ln75/1 "/>
</bind>
</comp>

<comp id="136" class="1004" name="or_ln82_2_fu_136">
<pin_list>
<pin id="137" dir="0" index="0" bw="128" slack="1"/>
<pin id="138" dir="0" index="1" bw="128" slack="1"/>
<pin id="139" dir="1" index="2" bw="128" slack="0"/>
</pin_list>
<bind>
<opcode="or(24) " fcode="or"/>
<opset="or_ln82_2/3 "/>
</bind>
</comp>

<comp id="140" class="1004" name="or_ln82_fu_140">
<pin_list>
<pin id="141" dir="0" index="0" bw="128" slack="0"/>
<pin id="142" dir="0" index="1" bw="128" slack="0"/>
<pin id="143" dir="1" index="2" bw="128" slack="0"/>
</pin_list>
<bind>
<opcode="or(24) " fcode="or"/>
<opset="or_ln82/3 "/>
</bind>
</comp>

<comp id="147" class="1005" name="xp_reg_147">
<pin_list>
<pin id="148" dir="0" index="0" bw="3" slack="0"/>
<pin id="149" dir="1" index="1" bw="3" slack="0"/>
</pin_list>
<bind>
<opset="xp "/>
</bind>
</comp>

<comp id="154" class="1005" name="indvar_flatten_reg_154">
<pin_list>
<pin id="155" dir="0" index="0" bw="4" slack="0"/>
<pin id="156" dir="1" index="1" bw="4" slack="0"/>
</pin_list>
<bind>
<opset="indvar_flatten "/>
</bind>
</comp>

<comp id="161" class="1005" name="icmp_ln74_reg_161">
<pin_list>
<pin id="162" dir="0" index="0" bw="1" slack="1"/>
<pin id="163" dir="1" index="1" bw="1" slack="2147483647"/>
</pin_list>
<bind>
<opset="icmp_ln74 "/>
</bind>
</comp>

<comp id="165" class="1005" name="buf_addr_reg_165">
<pin_list>
<pin id="166" dir="0" index="0" bw="3" slack="1"/>
<pin id="167" dir="1" index="1" bw="3" slack="1"/>
</pin_list>
<bind>
<opset="buf_addr "/>
</bind>
</comp>

<comp id="171" class="1005" name="acc_reg_171">
<pin_list>
<pin id="172" dir="0" index="0" bw="128" slack="1"/>
<pin id="173" dir="1" index="1" bw="128" slack="1"/>
</pin_list>
<bind>
<opset="acc "/>
</bind>
</comp>

<comp id="176" class="1005" name="buf_load_reg_176">
<pin_list>
<pin id="177" dir="0" index="0" bw="128" slack="1"/>
<pin id="178" dir="1" index="1" bw="128" slack="1"/>
</pin_list>
<bind>
<opset="buf_load "/>
</bind>
</comp>

</comp_list>

<net_list>
<net id="45"><net_src comp="4" pin="0"/><net_sink comp="42" pin=0"/></net>

<net id="49"><net_src comp="4" pin="0"/><net_sink comp="46" pin=0"/></net>

<net id="54"><net_src comp="30" pin="0"/><net_sink comp="50" pin=0"/></net>

<net id="55"><net_src comp="0" pin="0"/><net_sink comp="50" pin=1"/></net>

<net id="61"><net_src comp="2" pin="0"/><net_sink comp="56" pin=0"/></net>

<net id="62"><net_src comp="26" pin="0"/><net_sink comp="56" pin=1"/></net>

<net id="72"><net_src comp="56" pin="3"/><net_sink comp="63" pin=2"/></net>

<net id="77"><net_src comp="16" pin="0"/><net_sink comp="73" pin=0"/></net>

<net id="82"><net_src comp="18" pin="0"/><net_sink comp="78" pin=0"/></net>

<net id="90"><net_src comp="83" pin="1"/><net_sink comp="86" pin=0"/></net>

<net id="91"><net_src comp="20" pin="0"/><net_sink comp="86" pin=1"/></net>

<net id="96"><net_src comp="83" pin="1"/><net_sink comp="92" pin=0"/></net>

<net id="97"><net_src comp="22" pin="0"/><net_sink comp="92" pin=1"/></net>

<net id="105"><net_src comp="98" pin="1"/><net_sink comp="101" pin=0"/></net>

<net id="106"><net_src comp="24" pin="0"/><net_sink comp="101" pin=1"/></net>

<net id="112"><net_src comp="101" pin="2"/><net_sink comp="107" pin=0"/></net>

<net id="113"><net_src comp="18" pin="0"/><net_sink comp="107" pin=1"/></net>

<net id="114"><net_src comp="98" pin="1"/><net_sink comp="107" pin=2"/></net>

<net id="118"><net_src comp="107" pin="3"/><net_sink comp="115" pin=0"/></net>

<net id="119"><net_src comp="115" pin="1"/><net_sink comp="56" pin=2"/></net>

<net id="124"><net_src comp="107" pin="3"/><net_sink comp="120" pin=0"/></net>

<net id="125"><net_src comp="28" pin="0"/><net_sink comp="120" pin=1"/></net>

<net id="130"><net_src comp="92" pin="2"/><net_sink comp="126" pin=0"/></net>

<net id="135"><net_src comp="120" pin="2"/><net_sink comp="131" pin=0"/></net>

<net id="144"><net_src comp="136" pin="2"/><net_sink comp="140" pin=0"/></net>

<net id="145"><net_src comp="50" pin="2"/><net_sink comp="140" pin=1"/></net>

<net id="146"><net_src comp="140" pin="2"/><net_sink comp="63" pin=1"/></net>

<net id="150"><net_src comp="42" pin="1"/><net_sink comp="147" pin=0"/></net>

<net id="151"><net_src comp="147" pin="1"/><net_sink comp="78" pin=1"/></net>

<net id="152"><net_src comp="147" pin="1"/><net_sink comp="98" pin=0"/></net>

<net id="153"><net_src comp="147" pin="1"/><net_sink comp="131" pin=1"/></net>

<net id="157"><net_src comp="46" pin="1"/><net_sink comp="154" pin=0"/></net>

<net id="158"><net_src comp="154" pin="1"/><net_sink comp="73" pin=1"/></net>

<net id="159"><net_src comp="154" pin="1"/><net_sink comp="83" pin=0"/></net>

<net id="160"><net_src comp="154" pin="1"/><net_sink comp="126" pin=1"/></net>

<net id="164"><net_src comp="86" pin="2"/><net_sink comp="161" pin=0"/></net>

<net id="168"><net_src comp="56" pin="3"/><net_sink comp="165" pin=0"/></net>

<net id="169"><net_src comp="165" pin="1"/><net_sink comp="63" pin=2"/></net>

<net id="170"><net_src comp="165" pin="1"/><net_sink comp="63" pin=0"/></net>

<net id="174"><net_src comp="50" pin="2"/><net_sink comp="171" pin=0"/></net>

<net id="175"><net_src comp="171" pin="1"/><net_sink comp="136" pin=0"/></net>

<net id="179"><net_src comp="63" pin="7"/><net_sink comp="176" pin=0"/></net>

<net id="180"><net_src comp="176" pin="1"/><net_sink comp="136" pin=1"/></net>

</net_list>

</model> 
---------------- Datapath Model END ------------------

* FSMD analyzer results:
  - Output states:
	Port: buf_r | {3 }
 - Input state : 
	Port: StreamingMaxPool_Batch<10u, 2u, 128u>_Pipeline_VITIS_LOOP_74_3_VITIS_LOOP_75_4 : inter5 | {2 3 }
	Port: StreamingMaxPool_Batch<10u, 2u, 128u>_Pipeline_VITIS_LOOP_74_3_VITIS_LOOP_75_4 : buf_r | {1 2 }
  - Chain level:
	State 1
		store_ln0 : 1
		store_ln75 : 1
		indvar_flatten_load : 1
		icmp_ln74 : 2
		add_ln74 : 2
		br_ln74 : 3
		xp_load : 1
		icmp_ln75 : 2
		select_ln74 : 3
		zext_ln75 : 4
		buf_addr : 5
		buf_load : 6
		add_ln75 : 4
		store_ln74 : 3
		store_ln75 : 5
	State 2
	State 3


============================================================
+ Verbose Summary: Datapath Resource usage 
============================================================

* Functional unit list:
|----------|--------------------|---------|---------|
| Operation|   Functional Unit  |    FF   |   LUT   |
|----------|--------------------|---------|---------|
|    or    |  or_ln82_2_fu_136  |    0    |   128   |
|          |   or_ln82_fu_140   |    0    |   128   |
|----------|--------------------|---------|---------|
|   icmp   |   icmp_ln74_fu_86  |    0    |    13   |
|          |  icmp_ln75_fu_101  |    0    |    11   |
|----------|--------------------|---------|---------|
|    add   |   add_ln74_fu_92   |    0    |    13   |
|          |   add_ln75_fu_120  |    0    |    11   |
|----------|--------------------|---------|---------|
|  select  | select_ln74_fu_107 |    0    |    3    |
|----------|--------------------|---------|---------|
|   read   |   grp_read_fu_50   |    0    |    0    |
|----------|--------------------|---------|---------|
|   zext   |  zext_ln75_fu_115  |    0    |    0    |
|----------|--------------------|---------|---------|
|   Total  |                    |    0    |   307   |
|----------|--------------------|---------|---------|

Memories:
N/A

* Register list:
+----------------------+--------+
|                      |   FF   |
+----------------------+--------+
|      acc_reg_171     |   128  |
|   buf_addr_reg_165   |    3   |
|   buf_load_reg_176   |   128  |
|   icmp_ln74_reg_161  |    1   |
|indvar_flatten_reg_154|    4   |
|      xp_reg_147      |    3   |
+----------------------+--------+
|         Total        |   267  |
+----------------------+--------+

* Multiplexer (MUX) list: 
|------------------|------|------|------|--------||---------||---------|
|       Comp       |  Pin | Size |  BW  | S x BW ||  Delay  ||   LUT   |
|------------------|------|------|------|--------||---------||---------|
| grp_access_fu_63 |  p2  |   2  |   0  |    0   ||    9    |
|------------------|------|------|------|--------||---------||---------|
|       Total      |      |      |      |    0   ||  1.588  ||    9    |
|------------------|------|------|------|--------||---------||---------|



* Summary:
+-----------+--------+--------+--------+
|           |  Delay |   FF   |   LUT  |
+-----------+--------+--------+--------+
|  Function |    -   |    0   |   307  |
|   Memory  |    -   |    -   |    -   |
|Multiplexer|    1   |    -   |    9   |
|  Register |    -   |   267  |    -   |
+-----------+--------+--------+--------+
|   Total   |    1   |   267  |   316  |
+-----------+--------+--------+--------+
