

================================================================
== Vitis HLS Report for 'StreamingMaxPool_Batch_28u_2u_64u_Pipeline_VITIS_LOOP_85_6'
================================================================
* Date:           Thu May 29 09:35:39 2025

* Version:        2023.2.2 (Build 4101106 on Feb  9 2024)
* Project:        hw
* Solution:       solution1 (Vivado IP Flow Target)
* Product family: zynq
* Target device:  xc7z020-clg400-1


================================================================
== Performance Estimates
================================================================
+ Timing: 
    * Summary: 
    +--------+----------+----------+------------+
    |  Clock |  Target  | Estimated| Uncertainty|
    +--------+----------+----------+------------+
    |ap_clk  |  10.00 ns|  5.850 ns|     2.70 ns|
    +--------+----------+----------+------------+

+ Latency: 
    * Summary: 
    +---------+---------+----------+----------+-----+-----+---------+
    |  Latency (cycles) |  Latency (absolute) |  Interval | Pipeline|
    |   min   |   max   |    min   |    max   | min | max |   Type  |
    +---------+---------+----------+----------+-----+-----+---------+
    |       16|       16|  0.160 us|  0.160 us|   16|   16|       no|
    +---------+---------+----------+----------+-----+-----+---------+

    + Detail: 
        * Instance: 
        N/A

        * Loop: 
        +-------------------+---------+---------+----------+-----------+-----------+------+----------+
        |                   |  Latency (cycles) | Iteration|  Initiation Interval  | Trip |          |
        |     Loop Name     |   min   |   max   |  Latency |  achieved |   target  | Count| Pipelined|
        +-------------------+---------+---------+----------+-----------+-----------+------+----------+
        |- VITIS_LOOP_85_6  |       14|       14|         2|          1|          1|    14|       yes|
        +-------------------+---------+---------+----------+-----------+-----------+------+----------+

============================================================
+ Verbose Summary: Synthesis Manager
============================================================
InlineROM: 1
ExposeGlobal: 0
============================================================
+ Verbose Summary: CDFG Model
============================================================
IsTopModel: 0
ResetActiveHigh: 1
IsCombinational: 0
IsDatapathOnly: 0
HasWiredReturn: 1
HasMFsm: 2
HasVarLatency: 1
IsPipeline: 0
IsRtlPipelined: 0
IsInstanceOverlapped: 0
IsDontTouch: 0
HasImplIP: 0
IsGatedGlobalClock: 0

+ Individual pipeline summary: 
  * Pipeline-0: initiation interval (II) = 1, depth = 2


============================================================
+ Verbose Summary: Schedule
============================================================
* Number of FSM states : 2
* Pipeline : 1
  Pipeline-0 : II = 1, D = 2, States = { 1 2 }
* Dataflow Pipeline: 0

* FSM state transitions: 
1 --> 2 
2 --> 

* FSM state operations: 

State 1 <SV = 0> <Delay = 5.64>
ST_1 : Operation 5 [1/1] (0.00ns)   --->   "%outpix = alloca i32 1" [../maxpool.h:85->../maxpool.h:110]   --->   Operation 5 'alloca' 'outpix' <Predicate = true> <Delay = 0.00>
ST_1 : Operation 6 [1/1] (0.00ns)   --->   "%specinterface_ln0 = specinterface void @_ssdm_op_SpecInterface, i64 %inter3, void @empty_11, i32 0, i32 0, void @empty_22, i32 0, i32 0, void @empty_22, void @empty_22, void @empty_22, i32 0, i32 0, i32 0, i32 0, void @empty_22, void @empty_22, i32 4294967295, i32 0"   --->   Operation 6 'specinterface' 'specinterface_ln0' <Predicate = true> <Delay = 0.00>
ST_1 : Operation 7 [1/1] (1.58ns)   --->   "%store_ln85 = store i4 0, i4 %outpix" [../maxpool.h:85->../maxpool.h:110]   --->   Operation 7 'store' 'store_ln85' <Predicate = true> <Delay = 1.58>
ST_1 : Operation 8 [1/1] (0.00ns)   --->   "%br_ln0 = br void %for.inc39.i"   --->   Operation 8 'br' 'br_ln0' <Predicate = true> <Delay = 0.00>
ST_1 : Operation 9 [1/1] (0.00ns)   --->   "%outpix_1 = load i4 %outpix" [../maxpool.h:85->../maxpool.h:110]   --->   Operation 9 'load' 'outpix_1' <Predicate = true> <Delay = 0.00>
ST_1 : Operation 10 [1/1] (1.73ns)   --->   "%icmp_ln85 = icmp_eq  i4 %outpix_1, i4 14" [../maxpool.h:85->../maxpool.h:110]   --->   Operation 10 'icmp' 'icmp_ln85' <Predicate = true> <Delay = 1.73> <CoreInst = "Cmp">   --->   Core 9 'Cmp' <Latency = 0> <II = 1> <Delay = 1.73> <FuncUnit> <Opcode : 'icmp'> <InPorts = 2> <OutPorts = 1>
ST_1 : Operation 11 [1/1] (1.73ns)   --->   "%add_ln85 = add i4 %outpix_1, i4 1" [../maxpool.h:85->../maxpool.h:110]   --->   Operation 11 'add' 'add_ln85' <Predicate = true> <Delay = 1.73> <CoreInst = "Adder">   --->   Core 1 'Adder' <Latency = 0> <II = 1> <Delay = 1.73> <FuncUnit> <Opcode : 'add' 'sub'> <InPorts = 2> <OutPorts = 1>
ST_1 : Operation 12 [1/1] (0.00ns)   --->   "%br_ln85 = br i1 %icmp_ln85, void %for.inc39.i.split, void %for.inc42.i.exitStub" [../maxpool.h:85->../maxpool.h:110]   --->   Operation 12 'br' 'br_ln85' <Predicate = true> <Delay = 0.00>
ST_1 : Operation 13 [1/1] (0.00ns)   --->   "%zext_ln85 = zext i4 %outpix_1" [../maxpool.h:85->../maxpool.h:110]   --->   Operation 13 'zext' 'zext_ln85' <Predicate = (!icmp_ln85)> <Delay = 0.00>
ST_1 : Operation 14 [1/1] (0.00ns)   --->   "%buf_addr = getelementptr i64 %buf_r, i64 0, i64 %zext_ln85" [../maxpool.h:87->../maxpool.h:110]   --->   Operation 14 'getelementptr' 'buf_addr' <Predicate = (!icmp_ln85)> <Delay = 0.00>
ST_1 : Operation 15 [2/2] (2.32ns)   --->   "%buf_load = load i4 %buf_addr" [../maxpool.h:87->../maxpool.h:110]   --->   Operation 15 'load' 'buf_load' <Predicate = (!icmp_ln85)> <Delay = 2.32> <CoreInst = "RAM">   --->   Core 82 'RAM' <Latency = 1> <II = 1> <Delay = 2.32> <Storage> <Opcode : 'load' 'store'> <Ports = 2> <Width = 64> <Depth = 14> <RAM>
ST_1 : Operation 16 [1/1] (2.32ns)   --->   "%store_ln89 = store i64 0, i4 %buf_addr" [../maxpool.h:89->../maxpool.h:110]   --->   Operation 16 'store' 'store_ln89' <Predicate = (!icmp_ln85)> <Delay = 2.32> <CoreInst = "RAM">   --->   Core 82 'RAM' <Latency = 1> <II = 1> <Delay = 2.32> <Storage> <Opcode : 'load' 'store'> <Ports = 2> <Width = 64> <Depth = 14> <RAM>
ST_1 : Operation 17 [1/1] (1.58ns)   --->   "%store_ln85 = store i4 %add_ln85, i4 %outpix" [../maxpool.h:85->../maxpool.h:110]   --->   Operation 17 'store' 'store_ln85' <Predicate = (!icmp_ln85)> <Delay = 1.58>
ST_1 : Operation 24 [1/1] (0.00ns)   --->   "%ret_ln0 = ret"   --->   Operation 24 'ret' 'ret_ln0' <Predicate = (icmp_ln85)> <Delay = 0.00>

State 2 <SV = 1> <Delay = 5.85>
ST_2 : Operation 18 [1/1] (0.00ns)   --->   "%specpipeline_ln86 = specpipeline void @_ssdm_op_SpecPipeline, i32 1, i32 0, i32 0, i32 0, void @empty_22" [../maxpool.h:86->../maxpool.h:110]   --->   Operation 18 'specpipeline' 'specpipeline_ln86' <Predicate = true> <Delay = 0.00>
ST_2 : Operation 19 [1/1] (0.00ns)   --->   "%speclooptripcount_ln85 = speclooptripcount void @_ssdm_op_SpecLoopTripCount, i64 14, i64 14, i64 14" [../maxpool.h:85->../maxpool.h:110]   --->   Operation 19 'speclooptripcount' 'speclooptripcount_ln85' <Predicate = true> <Delay = 0.00>
ST_2 : Operation 20 [1/1] (0.00ns)   --->   "%specloopname_ln85 = specloopname void @_ssdm_op_SpecLoopName, void @empty_9" [../maxpool.h:85->../maxpool.h:110]   --->   Operation 20 'specloopname' 'specloopname_ln85' <Predicate = true> <Delay = 0.00>
ST_2 : Operation 21 [1/2] (2.32ns)   --->   "%buf_load = load i4 %buf_addr" [../maxpool.h:87->../maxpool.h:110]   --->   Operation 21 'load' 'buf_load' <Predicate = true> <Delay = 2.32> <CoreInst = "RAM">   --->   Core 82 'RAM' <Latency = 1> <II = 1> <Delay = 2.32> <Storage> <Opcode : 'load' 'store'> <Ports = 2> <Width = 64> <Depth = 14> <RAM>
ST_2 : Operation 22 [1/1] (3.52ns)   --->   "%write_ln87 = write void @_ssdm_op_Write.ap_fifo.volatile.i64P0A, i64 %inter3, i64 %buf_load" [../maxpool.h:87->../maxpool.h:110]   --->   Operation 22 'write' 'write_ln87' <Predicate = true> <Delay = 3.52> <CoreInst = "FIFO">   --->   Core 78 'FIFO' <Latency = 0> <II = 1> <Delay = 3.52> <Storage> <Opcode : 'read' 'write' 'nbread' 'nbwrite'> <Ports = 0> <Width = 64> <Depth = 128> <FIFO>
ST_2 : Operation 23 [1/1] (0.00ns)   --->   "%br_ln85 = br void %for.inc39.i" [../maxpool.h:85->../maxpool.h:110]   --->   Operation 23 'br' 'br_ln85' <Predicate = true> <Delay = 0.00>


============================================================
+ Verbose Summary: Binding
============================================================
STG Binding: 
---------------- STG Properties BEGIN ----------------
- Is combinational: 0
- Is one-state seq: 0
- Is datapath-only: 0
- Is pipelined: 0
- Is top level: 0
Port [ Return ] is wired: 1; IO mode=ap_ctrl_hs:ce=0
Port [ buf_r]:  wired=1; compound=1; hidden=0; nouse=0; global=0; static=0; extern=0; dir=2; type=1; pingpong=0; private_global=0; MemPort=[23]; IO mode=ap_memory:ce=0
Port [ inter3]:  wired=1; compound=1; hidden=0; nouse=0; global=0; static=0; extern=0; dir=1; type=3; pingpong=0; private_global=0; IO mode=ap_fifo:ce=0
---------------- STG Properties END ------------------

---------------- Datapath Model BEGIN ----------------

<LifeTime>
<method=bitvector/>
outpix                 (alloca           ) [ 010]
specinterface_ln0      (specinterface    ) [ 000]
store_ln85             (store            ) [ 000]
br_ln0                 (br               ) [ 000]
outpix_1               (load             ) [ 000]
icmp_ln85              (icmp             ) [ 010]
add_ln85               (add              ) [ 000]
br_ln85                (br               ) [ 000]
zext_ln85              (zext             ) [ 000]
buf_addr               (getelementptr    ) [ 011]
store_ln89             (store            ) [ 000]
store_ln85             (store            ) [ 000]
specpipeline_ln86      (specpipeline     ) [ 000]
speclooptripcount_ln85 (speclooptripcount) [ 000]
specloopname_ln85      (specloopname     ) [ 000]
buf_load               (load             ) [ 000]
write_ln87             (write            ) [ 000]
br_ln85                (br               ) [ 000]
ret_ln0                (ret              ) [ 000]
</LifeTime>

<model>

<comp_list>
<comp id="0" class="1000" name="buf_r">
<pin_list>
<pin id="1" dir="1" index="0" bw="1" slack="0"/>
</pin_list>
<bind>
<StgValue><ssdm name="buf_r"/><MemPortTyVec>2 3 </MemPortTyVec>
</StgValue>
</bind>
</comp>

<comp id="2" class="1000" name="inter3">
<pin_list>
<pin id="3" dir="1" index="0" bw="1" slack="0"/>
</pin_list>
<bind>
<StgValue><ssdm name="inter3"/></StgValue>
</bind>
</comp>

<comp id="4" class="1001" name="const_4">
<pin_list>
<pin id="5" dir="1" index="0" bw="1" slack="0"/>
</pin_list>
<bind>
<StgValue><ssdm name=""/></StgValue>
</bind>
</comp>

<comp id="6" class="1001" name="const_6">
<pin_list>
<pin id="7" dir="1" index="0" bw="1" slack="2147483647"/>
</pin_list>
<bind>
<StgValue><ssdm name="_ssdm_op_SpecInterface"/></StgValue>
</bind>
</comp>

<comp id="8" class="1001" name="const_8">
<pin_list>
<pin id="9" dir="1" index="0" bw="1" slack="2147483647"/>
</pin_list>
<bind>
<StgValue><ssdm name="empty_11"/></StgValue>
</bind>
</comp>

<comp id="10" class="1001" name="const_10">
<pin_list>
<pin id="11" dir="1" index="0" bw="1" slack="2147483647"/>
</pin_list>
<bind>
<StgValue><ssdm name=""/></StgValue>
</bind>
</comp>

<comp id="12" class="1001" name="const_12">
<pin_list>
<pin id="13" dir="1" index="0" bw="1" slack="2147483647"/>
</pin_list>
<bind>
<StgValue><ssdm name="empty_22"/></StgValue>
</bind>
</comp>

<comp id="14" class="1001" name="const_14">
<pin_list>
<pin id="15" dir="1" index="0" bw="1" slack="2147483647"/>
</pin_list>
<bind>
<StgValue><ssdm name=""/></StgValue>
</bind>
</comp>

<comp id="16" class="1001" name="const_16">
<pin_list>
<pin id="17" dir="1" index="0" bw="1" slack="0"/>
</pin_list>
<bind>
<StgValue><ssdm name=""/></StgValue>
</bind>
</comp>

<comp id="18" class="1001" name="const_18">
<pin_list>
<pin id="19" dir="1" index="0" bw="1" slack="0"/>
</pin_list>
<bind>
<StgValue><ssdm name=""/></StgValue>
</bind>
</comp>

<comp id="20" class="1001" name="const_20">
<pin_list>
<pin id="21" dir="1" index="0" bw="1" slack="0"/>
</pin_list>
<bind>
<StgValue><ssdm name=""/></StgValue>
</bind>
</comp>

<comp id="22" class="1001" name="const_22">
<pin_list>
<pin id="23" dir="1" index="0" bw="1" slack="0"/>
</pin_list>
<bind>
<StgValue><ssdm name=""/></StgValue>
</bind>
</comp>

<comp id="24" class="1001" name="const_24">
<pin_list>
<pin id="25" dir="1" index="0" bw="1" slack="2147483647"/>
</pin_list>
<bind>
<StgValue><ssdm name="_ssdm_op_SpecPipeline"/></StgValue>
</bind>
</comp>

<comp id="26" class="1001" name="const_26">
<pin_list>
<pin id="27" dir="1" index="0" bw="1" slack="2147483647"/>
</pin_list>
<bind>
<StgValue><ssdm name="_ssdm_op_SpecLoopTripCount"/></StgValue>
</bind>
</comp>

<comp id="28" class="1001" name="const_28">
<pin_list>
<pin id="29" dir="1" index="0" bw="1" slack="2147483647"/>
</pin_list>
<bind>
<StgValue><ssdm name=""/></StgValue>
</bind>
</comp>

<comp id="30" class="1001" name="const_30">
<pin_list>
<pin id="31" dir="1" index="0" bw="1" slack="2147483647"/>
</pin_list>
<bind>
<StgValue><ssdm name="_ssdm_op_SpecLoopName"/></StgValue>
</bind>
</comp>

<comp id="32" class="1001" name="const_32">
<pin_list>
<pin id="33" dir="1" index="0" bw="1" slack="2147483647"/>
</pin_list>
<bind>
<StgValue><ssdm name="empty_9"/></StgValue>
</bind>
</comp>

<comp id="34" class="1001" name="const_34">
<pin_list>
<pin id="35" dir="1" index="0" bw="1" slack="0"/>
</pin_list>
<bind>
<StgValue><ssdm name="_ssdm_op_Write.ap_fifo.volatile.i64P0A"/></StgValue>
</bind>
</comp>

<comp id="36" class="1004" name="outpix_fu_36">
<pin_list>
<pin id="37" dir="0" index="0" bw="1" slack="0"/>
<pin id="38" dir="1" index="1" bw="4" slack="0"/>
</pin_list>
<bind>
<opcode="alloca(26) " fcode="alloca"/>
<opset="outpix/1 "/>
</bind>
</comp>

<comp id="40" class="1004" name="write_ln87_write_fu_40">
<pin_list>
<pin id="41" dir="0" index="0" bw="0" slack="0"/>
<pin id="42" dir="0" index="1" bw="64" slack="0"/>
<pin id="43" dir="0" index="2" bw="64" slack="0"/>
<pin id="44" dir="1" index="3" bw="0" slack="2147483647"/>
</pin_list>
<bind>
<opcode="write(1151) " fcode="write"/>
<opset="write_ln87/2 "/>
</bind>
</comp>

<comp id="47" class="1004" name="buf_addr_gep_fu_47">
<pin_list>
<pin id="48" dir="0" index="0" bw="64" slack="0"/>
<pin id="49" dir="0" index="1" bw="1" slack="0"/>
<pin id="50" dir="0" index="2" bw="4" slack="0"/>
<pin id="51" dir="1" index="3" bw="4" slack="0"/>
</pin_list>
<bind>
<opcode="getelementptr(29) " fcode="getelementptr"/>
<opset="buf_addr/1 "/>
</bind>
</comp>

<comp id="54" class="1004" name="grp_access_fu_54">
<pin_list>
<pin id="55" dir="0" index="0" bw="4" slack="0"/>
<pin id="56" dir="0" index="1" bw="64" slack="0"/>
<pin id="57" dir="0" index="2" bw="0" slack="2147483647"/>
<pin id="58" dir="1" index="3" bw="64" slack="0"/>
</pin_list>
<bind>
<opcode="load(27) store(28) " fcode="store"/>
<opset="buf_load/1 store_ln89/1 "/>
</bind>
</comp>

<comp id="62" class="1004" name="store_ln85_store_fu_62">
<pin_list>
<pin id="63" dir="0" index="0" bw="1" slack="0"/>
<pin id="64" dir="0" index="1" bw="4" slack="0"/>
<pin id="65" dir="1" index="2" bw="0" slack="2147483647"/>
</pin_list>
<bind>
<opcode="store(28) " fcode="store"/>
<opset="store_ln85/1 "/>
</bind>
</comp>

<comp id="67" class="1004" name="outpix_1_load_fu_67">
<pin_list>
<pin id="68" dir="0" index="0" bw="4" slack="0"/>
<pin id="69" dir="1" index="1" bw="4" slack="0"/>
</pin_list>
<bind>
<opcode="load(27) " fcode="load"/>
<opset="outpix_1/1 "/>
</bind>
</comp>

<comp id="70" class="1004" name="icmp_ln85_fu_70">
<pin_list>
<pin id="71" dir="0" index="0" bw="4" slack="0"/>
<pin id="72" dir="0" index="1" bw="2" slack="0"/>
<pin id="73" dir="1" index="2" bw="1" slack="2147483647"/>
</pin_list>
<bind>
<opcode="icmp(45) " fcode="icmp"/>
<opset="icmp_ln85/1 "/>
</bind>
</comp>

<comp id="76" class="1004" name="add_ln85_fu_76">
<pin_list>
<pin id="77" dir="0" index="0" bw="4" slack="0"/>
<pin id="78" dir="0" index="1" bw="1" slack="0"/>
<pin id="79" dir="1" index="2" bw="4" slack="0"/>
</pin_list>
<bind>
<opcode="add(8) " fcode="add"/>
<opset="add_ln85/1 "/>
</bind>
</comp>

<comp id="82" class="1004" name="zext_ln85_fu_82">
<pin_list>
<pin id="83" dir="0" index="0" bw="4" slack="0"/>
<pin id="84" dir="1" index="1" bw="64" slack="0"/>
</pin_list>
<bind>
<opcode="zext(34) " fcode="zext"/>
<opset="zext_ln85/1 "/>
</bind>
</comp>

<comp id="87" class="1004" name="store_ln85_store_fu_87">
<pin_list>
<pin id="88" dir="0" index="0" bw="4" slack="0"/>
<pin id="89" dir="0" index="1" bw="4" slack="0"/>
<pin id="90" dir="1" index="2" bw="0" slack="2147483647"/>
</pin_list>
<bind>
<opcode="store(28) " fcode="store"/>
<opset="store_ln85/1 "/>
</bind>
</comp>

<comp id="92" class="1005" name="outpix_reg_92">
<pin_list>
<pin id="93" dir="0" index="0" bw="4" slack="0"/>
<pin id="94" dir="1" index="1" bw="4" slack="0"/>
</pin_list>
<bind>
<opset="outpix "/>
</bind>
</comp>

<comp id="102" class="1005" name="buf_addr_reg_102">
<pin_list>
<pin id="103" dir="0" index="0" bw="4" slack="1"/>
<pin id="104" dir="1" index="1" bw="4" slack="1"/>
</pin_list>
<bind>
<opset="buf_addr "/>
</bind>
</comp>

</comp_list>

<net_list>
<net id="39"><net_src comp="4" pin="0"/><net_sink comp="36" pin=0"/></net>

<net id="45"><net_src comp="34" pin="0"/><net_sink comp="40" pin=0"/></net>

<net id="46"><net_src comp="2" pin="0"/><net_sink comp="40" pin=1"/></net>

<net id="52"><net_src comp="0" pin="0"/><net_sink comp="47" pin=0"/></net>

<net id="53"><net_src comp="22" pin="0"/><net_sink comp="47" pin=1"/></net>

<net id="59"><net_src comp="54" pin="3"/><net_sink comp="40" pin=2"/></net>

<net id="60"><net_src comp="47" pin="3"/><net_sink comp="54" pin=0"/></net>

<net id="61"><net_src comp="22" pin="0"/><net_sink comp="54" pin=1"/></net>

<net id="66"><net_src comp="16" pin="0"/><net_sink comp="62" pin=0"/></net>

<net id="74"><net_src comp="67" pin="1"/><net_sink comp="70" pin=0"/></net>

<net id="75"><net_src comp="18" pin="0"/><net_sink comp="70" pin=1"/></net>

<net id="80"><net_src comp="67" pin="1"/><net_sink comp="76" pin=0"/></net>

<net id="81"><net_src comp="20" pin="0"/><net_sink comp="76" pin=1"/></net>

<net id="85"><net_src comp="67" pin="1"/><net_sink comp="82" pin=0"/></net>

<net id="86"><net_src comp="82" pin="1"/><net_sink comp="47" pin=2"/></net>

<net id="91"><net_src comp="76" pin="2"/><net_sink comp="87" pin=0"/></net>

<net id="95"><net_src comp="36" pin="1"/><net_sink comp="92" pin=0"/></net>

<net id="96"><net_src comp="92" pin="1"/><net_sink comp="62" pin=1"/></net>

<net id="97"><net_src comp="92" pin="1"/><net_sink comp="67" pin=0"/></net>

<net id="98"><net_src comp="92" pin="1"/><net_sink comp="87" pin=1"/></net>

<net id="105"><net_src comp="47" pin="3"/><net_sink comp="102" pin=0"/></net>

<net id="106"><net_src comp="102" pin="1"/><net_sink comp="54" pin=0"/></net>

</net_list>

</model> 
---------------- Datapath Model END ------------------

* FSMD analyzer results:
  - Output states:
	Port: buf_r | {1 }
	Port: inter3 | {2 }
 - Input state : 
	Port: StreamingMaxPool_Batch<28u, 2u, 64u>_Pipeline_VITIS_LOOP_85_6 : buf_r | {1 2 }
  - Chain level:
	State 1
		store_ln85 : 1
		outpix_1 : 1
		icmp_ln85 : 2
		add_ln85 : 2
		br_ln85 : 3
		zext_ln85 : 2
		buf_addr : 3
		buf_load : 4
		store_ln89 : 4
		store_ln85 : 3
	State 2
		write_ln87 : 1


============================================================
+ Verbose Summary: Datapath Resource usage 
============================================================

* Functional unit list:
|----------|------------------------|---------|---------|
| Operation|     Functional Unit    |    FF   |   LUT   |
|----------|------------------------|---------|---------|
|   icmp   |     icmp_ln85_fu_70    |    0    |    13   |
|----------|------------------------|---------|---------|
|    add   |     add_ln85_fu_76     |    0    |    13   |
|----------|------------------------|---------|---------|
|   write  | write_ln87_write_fu_40 |    0    |    0    |
|----------|------------------------|---------|---------|
|   zext   |     zext_ln85_fu_82    |    0    |    0    |
|----------|------------------------|---------|---------|
|   Total  |                        |    0    |    26   |
|----------|------------------------|---------|---------|

Memories:
N/A

* Register list:
+----------------+--------+
|                |   FF   |
+----------------+--------+
|buf_addr_reg_102|    4   |
|  outpix_reg_92 |    4   |
+----------------+--------+
|      Total     |    8   |
+----------------+--------+

* Multiplexer (MUX) list: 
|------------------|------|------|------|--------||---------||---------|
|       Comp       |  Pin | Size |  BW  | S x BW ||  Delay  ||   LUT   |
|------------------|------|------|------|--------||---------||---------|
| grp_access_fu_54 |  p0  |   2  |   4  |    8   ||    9    |
|------------------|------|------|------|--------||---------||---------|
|       Total      |      |      |      |    8   ||  1.588  ||    9    |
|------------------|------|------|------|--------||---------||---------|



* Summary:
+-----------+--------+--------+--------+
|           |  Delay |   FF   |   LUT  |
+-----------+--------+--------+--------+
|  Function |    -   |    0   |   26   |
|   Memory  |    -   |    -   |    -   |
|Multiplexer|    1   |    -   |    9   |
|  Register |    -   |    8   |    -   |
+-----------+--------+--------+--------+
|   Total   |    1   |    8   |   35   |
+-----------+--------+--------+--------+
