

================================================================
== Vitis HLS Report for 'Stream2Mem_Batch_64u_128u_Pipeline_VITIS_LOOP_153_1'
================================================================
* Date:           Thu May 29 09:36:22 2025

* Version:        2023.2.2 (Build 4101106 on Feb  9 2024)
* Project:        hw
* Solution:       solution1 (Vivado IP Flow Target)
* Product family: zynq
* Target device:  xc7z020-clg400-1


================================================================
== Performance Estimates
================================================================
+ Timing: 
    * Summary: 
    +--------+----------+----------+------------+
    |  Clock |  Target  | Estimated| Uncertainty|
    +--------+----------+----------+------------+
    |ap_clk  |  10.00 ns|  7.300 ns|     2.70 ns|
    +--------+----------+----------+------------+

+ Latency: 
    * Summary: 
    +---------+---------+----------+----------+-----+-----+---------+
    |  Latency (cycles) |  Latency (absolute) |  Interval | Pipeline|
    |   min   |   max   |    min   |    max   | min | max |   Type  |
    +---------+---------+----------+----------+-----+-----+---------+
    |      259|      259|  2.590 us|  2.590 us|  259|  259|       no|
    +---------+---------+----------+----------+-----+-----+---------+

    + Detail: 
        * Instance: 
        N/A

        * Loop: 
        +--------------------+---------+---------+----------+-----------+-----------+------+----------+
        |                    |  Latency (cycles) | Iteration|  Initiation Interval  | Trip |          |
        |      Loop Name     |   min   |   max   |  Latency |  achieved |   target  | Count| Pipelined|
        +--------------------+---------+---------+----------+-----------+-----------+------+----------+
        |- VITIS_LOOP_153_1  |      257|      257|         3|          1|          1|   256|       yes|
        +--------------------+---------+---------+----------+-----------+-----------+------+----------+

============================================================
+ Verbose Summary: Synthesis Manager
============================================================
InlineROM: 1
ExposeGlobal: 0
============================================================
+ Verbose Summary: CDFG Model
============================================================
IsTopModel: 0
ResetActiveHigh: 1
IsCombinational: 0
IsDatapathOnly: 0
HasWiredReturn: 1
HasMFsm: 2
HasVarLatency: 1
IsPipeline: 0
IsRtlPipelined: 0
IsInstanceOverlapped: 0
IsDontTouch: 0
HasImplIP: 0
IsGatedGlobalClock: 0

+ Individual pipeline summary: 
  * Pipeline-0: initiation interval (II) = 1, depth = 3


============================================================
+ Verbose Summary: Schedule
============================================================
* Number of FSM states : 3
* Pipeline : 1
  Pipeline-0 : II = 1, D = 3, States = { 1 2 3 }
* Dataflow Pipeline: 0

* FSM state transitions: 
1 --> 2 
2 --> 3 
3 --> 

* FSM state operations: 

State 1 <SV = 0> <Delay = 4.99>
ST_1 : Operation 6 [1/1] (0.00ns)   --->   "%i = alloca i32 1" [../dma.h:153->../dma.h:191]   --->   Operation 6 'alloca' 'i' <Predicate = true> <Delay = 0.00>
ST_1 : Operation 7 [1/1] (0.00ns)   --->   "%sext_ln153_read = read i61 @_ssdm_op_Read.ap_auto.i61, i61 %sext_ln153"   --->   Operation 7 'read' 'sext_ln153_read' <Predicate = true> <Delay = 0.00>
ST_1 : Operation 8 [1/1] (0.00ns)   --->   "%sext_ln153_cast = sext i61 %sext_ln153_read"   --->   Operation 8 'sext' 'sext_ln153_cast' <Predicate = true> <Delay = 0.00>
ST_1 : Operation 9 [1/1] (0.00ns)   --->   "%specinterface_ln0 = specinterface void @_ssdm_op_SpecInterface, i64 %hostmem, void @empty_21, i32 0, i32 0, void @empty_22, i32 0, i32 512, void @empty_23, void @empty_24, void @empty_22, i32 16, i32 16, i32 16, i32 16, void @empty_22, void @empty_22, i32 4294967295, i32 0"   --->   Operation 9 'specinterface' 'specinterface_ln0' <Predicate = true> <Delay = 0.00>
ST_1 : Operation 10 [1/1] (0.00ns)   --->   "%specinterface_ln0 = specinterface void @_ssdm_op_SpecInterface, i64 %memOutStrm34, void @empty_11, i32 0, i32 0, void @empty_22, i32 0, i32 0, void @empty_22, void @empty_22, void @empty_22, i32 0, i32 0, i32 0, i32 0, void @empty_22, void @empty_22, i32 4294967295, i32 0"   --->   Operation 10 'specinterface' 'specinterface_ln0' <Predicate = true> <Delay = 0.00>
ST_1 : Operation 11 [1/1] (1.58ns)   --->   "%store_ln153 = store i9 0, i9 %i" [../dma.h:153->../dma.h:191]   --->   Operation 11 'store' 'store_ln153' <Predicate = true> <Delay = 1.58>
ST_1 : Operation 12 [1/1] (0.00ns)   --->   "%br_ln0 = br void %for.inc.i"   --->   Operation 12 'br' 'br_ln0' <Predicate = true> <Delay = 0.00>
ST_1 : Operation 13 [1/1] (0.00ns)   --->   "%i_3 = load i9 %i" [../dma.h:153->../dma.h:191]   --->   Operation 13 'load' 'i_3' <Predicate = true> <Delay = 0.00>
ST_1 : Operation 14 [1/1] (1.82ns)   --->   "%icmp_ln153 = icmp_eq  i9 %i_3, i9 256" [../dma.h:153->../dma.h:191]   --->   Operation 14 'icmp' 'icmp_ln153' <Predicate = true> <Delay = 1.82> <CoreInst = "Cmp">   --->   Core 9 'Cmp' <Latency = 0> <II = 1> <Delay = 1.82> <FuncUnit> <Opcode : 'icmp'> <InPorts = 2> <OutPorts = 1>
ST_1 : Operation 15 [1/1] (1.82ns)   --->   "%add_ln153 = add i9 %i_3, i9 1" [../dma.h:153->../dma.h:191]   --->   Operation 15 'add' 'add_ln153' <Predicate = true> <Delay = 1.82> <CoreInst = "Adder">   --->   Core 1 'Adder' <Latency = 0> <II = 1> <Delay = 1.82> <FuncUnit> <Opcode : 'add' 'sub'> <InPorts = 2> <OutPorts = 1>
ST_1 : Operation 16 [1/1] (0.00ns)   --->   "%br_ln153 = br i1 %icmp_ln153, void %for.inc.i.split, void %_Z10Stream2MemILj64ELj2048EEvRN3hls6streamI7ap_uintIXT_EELi0EEEPS3_.exit.exitStub" [../dma.h:153->../dma.h:191]   --->   Operation 16 'br' 'br_ln153' <Predicate = true> <Delay = 0.00>
ST_1 : Operation 17 [1/1] (1.58ns)   --->   "%store_ln153 = store i9 %add_ln153, i9 %i" [../dma.h:153->../dma.h:191]   --->   Operation 17 'store' 'store_ln153' <Predicate = (!icmp_ln153)> <Delay = 1.58>

State 2 <SV = 1> <Delay = 3.63>
ST_2 : Operation 18 [1/1] (3.63ns)   --->   "%e = read i64 @_ssdm_op_Read.ap_fifo.volatile.i64P0A, i64 %memOutStrm34" [../dma.h:155->../dma.h:191]   --->   Operation 18 'read' 'e' <Predicate = true> <Delay = 3.63> <CoreInst = "FIFO_SRL">   --->   Core 81 'FIFO_SRL' <Latency = 0> <II = 1> <Delay = 3.63> <Storage> <Opcode : 'read' 'write' 'nbread' 'nbwrite'> <Ports = 0> <Width = 64> <Depth = 2> <FIFO>
ST_2 : Operation 25 [1/1] (0.00ns)   --->   "%ret_ln0 = ret"   --->   Operation 25 'ret' 'ret_ln0' <Predicate = (icmp_ln153)> <Delay = 0.00>

State 3 <SV = 2> <Delay = 7.30>
ST_3 : Operation 19 [1/1] (0.00ns)   --->   "%hostmem_addr = getelementptr i64 %hostmem, i64 %sext_ln153_cast" [../dma.h:153->../dma.h:195]   --->   Operation 19 'getelementptr' 'hostmem_addr' <Predicate = true> <Delay = 0.00>
ST_3 : Operation 20 [1/1] (0.00ns)   --->   "%specpipeline_ln154 = specpipeline void @_ssdm_op_SpecPipeline, i32 1, i32 0, i32 0, i32 0, void @empty_22" [../dma.h:154->../dma.h:191]   --->   Operation 20 'specpipeline' 'specpipeline_ln154' <Predicate = true> <Delay = 0.00>
ST_3 : Operation 21 [1/1] (0.00ns)   --->   "%speclooptripcount_ln153 = speclooptripcount void @_ssdm_op_SpecLoopTripCount, i64 256, i64 256, i64 256" [../dma.h:153->../dma.h:191]   --->   Operation 21 'speclooptripcount' 'speclooptripcount_ln153' <Predicate = true> <Delay = 0.00>
ST_3 : Operation 22 [1/1] (0.00ns)   --->   "%specloopname_ln153 = specloopname void @_ssdm_op_SpecLoopName, void @empty_0" [../dma.h:153->../dma.h:191]   --->   Operation 22 'specloopname' 'specloopname_ln153' <Predicate = true> <Delay = 0.00>
ST_3 : Operation 23 [1/1] (7.30ns)   --->   "%write_ln156 = write void @_ssdm_op_Write.m_axi.p1i64, i64 %hostmem_addr, i64 %e, i8 255" [../dma.h:156->../dma.h:191]   --->   Operation 23 'write' 'write_ln156' <Predicate = true> <Delay = 7.30> <CoreInst = "m_axi">   --->   Core 113 'm_axi' <Latency = 0> <II = 1> <Delay = 1.00> <Adapter> <Opcode : 'read' 'write' 'readreq' 'writereq' 'writeresp'>
ST_3 : Operation 24 [1/1] (0.00ns)   --->   "%br_ln153 = br void %for.inc.i" [../dma.h:153->../dma.h:191]   --->   Operation 24 'br' 'br_ln153' <Predicate = true> <Delay = 0.00>


============================================================
+ Verbose Summary: Binding
============================================================
STG Binding: 
---------------- STG Properties BEGIN ----------------
- Is combinational: 0
- Is one-state seq: 0
- Is datapath-only: 0
- Is pipelined: 0
- Is top level: 0
Port [ Return ] is wired: 1; IO mode=ap_ctrl_hs:ce=0
Port [ hostmem]:  wired=1; compound=1; hidden=0; nouse=0; global=0; static=0; extern=0; dir=1; type=4; pingpong=0; private_global=0; IO mode=m_axi:ce=0
Port [ sext_ln153]:  wired=1; compound=0; hidden=0; nouse=0; global=0; static=0; extern=0; dir=0; type=0; pingpong=0; private_global=0; IO mode=ap_none:ce=0
Port [ memOutStrm34]:  wired=1; compound=1; hidden=0; nouse=0; global=0; static=0; extern=0; dir=0; type=3; pingpong=0; private_global=0; IO mode=ap_fifo:ce=0
---------------- STG Properties END ------------------

---------------- Datapath Model BEGIN ----------------

<LifeTime>
<method=bitvector/>
i                       (alloca           ) [ 0100]
sext_ln153_read         (read             ) [ 0000]
sext_ln153_cast         (sext             ) [ 0111]
specinterface_ln0       (specinterface    ) [ 0000]
specinterface_ln0       (specinterface    ) [ 0000]
store_ln153             (store            ) [ 0000]
br_ln0                  (br               ) [ 0000]
i_3                     (load             ) [ 0000]
icmp_ln153              (icmp             ) [ 0110]
add_ln153               (add              ) [ 0000]
br_ln153                (br               ) [ 0000]
store_ln153             (store            ) [ 0000]
e                       (read             ) [ 0101]
hostmem_addr            (getelementptr    ) [ 0000]
specpipeline_ln154      (specpipeline     ) [ 0000]
speclooptripcount_ln153 (speclooptripcount) [ 0000]
specloopname_ln153      (specloopname     ) [ 0000]
write_ln156             (write            ) [ 0000]
br_ln153                (br               ) [ 0000]
ret_ln0                 (ret              ) [ 0000]
</LifeTime>

<model>

<comp_list>
<comp id="0" class="1000" name="hostmem">
<pin_list>
<pin id="1" dir="1" index="0" bw="1" slack="0"/>
</pin_list>
<bind>
<StgValue><ssdm name="hostmem"/></StgValue>
</bind>
</comp>

<comp id="2" class="1000" name="sext_ln153">
<pin_list>
<pin id="3" dir="1" index="0" bw="1" slack="0"/>
</pin_list>
<bind>
<StgValue><ssdm name="sext_ln153"/></StgValue>
</bind>
</comp>

<comp id="4" class="1000" name="memOutStrm34">
<pin_list>
<pin id="5" dir="1" index="0" bw="1" slack="0"/>
</pin_list>
<bind>
<StgValue><ssdm name="memOutStrm34"/></StgValue>
</bind>
</comp>

<comp id="6" class="1001" name="const_6">
<pin_list>
<pin id="7" dir="1" index="0" bw="1" slack="0"/>
</pin_list>
<bind>
<StgValue><ssdm name=""/></StgValue>
</bind>
</comp>

<comp id="8" class="1001" name="const_8">
<pin_list>
<pin id="9" dir="1" index="0" bw="1" slack="0"/>
</pin_list>
<bind>
<StgValue><ssdm name="_ssdm_op_Read.ap_auto.i61"/></StgValue>
</bind>
</comp>

<comp id="10" class="1001" name="const_10">
<pin_list>
<pin id="11" dir="1" index="0" bw="1" slack="2147483647"/>
</pin_list>
<bind>
<StgValue><ssdm name="_ssdm_op_SpecInterface"/></StgValue>
</bind>
</comp>

<comp id="12" class="1001" name="const_12">
<pin_list>
<pin id="13" dir="1" index="0" bw="1" slack="2147483647"/>
</pin_list>
<bind>
<StgValue><ssdm name="empty_21"/></StgValue>
</bind>
</comp>

<comp id="14" class="1001" name="const_14">
<pin_list>
<pin id="15" dir="1" index="0" bw="1" slack="2147483647"/>
</pin_list>
<bind>
<StgValue><ssdm name=""/></StgValue>
</bind>
</comp>

<comp id="16" class="1001" name="const_16">
<pin_list>
<pin id="17" dir="1" index="0" bw="1" slack="2147483647"/>
</pin_list>
<bind>
<StgValue><ssdm name="empty_22"/></StgValue>
</bind>
</comp>

<comp id="18" class="1001" name="const_18">
<pin_list>
<pin id="19" dir="1" index="0" bw="1" slack="2147483647"/>
</pin_list>
<bind>
<StgValue><ssdm name=""/></StgValue>
</bind>
</comp>

<comp id="20" class="1001" name="const_20">
<pin_list>
<pin id="21" dir="1" index="0" bw="1" slack="2147483647"/>
</pin_list>
<bind>
<StgValue><ssdm name="empty_23"/></StgValue>
</bind>
</comp>

<comp id="22" class="1001" name="const_22">
<pin_list>
<pin id="23" dir="1" index="0" bw="1" slack="2147483647"/>
</pin_list>
<bind>
<StgValue><ssdm name="empty_24"/></StgValue>
</bind>
</comp>

<comp id="24" class="1001" name="const_24">
<pin_list>
<pin id="25" dir="1" index="0" bw="1" slack="2147483647"/>
</pin_list>
<bind>
<StgValue><ssdm name=""/></StgValue>
</bind>
</comp>

<comp id="26" class="1001" name="const_26">
<pin_list>
<pin id="27" dir="1" index="0" bw="1" slack="2147483647"/>
</pin_list>
<bind>
<StgValue><ssdm name=""/></StgValue>
</bind>
</comp>

<comp id="28" class="1001" name="const_28">
<pin_list>
<pin id="29" dir="1" index="0" bw="1" slack="2147483647"/>
</pin_list>
<bind>
<StgValue><ssdm name="empty_11"/></StgValue>
</bind>
</comp>

<comp id="30" class="1001" name="const_30">
<pin_list>
<pin id="31" dir="1" index="0" bw="1" slack="0"/>
</pin_list>
<bind>
<StgValue><ssdm name=""/></StgValue>
</bind>
</comp>

<comp id="32" class="1001" name="const_32">
<pin_list>
<pin id="33" dir="1" index="0" bw="1" slack="0"/>
</pin_list>
<bind>
<StgValue><ssdm name=""/></StgValue>
</bind>
</comp>

<comp id="34" class="1001" name="const_34">
<pin_list>
<pin id="35" dir="1" index="0" bw="1" slack="0"/>
</pin_list>
<bind>
<StgValue><ssdm name=""/></StgValue>
</bind>
</comp>

<comp id="36" class="1001" name="const_36">
<pin_list>
<pin id="37" dir="1" index="0" bw="1" slack="0"/>
</pin_list>
<bind>
<StgValue><ssdm name="_ssdm_op_Read.ap_fifo.volatile.i64P0A"/></StgValue>
</bind>
</comp>

<comp id="38" class="1001" name="const_38">
<pin_list>
<pin id="39" dir="1" index="0" bw="1" slack="2147483647"/>
</pin_list>
<bind>
<StgValue><ssdm name="_ssdm_op_SpecPipeline"/></StgValue>
</bind>
</comp>

<comp id="40" class="1001" name="const_40">
<pin_list>
<pin id="41" dir="1" index="0" bw="1" slack="2147483647"/>
</pin_list>
<bind>
<StgValue><ssdm name="_ssdm_op_SpecLoopTripCount"/></StgValue>
</bind>
</comp>

<comp id="42" class="1001" name="const_42">
<pin_list>
<pin id="43" dir="1" index="0" bw="1" slack="2147483647"/>
</pin_list>
<bind>
<StgValue><ssdm name=""/></StgValue>
</bind>
</comp>

<comp id="44" class="1001" name="const_44">
<pin_list>
<pin id="45" dir="1" index="0" bw="1" slack="2147483647"/>
</pin_list>
<bind>
<StgValue><ssdm name="_ssdm_op_SpecLoopName"/></StgValue>
</bind>
</comp>

<comp id="46" class="1001" name="const_46">
<pin_list>
<pin id="47" dir="1" index="0" bw="1" slack="2147483647"/>
</pin_list>
<bind>
<StgValue><ssdm name="empty_0"/></StgValue>
</bind>
</comp>

<comp id="48" class="1001" name="const_48">
<pin_list>
<pin id="49" dir="1" index="0" bw="1" slack="0"/>
</pin_list>
<bind>
<StgValue><ssdm name="_ssdm_op_Write.m_axi.p1i64"/></StgValue>
</bind>
</comp>

<comp id="50" class="1001" name="const_50">
<pin_list>
<pin id="51" dir="1" index="0" bw="1" slack="0"/>
</pin_list>
<bind>
<StgValue><ssdm name=""/></StgValue>
</bind>
</comp>

<comp id="52" class="1004" name="i_fu_52">
<pin_list>
<pin id="53" dir="0" index="0" bw="1" slack="0"/>
<pin id="54" dir="1" index="1" bw="9" slack="0"/>
</pin_list>
<bind>
<opcode="alloca(26) " fcode="alloca"/>
<opset="i/1 "/>
</bind>
</comp>

<comp id="56" class="1004" name="sext_ln153_read_read_fu_56">
<pin_list>
<pin id="57" dir="0" index="0" bw="61" slack="0"/>
<pin id="58" dir="0" index="1" bw="61" slack="0"/>
<pin id="59" dir="1" index="2" bw="61" slack="0"/>
</pin_list>
<bind>
<opcode="read(1150) " fcode="read"/>
<opset="sext_ln153_read/1 "/>
</bind>
</comp>

<comp id="62" class="1004" name="e_read_fu_62">
<pin_list>
<pin id="63" dir="0" index="0" bw="64" slack="0"/>
<pin id="64" dir="0" index="1" bw="64" slack="0"/>
<pin id="65" dir="1" index="2" bw="64" slack="1"/>
</pin_list>
<bind>
<opcode="read(1150) " fcode="read"/>
<opset="e/2 "/>
</bind>
</comp>

<comp id="68" class="1004" name="write_ln156_write_fu_68">
<pin_list>
<pin id="69" dir="0" index="0" bw="0" slack="0"/>
<pin id="70" dir="0" index="1" bw="64" slack="0"/>
<pin id="71" dir="0" index="2" bw="64" slack="1"/>
<pin id="72" dir="0" index="3" bw="1" slack="0"/>
<pin id="73" dir="1" index="4" bw="0" slack="2147483647"/>
</pin_list>
<bind>
<opcode="write(1151) " fcode="write"/>
<opset="write_ln156/3 "/>
</bind>
</comp>

<comp id="76" class="1004" name="sext_ln153_cast_fu_76">
<pin_list>
<pin id="77" dir="0" index="0" bw="61" slack="0"/>
<pin id="78" dir="1" index="1" bw="64" slack="2"/>
</pin_list>
<bind>
<opcode="sext(35) " fcode="sext"/>
<opset="sext_ln153_cast/1 "/>
</bind>
</comp>

<comp id="80" class="1004" name="store_ln153_store_fu_80">
<pin_list>
<pin id="81" dir="0" index="0" bw="1" slack="0"/>
<pin id="82" dir="0" index="1" bw="9" slack="0"/>
<pin id="83" dir="1" index="2" bw="0" slack="2147483647"/>
</pin_list>
<bind>
<opcode="store(28) " fcode="store"/>
<opset="store_ln153/1 "/>
</bind>
</comp>

<comp id="85" class="1004" name="i_3_load_fu_85">
<pin_list>
<pin id="86" dir="0" index="0" bw="9" slack="0"/>
<pin id="87" dir="1" index="1" bw="9" slack="0"/>
</pin_list>
<bind>
<opcode="load(27) " fcode="load"/>
<opset="i_3/1 "/>
</bind>
</comp>

<comp id="88" class="1004" name="icmp_ln153_fu_88">
<pin_list>
<pin id="89" dir="0" index="0" bw="9" slack="0"/>
<pin id="90" dir="0" index="1" bw="9" slack="0"/>
<pin id="91" dir="1" index="2" bw="1" slack="1"/>
</pin_list>
<bind>
<opcode="icmp(45) " fcode="icmp"/>
<opset="icmp_ln153/1 "/>
</bind>
</comp>

<comp id="94" class="1004" name="add_ln153_fu_94">
<pin_list>
<pin id="95" dir="0" index="0" bw="9" slack="0"/>
<pin id="96" dir="0" index="1" bw="1" slack="0"/>
<pin id="97" dir="1" index="2" bw="9" slack="0"/>
</pin_list>
<bind>
<opcode="add(8) " fcode="add"/>
<opset="add_ln153/1 "/>
</bind>
</comp>

<comp id="100" class="1004" name="store_ln153_store_fu_100">
<pin_list>
<pin id="101" dir="0" index="0" bw="9" slack="0"/>
<pin id="102" dir="0" index="1" bw="9" slack="0"/>
<pin id="103" dir="1" index="2" bw="0" slack="2147483647"/>
</pin_list>
<bind>
<opcode="store(28) " fcode="store"/>
<opset="store_ln153/1 "/>
</bind>
</comp>

<comp id="105" class="1004" name="hostmem_addr_fu_105">
<pin_list>
<pin id="106" dir="0" index="0" bw="64" slack="0"/>
<pin id="107" dir="0" index="1" bw="61" slack="2"/>
<pin id="108" dir="1" index="2" bw="64" slack="0"/>
</pin_list>
<bind>
<opcode="getelementptr(29) " fcode="getelementptr"/>
<opset="hostmem_addr/3 "/>
</bind>
</comp>

<comp id="111" class="1005" name="i_reg_111">
<pin_list>
<pin id="112" dir="0" index="0" bw="9" slack="0"/>
<pin id="113" dir="1" index="1" bw="9" slack="0"/>
</pin_list>
<bind>
<opset="i "/>
</bind>
</comp>

<comp id="118" class="1005" name="sext_ln153_cast_reg_118">
<pin_list>
<pin id="119" dir="0" index="0" bw="64" slack="2"/>
<pin id="120" dir="1" index="1" bw="64" slack="2"/>
</pin_list>
<bind>
<opset="sext_ln153_cast "/>
</bind>
</comp>

<comp id="123" class="1005" name="icmp_ln153_reg_123">
<pin_list>
<pin id="124" dir="0" index="0" bw="1" slack="1"/>
<pin id="125" dir="1" index="1" bw="1" slack="2147483647"/>
</pin_list>
<bind>
<opset="icmp_ln153 "/>
</bind>
</comp>

<comp id="127" class="1005" name="e_reg_127">
<pin_list>
<pin id="128" dir="0" index="0" bw="64" slack="1"/>
<pin id="129" dir="1" index="1" bw="64" slack="1"/>
</pin_list>
<bind>
<opset="e "/>
</bind>
</comp>

</comp_list>

<net_list>
<net id="55"><net_src comp="6" pin="0"/><net_sink comp="52" pin=0"/></net>

<net id="60"><net_src comp="8" pin="0"/><net_sink comp="56" pin=0"/></net>

<net id="61"><net_src comp="2" pin="0"/><net_sink comp="56" pin=1"/></net>

<net id="66"><net_src comp="36" pin="0"/><net_sink comp="62" pin=0"/></net>

<net id="67"><net_src comp="4" pin="0"/><net_sink comp="62" pin=1"/></net>

<net id="74"><net_src comp="48" pin="0"/><net_sink comp="68" pin=0"/></net>

<net id="75"><net_src comp="50" pin="0"/><net_sink comp="68" pin=3"/></net>

<net id="79"><net_src comp="56" pin="2"/><net_sink comp="76" pin=0"/></net>

<net id="84"><net_src comp="30" pin="0"/><net_sink comp="80" pin=0"/></net>

<net id="92"><net_src comp="85" pin="1"/><net_sink comp="88" pin=0"/></net>

<net id="93"><net_src comp="32" pin="0"/><net_sink comp="88" pin=1"/></net>

<net id="98"><net_src comp="85" pin="1"/><net_sink comp="94" pin=0"/></net>

<net id="99"><net_src comp="34" pin="0"/><net_sink comp="94" pin=1"/></net>

<net id="104"><net_src comp="94" pin="2"/><net_sink comp="100" pin=0"/></net>

<net id="109"><net_src comp="0" pin="0"/><net_sink comp="105" pin=0"/></net>

<net id="110"><net_src comp="105" pin="2"/><net_sink comp="68" pin=1"/></net>

<net id="114"><net_src comp="52" pin="1"/><net_sink comp="111" pin=0"/></net>

<net id="115"><net_src comp="111" pin="1"/><net_sink comp="80" pin=1"/></net>

<net id="116"><net_src comp="111" pin="1"/><net_sink comp="85" pin=0"/></net>

<net id="117"><net_src comp="111" pin="1"/><net_sink comp="100" pin=1"/></net>

<net id="121"><net_src comp="76" pin="1"/><net_sink comp="118" pin=0"/></net>

<net id="122"><net_src comp="118" pin="1"/><net_sink comp="105" pin=1"/></net>

<net id="126"><net_src comp="88" pin="2"/><net_sink comp="123" pin=0"/></net>

<net id="130"><net_src comp="62" pin="2"/><net_sink comp="127" pin=0"/></net>

<net id="131"><net_src comp="127" pin="1"/><net_sink comp="68" pin=2"/></net>

</net_list>

</model> 
---------------- Datapath Model END ------------------

* FSMD analyzer results:
  - Output states:
	Port: hostmem | {3 }
 - Input state : 
	Port: Stream2Mem_Batch<64u, 128u>_Pipeline_VITIS_LOOP_153_1 : sext_ln153 | {1 }
	Port: Stream2Mem_Batch<64u, 128u>_Pipeline_VITIS_LOOP_153_1 : memOutStrm34 | {2 }
  - Chain level:
	State 1
		store_ln153 : 1
		i_3 : 1
		icmp_ln153 : 2
		add_ln153 : 2
		br_ln153 : 3
		store_ln153 : 3
	State 2
	State 3
		write_ln156 : 1


============================================================
+ Verbose Summary: Datapath Resource usage 
============================================================

* Functional unit list:
|----------|----------------------------|---------|---------|
| Operation|       Functional Unit      |    FF   |   LUT   |
|----------|----------------------------|---------|---------|
|   icmp   |      icmp_ln153_fu_88      |    0    |    14   |
|----------|----------------------------|---------|---------|
|    add   |       add_ln153_fu_94      |    0    |    14   |
|----------|----------------------------|---------|---------|
|   read   | sext_ln153_read_read_fu_56 |    0    |    0    |
|          |        e_read_fu_62        |    0    |    0    |
|----------|----------------------------|---------|---------|
|   write  |   write_ln156_write_fu_68  |    0    |    0    |
|----------|----------------------------|---------|---------|
|   sext   |    sext_ln153_cast_fu_76   |    0    |    0    |
|----------|----------------------------|---------|---------|
|   Total  |                            |    0    |    28   |
|----------|----------------------------|---------|---------|

Memories:
N/A

* Register list:
+-----------------------+--------+
|                       |   FF   |
+-----------------------+--------+
|       e_reg_127       |   64   |
|       i_reg_111       |    9   |
|   icmp_ln153_reg_123  |    1   |
|sext_ln153_cast_reg_118|   64   |
+-----------------------+--------+
|         Total         |   138  |
+-----------------------+--------+

* Multiplexer (MUX) list: 
|--------|------|------|------|--------|
|  Comp  |  Pin | Size |  BW  | S x BW |
|--------|------|------|------|--------|
|  Total |      |      |      |    0   |
|--------|------|------|------|--------|



* Summary:
+-----------+--------+--------+
|           |   FF   |   LUT  |
+-----------+--------+--------+
|  Function |    0   |   28   |
|   Memory  |    -   |    -   |
|Multiplexer|    -   |    -   |
|  Register |   138  |    -   |
+-----------+--------+--------+
|   Total   |   138  |   28   |
+-----------+--------+--------+
