

================================================================
== Vitis HLS Report for 'Stream2Mem_Batch_64u_128u_Pipeline_VITIS_LOOP_153_1'
================================================================
* Date:           Thu May 29 09:36:22 2025

* Version:        2023.2.2 (Build 4101106 on Feb  9 2024)
* Project:        hw
* Solution:       solution1 (Vivado IP Flow Target)
* Product family: zynq
* Target device:  xc7z020-clg400-1


================================================================
== Performance Estimates
================================================================
+ Timing: 
    * Summary: 
    +--------+----------+----------+------------+
    |  Clock |  Target  | Estimated| Uncertainty|
    +--------+----------+----------+------------+
    |ap_clk  |  10.00 ns|  7.300 ns|     2.70 ns|
    +--------+----------+----------+------------+

+ Latency: 
    * Summary: 
    +---------+---------+----------+----------+-----+-----+---------+
    |  Latency (cycles) |  Latency (absolute) |  Interval | Pipeline|
    |   min   |   max   |    min   |    max   | min | max |   Type  |
    +---------+---------+----------+----------+-----+-----+---------+
    |      259|      259|  2.590 us|  2.590 us|  259|  259|       no|
    +---------+---------+----------+----------+-----+-----+---------+

    + Detail: 
        * Instance: 
        N/A

        * Loop: 
        +--------------------+---------+---------+----------+-----------+-----------+------+----------+
        |                    |  Latency (cycles) | Iteration|  Initiation Interval  | Trip |          |
        |      Loop Name     |   min   |   max   |  Latency |  achieved |   target  | Count| Pipelined|
        +--------------------+---------+---------+----------+-----------+-----------+------+----------+
        |- VITIS_LOOP_153_1  |      257|      257|         3|          1|          1|   256|       yes|
        +--------------------+---------+---------+----------+-----------+-----------+------+----------+

============================================================
+ Verbose Summary: Synthesis Manager
============================================================
InlineROM: 1
ExposeGlobal: 0
============================================================
+ Verbose Summary: CDFG Model
============================================================
IsTopModel: 0
ResetActiveHigh: 1
IsCombinational: 0
IsDatapathOnly: 0
HasWiredReturn: 1
HasMFsm: 2
HasVarLatency: 1
IsPipeline: 0
IsRtlPipelined: 0
IsInstanceOverlapped: 0
IsDontTouch: 0
HasImplIP: 0
IsGatedGlobalClock: 0

+ Individual pipeline summary: 
  * Pipeline-0: initiation interval (II) = 1, depth = 3


============================================================
+ Verbose Summary: Schedule
============================================================
* Number of FSM states : 3
* Pipeline : 1
  Pipeline-0 : II = 1, D = 3, States = { 1 2 3 }
* Dataflow Pipeline: 0

* FSM state transitions: 
1 --> 2 
2 --> 3 
3 --> 

* FSM state operations: 

State 1 <SV = 0> <Delay = 4.99>
ST_1 : Operation 6 [1/1] (0.00ns)   --->   "%i = alloca i32 1" [../dma.h:153->../dma.h:191]   --->   Operation 6 'alloca' 'i' <Predicate = true> <Delay = 0.00>
ST_1 : Operation 7 [1/1] (0.00ns)   --->   "%sext_ln153_read = read i61 @_ssdm_op_Read.ap_auto.i61, i61 %sext_ln153"   --->   Operation 7 'read' 'sext_ln153_read' <Predicate = true> <Delay = 0.00>
ST_1 : Operation 8 [1/1] (0.00ns)   --->   "%sext_ln153_cast = sext i61 %sext_ln153_read"   --->   Operation 8 'sext' 'sext_ln153_cast' <Predicate = true> <Delay = 0.00>
ST_1 : Operation 9 [1/1] (0.00ns)   --->   "%specinterface_ln0 = specinterface void @_ssdm_op_SpecInterface, i64 %hostmem, void @empty_21, i32 0, i32 0, void @empty_22, i32 0, i32 512, void @empty_23, void @empty_24, void @empty_22, i32 16, i32 16, i32 16, i32 16, void @empty_22, void @empty_22, i32 4294967295, i32 0"   --->   Operation 9 'specinterface' 'specinterface_ln0' <Predicate = true> <Delay = 0.00>
ST_1 : Operation 10 [1/1] (0.00ns)   --->   "%specinterface_ln0 = specinterface void @_ssdm_op_SpecInterface, i64 %memOutStrm34, void @empty_11, i32 0, i32 0, void @empty_22, i32 0, i32 0, void @empty_22, void @empty_22, void @empty_22, i32 0, i32 0, i32 0, i32 0, void @empty_22, void @empty_22, i32 4294967295, i32 0"   --->   Operation 10 'specinterface' 'specinterface_ln0' <Predicate = true> <Delay = 0.00>
ST_1 : Operation 11 [1/1] (1.58ns)   --->   "%store_ln153 = store i9 0, i9 %i" [../dma.h:153->../dma.h:191]   --->   Operation 11 'store' 'store_ln153' <Predicate = true> <Delay = 1.58>
ST_1 : Operation 12 [1/1] (0.00ns)   --->   "%br_ln0 = br void %for.inc.i"   --->   Operation 12 'br' 'br_ln0' <Predicate = true> <Delay = 0.00>
ST_1 : Operation 13 [1/1] (0.00ns)   --->   "%i_3 = load i9 %i" [../dma.h:153->../dma.h:191]   --->   Operation 13 'load' 'i_3' <Predicate = true> <Delay = 0.00>
ST_1 : Operation 14 [1/1] (1.82ns)   --->   "%icmp_ln153 = icmp_eq  i9 %i_3, i9 256" [../dma.h:153->../dma.h:191]   --->   Operation 14 'icmp' 'icmp_ln153' <Predicate = true> <Delay = 1.82> <CoreInst = "Cmp">   --->   Core 9 'Cmp' <Latency = 0> <II = 1> <Delay = 1.82> <FuncUnit> <Opcode : 'icmp'> <InPorts = 2> <OutPorts = 1>
ST_1 : Operation 15 [1/1] (1.82ns)   --->   "%add_ln153 = add i9 %i_3, i9 1" [../dma.h:153->../dma.h:191]   --->   Operation 15 'add' 'add_ln153' <Predicate = true> <Delay = 1.82> <CoreInst = "Adder">   --->   Core 1 'Adder' <Latency = 0> <II = 1> <Delay = 1.82> <FuncUnit> <Opcode : 'add' 'sub'> <InPorts = 2> <OutPorts = 1>
ST_1 : Operation 16 [1/1] (0.00ns)   --->   "%br_ln153 = br i1 %icmp_ln153, void %for.inc.i.split, void %_Z10Stream2MemILj64ELj2048EEvRN3hls6streamI7ap_uintIXT_EELi0EEEPS3_.exit.exitStub" [../dma.h:153->../dma.h:191]   --->   Operation 16 'br' 'br_ln153' <Predicate = true> <Delay = 0.00>
ST_1 : Operation 17 [1/1] (1.58ns)   --->   "%store_ln153 = store i9 %add_ln153, i9 %i" [../dma.h:153->../dma.h:191]   --->   Operation 17 'store' 'store_ln153' <Predicate = (!icmp_ln153)> <Delay = 1.58>

State 2 <SV = 1> <Delay = 3.63>
ST_2 : Operation 18 [1/1] (3.63ns)   --->   "%e = read i64 @_ssdm_op_Read.ap_fifo.volatile.i64P0A, i64 %memOutStrm34" [../dma.h:155->../dma.h:191]   --->   Operation 18 'read' 'e' <Predicate = true> <Delay = 3.63> <CoreInst = "FIFO_SRL">   --->   Core 81 'FIFO_SRL' <Latency = 0> <II = 1> <Delay = 3.63> <Storage> <Opcode : 'read' 'write' 'nbread' 'nbwrite'> <Ports = 0> <Width = 64> <Depth = 2> <FIFO>
ST_2 : Operation 25 [1/1] (0.00ns)   --->   "%ret_ln0 = ret"   --->   Operation 25 'ret' 'ret_ln0' <Predicate = (icmp_ln153)> <Delay = 0.00>

State 3 <SV = 2> <Delay = 7.30>
ST_3 : Operation 19 [1/1] (0.00ns)   --->   "%hostmem_addr = getelementptr i64 %hostmem, i64 %sext_ln153_cast" [../dma.h:153->../dma.h:195]   --->   Operation 19 'getelementptr' 'hostmem_addr' <Predicate = true> <Delay = 0.00>
ST_3 : Operation 20 [1/1] (0.00ns)   --->   "%specpipeline_ln154 = specpipeline void @_ssdm_op_SpecPipeline, i32 1, i32 0, i32 0, i32 0, void @empty_22" [../dma.h:154->../dma.h:191]   --->   Operation 20 'specpipeline' 'specpipeline_ln154' <Predicate = true> <Delay = 0.00>
ST_3 : Operation 21 [1/1] (0.00ns)   --->   "%speclooptripcount_ln153 = speclooptripcount void @_ssdm_op_SpecLoopTripCount, i64 256, i64 256, i64 256" [../dma.h:153->../dma.h:191]   --->   Operation 21 'speclooptripcount' 'speclooptripcount_ln153' <Predicate = true> <Delay = 0.00>
ST_3 : Operation 22 [1/1] (0.00ns)   --->   "%specloopname_ln153 = specloopname void @_ssdm_op_SpecLoopName, void @empty_0" [../dma.h:153->../dma.h:191]   --->   Operation 22 'specloopname' 'specloopname_ln153' <Predicate = true> <Delay = 0.00>
ST_3 : Operation 23 [1/1] (7.30ns)   --->   "%write_ln156 = write void @_ssdm_op_Write.m_axi.p1i64, i64 %hostmem_addr, i64 %e, i8 255" [../dma.h:156->../dma.h:191]   --->   Operation 23 'write' 'write_ln156' <Predicate = true> <Delay = 7.30> <CoreInst = "m_axi">   --->   Core 113 'm_axi' <Latency = 0> <II = 1> <Delay = 1.00> <Adapter> <Opcode : 'read' 'write' 'readreq' 'writereq' 'writeresp'>
ST_3 : Operation 24 [1/1] (0.00ns)   --->   "%br_ln153 = br void %for.inc.i" [../dma.h:153->../dma.h:191]   --->   Operation 24 'br' 'br_ln153' <Predicate = true> <Delay = 0.00>


============================================================
+ Verbose Summary: Timing violations
============================================================
Target clock period: 10.000ns, clock uncertainty: 2.700ns.

 <State 1>: 4.999ns
The critical path consists of the following:
	'store' operation 0 bit ('store_ln153', ../dma.h:153->../dma.h:191) of constant 0 on local variable 'i', ../dma.h:153->../dma.h:191 [9]  (1.588 ns)
	'load' operation 9 bit ('i', ../dma.h:153->../dma.h:191) on local variable 'i', ../dma.h:153->../dma.h:191 [12]  (0.000 ns)
	'icmp' operation 1 bit ('icmp_ln153', ../dma.h:153->../dma.h:191) [13]  (1.823 ns)
	'store' operation 0 bit ('store_ln153', ../dma.h:153->../dma.h:191) of variable 'add_ln153', ../dma.h:153->../dma.h:191 on local variable 'i', ../dma.h:153->../dma.h:191 [23]  (1.588 ns)

 <State 2>: 3.634ns
The critical path consists of the following:
	fifo read operation ('e', ../dma.h:155->../dma.h:191) on port 'memOutStrm34' (../dma.h:155->../dma.h:191) [21]  (3.634 ns)

 <State 3>: 7.300ns
The critical path consists of the following:
	'getelementptr' operation 64 bit ('hostmem_addr', ../dma.h:153->../dma.h:195) [17]  (0.000 ns)
	bus write operation ('write_ln156', ../dma.h:156->../dma.h:191) on port 'hostmem' (../dma.h:156->../dma.h:191) [22]  (7.300 ns)


============================================================
+ Verbose Summary: Binding
============================================================
N/A
* FSMD analyzer results:
  - Output states:
 - Input state : 
  - Chain level:
	State 1
	State 2
	State 3


============================================================
+ Verbose Summary: Datapath Resource usage 
============================================================
N/A
