ECHO is off.
ECHO is off.
INFO: [HLS 200-10] Running 'D:/Xilinx/Vitis_HLS/2023.2/bin/unwrapped/win64.o/vitis_hls.exe'
INFO: [HLS 200-10] For user 'phat6' on host 'thinhphat' (Windows NT_amd64 version 6.2) on Thu May 29 20:45:12 +0700 2025
INFO: [HLS 200-10] In directory 'E:/Tai_lieu/DATN/vitis/hw'
INFO: [HLS 200-2053] The vitis_hls executable is being deprecated. Consider using vitis-run --mode hls --tcl
Sourcing Tcl script 'E:/Tai_lieu/DATN/vitis/hw/hw/solution1/export.tcl'
INFO: [HLS 200-1510] Running: source E:/Tai_lieu/DATN/vitis/hw/hw/solution1/export.tcl
INFO: [HLS 200-1510] Running: open_project hw 
INFO: [HLS 200-10] Opening project 'E:/Tai_lieu/DATN/vitis/hw/hw'.
INFO: [HLS 200-1510] Running: set_top BlackBoxJam 
INFO: [HLS 200-1510] Running: add_files ../top.cpp 
INFO: [HLS 200-10] Adding design file '../top.cpp' to the project
INFO: [HLS 200-1510] Running: open_solution solution1 -flow_target vivado 
INFO: [HLS 200-10] Opening solution 'E:/Tai_lieu/DATN/vitis/hw/hw/solution1'.
INFO: [SYN 201-201] Setting up clock 'default' with a period of 10ns.
INFO: [HLS 200-1611] Setting target device to 'xc7z020-clg400-1'
INFO: [HLS 200-1505] Using flow_target 'vivado'
Resolution: For help on HLS 200-1505 see docs.xilinx.com/access/sources/dita/topic?Doc_Version=2023.2%20English&url=ug1448-hls-guidance&resourceid=200-1505.html
INFO: [HLS 200-1510] Running: set_part xc7z020-clg400-1 
INFO: [HLS 200-1510] Running: create_clock -period 10 -name default 
INFO: [HLS 200-1510] Running: source ./hw/solution1/directives.tcl
INFO: [HLS 200-1510] Running: set_directive_top -name BlackBoxJam BlackBoxJam 
INFO: [HLS 200-1510] Running: export_design -rtl verilog -format ip_catalog 
INFO: [IMPL 213-8] Exporting RTL as a Vivado IP.
ECHO is off.
ECHO is off.

****** Vivado v2023.2.2 (64-bit)
  **** SW Build 4126759 on Thu Feb  8 23:53:51 MST 2024
  **** IP Build 4126054 on Fri Feb  9 11:39:09 MST 2024
  **** SharedData Build 4115275 on Tue Jan 30 00:40:57 MST 2024
    ** Copyright 1986-2022 Xilinx, Inc. All Rights Reserved.
    ** Copyright 2022-2024 Advanced Micro Devices, Inc. All Rights Reserved.

source run_ippack.tcl -notrace
ipx::create_core: Time (s): cpu = 00:00:04 ; elapsed = 00:00:11 . Memory (MB): peak = 491.367 ; gain = 180.105
INFO: [IP_Flow 19-234] Refreshing IP repositories
INFO: [IP_Flow 19-1704] No user IP repositories specified
INFO: [IP_Flow 19-2313] Loaded Vivado IP repository 'D:/Xilinx/Vivado/2023.2/data/ip'.
INFO: [Common 17-206] Exiting Vivado at Thu May 29 20:46:43 2025...
INFO: [HLS 200-802] Generated output file hw/solution1/impl/export.zip
INFO: [HLS 200-111] Finished Command export_design CPU user time: 24 seconds. CPU system time: 0 seconds. Elapsed time: 85.193 seconds; current allocated memory: 27.922 MB.
INFO: [HLS 200-112] Total CPU user time: 25 seconds. Total CPU system time: 0 seconds. Total elapsed time: 95.593 seconds; peak allocated memory: 172.766 MB.
